Files already downloaded and verified
Files already downloaded and verified
Beginning training from epoch: 1
Train Loss 0.314
Train Loss 2.578
Train Loss 2.697
Train Loss 2.407
Train Loss 2.235
Train Loss 2.193
Train Loss 2.090
Train Loss 2.101
Epoch   1 | Time    74 | Train Loss 2.0345 | Test Loss 0.002 | Test Error 73.02
Train Loss 0.201
Train Loss 2.036
Train Loss 1.972
Train Loss 1.910
Train Loss 1.892
Train Loss 1.863
Train Loss 1.806
Train Loss 1.814
Epoch   2 | Time    64 | Train Loss 1.8026 | Test Loss 0.002 | Test Error 59.97
Train Loss 0.175
Train Loss 1.769
Train Loss 1.736
Train Loss 1.731
Train Loss 1.863
Train Loss 1.790
Train Loss 1.686
Train Loss 1.670
Epoch   3 | Time    65 | Train Loss 1.6482 | Test Loss 0.001 | Test Error 51.84
Train Loss 0.172
Train Loss 1.622
Train Loss 1.604
Train Loss 1.590
Train Loss 1.559
Train Loss 1.499
Train Loss 1.528
Train Loss 1.542
Epoch   4 | Time    64 | Train Loss 1.5246 | Test Loss 0.001 | Test Error 47.99
Train Loss 0.146
Train Loss 1.484
Train Loss 1.471
Train Loss 1.462
Train Loss 1.430
Train Loss 1.451
Train Loss 1.425
Train Loss 1.426
Epoch   5 | Time    62 | Train Loss 1.3784 | Test Loss 0.001 | Test Error 40.67
Train Loss 0.126
Train Loss 1.381
Train Loss 1.351
Train Loss 1.346
Train Loss 1.357
Train Loss 1.326
Train Loss 1.325
Train Loss 1.302
Epoch   6 | Time    61 | Train Loss 1.3196 | Test Loss 0.001 | Test Error 39.42
Train Loss 0.107
Train Loss 1.285
Train Loss 1.297
Train Loss 1.288
Train Loss 1.280
Train Loss 1.267
Train Loss 1.229
Train Loss 1.246
Epoch   7 | Time    62 | Train Loss 1.2545 | Test Loss 0.001 | Test Error 36.55
Train Loss 0.116
Train Loss 1.219
Train Loss 1.221
Train Loss 1.213
Train Loss 1.186
Train Loss 1.236
Train Loss 1.148
Train Loss 1.206
Epoch   8 | Time    63 | Train Loss 1.2082 | Test Loss 0.001 | Test Error 32.34
Train Loss 0.120
Train Loss 1.155
Train Loss 1.157
Train Loss 1.169
Train Loss 1.178
Train Loss 1.135
Train Loss 1.146
Train Loss 1.183
Epoch   9 | Time    62 | Train Loss 1.1237 | Test Loss 0.001 | Test Error 31.66
Train Loss 0.122
Train Loss 1.134
Train Loss 1.157
Train Loss 1.098
Train Loss 1.096
Train Loss 1.125
Train Loss 1.065
Train Loss 1.079
Epoch  10 | Time    66 | Train Loss 1.1143 | Test Loss 0.001 | Test Error 30.47
Train Loss 0.105
Train Loss 1.071
Train Loss 1.085
Train Loss 1.058
Train Loss 1.059
Train Loss 1.092
Train Loss 1.079
Train Loss 1.037
Epoch  11 | Time    68 | Train Loss 1.0660 | Test Loss 0.001 | Test Error 28.21
Train Loss 0.102
Train Loss 1.072
Train Loss 1.038
Train Loss 1.032
Train Loss 1.037
Train Loss 1.019
Train Loss 1.065
Train Loss 1.008
Epoch  12 | Time    66 | Train Loss 1.0255 | Test Loss 0.001 | Test Error 25.91
Train Loss 0.105
Train Loss 1.004
Train Loss 1.012
Train Loss 1.014
Train Loss 1.001
Train Loss 1.019
Train Loss 1.041
Train Loss 1.019
Epoch  13 | Time    67 | Train Loss 1.0150 | Test Loss 0.001 | Test Error 25.56
Train Loss 0.088
Train Loss 0.983
Train Loss 0.996
Train Loss 0.993
Train Loss 0.975
Train Loss 1.001
Train Loss 0.954
Train Loss 1.014
Epoch  14 | Time    68 | Train Loss 0.9589 | Test Loss 0.001 | Test Error 24.00
Train Loss 0.079
Train Loss 0.993
Train Loss 0.976
Train Loss 0.995
Train Loss 0.949
Train Loss 0.975
Train Loss 0.956
Train Loss 0.955
Epoch  15 | Time    64 | Train Loss 0.9373 | Test Loss 0.001 | Test Error 23.60
Train Loss 0.090
Train Loss 0.936
Train Loss 0.936
Train Loss 0.929
Train Loss 0.940
Train Loss 0.970
Train Loss 0.936
Train Loss 0.915
Epoch  16 | Time    65 | Train Loss 0.9360 | Test Loss 0.001 | Test Error 23.15
Train Loss 0.072
Train Loss 0.914
Train Loss 0.902
Train Loss 0.921
Train Loss 0.914
Train Loss 0.920
Train Loss 0.894
Train Loss 0.897
Epoch  17 | Time    66 | Train Loss 0.9265 | Test Loss 0.001 | Test Error 23.22
Train Loss 0.076
Train Loss 0.845
Train Loss 0.900
Train Loss 0.915
Train Loss 0.900
Train Loss 0.915
Train Loss 0.902
Train Loss 0.882
Epoch  18 | Time    69 | Train Loss 0.9385 | Test Loss 0.001 | Test Error 22.32
Train Loss 0.083
Train Loss 0.888
Train Loss 0.866
Train Loss 0.869
Train Loss 0.942
Train Loss 0.900
Train Loss 0.904
Train Loss 0.915
Epoch  19 | Time   162 | Train Loss 0.8758 | Test Loss 0.001 | Test Error 21.78
Train Loss 0.099
Train Loss 0.878
Train Loss 0.867
Train Loss 0.910
Train Loss 0.905
Train Loss 0.886
Train Loss 0.897
Train Loss 0.903
Epoch  20 | Time    67 | Train Loss 0.8684 | Test Loss 0.001 | Test Error 21.23
Train Loss 0.091
Train Loss 0.812
Train Loss 0.846
Train Loss 0.858
Train Loss 0.881
Train Loss 0.857
Train Loss 0.844
Train Loss 0.844
Epoch  21 | Time    65 | Train Loss 0.8751 | Test Loss 0.001 | Test Error 20.18
Train Loss 0.093
Train Loss 0.824
Train Loss 0.840
Train Loss 0.840
Train Loss 0.845
Train Loss 0.826
Train Loss 0.814
Train Loss 0.871
Epoch  22 | Time    65 | Train Loss 0.8188 | Test Loss 0.001 | Test Error 21.25
Train Loss 0.085
Train Loss 0.809
Train Loss 0.821
Train Loss 0.839
Train Loss 0.846
Train Loss 0.855
Train Loss 0.805
Train Loss 0.851
Epoch  23 | Time    65 | Train Loss 0.8328 | Test Loss 0.001 | Test Error 20.98
Train Loss 0.075
Train Loss 0.811
Train Loss 0.864
Train Loss 0.789
Train Loss 0.794
Train Loss 0.789
Train Loss 0.818
Train Loss 0.800
Epoch  24 | Time    68 | Train Loss 0.8229 | Test Loss 0.001 | Test Error 20.13
Train Loss 0.089
Train Loss 0.785
Train Loss 0.806
Train Loss 0.807
Train Loss 0.783
Train Loss 0.802
Train Loss 0.854
Train Loss 0.801
Epoch  25 | Time    68 | Train Loss 0.8020 | Test Loss 0.001 | Test Error 19.42
Train Loss 0.075
Train Loss 0.797
Train Loss 0.762
Train Loss 0.807
Train Loss 0.795
Train Loss 0.815
Train Loss 0.796
Train Loss 0.773
Epoch  26 | Time    66 | Train Loss 0.7793 | Test Loss 0.001 | Test Error 19.22
Train Loss 0.072
Train Loss 0.742
Train Loss 0.768
Train Loss 0.799
Train Loss 0.823
Train Loss 0.770
Train Loss 0.781
Train Loss 0.815
Epoch  27 | Time    66 | Train Loss 0.8105 | Test Loss 0.001 | Test Error 18.87
Train Loss 0.067
Train Loss 0.739
Train Loss 0.764
Train Loss 0.737
Train Loss 0.790
Train Loss 0.741
Train Loss 0.759
Train Loss 0.770
Epoch  28 | Time    66 | Train Loss 0.8165 | Test Loss 0.001 | Test Error 19.28
Train Loss 0.084
Train Loss 0.741
Train Loss 0.743
Train Loss 0.764
Train Loss 0.740
Train Loss 0.806
Train Loss 0.752
Train Loss 0.750
Epoch  29 | Time    67 | Train Loss 0.7858 | Test Loss 0.001 | Test Error 18.52
Train Loss 0.072
Train Loss 0.758
Train Loss 0.754
Train Loss 0.742
Train Loss 0.747
Train Loss 0.730
Train Loss 0.740
Train Loss 0.743
Epoch  30 | Time    65 | Train Loss 0.7548 | Test Loss 0.001 | Test Error 17.57
Train Loss 0.067
Train Loss 0.703
Train Loss 0.747
Train Loss 0.707
Train Loss 0.742
Train Loss 0.744
Train Loss 0.760
Train Loss 0.711
Epoch  31 | Time    66 | Train Loss 0.7497 | Test Loss 0.001 | Test Error 19.03
Train Loss 0.064
Train Loss 0.737
Train Loss 0.745
Train Loss 0.726
Train Loss 0.715
Train Loss 0.726
Train Loss 0.740
Train Loss 0.731
Epoch  32 | Time    67 | Train Loss 0.7716 | Test Loss 0.001 | Test Error 19.92
Train Loss 0.081
Train Loss 0.704
Train Loss 0.738
Train Loss 0.718
Train Loss 0.718
Train Loss 0.706
Train Loss 0.701
Train Loss 0.720
Epoch  33 | Time    64 | Train Loss 0.7073 | Test Loss 0.001 | Test Error 17.31
Train Loss 0.065
Train Loss 0.748
Train Loss 0.706
Train Loss 0.703
Train Loss 0.716
Train Loss 0.695
Train Loss 0.678
Train Loss 0.738
Epoch  34 | Time    67 | Train Loss 0.7150 | Test Loss 0.001 | Test Error 18.33
Train Loss 0.069
Train Loss 0.667
Train Loss 0.681
Train Loss 0.680
Train Loss 0.709
Train Loss 0.750
Train Loss 0.700
Train Loss 0.697
Epoch  35 | Time    66 | Train Loss 0.6991 | Test Loss 0.001 | Test Error 17.58
Train Loss 0.061
Train Loss 0.675
Train Loss 0.696
Train Loss 0.651
Train Loss 0.698
Train Loss 0.682
Train Loss 0.717
Train Loss 0.697
Epoch  36 | Time    70 | Train Loss 0.7194 | Test Loss 0.001 | Test Error 17.73
Train Loss 0.072
Train Loss 0.640
Train Loss 0.703
Train Loss 0.698
Train Loss 0.702
Train Loss 0.711
Train Loss 0.703
Train Loss 0.691
Epoch  37 | Time    68 | Train Loss 0.6733 | Test Loss 0.001 | Test Error 17.14
Train Loss 0.064
Train Loss 0.692
Train Loss 0.636
Train Loss 0.675
Train Loss 0.681
Train Loss 0.689
Train Loss 0.676
Train Loss 0.704
Epoch  38 | Time    67 | Train Loss 0.7243 | Test Loss 0.001 | Test Error 16.46
Train Loss 0.066
Train Loss 0.690
Train Loss 0.721
Train Loss 0.701
Train Loss 0.699
Train Loss 0.669
Train Loss 0.705
Train Loss 0.699
Epoch  39 | Time    67 | Train Loss 0.6695 | Test Loss 0.000 | Test Error 16.57
Train Loss 0.068
Train Loss 0.626
Train Loss 0.675
Train Loss 0.677
Train Loss 0.661
Train Loss 0.686
Train Loss 0.673
Train Loss 0.667
Epoch  40 | Time    68 | Train Loss 0.6486 | Test Loss 0.001 | Test Error 16.75
Train Loss 0.069
Train Loss 0.680
Train Loss 0.688
Train Loss 0.674
Train Loss 0.653
Train Loss 0.641
Train Loss 0.698
Train Loss 0.665
Epoch  41 | Time    70 | Train Loss 0.6760 | Test Loss 0.000 | Test Error 16.62
Train Loss 0.055
Train Loss 0.597
Train Loss 0.657
Train Loss 0.665
Train Loss 0.649
Train Loss 0.628
Train Loss 0.657
Train Loss 0.681
Epoch  42 | Time    66 | Train Loss 0.6323 | Test Loss 0.000 | Test Error 16.13
Train Loss 0.058
Train Loss 0.645
Train Loss 0.687
Train Loss 0.626
Train Loss 0.640
Train Loss 0.644
Train Loss 0.636
Train Loss 0.628
Epoch  43 | Time    69 | Train Loss 0.6305 | Test Loss 0.000 | Test Error 16.19
Train Loss 0.070
Train Loss 0.604
Train Loss 0.654
Train Loss 0.662
Train Loss 0.628
Train Loss 0.643
Train Loss 0.663
Train Loss 0.633
Epoch  44 | Time    64 | Train Loss 0.6271 | Test Loss 0.000 | Test Error 15.82
Train Loss 0.070
Train Loss 0.619
Train Loss 0.639
Train Loss 0.651
Train Loss 0.635
Train Loss 0.634
Train Loss 0.618
Train Loss 0.611
Epoch  45 | Time    64 | Train Loss 0.6249 | Test Loss 0.000 | Test Error 16.00
Train Loss 0.057
Train Loss 0.641
Train Loss 0.611
Train Loss 0.647
Train Loss 0.598
Train Loss 0.631
Train Loss 0.626
Train Loss 0.616
Epoch  46 | Time    67 | Train Loss 0.6119 | Test Loss 0.000 | Test Error 15.69
Train Loss 0.060
Train Loss 0.621
Train Loss 0.642
Train Loss 0.640
Train Loss 0.597
Train Loss 0.632
Train Loss 0.629
Train Loss 0.626
Epoch  47 | Time    64 | Train Loss 0.6255 | Test Loss 0.000 | Test Error 15.61
Train Loss 0.051
Train Loss 0.604
Train Loss 0.556
Train Loss 0.621
Train Loss 0.615
Train Loss 0.631
Train Loss 0.611
Train Loss 0.616
Epoch  48 | Time    66 | Train Loss 0.6604 | Test Loss 0.000 | Test Error 15.23
Train Loss 0.049
Train Loss 0.549
Train Loss 0.643
Train Loss 0.657
Train Loss 0.582
Train Loss 0.618
Train Loss 0.578
Train Loss 0.594
Epoch  49 | Time    65 | Train Loss 0.5778 | Test Loss 0.000 | Test Error 14.91
Train Loss 0.046
Train Loss 0.601
Train Loss 0.599
Train Loss 0.595
Train Loss 0.614
Train Loss 0.623
Train Loss 0.566
Train Loss 0.629
Epoch  50 | Time    65 | Train Loss 0.6098 | Test Loss 0.000 | Test Error 14.93
Train Loss 0.051
Train Loss 0.565
Train Loss 0.582
Train Loss 0.599
Train Loss 0.557
Train Loss 0.601
Train Loss 0.593
Train Loss 0.621
Epoch  51 | Time    66 | Train Loss 0.6313 | Test Loss 0.000 | Test Error 15.63
Train Loss 0.058
Train Loss 0.594
Train Loss 0.586
Train Loss 0.620
Train Loss 0.564
Train Loss 0.604
Train Loss 0.595
Train Loss 0.560
Epoch  52 | Time    63 | Train Loss 0.5771 | Test Loss 0.000 | Test Error 15.57
Train Loss 0.051
Train Loss 0.569
Train Loss 0.574
Train Loss 0.570
Train Loss 0.603
Train Loss 0.581
Train Loss 0.565
Train Loss 0.604
Epoch  53 | Time    65 | Train Loss 0.5689 | Test Loss 0.000 | Test Error 14.80
Train Loss 0.063
Train Loss 0.552
Train Loss 0.585
Train Loss 0.588
Train Loss 0.587
Train Loss 0.553
Train Loss 0.565
Train Loss 0.582
Epoch  54 | Time    66 | Train Loss 0.6058 | Test Loss 0.000 | Test Error 15.07
Train Loss 0.062
Train Loss 0.574
Train Loss 0.601
Train Loss 0.561
Train Loss 0.574
Train Loss 0.601
Train Loss 0.590
Train Loss 0.553
Epoch  55 | Time    65 | Train Loss 0.5626 | Test Loss 0.000 | Test Error 14.15
Train Loss 0.062
Train Loss 0.548
Train Loss 0.552
Train Loss 0.538
Train Loss 0.561
Train Loss 0.596
Train Loss 0.559
Train Loss 0.586
Epoch  56 | Time    66 | Train Loss 0.5649 | Test Loss 0.000 | Test Error 14.85
Train Loss 0.062
Train Loss 0.581
Train Loss 0.532
Train Loss 0.564
Train Loss 0.568
Train Loss 0.587
Train Loss 0.556
Train Loss 0.567
Epoch  57 | Time    69 | Train Loss 0.5499 | Test Loss 0.000 | Test Error 14.36
Train Loss 0.052
Train Loss 0.540
Train Loss 0.534
Train Loss 0.532
Train Loss 0.541
Train Loss 0.590
Train Loss 0.569
Train Loss 0.520
Epoch  58 | Time    65 | Train Loss 0.5462 | Test Loss 0.000 | Test Error 14.72
Train Loss 0.047
Train Loss 0.518
Train Loss 0.546
Train Loss 0.553
Train Loss 0.576
Train Loss 0.544
Train Loss 0.507
Train Loss 0.547
Epoch  59 | Time    68 | Train Loss 0.5167 | Test Loss 0.000 | Test Error 14.20
Train Loss 0.042
Train Loss 0.523
Train Loss 0.554
Train Loss 0.531
Train Loss 0.571
Train Loss 0.550
Train Loss 0.537
Train Loss 0.559
Epoch  60 | Time    66 | Train Loss 0.5226 | Test Loss 0.000 | Test Error 13.73
Train Loss 0.062
Train Loss 0.541
Train Loss 0.546
Train Loss 0.546
Train Loss 0.495
Train Loss 0.569
Train Loss 0.518
Train Loss 0.497
Epoch  61 | Time    66 | Train Loss 0.5421 | Test Loss 0.000 | Test Error 14.32
Train Loss 0.065
Train Loss 0.522
Train Loss 0.533
Train Loss 0.532
Train Loss 0.519
Train Loss 0.511
Train Loss 0.524
Train Loss 0.572
Epoch  62 | Time    67 | Train Loss 0.5396 | Test Loss 0.000 | Test Error 14.11
Train Loss 0.061
Train Loss 0.525
Train Loss 0.519
Train Loss 0.547
Train Loss 0.527
Train Loss 0.517
Train Loss 0.553
Train Loss 0.520
Epoch  63 | Time    65 | Train Loss 0.5159 | Test Loss 0.000 | Test Error 14.25
Train Loss 0.051
Train Loss 0.533
Train Loss 0.507
Train Loss 0.528
Train Loss 0.522
Train Loss 0.522
Train Loss 0.532
Train Loss 0.489
Epoch  64 | Time    70 | Train Loss 0.5272 | Test Loss 0.000 | Test Error 14.15
Train Loss 0.046
Train Loss 0.524
Train Loss 0.505
Train Loss 0.536
Train Loss 0.540
Train Loss 0.502
Train Loss 0.550
Train Loss 0.543
Epoch  65 | Time    65 | Train Loss 0.5243 | Test Loss 0.000 | Test Error 14.23
Train Loss 0.053
Train Loss 0.547
Train Loss 0.495
Train Loss 0.525
Train Loss 0.487
Train Loss 0.502
Train Loss 0.554
Train Loss 0.552
Epoch  66 | Time    66 | Train Loss 0.5231 | Test Loss 0.000 | Test Error 13.68
Train Loss 0.057
Train Loss 0.539
Train Loss 0.527
Train Loss 0.488
Train Loss 0.526
Train Loss 0.535
Train Loss 0.502
Train Loss 0.494
Epoch  67 | Time    63 | Train Loss 0.5198 | Test Loss 0.000 | Test Error 13.92
Train Loss 0.045
Train Loss 0.518
Train Loss 0.492
Train Loss 0.495
Train Loss 0.471
Train Loss 0.493
Train Loss 0.524
Train Loss 0.500
Epoch  68 | Time    69 | Train Loss 0.5270 | Test Loss 0.000 | Test Error 13.36
Train Loss 0.038
Train Loss 0.462
Train Loss 0.502
Train Loss 0.475
Train Loss 0.496
Train Loss 0.524
Train Loss 0.508
Train Loss 0.548
Epoch  69 | Time    69 | Train Loss 0.5079 | Test Loss 0.000 | Test Error 14.05
Train Loss 0.049
Train Loss 0.475
Train Loss 0.476
Train Loss 0.531
Train Loss 0.515
Train Loss 0.477
Train Loss 0.503
Train Loss 0.493
Epoch  70 | Time    70 | Train Loss 0.4662 | Test Loss 0.000 | Test Error 13.53
Train Loss 0.055
Train Loss 0.484
Train Loss 0.479
Train Loss 0.493
Train Loss 0.471
Train Loss 0.506
Train Loss 0.488
Train Loss 0.510
Epoch  71 | Time    65 | Train Loss 0.5113 | Test Loss 0.000 | Test Error 13.57
Train Loss 0.041
Train Loss 0.492
Train Loss 0.476
Train Loss 0.462
Train Loss 0.475
Train Loss 0.477
Train Loss 0.485
Train Loss 0.465
Epoch  72 | Time    72 | Train Loss 0.4697 | Test Loss 0.000 | Test Error 13.68
Train Loss 0.049
Train Loss 0.502
Train Loss 0.498
Train Loss 0.507
Train Loss 0.466
Train Loss 0.474
Train Loss 0.468
Train Loss 0.515
Epoch  73 | Time    70 | Train Loss 0.4803 | Test Loss 0.000 | Test Error 13.40
Train Loss 0.042
Train Loss 0.502
Train Loss 0.473
Train Loss 0.489
Train Loss 0.477
Train Loss 0.509
Train Loss 0.503
Train Loss 0.454
Epoch  74 | Time    69 | Train Loss 0.4914 | Test Loss 0.000 | Test Error 13.55
Train Loss 0.053
Train Loss 0.461
Train Loss 0.506
Train Loss 0.458
Train Loss 0.482
Train Loss 0.471
Train Loss 0.442
Train Loss 0.474
Epoch  75 | Time    66 | Train Loss 0.4837 | Test Loss 0.000 | Test Error 13.34
Train Loss 0.060
Train Loss 0.470
Train Loss 0.483
Train Loss 0.515
Train Loss 0.468
Train Loss 0.471
Train Loss 0.463
Train Loss 0.455
Epoch  76 | Time    67 | Train Loss 0.4682 | Test Loss 0.000 | Test Error 13.36
Train Loss 0.041
Train Loss 0.451
Train Loss 0.509
Train Loss 0.496
Train Loss 0.457
Train Loss 0.499
Train Loss 0.484
Train Loss 0.461
Epoch  77 | Time    67 | Train Loss 0.4675 | Test Loss 0.000 | Test Error 13.20
Train Loss 0.058
Train Loss 0.479
Train Loss 0.466
Train Loss 0.473
Train Loss 0.462
Train Loss 0.493
Train Loss 0.464
Train Loss 0.464
Epoch  78 | Time    68 | Train Loss 0.4645 | Test Loss 0.000 | Test Error 13.26
Train Loss 0.040
Train Loss 0.467
Train Loss 0.450
Train Loss 0.474
Train Loss 0.477
Train Loss 0.465
Train Loss 0.492
Train Loss 0.485
Epoch  79 | Time    67 | Train Loss 0.4580 | Test Loss 0.000 | Test Error 13.29
Train Loss 0.058
Train Loss 0.460
Train Loss 0.446
Train Loss 0.462
Train Loss 0.442
Train Loss 0.468
Train Loss 0.430
Train Loss 0.467
Epoch  80 | Time    65 | Train Loss 0.4590 | Test Loss 0.000 | Test Error 13.28
Train Loss 0.050
Train Loss 0.438
Train Loss 0.431
Train Loss 0.456
Train Loss 0.466
Train Loss 0.467
Train Loss 0.454
Train Loss 0.484
Epoch  81 | Time    70 | Train Loss 0.4589 | Test Loss 0.000 | Test Error 13.23
Train Loss 0.068
Train Loss 0.450
Train Loss 0.444
Train Loss 0.444
Train Loss 0.462
Train Loss 0.456
Train Loss 0.461
Train Loss 0.473
Epoch  82 | Time    68 | Train Loss 0.4557 | Test Loss 0.000 | Test Error 13.18
Train Loss 0.044
Train Loss 0.436
Train Loss 0.469
Train Loss 0.464
Train Loss 0.459
Train Loss 0.438
Train Loss 0.461
Train Loss 0.444
Epoch  83 | Time    68 | Train Loss 0.4352 | Test Loss 0.000 | Test Error 13.23
Train Loss 0.042
Train Loss 0.468
Train Loss 0.449
Train Loss 0.443
Train Loss 0.436
Train Loss 0.448
Train Loss 0.457
Train Loss 0.438
Epoch  84 | Time    67 | Train Loss 0.4570 | Test Loss 0.000 | Test Error 12.97
Train Loss 0.049
Train Loss 0.462
Train Loss 0.465
Train Loss 0.427
Train Loss 0.461
Train Loss 0.436
Train Loss 0.471
Train Loss 0.443
Epoch  85 | Time    68 | Train Loss 0.4858 | Test Loss 0.000 | Test Error 12.99
Train Loss 0.041
Train Loss 0.447
Train Loss 0.440
Train Loss 0.481
Train Loss 0.434
Train Loss 0.469
Train Loss 0.453
Train Loss 0.442
Epoch  86 | Time    74 | Train Loss 0.4515 | Test Loss 0.000 | Test Error 12.97
Train Loss 0.033
Train Loss 0.418
Train Loss 0.435
Train Loss 0.467
Train Loss 0.458
Train Loss 0.459
Train Loss 0.426
Train Loss 0.450
Epoch  87 | Time    69 | Train Loss 0.4313 | Test Loss 0.000 | Test Error 12.92
Train Loss 0.042
Train Loss 0.455
Train Loss 0.477
Train Loss 0.432
Train Loss 0.481
Train Loss 0.424
Train Loss 0.466
Train Loss 0.463
Epoch  88 | Time    65 | Train Loss 0.4497 | Test Loss 0.000 | Test Error 12.87
Train Loss 0.051
Train Loss 0.445
Train Loss 0.435
Train Loss 0.434
Train Loss 0.431
Train Loss 0.433
Train Loss 0.418
Train Loss 0.450
Epoch  89 | Time    70 | Train Loss 0.4454 | Test Loss 0.000 | Test Error 12.87
Train Loss 0.043
Train Loss 0.447
Train Loss 0.441
Train Loss 0.459
Train Loss 0.466
Train Loss 0.426
Train Loss 0.444
Train Loss 0.448
Epoch  90 | Time    65 | Train Loss 0.4078 | Test Loss 0.000 | Test Error 12.81
Train Loss 0.038
Train Loss 0.437
Train Loss 0.455
Train Loss 0.467
Train Loss 0.453
Train Loss 0.433
Train Loss 0.448
Train Loss 0.437
Epoch  91 | Time    68 | Train Loss 0.4367 | Test Loss 0.000 | Test Error 12.93
Train Loss 0.036
Train Loss 0.477
Train Loss 0.413
Train Loss 0.434
Train Loss 0.457
Train Loss 0.429
Train Loss 0.459
Train Loss 0.463
Epoch  92 | Time    66 | Train Loss 0.4335 | Test Loss 0.000 | Test Error 12.69
Train Loss 0.056
Train Loss 0.447
Train Loss 0.432
Train Loss 0.414
Train Loss 0.420
Train Loss 0.445
Train Loss 0.450
Train Loss 0.442
Epoch  93 | Time    67 | Train Loss 0.4047 | Test Loss 0.000 | Test Error 12.83
Train Loss 0.043
Train Loss 0.434
Train Loss 0.431
Train Loss 0.423
Train Loss 0.444
Train Loss 0.429
Train Loss 0.445
Train Loss 0.449
Epoch  94 | Time    71 | Train Loss 0.4149 | Test Loss 0.000 | Test Error 12.92
Train Loss 0.042
Train Loss 0.466
Train Loss 0.473
Train Loss 0.428
Train Loss 0.438
Train Loss 0.459
Train Loss 0.437
Train Loss 0.411
Epoch  95 | Time    67 | Train Loss 0.4441 | Test Loss 0.000 | Test Error 12.85
Train Loss 0.041
Train Loss 0.433
Train Loss 0.432
Train Loss 0.427
Train Loss 0.429
Train Loss 0.436
Train Loss 0.425
Train Loss 0.415
Epoch  96 | Time    70 | Train Loss 0.4360 | Test Loss 0.000 | Test Error 12.77
Train Loss 0.039
Train Loss 0.456
Train Loss 0.428
Train Loss 0.439
Train Loss 0.476
Train Loss 0.422
Train Loss 0.479
Train Loss 0.483
Epoch  97 | Time    68 | Train Loss 0.4259 | Test Loss 0.000 | Test Error 12.89
Train Loss 0.044
Train Loss 0.434
Train Loss 0.452
Train Loss 0.425
Train Loss 0.447
Train Loss 0.444
Train Loss 0.438
Train Loss 0.467
Epoch  98 | Time    68 | Train Loss 0.3959 | Test Loss 0.000 | Test Error 12.82
Train Loss 0.050
Train Loss 0.407
Train Loss 0.449
Train Loss 0.437
Train Loss 0.415
Train Loss 0.407
Train Loss 0.450
Train Loss 0.435
Epoch  99 | Time    68 | Train Loss 0.4374 | Test Loss 0.000 | Test Error 12.72
Train Loss 0.041
Train Loss 0.438
Train Loss 0.439
Train Loss 0.450
Train Loss 0.431
Train Loss 0.422
Train Loss 0.450
Train Loss 0.443
Epoch 100 | Time    70 | Train Loss 0.4169 | Test Loss 0.000 | Test Error 12.74
gaussian_noise
	Test Loss 0.001 | Test Error 19.842
shot_noise
	Test Loss 0.001 | Test Error 17.504
impulse_noise
	Test Loss 0.001 | Test Error 25.094
defocus_blur
	Test Loss 0.000 | Test Error 14.650
glass_blur
	Test Loss 0.001 | Test Error 22.238
motion_blur
	Test Loss 0.001 | Test Error 17.344
zoom_blur
	Test Loss 0.000 | Test Error 16.346
snow
	Test Loss 0.001 | Test Error 19.512
frost
	Test Loss 0.001 | Test Error 18.826
fog
	Test Loss 0.001 | Test Error 20.946
brightness
	Test Loss 0.000 | Test Error 14.618
contrast
	Test Loss 0.001 | Test Error 26.630
elastic_transform
	Test Loss 0.001 | Test Error 17.342
pixelate
	Test Loss 0.000 | Test Error 15.026
jpeg_compression
	Test Loss 0.000 | Test Error 15.778
Mean Corruption Error: 18.780

gaussian_noise Flipping Prob
0.026670000000000006

shot_noise Flipping Prob
0.033633333333333376

motion_blur Flipping Prob
0.03710500000000022

zoom_blur Flipping Prob
0.0031966666666666923

spatter Flipping Prob
0.026599999999999988

brightness Flipping Prob
0.009859999999999943

translate Flipping Prob
0.06788666666666741

rotate Flipping Prob
0.033176666666666924

tilt Flipping Prob
0.010579999999999942

scale Flipping Prob
0.04207666666666802
[0.026670000000000006, 0.033633333333333376, 0.03710500000000022, 0.0031966666666666923, 0.026599999999999988, 0.009859999999999943, 0.06788666666666741, 0.033176666666666924, 0.010579999999999942, 0.04207666666666802]

Mean Flipping Prob	0.02908
