Files already downloaded and verified
Files already downloaded and verified
Beginning training from epoch: 1
/home/g054727/.local/lib/python3.7/site-packages/torch/utils/data/dataloader.py:490: UserWarning: This DataLoader will create 4 worker processes in total. Our suggested max number of worker in current system is 2, which is smaller than what this DataLoader is going to create. Please be aware that excessive worker creation might get DataLoader running slow or even freeze, lower the worker number to avoid potential slowness/freeze if necessary.
  cpuset_checked))
Train Loss 0.236
Train Loss 6.128
Train Loss 2.463
Train Loss 2.473
Train Loss 2.400
Train Loss 2.351
Train Loss 2.352
Train Loss 2.414
Epoch   1 | Time   110 | Train Loss 2.3990 | Test Loss 0.002 | Test Error 90.00
Train Loss 0.242
Train Loss 2.335
Train Loss 2.343
Train Loss 2.340
Train Loss 2.333
Train Loss 2.336
Train Loss 2.344
Train Loss 2.330
Epoch   2 | Time   109 | Train Loss 2.3339 | Test Loss 0.002 | Test Error 90.00
Train Loss 0.239
Train Loss 2.309
Train Loss 2.316
Train Loss 2.315
Train Loss 2.311
Train Loss 2.317
Train Loss 2.315
Train Loss 2.320
Epoch   3 | Time   108 | Train Loss 2.3278 | Test Loss 0.002 | Test Error 90.00
Train Loss 0.231
Train Loss 2.302
Train Loss 2.312
Train Loss 2.313
Train Loss 2.313
Train Loss 2.313
Train Loss 2.310
Train Loss 2.313
Epoch   4 | Time   108 | Train Loss 2.3201 | Test Loss 0.002 | Test Error 90.00
Train Loss 0.231
Train Loss 2.304
Train Loss 2.313
Train Loss 2.310
Train Loss 2.314
Train Loss 2.320
Train Loss 2.314
Train Loss 2.310
Epoch   5 | Time   109 | Train Loss 2.3261 | Test Loss 0.002 | Test Error 90.00
Train Loss 0.231
Train Loss 2.308
Train Loss 2.318
Train Loss 2.317
Train Loss 2.327
Train Loss 2.325
Train Loss 2.319
Train Loss 2.321
Epoch   6 | Time   109 | Train Loss 2.3315 | Test Loss 0.002 | Test Error 90.00
Train Loss 0.233
Train Loss 2.307
Train Loss 2.319
Train Loss 2.336
Train Loss 2.315
Train Loss 2.333
Train Loss 2.332
Train Loss 2.327
Epoch   7 | Time   109 | Train Loss 2.3380 | Test Loss 0.002 | Test Error 90.00
Train Loss 0.237
Train Loss 2.342
Train Loss 2.411
Train Loss 2.350
Train Loss 2.339
Train Loss 2.343
Train Loss 2.345
Train Loss 2.348
Epoch   8 | Time   108 | Train Loss 2.3233 | Test Loss 0.002 | Test Error 90.00
Train Loss 0.231
Train Loss 2.348
Train Loss 2.338
Train Loss 2.329
Train Loss 2.344
Train Loss 2.374
Train Loss 2.352
Train Loss 2.373
Epoch   9 | Time   110 | Train Loss 2.3397 | Test Loss 0.002 | Test Error 90.00
Train Loss 0.234
Train Loss 2.335
Train Loss 2.360
Train Loss 2.401
Train Loss 2.416
Train Loss 2.387
Train Loss 2.399
Train Loss 2.372
Epoch  10 | Time   109 | Train Loss 2.3493 | Test Loss 0.002 | Test Error 90.00
Train Loss 0.229
Train Loss 2.382
Train Loss 2.348
Train Loss 2.344
Train Loss 2.346
Train Loss 2.355
Train Loss 2.359
Train Loss 2.331
Epoch  11 | Time   108 | Train Loss 2.3710 | Test Loss 0.002 | Test Error 90.00
Train Loss 0.249
Train Loss 2.631
Train Loss 178.606
Train Loss 51.792
Train Loss 19.161
Train Loss 4.423
Train Loss 2.472
Train Loss 2.444
Epoch  12 | Time   108 | Train Loss 2.4752 | Test Loss 0.002 | Test Error 90.00
Train Loss 0.241
Train Loss 2.510
Train Loss 2.466
Train Loss 2.455
Train Loss 2.409
Train Loss 2.418
Train Loss 2.447
Train Loss 2.445
Epoch  13 | Time   108 | Train Loss 2.4268 | Test Loss 0.003 | Test Error 90.00
Train Loss 0.273
Train Loss 2.395
Train Loss 2.376
Train Loss 2.374
Train Loss 2.352
Train Loss 2.365
Train Loss 2.364
Train Loss 2.351
Epoch  14 | Time   108 | Train Loss 2.3415 | Test Loss 0.002 | Test Error 90.00
Train Loss 0.235
Train Loss 2.330
Train Loss 2.338
Train Loss 2.351
Train Loss 2.355
Train Loss 2.338
Train Loss 2.340
Train Loss 2.322
Epoch  15 | Time   109 | Train Loss 2.3262 | Test Loss 0.002 | Test Error 90.00
Train Loss 0.234
Train Loss 2.327
Train Loss 2.330
Train Loss 2.363
Train Loss 2.365
Train Loss 2.339
Train Loss 2.335
Train Loss 2.324
Epoch  16 | Time   109 | Train Loss 2.3237 | Test Loss 0.002 | Test Error 90.00
Train Loss 0.233
Train Loss 2.300
Train Loss 2.327
Train Loss 2.325
Train Loss 2.330
Train Loss 2.319
Train Loss 2.323
Train Loss 2.320
Epoch  17 | Time   109 | Train Loss 2.3141 | Test Loss 0.002 | Test Error 90.00
Train Loss 0.232
Train Loss 2.306
Train Loss 2.321
Train Loss 2.325
Train Loss 2.315
Train Loss 2.319
Train Loss 2.325
Train Loss 2.318
Epoch  18 | Time   109 | Train Loss 2.3257 | Test Loss 0.002 | Test Error 90.00
Train Loss 0.231
Train Loss 2.310
Train Loss 2.324
Train Loss 2.310
Train Loss 2.311
Train Loss 2.315
Train Loss 2.316
Train Loss 2.309
Epoch  19 | Time   108 | Train Loss 2.3102 | Test Loss 0.002 | Test Error 90.00
Train Loss 0.231
Train Loss 2.304
Train Loss 2.309
Train Loss 2.312
Train Loss 2.313
Train Loss 2.313
Train Loss 2.310
Train Loss 2.312
Epoch  20 | Time   109 | Train Loss 2.3085 | Test Loss 0.002 | Test Error 90.00
Train Loss 0.230
Train Loss 2.298
Train Loss 2.311
Train Loss 2.313
Train Loss 2.308
Train Loss 2.314
Train Loss 2.311
Train Loss 2.313
Epoch  21 | Time   109 | Train Loss 2.3108 | Test Loss 0.002 | Test Error 90.00
Train Loss 0.231
Train Loss 2.302
Train Loss 2.315
Train Loss 2.313
Train Loss 2.316
Train Loss 2.309
Train Loss 2.304
Train Loss 2.312
Epoch  22 | Time   109 | Train Loss 2.3144 | Test Loss 0.002 | Test Error 90.00
Train Loss 0.232
Train Loss 2.313
Train Loss 2.314
Train Loss 2.310
Train Loss 2.313
Train Loss 2.314
Train Loss 2.318
Train Loss 2.318
Epoch  23 | Time   109 | Train Loss 2.3111 | Test Loss 0.002 | Test Error 90.00
Train Loss 0.231
Train Loss 2.301
Train Loss 2.312
Train Loss 2.310
Train Loss 2.319
Train Loss 2.311
Train Loss 2.316
Train Loss 2.310
Epoch  24 | Time   108 | Train Loss 2.3146 | Test Loss 0.002 | Test Error 90.00
Train Loss 0.231
Train Loss 2.303
Train Loss 2.325
Train Loss 2.314
Train Loss 2.323
Train Loss 2.313
Train Loss 2.314
Train Loss 2.315
Epoch  25 | Time   109 | Train Loss 2.3159 | Test Loss 0.002 | Test Error 90.00
Train Loss 0.231
Train Loss 2.307
Train Loss 2.338
Train Loss 2.348
Train Loss 2.322
Train Loss 2.346
Train Loss 2.346
Train Loss 2.333
Epoch  26 | Time   109 | Train Loss 2.3357 | Test Loss 0.002 | Test Error 90.00
Train Loss 0.233
Train Loss 2.321
Train Loss 2.344
Train Loss 2.326
Train Loss 2.335
Train Loss 2.410
Train Loss 2.385
Train Loss 2.363
Epoch  27 | Time   109 | Train Loss 2.4782 | Test Loss 0.002 | Test Error 90.00
Train Loss 0.237
Train Loss 2.342
Train Loss 2.357
Train Loss 2.373
Train Loss 2.351
Train Loss 2.345
Train Loss 2.324
Train Loss 2.327
Epoch  28 | Time   108 | Train Loss 2.3439 | Test Loss 0.002 | Test Error 90.00
Train Loss 0.233
Train Loss 2.336
Train Loss 2.338
Train Loss 2.482
Train Loss 141.532
Train Loss 40.577
Train Loss 8.727
Train Loss 2.645
Epoch  29 | Time   109 | Train Loss 2.4951 | Test Loss 0.002 | Test Error 90.00
Train Loss 0.252
Train Loss 2.461
Train Loss 2.476
Train Loss 2.392
Train Loss 2.390
Train Loss 2.368
Train Loss 2.491
Train Loss 2.387
Epoch  30 | Time   108 | Train Loss 2.4002 | Test Loss 0.002 | Test Error 90.00
Train Loss 0.233
Train Loss 2.359
Train Loss 2.409
Train Loss 2.377
Train Loss 2.358
Train Loss 2.389
Train Loss 2.372
Train Loss 2.353
Epoch  31 | Time   108 | Train Loss 2.3556 | Test Loss 0.002 | Test Error 90.00
Train Loss 0.231
Train Loss 2.324
Train Loss 2.345
Train Loss 2.320
Train Loss 2.335
Train Loss 2.369
Train Loss 2.340
Train Loss 2.337
Epoch  32 | Time   109 | Train Loss 2.3581 | Test Loss 0.002 | Test Error 90.00
Train Loss 0.236
Train Loss 2.313
Train Loss 2.319
Train Loss 2.356
Train Loss 2.341
Train Loss 2.333
Train Loss 2.317
Train Loss 2.327
Epoch  33 | Time   108 | Train Loss 2.3198 | Test Loss 0.002 | Test Error 90.00
Train Loss 0.230
Train Loss 2.309
Train Loss 2.334
Train Loss 2.317
Train Loss 2.319
Train Loss 2.321
Train Loss 2.311
Train Loss 2.323
Epoch  34 | Time   108 | Train Loss 2.3147 | Test Loss 0.002 | Test Error 90.00
Train Loss 0.231
Train Loss 2.305
Train Loss 2.321
Train Loss 2.315
Train Loss 2.312
Train Loss 2.315
Train Loss 2.310
Train Loss 2.315
Epoch  35 | Time   108 | Train Loss 2.3128 | Test Loss 0.002 | Test Error 90.00
Train Loss 0.231
Train Loss 2.309
Train Loss 2.308
Train Loss 2.312
Train Loss 2.313
Train Loss 2.311
Train Loss 2.307
Train Loss 2.314
Epoch  36 | Time   108 | Train Loss 2.3081 | Test Loss 0.002 | Test Error 90.00
Train Loss 0.228
Train Loss 2.300
Train Loss 2.313
Train Loss 2.308
Train Loss 2.310
Train Loss 2.309
Train Loss 2.312
Train Loss 2.316
Epoch  37 | Time   108 | Train Loss 2.3117 | Test Loss 0.002 | Test Error 90.00
Train Loss 0.230
Train Loss 2.299
Train Loss 2.308
Train Loss 2.309
Train Loss 2.309
Train Loss 2.312
Train Loss 2.306
Train Loss 2.312
Epoch  38 | Time   108 | Train Loss 2.3060 | Test Loss 0.002 | Test Error 90.00
Train Loss 0.231
Train Loss 2.299
Train Loss 2.307
Train Loss 2.308
Train Loss 2.308
Train Loss 2.307
Train Loss 2.314
Train Loss 2.309
Epoch  39 | Time   109 | Train Loss 2.3097 | Test Loss 0.002 | Test Error 90.00
Train Loss 0.231
Train Loss 2.300
Train Loss 2.307
Train Loss 2.310
Train Loss 2.308
Train Loss 2.310
Train Loss 2.308
Train Loss 2.311
Epoch  40 | Time   109 | Train Loss 2.3106 | Test Loss 0.002 | Test Error 90.00
Train Loss 0.230
Train Loss 2.310
Train Loss 2.308
Train Loss 2.309
Train Loss 2.309
Train Loss 2.311
Train Loss 2.308
Train Loss 2.307
Epoch  41 | Time   109 | Train Loss 2.3119 | Test Loss 0.002 | Test Error 90.00
Train Loss 0.231
Train Loss 2.300
Train Loss 2.312
Train Loss 2.319
Train Loss 2.323
Train Loss 2.320
Train Loss 2.313
Train Loss 2.305
Epoch  42 | Time   109 | Train Loss 2.3120 | Test Loss 0.002 | Test Error 90.00
Train Loss 0.230
Train Loss 2.308
Train Loss 2.319
Train Loss 2.317
Train Loss 2.312
Train Loss 2.321
Train Loss 2.318
Train Loss 2.319
Epoch  43 | Time   108 | Train Loss 2.3341 | Test Loss 0.002 | Test Error 90.00
Train Loss 0.229
Train Loss 2.320
Train Loss 2.327
Train Loss 2.330
Train Loss 2.321
Train Loss 2.320
Train Loss 2.327
Train Loss 2.321
Epoch  44 | Time   109 | Train Loss 2.3233 | Test Loss 0.002 | Test Error 90.00
Train Loss 0.232
Train Loss 2.303
Train Loss 2.330
Train Loss 2.334
Train Loss 2.341
Train Loss 2.333
Train Loss 2.341
Train Loss 2.346
Epoch  45 | Time   108 | Train Loss 2.3226 | Test Loss 0.002 | Test Error 90.00
Train Loss 0.232
Train Loss 2.314
Train Loss 2.328
Train Loss 2.346
Train Loss 2.340
Train Loss 2.335
Train Loss 2.330
Train Loss 2.337
Epoch  46 | Time   109 | Train Loss 2.3239 | Test Loss 0.002 | Test Error 90.00
Train Loss 0.238
Train Loss 2.321
Train Loss 2.330
Train Loss 2.341
Train Loss 2.338
Train Loss 2.342
Train Loss 2.353
Train Loss 2.360
Epoch  47 | Time   108 | Train Loss 2.3370 | Test Loss 0.002 | Test Error 90.00
Train Loss 0.229
Train Loss 2.326
Train Loss 2.344
Train Loss 2.340
Train Loss 2.336
Train Loss 2.336
Train Loss 2.328
Train Loss 2.373
Epoch  48 | Time   108 | Train Loss 2.3676 | Test Loss 0.002 | Test Error 90.00
Train Loss 0.234
Train Loss 2.357
Train Loss 2.341
Train Loss 2.347
Train Loss 2.344
Train Loss 2.330
Train Loss 2.360
Train Loss 2.357
Epoch  49 | Time   108 | Train Loss 2.3359 | Test Loss 0.002 | Test Error 90.00
Train Loss 0.236
Train Loss 2.325
Train Loss 2.354
Train Loss 2.342
Train Loss 2.326
Train Loss 2.338
Train Loss 2.321
Train Loss 2.321
Epoch  50 | Time   108 | Train Loss 2.3281 | Test Loss 0.002 | Test Error 90.00
Train Loss 0.232
Train Loss 2.342
Train Loss 2.347
Train Loss 2.330
Train Loss 2.326
Train Loss 2.355
Train Loss 2.360
Train Loss 2.404
Epoch  51 | Time   110 | Train Loss 2.4048 | Test Loss 0.002 | Test Error 90.00
Train Loss 0.238
Train Loss 2.334
Train Loss 2.325
Train Loss 2.325
Train Loss 2.331
Train Loss 2.341
Train Loss 2.337
Train Loss 2.336
Epoch  52 | Time   109 | Train Loss 2.3423 | Test Loss 0.002 | Test Error 90.00
Train Loss 0.230
Train Loss 2.361
Train Loss 2.349
Train Loss 2.348
Train Loss 2.339
Train Loss 2.380
Train Loss 2.386
Train Loss 2.352
Epoch  53 | Time   108 | Train Loss 2.3447 | Test Loss 0.002 | Test Error 90.00
Train Loss 0.230
Train Loss 2.331
Train Loss 2.340
Train Loss 2.328
Train Loss 2.332
Train Loss 2.343
Train Loss 2.331
Train Loss 2.339
Epoch  54 | Time   108 | Train Loss 2.3339 | Test Loss 0.002 | Test Error 90.00
Train Loss 0.231
Train Loss 2.321
Train Loss 2.335
Train Loss 2.322
Train Loss 2.341
Train Loss 2.329
Train Loss 2.312
Train Loss 2.321
Epoch  55 | Time   109 | Train Loss 2.3322 | Test Loss 0.002 | Test Error 90.00
Train Loss 0.250
Train Loss 2.325
Train Loss 2.320
Train Loss 2.329
Train Loss 2.320
Train Loss 2.315
Train Loss 2.349
Train Loss 2.338
Epoch  56 | Time   109 | Train Loss 2.3407 | Test Loss 0.002 | Test Error 90.00
Train Loss 0.234
Train Loss 2.318
Train Loss 2.333
Train Loss 2.357
Train Loss 2.337
Train Loss 2.353
Train Loss 2.333
Train Loss 2.342
Epoch  57 | Time   108 | Train Loss 2.3180 | Test Loss 0.002 | Test Error 90.00
Train Loss 0.235
Train Loss 2.307
Train Loss 2.325
Train Loss 2.317
Train Loss 2.329
Train Loss 2.350
Train Loss 2.350
Train Loss 2.338
Epoch  58 | Time   109 | Train Loss 2.3234 | Test Loss 0.002 | Test Error 90.00
Train Loss 0.231
Train Loss 2.351
Train Loss 2.352
Train Loss 2.326
Train Loss 2.338
Train Loss 2.330
Train Loss 2.324
Train Loss 2.317
Epoch  59 | Time   109 | Train Loss 2.3254 | Test Loss 0.002 | Test Error 90.00
Train Loss 0.232
Train Loss 2.311
Train Loss 2.339
Train Loss 2.333
Train Loss 2.341
Train Loss 2.334
Train Loss 2.324
Train Loss 2.315
Epoch  60 | Time   109 | Train Loss 2.3246 | Test Loss 0.002 | Test Error 90.00
Train Loss 0.234
Train Loss 2.309
Train Loss 2.319
Train Loss 2.323
Train Loss 2.321
Train Loss 2.321
Train Loss 2.316
Train Loss 2.329
Epoch  61 | Time   109 | Train Loss 2.3281 | Test Loss 0.002 | Test Error 90.00
Train Loss 0.231
Train Loss 2.298
Train Loss 2.317
Train Loss 2.319
Train Loss 2.314
Train Loss 2.309
Train Loss 2.317
Train Loss 2.323
Epoch  62 | Time   108 | Train Loss 2.3178 | Test Loss 0.002 | Test Error 90.00
Train Loss 0.229
Train Loss 2.314
Train Loss 2.324
Train Loss 2.322
Train Loss 2.331
Train Loss 2.338
Train Loss 2.347
Train Loss 2.336
Epoch  63 | Time   108 | Train Loss 2.3201 | Test Loss 0.002 | Test Error 90.00
Train Loss 0.231
Train Loss 2.303
Train Loss 2.314
Train Loss 2.313
Train Loss 2.317
Train Loss 2.320
Train Loss 2.314
Train Loss 2.322
Epoch  64 | Time   108 | Train Loss 2.3372 | Test Loss 0.002 | Test Error 90.00
Train Loss 0.240
Train Loss 2.322
Train Loss 2.322
Train Loss 2.326
Train Loss 2.324
Train Loss 2.312
Train Loss 2.323
Train Loss 2.316
Epoch  65 | Time   109 | Train Loss 2.3155 | Test Loss 0.002 | Test Error 90.00
Train Loss 0.228
Train Loss 2.302
Train Loss 2.309
Train Loss 2.319
Train Loss 2.312
Train Loss 2.316
Train Loss 2.331
Train Loss 2.318
Epoch  66 | Time   108 | Train Loss 2.3101 | Test Loss 0.002 | Test Error 90.00
Train Loss 0.230
Train Loss 2.306
Train Loss 2.314
Train Loss 2.310
Train Loss 2.312
Train Loss 2.313
Train Loss 2.313
Train Loss 2.310
Epoch  67 | Time   108 | Train Loss 2.3138 | Test Loss 0.002 | Test Error 90.00
Train Loss 0.229
Train Loss 2.307
Train Loss 2.333
Train Loss 2.332
Train Loss 2.320
Train Loss 2.321
Train Loss 2.324
Train Loss 2.312
Epoch  68 | Time   108 | Train Loss 2.3147 | Test Loss 0.002 | Test Error 90.00
Train Loss 0.231
Train Loss 2.308
Train Loss 2.320
Train Loss 2.319
Train Loss 2.324
Train Loss 2.318
Train Loss 2.318
Train Loss 2.314
Epoch  69 | Time   109 | Train Loss 2.3167 | Test Loss 0.002 | Test Error 90.00
Train Loss 0.231
Train Loss 2.308
Train Loss 2.314
Train Loss 2.315
Train Loss 2.307
Train Loss 2.318
Train Loss 2.312
Train Loss 2.310
Epoch  70 | Time   109 | Train Loss 2.3091 | Test Loss 0.002 | Test Error 90.00
Train Loss 0.229
Train Loss 2.301
Train Loss 2.309
Train Loss 2.312
Train Loss 2.312
Train Loss 2.316
Train Loss 2.311
Train Loss 2.314
Epoch  71 | Time   109 | Train Loss 2.3214 | Test Loss 0.002 | Test Error 90.00
Train Loss 0.234
Train Loss 2.306
Train Loss 2.311
Train Loss 2.322
Train Loss 2.315
Train Loss 2.318
Train Loss 2.308
Train Loss 2.313
Epoch  72 | Time   108 | Train Loss 2.3101 | Test Loss 0.002 | Test Error 90.00
Train Loss 0.231
Train Loss 2.303
Train Loss 2.311
Train Loss 2.312
Train Loss 2.312
Train Loss 2.310
Train Loss 2.315
Train Loss 2.317
Epoch  73 | Time   109 | Train Loss 2.3088 | Test Loss 0.002 | Test Error 90.00
Train Loss 0.231
Train Loss 2.299
Train Loss 2.314
Train Loss 2.313
Train Loss 2.310
Train Loss 2.310
Train Loss 2.323
Train Loss 2.311
Epoch  74 | Time   109 | Train Loss 2.3068 | Test Loss 0.002 | Test Error 90.00
Train Loss 0.231
Train Loss 2.301
Train Loss 2.310
Train Loss 2.311
Train Loss 2.307
Train Loss 2.309
Train Loss 2.313
Train Loss 2.309
Epoch  75 | Time   108 | Train Loss 2.3192 | Test Loss 0.002 | Test Error 90.00
Train Loss 0.231
Train Loss 2.301
Train Loss 2.312
Train Loss 2.314
Train Loss 2.310
Train Loss 2.315
Train Loss 2.310
Train Loss 2.312
Epoch  76 | Time   109 | Train Loss 2.3042 | Test Loss 0.002 | Test Error 90.00
Train Loss 0.232
Train Loss 2.294
Train Loss 2.305
Train Loss 2.307
Train Loss 2.308
Train Loss 2.312
Train Loss 2.308
Train Loss 2.312
Epoch  77 | Time   109 | Train Loss 2.3147 | Test Loss 0.002 | Test Error 90.00
Train Loss 0.230
Train Loss 2.299
Train Loss 2.311
Train Loss 2.308
Train Loss 2.309
Train Loss 2.305
Train Loss 2.307
Train Loss 2.309
Epoch  78 | Time   108 | Train Loss 2.3083 | Test Loss 0.002 | Test Error 90.00
Train Loss 0.231
Train Loss 2.297
Train Loss 2.310
Train Loss 2.312
Train Loss 2.306
Train Loss 2.312
Train Loss 2.307
Train Loss 2.304
Epoch  79 | Time   108 | Train Loss 2.3067 | Test Loss 0.002 | Test Error 90.00
Train Loss 0.230
Train Loss 2.296
Train Loss 2.309
Train Loss 2.306
Train Loss 2.308
Train Loss 2.307
Train Loss 2.306
Train Loss 2.304
Epoch  80 | Time   108 | Train Loss 2.3085 | Test Loss 0.002 | Test Error 90.00
Train Loss 0.231
Train Loss 2.301
Train Loss 2.307
Train Loss 2.307
Train Loss 2.305
Train Loss 2.306
Train Loss 2.304
Train Loss 2.309
Epoch  81 | Time   108 | Train Loss 2.3075 | Test Loss 0.002 | Test Error 90.00
Train Loss 0.231
Train Loss 2.295
Train Loss 2.306
Train Loss 2.305
Train Loss 2.305
Train Loss 2.304
Train Loss 2.304
Train Loss 2.305
Epoch  82 | Time   109 | Train Loss 2.3045 | Test Loss 0.002 | Test Error 90.00
Train Loss 0.231
Train Loss 2.294
Train Loss 2.305
Train Loss 2.306
Train Loss 2.304
Train Loss 2.304
Train Loss 2.305
Train Loss 2.305
Epoch  83 | Time   108 | Train Loss 2.3050 | Test Loss 0.002 | Test Error 90.00
Train Loss 0.231
Train Loss 2.298
Train Loss 2.305
Train Loss 2.308
Train Loss 2.304
Train Loss 2.309
Train Loss 2.305
Train Loss 2.305
Epoch  84 | Time   108 | Train Loss 2.3095 | Test Loss 0.002 | Test Error 90.00
Train Loss 0.231
Train Loss 2.294
Train Loss 2.305
Train Loss 2.305
Train Loss 2.304
Train Loss 2.305
Train Loss 2.303
Train Loss 2.305
Epoch  85 | Time   108 | Train Loss 2.3064 | Test Loss 0.002 | Test Error 90.00
Train Loss 0.231
Train Loss 2.294
Train Loss 2.305
Train Loss 2.305
Train Loss 2.305
Train Loss 2.303
Train Loss 2.304
Train Loss 2.306
Epoch  86 | Time   109 | Train Loss 2.3066 | Test Loss 0.002 | Test Error 90.00
Train Loss 0.231
Train Loss 2.294
Train Loss 2.305
Train Loss 2.303
Train Loss 2.303
Train Loss 2.305
Train Loss 2.304
Train Loss 2.306
Epoch  87 | Time   109 | Train Loss 2.3037 | Test Loss 0.002 | Test Error 90.00
Train Loss 0.231
Train Loss 2.293
Train Loss 2.304
Train Loss 2.304
Train Loss 2.303
Train Loss 2.305
Train Loss 2.303
Train Loss 2.304
Epoch  88 | Time   108 | Train Loss 2.3034 | Test Loss 0.002 | Test Error 90.00
Train Loss 0.230
Train Loss 2.293
Train Loss 2.303
Train Loss 2.303
Train Loss 2.304
Train Loss 2.305
Train Loss 2.304
Train Loss 2.304
Epoch  89 | Time   109 | Train Loss 2.3028 | Test Loss 0.002 | Test Error 90.00
Train Loss 0.231
Train Loss 2.293
Train Loss 2.304
Train Loss 2.304
Train Loss 2.303
Train Loss 2.304
Train Loss 2.304
Train Loss 2.304
Epoch  90 | Time   108 | Train Loss 2.3025 | Test Loss 0.002 | Test Error 90.00
Train Loss 0.230
Train Loss 2.292
Train Loss 2.303
Train Loss 2.303
Train Loss 2.303
Train Loss 2.304
Train Loss 2.303
Train Loss 2.303
Epoch  91 | Time   109 | Train Loss 2.3029 | Test Loss 0.002 | Test Error 90.00
Train Loss 0.230
Train Loss 2.292
Train Loss 2.303
Train Loss 2.303
Train Loss 2.303
Train Loss 2.303
Train Loss 2.303
Train Loss 2.303
Epoch  92 | Time   108 | Train Loss 2.3026 | Test Loss 0.002 | Test Error 90.00
Train Loss 0.230
Train Loss 2.292
Train Loss 2.303
Train Loss 2.303
Train Loss 2.303
Train Loss 2.303
Train Loss 2.303
Train Loss 2.303
Epoch  93 | Time   108 | Train Loss 2.3025 | Test Loss 0.002 | Test Error 90.00
Train Loss 0.230
Train Loss 2.292
Train Loss 2.302
Train Loss 2.303
Train Loss 2.303
Train Loss 2.303
Train Loss 2.302
Train Loss 2.303
Epoch  94 | Time   109 | Train Loss 2.3029 | Test Loss 0.002 | Test Error 90.00
Train Loss 0.230
Train Loss 2.292
Train Loss 2.303
Train Loss 2.303
Train Loss 2.302
Train Loss 2.303
Train Loss 2.303
Train Loss 2.303
Epoch  95 | Time   108 | Train Loss 2.3028 | Test Loss 0.002 | Test Error 90.00
Train Loss 0.230
Train Loss 2.292
Train Loss 2.303
Train Loss 2.303
Train Loss 2.302
Train Loss 2.303
Train Loss 2.303
Train Loss 2.303
Epoch  96 | Time   108 | Train Loss 2.3027 | Test Loss 0.002 | Test Error 90.00
Train Loss 0.230
Train Loss 2.292
Train Loss 2.303
Train Loss 2.303
Train Loss 2.303
Train Loss 2.303
Train Loss 2.303
Train Loss 2.303
Epoch  97 | Time   108 | Train Loss 2.3027 | Test Loss 0.002 | Test Error 90.00
Train Loss 0.230
Train Loss 2.292
Train Loss 2.303
Train Loss 2.303
Train Loss 2.303
Train Loss 2.303
Train Loss 2.303
Train Loss 2.303
Epoch  98 | Time   108 | Train Loss 2.3026 | Test Loss 0.002 | Test Error 90.00
Train Loss 0.230
Train Loss 2.292
Train Loss 2.303
Train Loss 2.303
Train Loss 2.303
Train Loss 2.303
Train Loss 2.303
Train Loss 2.303
Epoch  99 | Time   108 | Train Loss 2.3026 | Test Loss 0.002 | Test Error 90.00
Train Loss 0.230
Train Loss 2.292
Train Loss 2.303
Train Loss 2.303
Train Loss 2.303
Train Loss 2.303
Train Loss 2.303
Train Loss 2.303
Epoch 100 | Time   109 | Train Loss 2.3026 | Test Loss 0.002 | Test Error 90.00
gaussian_noise
	Test Loss 0.002 | Test Error 90.000
shot_noise
	Test Loss 0.002 | Test Error 90.000
impulse_noise
	Test Loss 0.002 | Test Error 90.000
defocus_blur
	Test Loss 0.002 | Test Error 90.000
glass_blur
	Test Loss 0.002 | Test Error 90.000
motion_blur
	Test Loss 0.002 | Test Error 90.000
zoom_blur
	Test Loss 0.002 | Test Error 90.000
snow
	Test Loss 0.002 | Test Error 90.000
frost
	Test Loss 0.002 | Test Error 90.000
fog
	Test Loss 0.002 | Test Error 90.000
brightness
	Test Loss 0.002 | Test Error 90.000
contrast
	Test Loss 0.002 | Test Error 90.000
elastic_transform
	Test Loss 0.002 | Test Error 90.000
pixelate
	Test Loss 0.002 | Test Error 90.000
/cm/local/apps/slurm/var/spool/job3202186/slurm_script: line 7:  5516 Killed                  python /work/ws-tmp/g054727-Training/task/augmix/cifar.py --model nptconvnexttiny --optimizer Adamw --scheduler cosine_annealing
slurmstepd: error: Detected 1 oom-kill event(s) in StepId=3202186.batch cgroup. Some of your processes may have been killed by the cgroup out-of-memory handler.
