Files already downloaded and verified
Files already downloaded and verified
Beginning training from epoch: 1
/home/g054727/.local/lib/python3.7/site-packages/torch/utils/data/dataloader.py:490: UserWarning: This DataLoader will create 4 worker processes in total. Our suggested max number of worker in current system is 2, which is smaller than what this DataLoader is going to create. Please be aware that excessive worker creation might get DataLoader running slow or even freeze, lower the worker number to avoid potential slowness/freeze if necessary.
  cpuset_checked))
Train Loss 0.314
Train Loss 2.717
Train Loss 2.276
Train Loss 2.250
Train Loss 2.219
Train Loss 2.175
Train Loss 2.101
Train Loss 2.112
Epoch   1 | Time   155 | Train Loss 2.0743 | Test Loss 0.002 | Test Error 78.71
Train Loss 0.207
Train Loss 2.052
Train Loss 2.031
Train Loss 2.008
Train Loss 2.006
Train Loss 2.001
Train Loss 1.927
Train Loss 1.947
Epoch   2 | Time   149 | Train Loss 1.9206 | Test Loss 0.002 | Test Error 71.43
Train Loss 0.188
Train Loss 1.953
Train Loss 1.910
Train Loss 1.916
Train Loss 1.886
Train Loss 1.907
Train Loss 1.865
Train Loss 1.854
Epoch   3 | Time   149 | Train Loss 1.8483 | Test Loss 0.002 | Test Error 68.70
Train Loss 0.178
Train Loss 1.838
Train Loss 1.862
Train Loss 1.844
Train Loss 1.812
Train Loss 1.765
Train Loss 1.798
Train Loss 1.805
Epoch   4 | Time   150 | Train Loss 1.7915 | Test Loss 0.002 | Test Error 67.58
Train Loss 0.187
Train Loss 1.771
Train Loss 1.796
Train Loss 1.847
Train Loss 1.752
Train Loss 1.740
Train Loss 1.769
Train Loss 1.779
Epoch   5 | Time   148 | Train Loss 1.7497 | Test Loss 0.002 | Test Error 63.65
Train Loss 0.155
Train Loss 1.725
Train Loss 1.739
Train Loss 1.757
Train Loss 1.730
Train Loss 1.706
Train Loss 1.702
Train Loss 1.708
Epoch   6 | Time   148 | Train Loss 1.7045 | Test Loss 0.002 | Test Error 59.99
Train Loss 0.153
Train Loss 1.715
Train Loss 1.715
Train Loss 1.697
Train Loss 1.716
Train Loss 1.675
Train Loss 1.655
Train Loss 1.697
Epoch   7 | Time   148 | Train Loss 1.7043 | Test Loss 0.001 | Test Error 55.19
Train Loss 0.160
Train Loss 1.668
Train Loss 1.642
Train Loss 1.642
Train Loss 1.630
Train Loss 1.993
Train Loss 1.808
Train Loss 1.739
Epoch   8 | Time   149 | Train Loss 1.7494 | Test Loss 0.002 | Test Error 59.77
Train Loss 0.176
Train Loss 1.639
Train Loss 1.686
Train Loss 1.688
Train Loss 1.661
Train Loss 1.653
Train Loss 1.641
Train Loss 1.639
Epoch   9 | Time   148 | Train Loss 1.6320 | Test Loss 0.002 | Test Error 56.51
Train Loss 0.171
Train Loss 1.642
Train Loss 1.655
Train Loss 1.596
Train Loss 1.598
Train Loss 1.598
Train Loss 1.599
Train Loss 1.582
Epoch  10 | Time   149 | Train Loss 1.5921 | Test Loss 0.002 | Test Error 53.04
Train Loss 0.155
Train Loss 1.591
Train Loss 1.587
Train Loss 1.576
Train Loss 1.566
Train Loss 1.615
Train Loss 1.583
Train Loss 1.548
Epoch  11 | Time   150 | Train Loss 1.5387 | Test Loss 0.001 | Test Error 46.64
Train Loss 0.146
Train Loss 1.522
Train Loss 1.529
Train Loss 1.538
Train Loss 1.490
Train Loss 1.544
Train Loss 1.576
Train Loss 1.508
Epoch  12 | Time   148 | Train Loss 1.5387 | Test Loss 0.001 | Test Error 46.51
Train Loss 0.148
Train Loss 1.536
Train Loss 1.531
Train Loss 1.486
Train Loss 1.498
Train Loss 1.524
Train Loss 1.553
Train Loss 1.568
Epoch  13 | Time   148 | Train Loss 1.5387 | Test Loss 0.001 | Test Error 47.86
Train Loss 0.146
Train Loss 1.532
Train Loss 1.633
Train Loss 1.533
Train Loss 1.477
Train Loss 1.546
Train Loss 1.517
Train Loss 1.500
Epoch  14 | Time   149 | Train Loss 1.4742 | Test Loss 0.001 | Test Error 48.41
Train Loss 0.139
Train Loss 1.497
Train Loss 1.534
Train Loss 1.501
Train Loss 1.496
Train Loss 1.488
Train Loss 1.490
Train Loss 1.455
Epoch  15 | Time   150 | Train Loss 1.4473 | Test Loss 0.001 | Test Error 42.72
Train Loss 0.135
Train Loss 1.452
Train Loss 1.482
Train Loss 1.471
Train Loss 1.453
Train Loss 1.434
Train Loss 1.452
Train Loss 1.427
Epoch  16 | Time   148 | Train Loss 1.4344 | Test Loss 0.001 | Test Error 47.09
Train Loss 0.146
Train Loss 1.399
Train Loss 1.456
Train Loss 1.468
Train Loss 1.419
Train Loss 1.469
Train Loss 1.394
Train Loss 1.400
Epoch  17 | Time   149 | Train Loss 1.4213 | Test Loss 0.001 | Test Error 47.77
Train Loss 0.131
Train Loss 1.373
Train Loss 1.424
Train Loss 1.411
Train Loss 1.415
Train Loss 1.463
Train Loss 1.456
Train Loss 1.415
Epoch  18 | Time   149 | Train Loss 1.4251 | Test Loss 0.001 | Test Error 42.34
Train Loss 0.124
Train Loss 1.401
Train Loss 1.367
Train Loss 1.371
Train Loss 1.459
Train Loss 1.416
Train Loss 1.458
Train Loss 1.422
Epoch  19 | Time   150 | Train Loss 1.4131 | Test Loss 0.001 | Test Error 42.29
Train Loss 0.154
Train Loss 1.371
Train Loss 1.387
Train Loss 1.425
Train Loss 1.419
Train Loss 1.422
Train Loss 1.365
Train Loss 1.424
Epoch  20 | Time   148 | Train Loss 1.4024 | Test Loss 0.001 | Test Error 40.12
Train Loss 0.133
Train Loss 1.379
Train Loss 1.357
Train Loss 1.368
Train Loss 1.423
Train Loss 1.365
Train Loss 1.409
Train Loss 1.345
Epoch  21 | Time   149 | Train Loss 1.3716 | Test Loss 0.001 | Test Error 37.42
Train Loss 0.130
Train Loss 1.350
Train Loss 1.364
Train Loss 1.392
Train Loss 1.373
Train Loss 1.344
Train Loss 1.380
Train Loss 1.368
Epoch  22 | Time   150 | Train Loss 1.3323 | Test Loss 0.001 | Test Error 39.62
Train Loss 0.133
Train Loss 1.305
Train Loss 1.325
Train Loss 1.424
Train Loss 1.359
Train Loss 1.428
Train Loss 1.329
Train Loss 1.366
Epoch  23 | Time   148 | Train Loss 1.3548 | Test Loss 0.001 | Test Error 38.54
Train Loss 0.126
Train Loss 1.294
Train Loss 1.369
Train Loss 1.309
Train Loss 1.359
Train Loss 1.336
Train Loss 1.319
Train Loss 1.321
Epoch  24 | Time   149 | Train Loss 1.3304 | Test Loss 0.001 | Test Error 37.86
Train Loss 0.154
Train Loss 1.313
Train Loss 1.287
Train Loss 1.308
Train Loss 1.295
Train Loss 1.334
Train Loss 1.362
Train Loss 1.299
Epoch  25 | Time   150 | Train Loss 1.2878 | Test Loss 0.001 | Test Error 38.78
Train Loss 0.128
Train Loss 1.352
Train Loss 1.303
Train Loss 1.290
Train Loss 1.322
Train Loss 1.292
Train Loss 1.303
Train Loss 1.303
Epoch  26 | Time   150 | Train Loss 1.3172 | Test Loss 0.001 | Test Error 37.73
Train Loss 0.132
Train Loss 1.247
Train Loss 1.299
Train Loss 1.337
Train Loss 1.548
Train Loss 2.653
Train Loss 2.025
Train Loss 1.884
Epoch  27 | Time   148 | Train Loss 1.8453 | Test Loss 0.002 | Test Error 65.03
Train Loss 0.184
Train Loss 1.772
Train Loss 1.692
Train Loss 1.672
Train Loss 1.707
Train Loss 1.552
Train Loss 1.509
Train Loss 1.476
Epoch  28 | Time   148 | Train Loss 1.4696 | Test Loss 0.001 | Test Error 44.63
Train Loss 0.151
Train Loss 1.423
Train Loss 1.424
Train Loss 1.452
Train Loss 1.387
Train Loss 1.381
Train Loss 1.362
Train Loss 1.330
Epoch  29 | Time   149 | Train Loss 1.3386 | Test Loss 0.001 | Test Error 35.67
Train Loss 0.128
Train Loss 1.336
Train Loss 1.312
Train Loss 1.258
Train Loss 1.303
Train Loss 1.315
Train Loss 1.295
Train Loss 1.275
Epoch  30 | Time   148 | Train Loss 1.2785 | Test Loss 0.001 | Test Error 35.22
Train Loss 0.126
Train Loss 1.266
Train Loss 1.305
Train Loss 1.245
Train Loss 1.258
Train Loss 1.281
Train Loss 1.276
Train Loss 1.226
Epoch  31 | Time   148 | Train Loss 1.2830 | Test Loss 0.001 | Test Error 36.94
Train Loss 0.126
Train Loss 1.267
Train Loss 1.293
Train Loss 1.272
Train Loss 1.261
Train Loss 1.204
Train Loss 1.332
Train Loss 1.254
Epoch  32 | Time   151 | Train Loss 1.2524 | Test Loss 0.001 | Test Error 33.98
Train Loss 0.130
Train Loss 1.243
Train Loss 1.282
Train Loss 1.218
Train Loss 1.238
Train Loss 1.245
Train Loss 1.226
Train Loss 1.271
Epoch  33 | Time   150 | Train Loss 1.2541 | Test Loss 0.001 | Test Error 33.15
Train Loss 0.115
Train Loss 1.285
Train Loss 1.197
Train Loss 1.266
Train Loss 1.283
Train Loss 1.238
Train Loss 1.198
Train Loss 1.278
Epoch  34 | Time   150 | Train Loss 1.2163 | Test Loss 0.001 | Test Error 32.39
Train Loss 0.125
Train Loss 1.240
Train Loss 1.209
Train Loss 1.265
Train Loss 1.197
Train Loss 1.245
Train Loss 1.187
Train Loss 1.217
Epoch  35 | Time   149 | Train Loss 1.2044 | Test Loss 0.001 | Test Error 31.58
Train Loss 0.112
Train Loss 1.199
Train Loss 1.262
Train Loss 1.199
Train Loss 1.252
Train Loss 1.211
Train Loss 1.257
Train Loss 1.202
Epoch  36 | Time   148 | Train Loss 1.2521 | Test Loss 0.001 | Test Error 35.11
Train Loss 0.104
Train Loss 1.180
Train Loss 1.204
Train Loss 1.229
Train Loss 1.197
Train Loss 1.217
Train Loss 1.195
Train Loss 1.202
Epoch  37 | Time   148 | Train Loss 1.1929 | Test Loss 0.001 | Test Error 30.32
Train Loss 0.133
Train Loss 1.227
Train Loss 1.168
Train Loss 1.239
Train Loss 1.229
Train Loss 1.155
Train Loss 1.192
Train Loss 1.218
Epoch  38 | Time   150 | Train Loss 1.2263 | Test Loss 0.001 | Test Error 32.83
Train Loss 0.124
Train Loss 1.189
Train Loss 1.148
Train Loss 1.203
Train Loss 1.164
Train Loss 1.153
Train Loss 1.233
Train Loss 1.178
Epoch  39 | Time   150 | Train Loss 1.1850 | Test Loss 0.001 | Test Error 30.75
Train Loss 0.137
Train Loss 1.149
Train Loss 1.202
Train Loss 1.163
Train Loss 1.190
Train Loss 1.211
Train Loss 1.154
Train Loss 1.188
Epoch  40 | Time   150 | Train Loss 1.1812 | Test Loss 0.001 | Test Error 30.64
Train Loss 0.117
Train Loss 1.145
Train Loss 1.134
Train Loss 1.174
Train Loss 1.160
Train Loss 1.129
Train Loss 1.212
Train Loss 1.122
Epoch  41 | Time   148 | Train Loss 1.2139 | Test Loss 0.001 | Test Error 29.30
Train Loss 0.102
Train Loss 1.081
Train Loss 1.215
Train Loss 1.191
Train Loss 1.128
Train Loss 1.115
Train Loss 1.135
Train Loss 1.161
Epoch  42 | Time   148 | Train Loss 1.1526 | Test Loss 0.001 | Test Error 30.95
Train Loss 0.125
Train Loss 1.160
Train Loss 1.201
Train Loss 1.115
Train Loss 1.129
Train Loss 1.141
Train Loss 1.135
Train Loss 1.146
Epoch  43 | Time   150 | Train Loss 1.1770 | Test Loss 0.001 | Test Error 29.67
Train Loss 0.108
Train Loss 1.142
Train Loss 1.171
Train Loss 1.182
Train Loss 1.125
Train Loss 1.143
Train Loss 1.112
Train Loss 1.092
Epoch  44 | Time   149 | Train Loss 1.1127 | Test Loss 0.001 | Test Error 27.93
Train Loss 0.122
Train Loss 1.097
Train Loss 1.126
Train Loss 1.139
Train Loss 1.130
Train Loss 1.136
Train Loss 1.132
Train Loss 1.100
Epoch  45 | Time   150 | Train Loss 1.1294 | Test Loss 0.001 | Test Error 28.34
Train Loss 0.116
Train Loss 1.143
Train Loss 1.119
Train Loss 1.132
Train Loss 1.092
Train Loss 1.153
Train Loss 1.118
Train Loss 1.109
Epoch  46 | Time   149 | Train Loss 1.1120 | Test Loss 0.001 | Test Error 29.15
Train Loss 0.112
Train Loss 1.085
Train Loss 1.093
Train Loss 1.089
Train Loss 1.113
Train Loss 1.196
Train Loss 1.108
Train Loss 1.126
Epoch  47 | Time   148 | Train Loss 1.1309 | Test Loss 0.001 | Test Error 30.05
Train Loss 0.105
Train Loss 1.145
Train Loss 1.053
Train Loss 1.102
Train Loss 1.081
Train Loss 1.122
Train Loss 1.118
Train Loss 1.094
Epoch  48 | Time   148 | Train Loss 1.1816 | Test Loss 0.001 | Test Error 27.90
Train Loss 0.089
Train Loss 1.063
Train Loss 1.131
Train Loss 1.092
Train Loss 1.066
Train Loss 1.099
Train Loss 1.088
Train Loss 1.074
Epoch  49 | Time   148 | Train Loss 1.0571 | Test Loss 0.001 | Test Error 26.95
Train Loss 0.095
Train Loss 1.076
Train Loss 1.123
Train Loss 1.128
Train Loss 1.124
Train Loss 1.115
Train Loss 1.018
Train Loss 1.131
Epoch  50 | Time   149 | Train Loss 1.0830 | Test Loss 0.001 | Test Error 27.37
Train Loss 0.100
Train Loss 1.050
Train Loss 1.067
Train Loss 1.074
Train Loss 1.012
Train Loss 1.087
Train Loss 1.033
Train Loss 1.076
Epoch  51 | Time   149 | Train Loss 1.1313 | Test Loss 0.001 | Test Error 28.62
Train Loss 0.104
Train Loss 1.061
Train Loss 1.040
Train Loss 1.070
Train Loss 1.052
Train Loss 1.083
Train Loss 1.062
Train Loss 1.057
Epoch  52 | Time   149 | Train Loss 1.0556 | Test Loss 0.001 | Test Error 27.27
Train Loss 0.101
Train Loss 1.016
Train Loss 1.079
Train Loss 1.010
Train Loss 1.093
Train Loss 1.064
Train Loss 1.043
Train Loss 1.104
Epoch  53 | Time   150 | Train Loss 1.0849 | Test Loss 0.001 | Test Error 27.91
Train Loss 0.108
Train Loss 1.061
Train Loss 1.032
Train Loss 1.073
Train Loss 1.061
Train Loss 1.012
Train Loss 1.052
Train Loss 1.079
Epoch  54 | Time   149 | Train Loss 1.0791 | Test Loss 0.001 | Test Error 26.20
Train Loss 0.115
Train Loss 1.056
Train Loss 1.037
Train Loss 1.052
Train Loss 1.026
Train Loss 1.038
Train Loss 1.053
Train Loss 1.007
Epoch  55 | Time   148 | Train Loss 1.0277 | Test Loss 0.001 | Test Error 25.25
Train Loss 0.123
Train Loss 1.023
Train Loss 1.022
Train Loss 1.019
Train Loss 1.036
Train Loss 1.059
Train Loss 1.004
Train Loss 1.047
Epoch  56 | Time   148 | Train Loss 1.0025 | Test Loss 0.001 | Test Error 24.59
Train Loss 0.096
Train Loss 1.003
Train Loss 1.017
Train Loss 1.015
Train Loss 1.003
Train Loss 1.021
Train Loss 1.039
Train Loss 1.042
Epoch  57 | Time   150 | Train Loss 1.0095 | Test Loss 0.001 | Test Error 24.35
Train Loss 0.092
Train Loss 1.004
Train Loss 1.029
Train Loss 1.007
Train Loss 1.003
Train Loss 1.016
Train Loss 1.054
Train Loss 0.974
Epoch  58 | Time   149 | Train Loss 0.9786 | Test Loss 0.001 | Test Error 24.27
Train Loss 0.112
Train Loss 0.949
Train Loss 1.012
Train Loss 1.061
Train Loss 1.039
Train Loss 1.019
Train Loss 0.964
Train Loss 1.000
Epoch  59 | Time   148 | Train Loss 1.0044 | Test Loss 0.001 | Test Error 24.11
Train Loss 0.092
Train Loss 0.986
Train Loss 1.042
Train Loss 0.972
Train Loss 1.041
Train Loss 1.005
Train Loss 0.980
Train Loss 1.039
Epoch  60 | Time   150 | Train Loss 1.0019 | Test Loss 0.001 | Test Error 25.24
Train Loss 0.102
Train Loss 1.003
Train Loss 1.002
Train Loss 1.023
Train Loss 0.953
Train Loss 1.016
Train Loss 0.960
Train Loss 0.971
Epoch  61 | Time   149 | Train Loss 0.9936 | Test Loss 0.001 | Test Error 25.22
Train Loss 0.097
Train Loss 1.002
Train Loss 0.958
Train Loss 0.971
Train Loss 0.988
Train Loss 0.926
Train Loss 0.984
Train Loss 0.996
Epoch  62 | Time   149 | Train Loss 0.9936 | Test Loss 0.001 | Test Error 25.27
Train Loss 0.120
Train Loss 0.982
Train Loss 0.950
Train Loss 1.018
Train Loss 0.969
Train Loss 0.973
Train Loss 0.987
Train Loss 0.969
Epoch  63 | Time   149 | Train Loss 0.9367 | Test Loss 0.001 | Test Error 23.11
Train Loss 0.094
Train Loss 0.969
Train Loss 0.965
Train Loss 0.953
Train Loss 0.959
Train Loss 0.997
Train Loss 0.980
Train Loss 0.938
Epoch  64 | Time   150 | Train Loss 0.9584 | Test Loss 0.001 | Test Error 24.38
Train Loss 0.098
Train Loss 0.952
Train Loss 0.954
Train Loss 0.978
Train Loss 0.962
Train Loss 0.927
Train Loss 0.975
Train Loss 0.976
Epoch  65 | Time   148 | Train Loss 0.9764 | Test Loss 0.001 | Test Error 22.99
Train Loss 0.095
Train Loss 0.957
Train Loss 0.965
Train Loss 0.923
Train Loss 0.913
Train Loss 0.931
Train Loss 0.987
Train Loss 0.991
Epoch  66 | Time   148 | Train Loss 0.9821 | Test Loss 0.001 | Test Error 22.77
Train Loss 0.119
Train Loss 0.958
Train Loss 0.943
Train Loss 0.948
Train Loss 0.960
Train Loss 0.951
Train Loss 0.933
Train Loss 0.950
Epoch  67 | Time   149 | Train Loss 0.9722 | Test Loss 0.001 | Test Error 23.46
Train Loss 0.096
Train Loss 0.899
Train Loss 0.932
Train Loss 0.950
Train Loss 0.886
Train Loss 0.893
Train Loss 0.944
Train Loss 0.928
Epoch  68 | Time   148 | Train Loss 0.9750 | Test Loss 0.001 | Test Error 22.24
Train Loss 0.080
Train Loss 0.910
Train Loss 0.940
Train Loss 0.915
Train Loss 0.872
Train Loss 0.948
Train Loss 0.947
Train Loss 0.973
Epoch  69 | Time   149 | Train Loss 0.9662 | Test Loss 0.001 | Test Error 22.23
Train Loss 0.103
Train Loss 0.923
Train Loss 0.882
Train Loss 1.014
Train Loss 0.947
Train Loss 0.941
Train Loss 0.914
Train Loss 0.917
Epoch  70 | Time   148 | Train Loss 0.9077 | Test Loss 0.001 | Test Error 21.76
Train Loss 0.103
Train Loss 0.927
Train Loss 0.887
Train Loss 0.931
Train Loss 0.908
Train Loss 0.927
Train Loss 0.936
Train Loss 0.950
Epoch  71 | Time   150 | Train Loss 0.9218 | Test Loss 0.001 | Test Error 21.43
Train Loss 0.086
Train Loss 0.886
Train Loss 0.913
Train Loss 0.915
Train Loss 0.925
Train Loss 0.899
Train Loss 0.904
Train Loss 0.939
Epoch  72 | Time   150 | Train Loss 0.8927 | Test Loss 0.001 | Test Error 23.10
Train Loss 0.075
Train Loss 0.927
Train Loss 0.911
Train Loss 0.930
Train Loss 0.897
Train Loss 0.912
Train Loss 0.880
Train Loss 0.942
Epoch  73 | Time   148 | Train Loss 0.9086 | Test Loss 0.001 | Test Error 22.61
Train Loss 0.083
Train Loss 0.935
Train Loss 0.873
Train Loss 0.852
Train Loss 0.898
Train Loss 0.917
Train Loss 0.918
Train Loss 0.878
Epoch  74 | Time   148 | Train Loss 0.8982 | Test Loss 0.001 | Test Error 20.97
Train Loss 0.075
Train Loss 0.872
Train Loss 0.896
Train Loss 0.872
Train Loss 0.914
Train Loss 0.883
Train Loss 0.837
Train Loss 0.894
Epoch  75 | Time   148 | Train Loss 0.9235 | Test Loss 0.001 | Test Error 20.46
Train Loss 0.101
Train Loss 0.874
Train Loss 0.916
Train Loss 0.903
Train Loss 0.891
Train Loss 0.873
Train Loss 0.868
Train Loss 0.839
Epoch  76 | Time   150 | Train Loss 0.8621 | Test Loss 0.001 | Test Error 20.44
Train Loss 0.098
Train Loss 0.784
Train Loss 0.908
Train Loss 0.883
Train Loss 0.823
Train Loss 0.864
Train Loss 0.860
Train Loss 0.824
Epoch  77 | Time   149 | Train Loss 0.8421 | Test Loss 0.001 | Test Error 20.21
Train Loss 0.104
Train Loss 0.834
Train Loss 0.825
Train Loss 0.875
Train Loss 0.844
Train Loss 0.850
Train Loss 0.866
Train Loss 0.830
Epoch  78 | Time   147 | Train Loss 0.8297 | Test Loss 0.001 | Test Error 19.91
Train Loss 0.079
Train Loss 0.833
Train Loss 0.812
Train Loss 0.815
Train Loss 0.824
Train Loss 0.801
Train Loss 0.857
Train Loss 0.827
Epoch  79 | Time   149 | Train Loss 0.8664 | Test Loss 0.001 | Test Error 19.47
Train Loss 0.092
Train Loss 0.808
Train Loss 0.782
Train Loss 0.845
Train Loss 0.814
Train Loss 0.813
Train Loss 0.777
Train Loss 0.834
Epoch  80 | Time   149 | Train Loss 0.8309 | Test Loss 0.001 | Test Error 19.72
Train Loss 0.083
Train Loss 0.783
Train Loss 0.775
Train Loss 0.797
Train Loss 0.823
Train Loss 0.812
Train Loss 0.790
Train Loss 0.812
Epoch  81 | Time   151 | Train Loss 0.7735 | Test Loss 0.001 | Test Error 19.61
Train Loss 0.092
Train Loss 0.803
Train Loss 0.801
Train Loss 0.772
Train Loss 0.811
Train Loss 0.793
Train Loss 0.788
Train Loss 0.829
Epoch  82 | Time   149 | Train Loss 0.7677 | Test Loss 0.001 | Test Error 19.04
Train Loss 0.090
Train Loss 0.797
Train Loss 0.826
Train Loss 0.783
Train Loss 0.801
Train Loss 0.773
Train Loss 0.804
Train Loss 0.804
Epoch  83 | Time   147 | Train Loss 0.7714 | Test Loss 0.001 | Test Error 19.73
Train Loss 0.069
Train Loss 0.797
Train Loss 0.773
Train Loss 0.764
Train Loss 0.797
Train Loss 0.786
Train Loss 0.783
Train Loss 0.761
Epoch  84 | Time   153 | Train Loss 0.8144 | Test Loss 0.001 | Test Error 18.81
Train Loss 0.075
Train Loss 0.760
Train Loss 0.772
Train Loss 0.778
Train Loss 0.794
Train Loss 0.751
Train Loss 0.788
Train Loss 0.777
Epoch  85 | Time   149 | Train Loss 0.8162 | Test Loss 0.001 | Test Error 18.89
Train Loss 0.077
Train Loss 0.768
Train Loss 0.734
Train Loss 0.804
Train Loss 0.776
Train Loss 0.792
Train Loss 0.778
Train Loss 0.760
Epoch  86 | Time   149 | Train Loss 0.7670 | Test Loss 0.001 | Test Error 18.49
Train Loss 0.058
Train Loss 0.762
Train Loss 0.755
Train Loss 0.777
Train Loss 0.791
Train Loss 0.795
Train Loss 0.762
Train Loss 0.749
Epoch  87 | Time   149 | Train Loss 0.7665 | Test Loss 0.001 | Test Error 18.46
Train Loss 0.083
Train Loss 0.776
Train Loss 0.782
Train Loss 0.744
Train Loss 0.765
Train Loss 0.734
Train Loss 0.762
Train Loss 0.753
Epoch  88 | Time   149 | Train Loss 0.7489 | Test Loss 0.001 | Test Error 18.22
Train Loss 0.097
Train Loss 0.744
Train Loss 0.739
Train Loss 0.744
Train Loss 0.727
Train Loss 0.728
Train Loss 0.735
Train Loss 0.761
Epoch  89 | Time   148 | Train Loss 0.7739 | Test Loss 0.001 | Test Error 18.12
Train Loss 0.075
Train Loss 0.766
Train Loss 0.714
Train Loss 0.772
Train Loss 0.769
Train Loss 0.727
Train Loss 0.748
Train Loss 0.748
Epoch  90 | Time   150 | Train Loss 0.7358 | Test Loss 0.001 | Test Error 18.13
Train Loss 0.056
Train Loss 0.704
Train Loss 0.759
Train Loss 0.742
Train Loss 0.744
Train Loss 0.735
Train Loss 0.775
Train Loss 0.748
Epoch  91 | Time   149 | Train Loss 0.7405 | Test Loss 0.001 | Test Error 18.26
Train Loss 0.057
Train Loss 0.741
Train Loss 0.731
Train Loss 0.722
Train Loss 0.744
Train Loss 0.728
Train Loss 0.736
Train Loss 0.749
Epoch  92 | Time   149 | Train Loss 0.7259 | Test Loss 0.001 | Test Error 18.18
Train Loss 0.100
Train Loss 0.738
Train Loss 0.736
Train Loss 0.725
Train Loss 0.725
Train Loss 0.724
Train Loss 0.731
Train Loss 0.734
Epoch  93 | Time   150 | Train Loss 0.7189 | Test Loss 0.001 | Test Error 18.05
Train Loss 0.068
Train Loss 0.771
Train Loss 0.754
Train Loss 0.706
Train Loss 0.710
Train Loss 0.725
Train Loss 0.737
Train Loss 0.733
Epoch  94 | Time   149 | Train Loss 0.7282 | Test Loss 0.001 | Test Error 17.94
Train Loss 0.062
Train Loss 0.745
Train Loss 0.730
Train Loss 0.733
Train Loss 0.736
Train Loss 0.736
Train Loss 0.749
Train Loss 0.740
Epoch  95 | Time   150 | Train Loss 0.7307 | Test Loss 0.001 | Test Error 18.02
Train Loss 0.073
Train Loss 0.703
Train Loss 0.711
Train Loss 0.738
Train Loss 0.718
Train Loss 0.759
Train Loss 0.700
Train Loss 0.736
Epoch  96 | Time   149 | Train Loss 0.7254 | Test Loss 0.001 | Test Error 17.88
Train Loss 0.068
Train Loss 0.718
Train Loss 0.731
Train Loss 0.750
Train Loss 0.771
Train Loss 0.722
Train Loss 0.742
Train Loss 0.796
Epoch  97 | Time   149 | Train Loss 0.7303 | Test Loss 0.001 | Test Error 17.97
Train Loss 0.077
Train Loss 0.722
Train Loss 0.737
Train Loss 0.704
Train Loss 0.732
Train Loss 0.740
Train Loss 0.725
Train Loss 0.751
Epoch  98 | Time   148 | Train Loss 0.7130 | Test Loss 0.001 | Test Error 18.00
Train Loss 0.074
Train Loss 0.717
Train Loss 0.752
Train Loss 0.714
Train Loss 0.744
Train Loss 0.698
Train Loss 0.758
Train Loss 0.719
Epoch  99 | Time   150 | Train Loss 0.7367 | Test Loss 0.001 | Test Error 17.92
Train Loss 0.071
Train Loss 0.760
Train Loss 0.747
Train Loss 0.727
Train Loss 0.733
Train Loss 0.715
Train Loss 0.723
Train Loss 0.723
Epoch 100 | Time   149 | Train Loss 0.6936 | Test Loss 0.001 | Test Error 18.03
gaussian_noise
	Test Loss 0.001 | Test Error 24.732
shot_noise
	Test Loss 0.001 | Test Error 22.676
impulse_noise
	Test Loss 0.001 | Test Error 30.686
defocus_blur
	Test Loss 0.001 | Test Error 19.926
glass_blur
	Test Loss 0.001 | Test Error 27.378
motion_blur
	Test Loss 0.001 | Test Error 22.956
zoom_blur
	Test Loss 0.001 | Test Error 21.034
snow
	Test Loss 0.001 | Test Error 24.792
frost
	Test Loss 0.001 | Test Error 23.894
fog
	Test Loss 0.001 | Test Error 26.136
brightness
	Test Loss 0.001 | Test Error 19.584
contrast
	Test Loss 0.001 | Test Error 32.774
elastic_transform
	Test Loss 0.001 | Test Error 22.666
pixelate
	Test Loss 0.001 | Test Error 19.784
/cm/local/apps/slurm/var/spool/job3202182/slurm_script: line 7: 10242 Killed                  python /work/ws-tmp/g054727-Training/task/augmix/cifar.py --model ptresnet18 --optimizer Adamw --scheduler cosine_annealing
slurmstepd: error: Detected 1 oom-kill event(s) in StepId=3202182.batch cgroup. Some of your processes may have been killed by the cgroup out-of-memory handler.
