Files already downloaded and verified
Files already downloaded and verified
Beginning training from epoch: 1
/home/g054727/.local/lib/python3.7/site-packages/torch/utils/data/dataloader.py:490: UserWarning: This DataLoader will create 4 worker processes in total. Our suggested max number of worker in current system is 2, which is smaller than what this DataLoader is going to create. Please be aware that excessive worker creation might get DataLoader running slow or even freeze, lower the worker number to avoid potential slowness/freeze if necessary.
  cpuset_checked))
Train Loss 0.261
Train Loss 1.174
Train Loss 1.073
Train Loss 0.959
Train Loss 0.940
Train Loss 0.894
Train Loss 0.884
Train Loss 0.849
Epoch   1 | Time   111 | Train Loss 0.8228 | Test Loss 0.001 | Test Error 19.89
Train Loss 0.088
Train Loss 0.745
Train Loss 0.806
Train Loss 0.812
Train Loss 0.784
Train Loss 0.787
Train Loss 0.759
Train Loss 0.751
Epoch   2 | Time   108 | Train Loss 0.7578 | Test Loss 0.000 | Test Error 15.41
Train Loss 0.083
Train Loss 0.728
Train Loss 0.689
Train Loss 0.695
Train Loss 0.717
Train Loss 0.729
Train Loss 0.710
Train Loss 0.679
Epoch   3 | Time   109 | Train Loss 0.7194 | Test Loss 0.000 | Test Error 14.15
Train Loss 0.059
Train Loss 0.667
Train Loss 0.676
Train Loss 0.655
Train Loss 0.663
Train Loss 0.664
Train Loss 0.698
Train Loss 0.686
Epoch   4 | Time   109 | Train Loss 0.6606 | Test Loss 0.000 | Test Error 13.87
Train Loss 0.054
Train Loss 0.618
Train Loss 0.651
Train Loss 0.642
Train Loss 0.647
Train Loss 0.651
Train Loss 0.633
Train Loss 0.616
Epoch   5 | Time   109 | Train Loss 0.6248 | Test Loss 0.000 | Test Error 14.08
Train Loss 0.054
Train Loss 0.625
Train Loss 0.572
Train Loss 0.645
Train Loss 0.581
Train Loss 0.616
Train Loss 0.643
Train Loss 0.613
Epoch   6 | Time   109 | Train Loss 0.6385 | Test Loss 0.000 | Test Error 12.91
Train Loss 0.052
Train Loss 0.595
Train Loss 0.602
Train Loss 0.565
Train Loss 0.572
Train Loss 0.607
Train Loss 0.579
Train Loss 0.585
Epoch   7 | Time   108 | Train Loss 0.5946 | Test Loss 0.000 | Test Error 13.05
Train Loss 0.059
Train Loss 0.591
Train Loss 0.576
Train Loss 0.562
Train Loss 0.583
Train Loss 0.595
Train Loss 0.534
Train Loss 0.584
Epoch   8 | Time   109 | Train Loss 0.5528 | Test Loss 0.000 | Test Error 12.48
Train Loss 0.047
Train Loss 0.532
Train Loss 0.559
Train Loss 0.564
Train Loss 0.552
Train Loss 0.536
Train Loss 0.540
Train Loss 0.565
Epoch   9 | Time   110 | Train Loss 0.5553 | Test Loss 0.000 | Test Error 13.43
Train Loss 0.056
Train Loss 0.542
Train Loss 0.530
Train Loss 0.534
Train Loss 0.552
Train Loss 0.557
Train Loss 0.513
Train Loss 0.505
Epoch  10 | Time   109 | Train Loss 0.5688 | Test Loss 0.000 | Test Error 12.11
Train Loss 0.071
Train Loss 0.530
Train Loss 0.529
Train Loss 0.523
Train Loss 0.523
Train Loss 0.502
Train Loss 0.518
Train Loss 0.537
Epoch  11 | Time   108 | Train Loss 0.5411 | Test Loss 0.000 | Test Error 11.98
Train Loss 0.048
Train Loss 0.494
Train Loss 0.530
Train Loss 0.521
Train Loss 0.532
Train Loss 0.466
Train Loss 0.479
Train Loss 0.505
Epoch  12 | Time   109 | Train Loss 0.4943 | Test Loss 0.000 | Test Error 11.29
Train Loss 0.040
Train Loss 0.480
Train Loss 0.425
Train Loss 0.516
Train Loss 0.516
Train Loss 0.489
Train Loss 0.472
Train Loss 0.479
Epoch  13 | Time   108 | Train Loss 0.5048 | Test Loss 0.000 | Test Error 12.13
Train Loss 0.049
Train Loss 0.446
Train Loss 0.477
Train Loss 0.474
Train Loss 0.477
Train Loss 0.504
Train Loss 0.506
Train Loss 0.456
Epoch  14 | Time   109 | Train Loss 0.5190 | Test Loss 0.000 | Test Error 11.38
Train Loss 0.051
Train Loss 0.483
Train Loss 0.496
Train Loss 0.455
Train Loss 0.494
Train Loss 0.474
Train Loss 0.449
Train Loss 0.484
Epoch  15 | Time   109 | Train Loss 0.4745 | Test Loss 0.000 | Test Error 11.35
Train Loss 0.044
Train Loss 0.481
Train Loss 0.464
Train Loss 0.462
Train Loss 0.490
Train Loss 0.458
Train Loss 0.481
Train Loss 0.483
Epoch  16 | Time   109 | Train Loss 0.4486 | Test Loss 0.000 | Test Error 11.28
Train Loss 0.049
Train Loss 0.445
Train Loss 0.455
Train Loss 0.420
Train Loss 0.423
Train Loss 0.441
Train Loss 0.466
Train Loss 0.469
Epoch  17 | Time   109 | Train Loss 0.4430 | Test Loss 0.000 | Test Error 11.01
Train Loss 0.039
Train Loss 0.441
Train Loss 0.464
Train Loss 0.421
Train Loss 0.402
Train Loss 0.456
Train Loss 0.454
Train Loss 0.412
Epoch  18 | Time   109 | Train Loss 0.4462 | Test Loss 0.000 | Test Error 11.74
Train Loss 0.052
Train Loss 0.400
Train Loss 0.413
Train Loss 0.435
Train Loss 0.427
Train Loss 0.415
Train Loss 0.426
Train Loss 0.405
Epoch  19 | Time   109 | Train Loss 0.4229 | Test Loss 0.000 | Test Error 10.05
Train Loss 0.042
Train Loss 0.438
Train Loss 0.418
Train Loss 0.427
Train Loss 0.407
Train Loss 0.437
Train Loss 0.404
Train Loss 0.402
Epoch  20 | Time   108 | Train Loss 0.4214 | Test Loss 0.000 | Test Error 10.74
Train Loss 0.038
Train Loss 0.402
Train Loss 0.414
Train Loss 0.399
Train Loss 0.438
Train Loss 0.410
Train Loss 0.401
Train Loss 0.402
Epoch  21 | Time   109 | Train Loss 0.3964 | Test Loss 0.000 | Test Error 10.62
Train Loss 0.042
Train Loss 0.377
Train Loss 0.372
Train Loss 0.418
Train Loss 0.419
Train Loss 0.383
Train Loss 0.424
Train Loss 0.396
Epoch  22 | Time   109 | Train Loss 0.4366 | Test Loss 0.000 | Test Error 11.14
Train Loss 0.039
Train Loss 0.352
Train Loss 0.438
Train Loss 0.371
Train Loss 0.368
Train Loss 0.384
Train Loss 0.360
Train Loss 0.402
Epoch  23 | Time   109 | Train Loss 0.3947 | Test Loss 0.000 | Test Error 10.98
Train Loss 0.043
Train Loss 0.358
Train Loss 0.333
Train Loss 0.353
Train Loss 0.364
Train Loss 0.381
Train Loss 0.376
Train Loss 0.373
Epoch  24 | Time   108 | Train Loss 0.3926 | Test Loss 0.000 | Test Error 10.28
Train Loss 0.029
Train Loss 0.331
Train Loss 0.377
Train Loss 0.348
Train Loss 0.384
Train Loss 0.374
Train Loss 0.395
Train Loss 0.357
Epoch  25 | Time   109 | Train Loss 0.3649 | Test Loss 0.000 | Test Error 10.51
Train Loss 0.023
Train Loss 0.317
Train Loss 0.383
Train Loss 0.366
Train Loss 0.334
Train Loss 0.350
Train Loss 0.373
Train Loss 0.377
Epoch  26 | Time   108 | Train Loss 0.3843 | Test Loss 0.000 | Test Error 10.47
Train Loss 0.041
Train Loss 0.323
Train Loss 0.344
Train Loss 0.350
Train Loss 0.361
Train Loss 0.339
Train Loss 0.397
Train Loss 0.344
Epoch  27 | Time   109 | Train Loss 0.3501 | Test Loss 0.000 | Test Error 10.53
Train Loss 0.023
Train Loss 0.321
Train Loss 0.343
Train Loss 0.344
Train Loss 0.329
Train Loss 0.335
Train Loss 0.369
Train Loss 0.333
Epoch  28 | Time   109 | Train Loss 0.3489 | Test Loss 0.000 | Test Error 10.34
Train Loss 0.022
Train Loss 0.329
Train Loss 0.323
Train Loss 0.310
Train Loss 0.348
Train Loss 0.333
Train Loss 0.340
Train Loss 0.327
Epoch  29 | Time   109 | Train Loss 0.3469 | Test Loss 0.000 | Test Error 10.33
Train Loss 0.041
Train Loss 0.301
Train Loss 0.321
Train Loss 0.286
Train Loss 0.345
Train Loss 0.331
Train Loss 0.309
Train Loss 0.317
Epoch  30 | Time   109 | Train Loss 0.3309 | Test Loss 0.000 | Test Error 10.38
Train Loss 0.036
Train Loss 0.289
Train Loss 0.310
Train Loss 0.320
Train Loss 0.333
Train Loss 0.338
Train Loss 0.339
Train Loss 0.334
Epoch  31 | Time   108 | Train Loss 0.3206 | Test Loss 0.000 | Test Error 10.35
Train Loss 0.041
Train Loss 0.304
Train Loss 0.288
Train Loss 0.306
Train Loss 0.322
Train Loss 0.328
Train Loss 0.292
Train Loss 0.319
Epoch  32 | Time   109 | Train Loss 0.3150 | Test Loss 0.000 | Test Error 10.26
Train Loss 0.021
Train Loss 0.311
Train Loss 0.295
Train Loss 0.310
Train Loss 0.333
Train Loss 0.298
Train Loss 0.317
Train Loss 0.321
Epoch  33 | Time   109 | Train Loss 0.2833 | Test Loss 0.000 | Test Error 10.03
Train Loss 0.028
Train Loss 0.270
Train Loss 0.285
Train Loss 0.313
Train Loss 0.269
Train Loss 0.303
Train Loss 0.285
Train Loss 0.310
Epoch  34 | Time   109 | Train Loss 0.2944 | Test Loss 0.000 | Test Error 9.78
Train Loss 0.037
Train Loss 0.309
Train Loss 0.295
Train Loss 0.293
Train Loss 0.298
Train Loss 0.306
Train Loss 0.294
Train Loss 0.314
Epoch  35 | Time   109 | Train Loss 0.3031 | Test Loss 0.000 | Test Error 10.35
Train Loss 0.032
Train Loss 0.300
Train Loss 0.275
Train Loss 0.301
Train Loss 0.284
Train Loss 0.291
Train Loss 0.331
Train Loss 0.258
Epoch  36 | Time   108 | Train Loss 0.2860 | Test Loss 0.000 | Test Error 10.26
Train Loss 0.012
Train Loss 0.268
Train Loss 0.283
Train Loss 0.291
Train Loss 0.268
Train Loss 0.274
Train Loss 0.277
Train Loss 0.310
Epoch  37 | Time   109 | Train Loss 0.2629 | Test Loss 0.000 | Test Error 9.85
Train Loss 0.022
Train Loss 0.273
Train Loss 0.301
Train Loss 0.289
Train Loss 0.260
Train Loss 0.247
Train Loss 0.251
Train Loss 0.292
Epoch  38 | Time   109 | Train Loss 0.2918 | Test Loss 0.000 | Test Error 10.29
Train Loss 0.033
Train Loss 0.251
Train Loss 0.261
Train Loss 0.263
Train Loss 0.256
Train Loss 0.255
Train Loss 0.278
Train Loss 0.247
Epoch  39 | Time   109 | Train Loss 0.2794 | Test Loss 0.000 | Test Error 10.22
Train Loss 0.018
Train Loss 0.254
Train Loss 0.234
Train Loss 0.271
Train Loss 0.249
Train Loss 0.284
Train Loss 0.263
Train Loss 0.254
Epoch  40 | Time   108 | Train Loss 0.2488 | Test Loss 0.000 | Test Error 10.47
Train Loss 0.020
Train Loss 0.270
Train Loss 0.244
Train Loss 0.242
Train Loss 0.275
Train Loss 0.252
Train Loss 0.266
Train Loss 0.260
Epoch  41 | Time   109 | Train Loss 0.2532 | Test Loss 0.000 | Test Error 9.85
Train Loss 0.017
Train Loss 0.273
Train Loss 0.216
Train Loss 0.220
Train Loss 0.254
Train Loss 0.218
Train Loss 0.234
Train Loss 0.261
Epoch  42 | Time   109 | Train Loss 0.2190 | Test Loss 0.000 | Test Error 9.82
Train Loss 0.033
Train Loss 0.249
Train Loss 0.217
Train Loss 0.251
Train Loss 0.245
Train Loss 0.221
Train Loss 0.218
Train Loss 0.236
Epoch  43 | Time   109 | Train Loss 0.2577 | Test Loss 0.000 | Test Error 10.20
Train Loss 0.018
Train Loss 0.238
Train Loss 0.245
Train Loss 0.236
Train Loss 0.245
Train Loss 0.252
Train Loss 0.261
Train Loss 0.255
Epoch  44 | Time   109 | Train Loss 0.2327 | Test Loss 0.000 | Test Error 9.93
Train Loss 0.023
Train Loss 0.222
Train Loss 0.227
Train Loss 0.231
Train Loss 0.194
Train Loss 0.223
Train Loss 0.224
Train Loss 0.229
Epoch  45 | Time   108 | Train Loss 0.2169 | Test Loss 0.000 | Test Error 9.86
Train Loss 0.021
Train Loss 0.208
Train Loss 0.221
Train Loss 0.214
Train Loss 0.207
Train Loss 0.209
Train Loss 0.225
Train Loss 0.236
Epoch  46 | Time   108 | Train Loss 0.2289 | Test Loss 0.000 | Test Error 10.04
Train Loss 0.022
Train Loss 0.220
Train Loss 0.227
Train Loss 0.221
Train Loss 0.217
Train Loss 0.190
Train Loss 0.201
Train Loss 0.198
Epoch  47 | Time   109 | Train Loss 0.2177 | Test Loss 0.000 | Test Error 9.94
Train Loss 0.025
Train Loss 0.215
Train Loss 0.214
Train Loss 0.234
Train Loss 0.239
Train Loss 0.196
Train Loss 0.218
Train Loss 0.187
Epoch  48 | Time   108 | Train Loss 0.2011 | Test Loss 0.000 | Test Error 10.10
Train Loss 0.027
Train Loss 0.197
Train Loss 0.213
Train Loss 0.194
Train Loss 0.233
Train Loss 0.181
Train Loss 0.165
Train Loss 0.196
Epoch  49 | Time   109 | Train Loss 0.2005 | Test Loss 0.000 | Test Error 9.35
Train Loss 0.015
Train Loss 0.183
Train Loss 0.222
Train Loss 0.213
Train Loss 0.200
Train Loss 0.176
Train Loss 0.228
Train Loss 0.181
Epoch  50 | Time   108 | Train Loss 0.1947 | Test Loss 0.000 | Test Error 9.76
Train Loss 0.017
Train Loss 0.189
Train Loss 0.173
Train Loss 0.196
Train Loss 0.199
Train Loss 0.183
Train Loss 0.188
Train Loss 0.209
Epoch  51 | Time   109 | Train Loss 0.1931 | Test Loss 0.000 | Test Error 9.69
Train Loss 0.018
Train Loss 0.205
Train Loss 0.177
Train Loss 0.204
Train Loss 0.209
Train Loss 0.176
Train Loss 0.186
Train Loss 0.166
Epoch  52 | Time   109 | Train Loss 0.1882 | Test Loss 0.000 | Test Error 9.87
Train Loss 0.015
Train Loss 0.179
Train Loss 0.193
Train Loss 0.187
Train Loss 0.184
Train Loss 0.210
Train Loss 0.174
Train Loss 0.166
Epoch  53 | Time   108 | Train Loss 0.1949 | Test Loss 0.000 | Test Error 9.83
Train Loss 0.018
Train Loss 0.154
Train Loss 0.185
Train Loss 0.206
Train Loss 0.188
Train Loss 0.196
Train Loss 0.180
Train Loss 0.172
Epoch  54 | Time   109 | Train Loss 0.1735 | Test Loss 0.000 | Test Error 9.50
Train Loss 0.013
Train Loss 0.168
Train Loss 0.146
Train Loss 0.162
Train Loss 0.166
Train Loss 0.161
Train Loss 0.223
Train Loss 0.207
Epoch  55 | Time   110 | Train Loss 0.1691 | Test Loss 0.000 | Test Error 9.19
Train Loss 0.014
Train Loss 0.167
Train Loss 0.156
Train Loss 0.174
Train Loss 0.183
Train Loss 0.147
Train Loss 0.183
Train Loss 0.204
Epoch  56 | Time   109 | Train Loss 0.1487 | Test Loss 0.000 | Test Error 9.55
Train Loss 0.018
Train Loss 0.171
Train Loss 0.160
Train Loss 0.177
Train Loss 0.162
Train Loss 0.158
Train Loss 0.173
Train Loss 0.180
Epoch  57 | Time   108 | Train Loss 0.1700 | Test Loss 0.000 | Test Error 9.67
Train Loss 0.031
Train Loss 0.140
Train Loss 0.152
Train Loss 0.145
Train Loss 0.167
Train Loss 0.129
Train Loss 0.154
Train Loss 0.153
Epoch  58 | Time   109 | Train Loss 0.1434 | Test Loss 0.000 | Test Error 9.64
Train Loss 0.024
Train Loss 0.161
Train Loss 0.191
Train Loss 0.129
Train Loss 0.153
Train Loss 0.146
Train Loss 0.156
Train Loss 0.143
Epoch  59 | Time   108 | Train Loss 0.1588 | Test Loss 0.000 | Test Error 9.33
Train Loss 0.016
Train Loss 0.145
Train Loss 0.144
Train Loss 0.121
Train Loss 0.148
Train Loss 0.133
Train Loss 0.148
Train Loss 0.128
Epoch  60 | Time   108 | Train Loss 0.1422 | Test Loss 0.000 | Test Error 9.51
Train Loss 0.014
Train Loss 0.100
Train Loss 0.148
Train Loss 0.140
Train Loss 0.135
Train Loss 0.154
Train Loss 0.141
Train Loss 0.130
Epoch  61 | Time   109 | Train Loss 0.1477 | Test Loss 0.000 | Test Error 9.63
Train Loss 0.021
Train Loss 0.159
Train Loss 0.134
Train Loss 0.141
Train Loss 0.139
Train Loss 0.155
Train Loss 0.142
Train Loss 0.147
Epoch  62 | Time   109 | Train Loss 0.1399 | Test Loss 0.000 | Test Error 9.42
Train Loss 0.011
Train Loss 0.152
Train Loss 0.127
Train Loss 0.119
Train Loss 0.125
Train Loss 0.129
Train Loss 0.147
Train Loss 0.149
Epoch  63 | Time   109 | Train Loss 0.1572 | Test Loss 0.000 | Test Error 9.23
Train Loss 0.010
Train Loss 0.121
Train Loss 0.130
Train Loss 0.137
Train Loss 0.146
Train Loss 0.128
Train Loss 0.140
Train Loss 0.124
Epoch  64 | Time   108 | Train Loss 0.1339 | Test Loss 0.000 | Test Error 8.99
Train Loss 0.015
Train Loss 0.141
Train Loss 0.110
Train Loss 0.116
Train Loss 0.118
Train Loss 0.149
Train Loss 0.136
Train Loss 0.106
Epoch  65 | Time   108 | Train Loss 0.1301 | Test Loss 0.000 | Test Error 9.32
Train Loss 0.005
Train Loss 0.134
Train Loss 0.127
Train Loss 0.107
Train Loss 0.089
Train Loss 0.135
Train Loss 0.113
Train Loss 0.119
Epoch  66 | Time   109 | Train Loss 0.1456 | Test Loss 0.000 | Test Error 9.39
Train Loss 0.010
Train Loss 0.106
Train Loss 0.118
Train Loss 0.125
Train Loss 0.145
Train Loss 0.090
Train Loss 0.127
Train Loss 0.124
Epoch  67 | Time   108 | Train Loss 0.1333 | Test Loss 0.000 | Test Error 9.21
Train Loss 0.009
Train Loss 0.095
Train Loss 0.111
Train Loss 0.139
Train Loss 0.096
Train Loss 0.117
Train Loss 0.123
Train Loss 0.096
Epoch  68 | Time   109 | Train Loss 0.1077 | Test Loss 0.000 | Test Error 9.10
Train Loss 0.013
Train Loss 0.107
Train Loss 0.096
Train Loss 0.105
Train Loss 0.105
Train Loss 0.091
Train Loss 0.111
Train Loss 0.122
Epoch  69 | Time   108 | Train Loss 0.1281 | Test Loss 0.000 | Test Error 9.01
Train Loss 0.019
Train Loss 0.096
Train Loss 0.109
Train Loss 0.093
Train Loss 0.114
Train Loss 0.104
Train Loss 0.111
Train Loss 0.106
Epoch  70 | Time   109 | Train Loss 0.0748 | Test Loss 0.000 | Test Error 8.92
Train Loss 0.001
Train Loss 0.099
Train Loss 0.081
Train Loss 0.099
Train Loss 0.105
Train Loss 0.121
Train Loss 0.108
Train Loss 0.104
Epoch  71 | Time   109 | Train Loss 0.0787 | Test Loss 0.000 | Test Error 9.02
Train Loss 0.005
Train Loss 0.119
Train Loss 0.084
Train Loss 0.110
Train Loss 0.068
Train Loss 0.098
Train Loss 0.115
Train Loss 0.072
Epoch  72 | Time   108 | Train Loss 0.1097 | Test Loss 0.000 | Test Error 8.87
Train Loss 0.010
Train Loss 0.124
Train Loss 0.087
Train Loss 0.103
Train Loss 0.109
Train Loss 0.072
Train Loss 0.090
Train Loss 0.108
Epoch  73 | Time   109 | Train Loss 0.0839 | Test Loss 0.000 | Test Error 9.14
Train Loss 0.006
Train Loss 0.083
Train Loss 0.092
Train Loss 0.073
Train Loss 0.076
Train Loss 0.095
Train Loss 0.088
Train Loss 0.083
Epoch  74 | Time   109 | Train Loss 0.0969 | Test Loss 0.000 | Test Error 9.01
Train Loss 0.010
Train Loss 0.075
Train Loss 0.079
Train Loss 0.081
Train Loss 0.077
Train Loss 0.083
Train Loss 0.093
Train Loss 0.109
Epoch  75 | Time   109 | Train Loss 0.0788 | Test Loss 0.000 | Test Error 9.15
Train Loss 0.006
Train Loss 0.082
Train Loss 0.077
Train Loss 0.084
Train Loss 0.089
Train Loss 0.077
Train Loss 0.069
Train Loss 0.099
Epoch  76 | Time   108 | Train Loss 0.0676 | Test Loss 0.000 | Test Error 8.78
Train Loss 0.007
Train Loss 0.062
Train Loss 0.070
Train Loss 0.089
Train Loss 0.086
Train Loss 0.075
Train Loss 0.076
Train Loss 0.093
Epoch  77 | Time   108 | Train Loss 0.1034 | Test Loss 0.000 | Test Error 9.06
Train Loss 0.006
Train Loss 0.086
Train Loss 0.071
Train Loss 0.097
Train Loss 0.070
Train Loss 0.070
Train Loss 0.069
Train Loss 0.055
Epoch  78 | Time   109 | Train Loss 0.0650 | Test Loss 0.000 | Test Error 8.92
Train Loss 0.002
Train Loss 0.075
Train Loss 0.057
Train Loss 0.062
Train Loss 0.055
Train Loss 0.067
Train Loss 0.081
Train Loss 0.067
Epoch  79 | Time   108 | Train Loss 0.0602 | Test Loss 0.000 | Test Error 8.68
Train Loss 0.013
Train Loss 0.079
Train Loss 0.090
Train Loss 0.067
Train Loss 0.062
Train Loss 0.044
Train Loss 0.076
Train Loss 0.078
Epoch  80 | Time   109 | Train Loss 0.0832 | Test Loss 0.000 | Test Error 8.64
Train Loss 0.001
Train Loss 0.081
Train Loss 0.058
Train Loss 0.067
Train Loss 0.065
Train Loss 0.066
Train Loss 0.057
Train Loss 0.062
Epoch  81 | Time   109 | Train Loss 0.0778 | Test Loss 0.000 | Test Error 8.50
Train Loss 0.002
Train Loss 0.058
Train Loss 0.051
Train Loss 0.051
Train Loss 0.090
Train Loss 0.041
Train Loss 0.058
Train Loss 0.056
Epoch  82 | Time   108 | Train Loss 0.0578 | Test Loss 0.000 | Test Error 8.54
Train Loss 0.009
Train Loss 0.049
Train Loss 0.058
Train Loss 0.066
Train Loss 0.062
Train Loss 0.071
Train Loss 0.062
Train Loss 0.046
Epoch  83 | Time   109 | Train Loss 0.0586 | Test Loss 0.001 | Test Error 8.63
Train Loss 0.008
Train Loss 0.058
Train Loss 0.051
Train Loss 0.052
Train Loss 0.057
Train Loss 0.046
Train Loss 0.054
Train Loss 0.046
Epoch  84 | Time   108 | Train Loss 0.0547 | Test Loss 0.001 | Test Error 8.68
Train Loss 0.000
Train Loss 0.049
Train Loss 0.045
Train Loss 0.068
Train Loss 0.078
Train Loss 0.053
Train Loss 0.045
Train Loss 0.054
Epoch  85 | Time   108 | Train Loss 0.0661 | Test Loss 0.001 | Test Error 8.57
Train Loss 0.006
Train Loss 0.054
Train Loss 0.076
Train Loss 0.053
Train Loss 0.068
Train Loss 0.046
Train Loss 0.059
Train Loss 0.084
Epoch  86 | Time   109 | Train Loss 0.0536 | Test Loss 0.001 | Test Error 8.48
Train Loss 0.004
Train Loss 0.068
Train Loss 0.049
Train Loss 0.049
Train Loss 0.050
Train Loss 0.079
Train Loss 0.048
Train Loss 0.047
Epoch  87 | Time   108 | Train Loss 0.0598 | Test Loss 0.001 | Test Error 8.57
Train Loss 0.005
Train Loss 0.059
Train Loss 0.041
Train Loss 0.059
Train Loss 0.046
Train Loss 0.072
Train Loss 0.052
Train Loss 0.064
Epoch  88 | Time   109 | Train Loss 0.0574 | Test Loss 0.001 | Test Error 8.53
Train Loss 0.001
Train Loss 0.046
Train Loss 0.055
Train Loss 0.051
Train Loss 0.069
Train Loss 0.074
Train Loss 0.039
Train Loss 0.067
Epoch  89 | Time   108 | Train Loss 0.0540 | Test Loss 0.000 | Test Error 8.42
Train Loss 0.001
Train Loss 0.062
Train Loss 0.062
Train Loss 0.046
Train Loss 0.047
Train Loss 0.046
Train Loss 0.053
Train Loss 0.066
Epoch  90 | Time   109 | Train Loss 0.0458 | Test Loss 0.000 | Test Error 8.46
Train Loss 0.005
Train Loss 0.052
Train Loss 0.044
Train Loss 0.065
Train Loss 0.049
Train Loss 0.051
Train Loss 0.070
Train Loss 0.060
Epoch  91 | Time   109 | Train Loss 0.0472 | Test Loss 0.001 | Test Error 8.29
Train Loss 0.006
Train Loss 0.058
Train Loss 0.063
Train Loss 0.046
Train Loss 0.055
Train Loss 0.051
Train Loss 0.039
Train Loss 0.043
Epoch  92 | Time   109 | Train Loss 0.0393 | Test Loss 0.001 | Test Error 8.18
Train Loss 0.000
Train Loss 0.068
Train Loss 0.040
Train Loss 0.055
Train Loss 0.050
Train Loss 0.044
Train Loss 0.040
Train Loss 0.034
Epoch  93 | Time   108 | Train Loss 0.0548 | Test Loss 0.001 | Test Error 8.18
Train Loss 0.011
Train Loss 0.030
Train Loss 0.035
Train Loss 0.071
Train Loss 0.052
Train Loss 0.045
Train Loss 0.043
Train Loss 0.056
Epoch  94 | Time   108 | Train Loss 0.0469 | Test Loss 0.001 | Test Error 8.29
Train Loss 0.008
Train Loss 0.059
Train Loss 0.061
Train Loss 0.041
Train Loss 0.044
Train Loss 0.037
Train Loss 0.033
Train Loss 0.030
Epoch  95 | Time   109 | Train Loss 0.0513 | Test Loss 0.001 | Test Error 8.23
Train Loss 0.009
Train Loss 0.043
Train Loss 0.041
Train Loss 0.055
Train Loss 0.038
Train Loss 0.049
Train Loss 0.041
Train Loss 0.050
Epoch  96 | Time   108 | Train Loss 0.0466 | Test Loss 0.001 | Test Error 8.27
Train Loss 0.020
Train Loss 0.019
Train Loss 0.058
Train Loss 0.057
Train Loss 0.041
Train Loss 0.054
Train Loss 0.031
Train Loss 0.054
Epoch  97 | Time   109 | Train Loss 0.0368 | Test Loss 0.001 | Test Error 8.23
Train Loss 0.001
Train Loss 0.020
Train Loss 0.033
Train Loss 0.049
Train Loss 0.060
Train Loss 0.041
Train Loss 0.045
Train Loss 0.044
Epoch  98 | Time   109 | Train Loss 0.0624 | Test Loss 0.001 | Test Error 8.20
Train Loss 0.001
Train Loss 0.051
Train Loss 0.062
Train Loss 0.038
Train Loss 0.047
Train Loss 0.058
Train Loss 0.041
Train Loss 0.071
Epoch  99 | Time   109 | Train Loss 0.0406 | Test Loss 0.001 | Test Error 8.22
Train Loss 0.005
Train Loss 0.043
Train Loss 0.036
Train Loss 0.038
Train Loss 0.045
Train Loss 0.052
Train Loss 0.069
Train Loss 0.044
Epoch 100 | Time   109 | Train Loss 0.0700 | Test Loss 0.001 | Test Error 8.22
gaussian_noise
	Test Loss 0.001 | Test Error 18.806
shot_noise
	Test Loss 0.001 | Test Error 15.334
impulse_noise
	Test Loss 0.002 | Test Error 22.132
defocus_blur
	Test Loss 0.001 | Test Error 10.136
glass_blur
	Test Loss 0.001 | Test Error 21.556
motion_blur
	Test Loss 0.001 | Test Error 12.530
zoom_blur
	Test Loss 0.001 | Test Error 11.704
snow
	Test Loss 0.001 | Test Error 14.610
frost
	Test Loss 0.001 | Test Error 14.730
fog
	Test Loss 0.001 | Test Error 14.578
brightness
	Test Loss 0.001 | Test Error 9.800
contrast
	Test Loss 0.001 | Test Error 18.084
elastic_transform
	Test Loss 0.001 | Test Error 12.600
pixelate
	Test Loss 0.001 | Test Error 12.398
/cm/local/apps/slurm/var/spool/job3259484/slurm_script: line 7: 10765 Killed                  python /work/ws-tmp/g054727-Training/task/augmix/cifar.py --model ptconvnexttiny --optimizer Adamw --scheduler cosine_annealing --learning-rate 0.001
slurmstepd: error: Detected 1 oom-kill event(s) in StepId=3259484.batch cgroup. Some of your processes may have been killed by the cgroup out-of-memory handler.
