Files already downloaded and verified
Files already downloaded and verified
Beginning training from epoch: 1
/home/g054727/.local/lib/python3.7/site-packages/torch/utils/data/dataloader.py:490: UserWarning: This DataLoader will create 4 worker processes in total. Our suggested max number of worker in current system is 2, which is smaller than what this DataLoader is going to create. Please be aware that excessive worker creation might get DataLoader running slow or even freeze, lower the worker number to avoid potential slowness/freeze if necessary.
  cpuset_checked))
Train Loss 0.314
Train Loss 2.449
Train Loss 2.217
Train Loss 2.429
Train Loss 2.112
Train Loss 2.216
Train Loss 2.140
Train Loss 2.038
Epoch   1 | Time   108 | Train Loss 1.9999 | Test Loss 0.002 | Test Error 73.72
Train Loss 0.203
Train Loss 1.959
Train Loss 1.941
Train Loss 1.870
Train Loss 1.849
Train Loss 1.787
Train Loss 1.753
Train Loss 1.726
Epoch   2 | Time   105 | Train Loss 1.6849 | Test Loss 0.002 | Test Error 58.28
Train Loss 0.164
Train Loss 1.667
Train Loss 1.590
Train Loss 1.603
Train Loss 1.528
Train Loss 1.580
Train Loss 1.486
Train Loss 1.476
Epoch   3 | Time   106 | Train Loss 1.4955 | Test Loss 0.001 | Test Error 49.95
Train Loss 0.161
Train Loss 1.481
Train Loss 1.477
Train Loss 1.422
Train Loss 1.385
Train Loss 1.356
Train Loss 1.379
Train Loss 1.348
Epoch   4 | Time   106 | Train Loss 1.3734 | Test Loss 0.001 | Test Error 38.61
Train Loss 0.134
Train Loss 1.333
Train Loss 1.319
Train Loss 1.404
Train Loss 1.305
Train Loss 1.287
Train Loss 1.290
Train Loss 1.268
Epoch   5 | Time   106 | Train Loss 1.2499 | Test Loss 0.001 | Test Error 35.57
Train Loss 0.116
Train Loss 1.242
Train Loss 1.202
Train Loss 1.214
Train Loss 1.252
Train Loss 1.210
Train Loss 1.181
Train Loss 1.183
Epoch   6 | Time   106 | Train Loss 1.1847 | Test Loss 0.001 | Test Error 32.83
Train Loss 0.102
Train Loss 1.151
Train Loss 1.175
Train Loss 1.154
Train Loss 1.164
Train Loss 1.128
Train Loss 1.111
Train Loss 1.130
Epoch   7 | Time   106 | Train Loss 1.1345 | Test Loss 0.001 | Test Error 29.44
Train Loss 0.107
Train Loss 1.100
Train Loss 1.089
Train Loss 1.103
Train Loss 1.060
Train Loss 1.112
Train Loss 1.054
Train Loss 1.103
Epoch   8 | Time   106 | Train Loss 1.1057 | Test Loss 0.001 | Test Error 28.03
Train Loss 0.108
Train Loss 1.059
Train Loss 1.071
Train Loss 1.037
Train Loss 1.050
Train Loss 1.041
Train Loss 1.023
Train Loss 1.059
Epoch   9 | Time   106 | Train Loss 1.0428 | Test Loss 0.001 | Test Error 28.59
Train Loss 0.116
Train Loss 1.043
Train Loss 1.022
Train Loss 1.007
Train Loss 1.016
Train Loss 1.009
Train Loss 0.984
Train Loss 0.997
Epoch  10 | Time   106 | Train Loss 1.0111 | Test Loss 0.001 | Test Error 25.64
Train Loss 0.105
Train Loss 0.991
Train Loss 0.974
Train Loss 0.998
Train Loss 0.972
Train Loss 0.996
Train Loss 1.001
Train Loss 0.979
Epoch  11 | Time   106 | Train Loss 0.9890 | Test Loss 0.001 | Test Error 24.34
Train Loss 0.086
Train Loss 0.961
Train Loss 0.945
Train Loss 0.954
Train Loss 0.953
Train Loss 0.943
Train Loss 1.016
Train Loss 0.934
Epoch  12 | Time   106 | Train Loss 0.9559 | Test Loss 0.001 | Test Error 22.27
Train Loss 0.097
Train Loss 0.944
Train Loss 0.951
Train Loss 0.949
Train Loss 0.925
Train Loss 0.953
Train Loss 0.959
Train Loss 0.939
Epoch  13 | Time   106 | Train Loss 0.9389 | Test Loss 0.001 | Test Error 22.36
Train Loss 0.086
Train Loss 0.924
Train Loss 0.906
Train Loss 0.909
Train Loss 0.896
Train Loss 0.924
Train Loss 0.877
Train Loss 0.947
Epoch  14 | Time   106 | Train Loss 0.9072 | Test Loss 0.001 | Test Error 21.75
Train Loss 0.077
Train Loss 0.911
Train Loss 0.892
Train Loss 0.918
Train Loss 0.876
Train Loss 0.913
Train Loss 0.888
Train Loss 0.908
Epoch  15 | Time   106 | Train Loss 0.8838 | Test Loss 0.001 | Test Error 22.58
Train Loss 0.080
Train Loss 0.866
Train Loss 0.886
Train Loss 0.865
Train Loss 0.862
Train Loss 0.913
Train Loss 0.883
Train Loss 0.846
Epoch  16 | Time   105 | Train Loss 0.8599 | Test Loss 0.001 | Test Error 20.00
Train Loss 0.068
Train Loss 0.842
Train Loss 0.864
Train Loss 0.874
Train Loss 0.863
Train Loss 0.842
Train Loss 0.853
Train Loss 0.866
Epoch  17 | Time   105 | Train Loss 0.8666 | Test Loss 0.001 | Test Error 21.88
Train Loss 0.077
Train Loss 0.788
Train Loss 0.853
Train Loss 0.863
Train Loss 0.834
Train Loss 0.871
Train Loss 0.865
Train Loss 0.839
Epoch  18 | Time   106 | Train Loss 0.8682 | Test Loss 0.001 | Test Error 20.29
Train Loss 0.074
Train Loss 0.847
Train Loss 0.829
Train Loss 0.820
Train Loss 0.887
Train Loss 0.824
Train Loss 0.874
Train Loss 0.852
Epoch  19 | Time   106 | Train Loss 0.8319 | Test Loss 0.001 | Test Error 19.69
Train Loss 0.093
Train Loss 0.811
Train Loss 0.803
Train Loss 0.848
Train Loss 0.829
Train Loss 0.841
Train Loss 0.832
Train Loss 0.843
Epoch  20 | Time   106 | Train Loss 0.8012 | Test Loss 0.001 | Test Error 19.23
Train Loss 0.078
Train Loss 0.804
Train Loss 0.812
Train Loss 0.822
Train Loss 0.842
Train Loss 0.800
Train Loss 0.792
Train Loss 0.800
Epoch  21 | Time   105 | Train Loss 0.8061 | Test Loss 0.001 | Test Error 18.89
Train Loss 0.084
Train Loss 0.775
Train Loss 0.786
Train Loss 0.812
Train Loss 0.816
Train Loss 0.787
Train Loss 0.765
Train Loss 0.793
Epoch  22 | Time   106 | Train Loss 0.7759 | Test Loss 0.001 | Test Error 21.61
Train Loss 0.083
Train Loss 0.784
Train Loss 0.770
Train Loss 0.810
Train Loss 0.788
Train Loss 0.819
Train Loss 0.781
Train Loss 0.813
Epoch  23 | Time   105 | Train Loss 0.7955 | Test Loss 0.001 | Test Error 19.10
Train Loss 0.080
Train Loss 0.756
Train Loss 0.796
Train Loss 0.751
Train Loss 0.765
Train Loss 0.765
Train Loss 0.753
Train Loss 0.752
Epoch  24 | Time   106 | Train Loss 0.8065 | Test Loss 0.001 | Test Error 19.00
Train Loss 0.085
Train Loss 0.749
Train Loss 0.781
Train Loss 0.778
Train Loss 0.750
Train Loss 0.759
Train Loss 0.806
Train Loss 0.760
Epoch  25 | Time   106 | Train Loss 0.7386 | Test Loss 0.001 | Test Error 18.26
Train Loss 0.067
Train Loss 0.794
Train Loss 0.754
Train Loss 0.761
Train Loss 0.765
Train Loss 0.750
Train Loss 0.762
Train Loss 0.747
Epoch  26 | Time   106 | Train Loss 0.7300 | Test Loss 0.001 | Test Error 18.98
Train Loss 0.071
Train Loss 0.727
Train Loss 0.731
Train Loss 0.755
Train Loss 0.766
Train Loss 0.747
Train Loss 0.746
Train Loss 0.765
Epoch  27 | Time   106 | Train Loss 0.7829 | Test Loss 0.001 | Test Error 18.57
Train Loss 0.063
Train Loss 0.700
Train Loss 0.723
Train Loss 0.716
Train Loss 0.760
Train Loss 0.704
Train Loss 0.729
Train Loss 0.743
Epoch  28 | Time   106 | Train Loss 0.7751 | Test Loss 0.001 | Test Error 18.74
Train Loss 0.076
Train Loss 0.715
Train Loss 0.714
Train Loss 0.735
Train Loss 0.717
Train Loss 0.751
Train Loss 0.698
Train Loss 0.719
Epoch  29 | Time   106 | Train Loss 0.7419 | Test Loss 0.001 | Test Error 17.64
Train Loss 0.064
Train Loss 0.723
Train Loss 0.739
Train Loss 0.704
Train Loss 0.717
Train Loss 0.709
Train Loss 0.725
Train Loss 0.725
Epoch  30 | Time   106 | Train Loss 0.7203 | Test Loss 0.001 | Test Error 16.69
Train Loss 0.068
Train Loss 0.686
Train Loss 0.726
Train Loss 0.667
Train Loss 0.722
Train Loss 0.723
Train Loss 0.739
Train Loss 0.694
Epoch  31 | Time   106 | Train Loss 0.7355 | Test Loss 0.001 | Test Error 17.76
Train Loss 0.058
Train Loss 0.695
Train Loss 0.705
Train Loss 0.703
Train Loss 0.703
Train Loss 0.689
Train Loss 0.717
Train Loss 0.715
Epoch  32 | Time   105 | Train Loss 0.7381 | Test Loss 0.001 | Test Error 16.70
Train Loss 0.074
Train Loss 0.676
Train Loss 0.704
Train Loss 0.683
Train Loss 0.700
Train Loss 0.663
Train Loss 0.687
Train Loss 0.710
Epoch  33 | Time   106 | Train Loss 0.6857 | Test Loss 0.000 | Test Error 16.69
Train Loss 0.063
Train Loss 0.708
Train Loss 0.656
Train Loss 0.686
Train Loss 0.696
Train Loss 0.678
Train Loss 0.643
Train Loss 0.685
Epoch  34 | Time   106 | Train Loss 0.6877 | Test Loss 0.001 | Test Error 17.19
Train Loss 0.074
Train Loss 0.664
Train Loss 0.673
Train Loss 0.662
Train Loss 0.693
Train Loss 0.718
Train Loss 0.692
Train Loss 0.676
Epoch  35 | Time   106 | Train Loss 0.6719 | Test Loss 0.000 | Test Error 16.75
Train Loss 0.063
Train Loss 0.671
Train Loss 0.654
Train Loss 0.649
Train Loss 0.678
Train Loss 0.672
Train Loss 0.704
Train Loss 0.684
Epoch  36 | Time   106 | Train Loss 0.6892 | Test Loss 0.001 | Test Error 16.94
Train Loss 0.064
Train Loss 0.636
Train Loss 0.684
Train Loss 0.669
Train Loss 0.663
Train Loss 0.698
Train Loss 0.681
Train Loss 0.678
Epoch  37 | Time   106 | Train Loss 0.6550 | Test Loss 0.000 | Test Error 16.42
Train Loss 0.064
Train Loss 0.684
Train Loss 0.642
Train Loss 0.679
Train Loss 0.669
Train Loss 0.660
Train Loss 0.656
Train Loss 0.648
Epoch  38 | Time   106 | Train Loss 0.6996 | Test Loss 0.000 | Test Error 16.31
Train Loss 0.067
Train Loss 0.647
Train Loss 0.642
Train Loss 0.643
Train Loss 0.648
Train Loss 0.642
Train Loss 0.674
Train Loss 0.656
Epoch  39 | Time   105 | Train Loss 0.6699 | Test Loss 0.000 | Test Error 15.84
Train Loss 0.065
Train Loss 0.590
Train Loss 0.650
Train Loss 0.645
Train Loss 0.661
Train Loss 0.664
Train Loss 0.623
Train Loss 0.649
Epoch  40 | Time   106 | Train Loss 0.6351 | Test Loss 0.000 | Test Error 15.70
Train Loss 0.072
Train Loss 0.648
Train Loss 0.640
Train Loss 0.653
Train Loss 0.625
Train Loss 0.627
Train Loss 0.659
Train Loss 0.648
Epoch  41 | Time   107 | Train Loss 0.6733 | Test Loss 0.000 | Test Error 15.17
Train Loss 0.053
Train Loss 0.575
Train Loss 0.648
Train Loss 0.653
Train Loss 0.646
Train Loss 0.612
Train Loss 0.644
Train Loss 0.643
Epoch  42 | Time   106 | Train Loss 0.6134 | Test Loss 0.000 | Test Error 15.07
Train Loss 0.060
Train Loss 0.635
Train Loss 0.654
Train Loss 0.602
Train Loss 0.630
Train Loss 0.626
Train Loss 0.602
Train Loss 0.624
Epoch  43 | Time   106 | Train Loss 0.6388 | Test Loss 0.000 | Test Error 15.04
Train Loss 0.059
Train Loss 0.613
Train Loss 0.619
Train Loss 0.636
Train Loss 0.633
Train Loss 0.635
Train Loss 0.650
Train Loss 0.628
Epoch  44 | Time   106 | Train Loss 0.6061 | Test Loss 0.000 | Test Error 15.61
Train Loss 0.069
Train Loss 0.595
Train Loss 0.633
Train Loss 0.615
Train Loss 0.613
Train Loss 0.607
Train Loss 0.613
Train Loss 0.614
Epoch  45 | Time   106 | Train Loss 0.6036 | Test Loss 0.000 | Test Error 14.57
Train Loss 0.060
Train Loss 0.622
Train Loss 0.586
Train Loss 0.628
Train Loss 0.598
Train Loss 0.584
Train Loss 0.608
Train Loss 0.610
Epoch  46 | Time   106 | Train Loss 0.5977 | Test Loss 0.000 | Test Error 14.92
Train Loss 0.069
Train Loss 0.587
Train Loss 0.643
Train Loss 0.610
Train Loss 0.578
Train Loss 0.614
Train Loss 0.629
Train Loss 0.608
Epoch  47 | Time   107 | Train Loss 0.6007 | Test Loss 0.000 | Test Error 15.26
Train Loss 0.046
Train Loss 0.614
Train Loss 0.561
Train Loss 0.582
Train Loss 0.602
Train Loss 0.616
Train Loss 0.608
Train Loss 0.597
Epoch  48 | Time   105 | Train Loss 0.6422 | Test Loss 0.000 | Test Error 14.56
Train Loss 0.040
Train Loss 0.566
Train Loss 0.615
Train Loss 0.616
Train Loss 0.576
Train Loss 0.598
Train Loss 0.551
Train Loss 0.587
Epoch  49 | Time   106 | Train Loss 0.5659 | Test Loss 0.000 | Test Error 14.41
Train Loss 0.050
Train Loss 0.567
Train Loss 0.595
Train Loss 0.585
Train Loss 0.602
Train Loss 0.637
Train Loss 0.557
Train Loss 0.624
Epoch  50 | Time   106 | Train Loss 0.5838 | Test Loss 0.000 | Test Error 15.00
Train Loss 0.046
Train Loss 0.551
Train Loss 0.576
Train Loss 0.574
Train Loss 0.561
Train Loss 0.586
Train Loss 0.579
Train Loss 0.599
Epoch  51 | Time   106 | Train Loss 0.6232 | Test Loss 0.000 | Test Error 14.46
Train Loss 0.051
Train Loss 0.586
Train Loss 0.559
Train Loss 0.606
Train Loss 0.562
Train Loss 0.593
Train Loss 0.583
Train Loss 0.561
Epoch  52 | Time   106 | Train Loss 0.5654 | Test Loss 0.000 | Test Error 15.06
Train Loss 0.049
Train Loss 0.551
Train Loss 0.562
Train Loss 0.560
Train Loss 0.607
Train Loss 0.568
Train Loss 0.569
Train Loss 0.593
Epoch  53 | Time   107 | Train Loss 0.5627 | Test Loss 0.000 | Test Error 14.20
Train Loss 0.058
Train Loss 0.552
Train Loss 0.567
Train Loss 0.582
Train Loss 0.565
Train Loss 0.565
Train Loss 0.577
Train Loss 0.573
Epoch  54 | Time   106 | Train Loss 0.5901 | Test Loss 0.000 | Test Error 15.03
Train Loss 0.064
Train Loss 0.555
Train Loss 0.571
Train Loss 0.543
Train Loss 0.561
Train Loss 0.575
Train Loss 0.580
Train Loss 0.531
Epoch  55 | Time   106 | Train Loss 0.5561 | Test Loss 0.000 | Test Error 13.72
Train Loss 0.064
Train Loss 0.523
Train Loss 0.538
Train Loss 0.524
Train Loss 0.564
Train Loss 0.611
Train Loss 0.551
Train Loss 0.576
Epoch  56 | Time   106 | Train Loss 0.5553 | Test Loss 0.000 | Test Error 13.87
Train Loss 0.060
Train Loss 0.558
Train Loss 0.530
Train Loss 0.562
Train Loss 0.546
Train Loss 0.558
Train Loss 0.555
Train Loss 0.556
Epoch  57 | Time   106 | Train Loss 0.5484 | Test Loss 0.000 | Test Error 13.85
Train Loss 0.054
Train Loss 0.528
Train Loss 0.540
Train Loss 0.527
Train Loss 0.541
Train Loss 0.574
Train Loss 0.570
Train Loss 0.510
Epoch  58 | Time   106 | Train Loss 0.5462 | Test Loss 0.000 | Test Error 13.88
Train Loss 0.051
Train Loss 0.488
Train Loss 0.535
Train Loss 0.534
Train Loss 0.576
Train Loss 0.533
Train Loss 0.533
Train Loss 0.544
Epoch  59 | Time   107 | Train Loss 0.5242 | Test Loss 0.000 | Test Error 13.97
Train Loss 0.049
Train Loss 0.513
Train Loss 0.555
Train Loss 0.528
Train Loss 0.579
Train Loss 0.521
Train Loss 0.511
Train Loss 0.535
Epoch  60 | Time   106 | Train Loss 0.5089 | Test Loss 0.000 | Test Error 13.61
Train Loss 0.049
Train Loss 0.535
Train Loss 0.546
Train Loss 0.540
Train Loss 0.511
Train Loss 0.570
Train Loss 0.482
Train Loss 0.488
Epoch  61 | Time   107 | Train Loss 0.5361 | Test Loss 0.000 | Test Error 13.83
Train Loss 0.064
Train Loss 0.521
Train Loss 0.512
Train Loss 0.535
Train Loss 0.510
Train Loss 0.516
Train Loss 0.511
Train Loss 0.529
Epoch  62 | Time   106 | Train Loss 0.5076 | Test Loss 0.000 | Test Error 13.37
Train Loss 0.057
Train Loss 0.547
Train Loss 0.512
Train Loss 0.538
Train Loss 0.520
Train Loss 0.507
Train Loss 0.546
Train Loss 0.509
Epoch  63 | Time   106 | Train Loss 0.5068 | Test Loss 0.000 | Test Error 13.44
Train Loss 0.050
Train Loss 0.521
Train Loss 0.513
Train Loss 0.529
Train Loss 0.520
Train Loss 0.527
Train Loss 0.541
Train Loss 0.502
Epoch  64 | Time   106 | Train Loss 0.5228 | Test Loss 0.000 | Test Error 13.68
Train Loss 0.041
Train Loss 0.525
Train Loss 0.509
Train Loss 0.551
Train Loss 0.537
Train Loss 0.501
Train Loss 0.533
Train Loss 0.519
Epoch  65 | Time   106 | Train Loss 0.5387 | Test Loss 0.000 | Test Error 13.54
Train Loss 0.052
Train Loss 0.504
Train Loss 0.509
Train Loss 0.493
Train Loss 0.472
Train Loss 0.486
Train Loss 0.557
Train Loss 0.540
Epoch  66 | Time   106 | Train Loss 0.5183 | Test Loss 0.000 | Test Error 13.14
Train Loss 0.051
Train Loss 0.543
Train Loss 0.541
Train Loss 0.490
Train Loss 0.508
Train Loss 0.501
Train Loss 0.503
Train Loss 0.491
Epoch  67 | Time   107 | Train Loss 0.4981 | Test Loss 0.000 | Test Error 12.85
Train Loss 0.043
Train Loss 0.482
Train Loss 0.478
Train Loss 0.500
Train Loss 0.461
Train Loss 0.499
Train Loss 0.514
Train Loss 0.508
Epoch  68 | Time   107 | Train Loss 0.5225 | Test Loss 0.000 | Test Error 12.84
Train Loss 0.048
Train Loss 0.490
Train Loss 0.503
Train Loss 0.453
Train Loss 0.484
Train Loss 0.496
Train Loss 0.511
Train Loss 0.511
Epoch  69 | Time   106 | Train Loss 0.5089 | Test Loss 0.000 | Test Error 13.12
Train Loss 0.049
Train Loss 0.474
Train Loss 0.489
Train Loss 0.530
Train Loss 0.486
Train Loss 0.466
Train Loss 0.496
Train Loss 0.479
Epoch  70 | Time   106 | Train Loss 0.4755 | Test Loss 0.000 | Test Error 12.88
Train Loss 0.051
Train Loss 0.501
Train Loss 0.472
Train Loss 0.483
Train Loss 0.466
Train Loss 0.502
Train Loss 0.483
Train Loss 0.467
Epoch  71 | Time   106 | Train Loss 0.4759 | Test Loss 0.000 | Test Error 12.90
Train Loss 0.040
Train Loss 0.471
Train Loss 0.477
Train Loss 0.469
Train Loss 0.488
Train Loss 0.480
Train Loss 0.472
Train Loss 0.490
Epoch  72 | Time   105 | Train Loss 0.4763 | Test Loss 0.000 | Test Error 12.84
Train Loss 0.034
Train Loss 0.488
Train Loss 0.486
Train Loss 0.510
Train Loss 0.451
Train Loss 0.454
Train Loss 0.477
Train Loss 0.498
Epoch  73 | Time   106 | Train Loss 0.4774 | Test Loss 0.000 | Test Error 12.71
Train Loss 0.049
Train Loss 0.492
Train Loss 0.474
Train Loss 0.487
Train Loss 0.492
Train Loss 0.483
Train Loss 0.515
Train Loss 0.474
Epoch  74 | Time   106 | Train Loss 0.4894 | Test Loss 0.000 | Test Error 12.76
Train Loss 0.045
Train Loss 0.460
Train Loss 0.480
Train Loss 0.455
Train Loss 0.492
Train Loss 0.464
Train Loss 0.453
Train Loss 0.494
Epoch  75 | Time   106 | Train Loss 0.5059 | Test Loss 0.000 | Test Error 12.44
Train Loss 0.053
Train Loss 0.461
Train Loss 0.483
Train Loss 0.491
Train Loss 0.465
Train Loss 0.475
Train Loss 0.461
Train Loss 0.449
Epoch  76 | Time   105 | Train Loss 0.4785 | Test Loss 0.000 | Test Error 12.82
Train Loss 0.041
Train Loss 0.439
Train Loss 0.499
Train Loss 0.493
Train Loss 0.466
Train Loss 0.500
Train Loss 0.477
Train Loss 0.446
Epoch  77 | Time   106 | Train Loss 0.4619 | Test Loss 0.000 | Test Error 12.51
Train Loss 0.050
Train Loss 0.462
Train Loss 0.453
Train Loss 0.461
Train Loss 0.463
Train Loss 0.482
Train Loss 0.504
Train Loss 0.469
Epoch  78 | Time   105 | Train Loss 0.4484 | Test Loss 0.000 | Test Error 12.68
Train Loss 0.036
Train Loss 0.453
Train Loss 0.437
Train Loss 0.470
Train Loss 0.488
Train Loss 0.453
Train Loss 0.475
Train Loss 0.475
Epoch  79 | Time   106 | Train Loss 0.4571 | Test Loss 0.000 | Test Error 12.70
Train Loss 0.056
Train Loss 0.458
Train Loss 0.458
Train Loss 0.464
Train Loss 0.441
Train Loss 0.441
Train Loss 0.431
Train Loss 0.468
Epoch  80 | Time   106 | Train Loss 0.4799 | Test Loss 0.000 | Test Error 12.49
Train Loss 0.046
Train Loss 0.446
Train Loss 0.444
Train Loss 0.452
Train Loss 0.464
Train Loss 0.450
Train Loss 0.452
Train Loss 0.462
Epoch  81 | Time   107 | Train Loss 0.4601 | Test Loss 0.000 | Test Error 12.31
Train Loss 0.059
Train Loss 0.448
Train Loss 0.455
Train Loss 0.440
Train Loss 0.458
Train Loss 0.443
Train Loss 0.458
Train Loss 0.490
Epoch  82 | Time   106 | Train Loss 0.4603 | Test Loss 0.000 | Test Error 12.47
Train Loss 0.043
Train Loss 0.447
Train Loss 0.468
Train Loss 0.466
Train Loss 0.464
Train Loss 0.434
Train Loss 0.450
Train Loss 0.452
Epoch  83 | Time   105 | Train Loss 0.4492 | Test Loss 0.000 | Test Error 12.54
Train Loss 0.030
Train Loss 0.481
Train Loss 0.450
Train Loss 0.435
Train Loss 0.444
Train Loss 0.464
Train Loss 0.454
Train Loss 0.407
Epoch  84 | Time   106 | Train Loss 0.4468 | Test Loss 0.000 | Test Error 12.57
Train Loss 0.046
Train Loss 0.467
Train Loss 0.452
Train Loss 0.436
Train Loss 0.459
Train Loss 0.436
Train Loss 0.476
Train Loss 0.453
Epoch  85 | Time   106 | Train Loss 0.4739 | Test Loss 0.000 | Test Error 12.48
Train Loss 0.052
Train Loss 0.460
Train Loss 0.417
Train Loss 0.474
Train Loss 0.430
Train Loss 0.459
Train Loss 0.444
Train Loss 0.447
Epoch  86 | Time   106 | Train Loss 0.4533 | Test Loss 0.000 | Test Error 12.19
Train Loss 0.037
Train Loss 0.424
Train Loss 0.444
Train Loss 0.459
Train Loss 0.466
Train Loss 0.459
Train Loss 0.442
Train Loss 0.452
Epoch  87 | Time   106 | Train Loss 0.4655 | Test Loss 0.000 | Test Error 12.34
Train Loss 0.041
Train Loss 0.465
Train Loss 0.445
Train Loss 0.441
Train Loss 0.463
Train Loss 0.418
Train Loss 0.457
Train Loss 0.467
Epoch  88 | Time   105 | Train Loss 0.4504 | Test Loss 0.000 | Test Error 12.37
Train Loss 0.054
Train Loss 0.434
Train Loss 0.426
Train Loss 0.439
Train Loss 0.437
Train Loss 0.432
Train Loss 0.429
Train Loss 0.468
Epoch  89 | Time   105 | Train Loss 0.4354 | Test Loss 0.000 | Test Error 12.25
Train Loss 0.045
Train Loss 0.444
Train Loss 0.462
Train Loss 0.464
Train Loss 0.470
Train Loss 0.438
Train Loss 0.446
Train Loss 0.443
Epoch  90 | Time   106 | Train Loss 0.4289 | Test Loss 0.000 | Test Error 12.40
Train Loss 0.032
Train Loss 0.432
Train Loss 0.459
Train Loss 0.449
Train Loss 0.437
Train Loss 0.438
Train Loss 0.461
Train Loss 0.427
Epoch  91 | Time   106 | Train Loss 0.4436 | Test Loss 0.000 | Test Error 12.35
Train Loss 0.033
Train Loss 0.455
Train Loss 0.425
Train Loss 0.415
Train Loss 0.455
Train Loss 0.455
Train Loss 0.454
Train Loss 0.438
Epoch  92 | Time   106 | Train Loss 0.4144 | Test Loss 0.000 | Test Error 12.10
Train Loss 0.052
Train Loss 0.439
Train Loss 0.447
Train Loss 0.424
Train Loss 0.426
Train Loss 0.439
Train Loss 0.442
Train Loss 0.441
Epoch  93 | Time   106 | Train Loss 0.4124 | Test Loss 0.000 | Test Error 12.19
Train Loss 0.042
Train Loss 0.448
Train Loss 0.427
Train Loss 0.420
Train Loss 0.436
Train Loss 0.419
Train Loss 0.449
Train Loss 0.437
Epoch  94 | Time   107 | Train Loss 0.4333 | Test Loss 0.000 | Test Error 12.16
Train Loss 0.040
Train Loss 0.459
Train Loss 0.445
Train Loss 0.423
Train Loss 0.451
Train Loss 0.462
Train Loss 0.444
Train Loss 0.403
Epoch  95 | Time   105 | Train Loss 0.4473 | Test Loss 0.000 | Test Error 12.22
Train Loss 0.045
Train Loss 0.442
Train Loss 0.432
Train Loss 0.440
Train Loss 0.432
Train Loss 0.458
Train Loss 0.425
Train Loss 0.412
Epoch  96 | Time   105 | Train Loss 0.4503 | Test Loss 0.000 | Test Error 12.18
Train Loss 0.042
Train Loss 0.440
Train Loss 0.422
Train Loss 0.433
Train Loss 0.468
Train Loss 0.426
Train Loss 0.471
Train Loss 0.479
Epoch  97 | Time   105 | Train Loss 0.4274 | Test Loss 0.000 | Test Error 12.19
Train Loss 0.040
Train Loss 0.458
Train Loss 0.430
Train Loss 0.428
Train Loss 0.440
Train Loss 0.455
Train Loss 0.445
Train Loss 0.453
Epoch  98 | Time   106 | Train Loss 0.4106 | Test Loss 0.000 | Test Error 12.25
Train Loss 0.053
Train Loss 0.433
Train Loss 0.449
Train Loss 0.425
Train Loss 0.431
Train Loss 0.411
Train Loss 0.463
Train Loss 0.425
Epoch  99 | Time   106 | Train Loss 0.4335 | Test Loss 0.000 | Test Error 12.12
Train Loss 0.030
Train Loss 0.443
Train Loss 0.435
Train Loss 0.463
Train Loss 0.452
Train Loss 0.411
Train Loss 0.444
Train Loss 0.451
Epoch 100 | Time   106 | Train Loss 0.4126 | Test Loss 0.000 | Test Error 12.09
gaussian_noise
	Test Loss 0.001 | Test Error 19.418
shot_noise
	Test Loss 0.001 | Test Error 17.176
impulse_noise
	Test Loss 0.001 | Test Error 25.010
defocus_blur
	Test Loss 0.000 | Test Error 14.088
glass_blur
	Test Loss 0.001 | Test Error 23.238
motion_blur
	Test Loss 0.000 | Test Error 17.078
zoom_blur
	Test Loss 0.000 | Test Error 15.618
snow
	Test Loss 0.001 | Test Error 19.148
frost
	Test Loss 0.001 | Test Error 18.338
fog
	Test Loss 0.001 | Test Error 19.976
brightness
	Test Loss 0.000 | Test Error 14.158
contrast
	Test Loss 0.001 | Test Error 25.120
elastic_transform
	Test Loss 0.001 | Test Error 17.092
pixelate
	Test Loss 0.000 | Test Error 14.858
slurmstepd: error: Detected 2 oom-kill event(s) in StepId=3238557.batch cgroup. Some of your processes may have been killed by the cgroup out-of-memory handler.
