Files already downloaded and verified
Files already downloaded and verified
Beginning training from epoch: 1
/home/g054727/.local/lib/python3.7/site-packages/torch/utils/data/dataloader.py:490: UserWarning: This DataLoader will create 4 worker processes in total. Our suggested max number of worker in current system is 2, which is smaller than what this DataLoader is going to create. Please be aware that excessive worker creation might get DataLoader running slow or even freeze, lower the worker number to avoid potential slowness/freeze if necessary.
  cpuset_checked))
Train Loss 0.304
Train Loss 2.267
Train Loss 2.043
Train Loss 2.004
Train Loss 2.004
Train Loss 1.946
Train Loss 1.871
Train Loss 1.838
Epoch   1 | Time   109 | Train Loss 1.8145 | Test Loss 0.002 | Test Error 61.01
Train Loss 0.188
Train Loss 1.783
Train Loss 1.756
Train Loss 1.693
Train Loss 1.728
Train Loss 1.670
Train Loss 1.640
Train Loss 1.609
Epoch   2 | Time   105 | Train Loss 1.6024 | Test Loss 0.001 | Test Error 52.58
Train Loss 0.160
Train Loss 1.569
Train Loss 1.519
Train Loss 1.531
Train Loss 1.444
Train Loss 1.525
Train Loss 1.433
Train Loss 1.450
Epoch   3 | Time   106 | Train Loss 1.4307 | Test Loss 0.001 | Test Error 42.96
Train Loss 0.148
Train Loss 1.416
Train Loss 1.401
Train Loss 1.390
Train Loss 1.355
Train Loss 1.312
Train Loss 1.324
Train Loss 1.347
Epoch   4 | Time   106 | Train Loss 1.3085 | Test Loss 0.001 | Test Error 37.80
Train Loss 0.132
Train Loss 1.266
Train Loss 1.291
Train Loss 1.283
Train Loss 1.244
Train Loss 1.238
Train Loss 1.260
Train Loss 1.247
Epoch   5 | Time   106 | Train Loss 1.2318 | Test Loss 0.001 | Test Error 33.12
Train Loss 0.115
Train Loss 1.201
Train Loss 1.158
Train Loss 1.181
Train Loss 1.182
Train Loss 1.145
Train Loss 1.157
Train Loss 1.171
Epoch   6 | Time   107 | Train Loss 1.1516 | Test Loss 0.001 | Test Error 30.08
Train Loss 0.092
Train Loss 1.103
Train Loss 1.139
Train Loss 1.135
Train Loss 1.121
Train Loss 1.098
Train Loss 1.084
Train Loss 1.089
Epoch   7 | Time   107 | Train Loss 1.0856 | Test Loss 0.001 | Test Error 28.54
Train Loss 0.099
Train Loss 1.068
Train Loss 1.062
Train Loss 1.062
Train Loss 1.025
Train Loss 1.075
Train Loss 1.009
Train Loss 1.053
Epoch   8 | Time   105 | Train Loss 1.0810 | Test Loss 0.001 | Test Error 28.48
Train Loss 0.100
Train Loss 1.009
Train Loss 1.013
Train Loss 1.030
Train Loss 1.052
Train Loss 1.041
Train Loss 0.981
Train Loss 1.004
Epoch   9 | Time   106 | Train Loss 1.0104 | Test Loss 0.001 | Test Error 28.54
Train Loss 0.107
Train Loss 1.000
Train Loss 0.986
Train Loss 0.983
Train Loss 0.969
Train Loss 1.009
Train Loss 0.973
Train Loss 0.967
Epoch  10 | Time   106 | Train Loss 0.9799 | Test Loss 0.001 | Test Error 25.45
Train Loss 0.097
Train Loss 0.985
Train Loss 0.936
Train Loss 0.965
Train Loss 0.948
Train Loss 0.981
Train Loss 0.963
Train Loss 0.931
Epoch  11 | Time   106 | Train Loss 0.9754 | Test Loss 0.001 | Test Error 24.42
Train Loss 0.091
Train Loss 0.945
Train Loss 0.922
Train Loss 0.910
Train Loss 0.923
Train Loss 0.905
Train Loss 0.979
Train Loss 0.910
Epoch  12 | Time   106 | Train Loss 0.9214 | Test Loss 0.001 | Test Error 23.23
Train Loss 0.091
Train Loss 0.896
Train Loss 0.911
Train Loss 0.912
Train Loss 0.895
Train Loss 0.951
Train Loss 0.967
Train Loss 0.930
Epoch  13 | Time   105 | Train Loss 0.9096 | Test Loss 0.001 | Test Error 22.15
Train Loss 0.083
Train Loss 0.881
Train Loss 0.867
Train Loss 0.889
Train Loss 0.869
Train Loss 0.916
Train Loss 0.829
Train Loss 0.911
Epoch  14 | Time   106 | Train Loss 0.8776 | Test Loss 0.001 | Test Error 22.55
Train Loss 0.072
Train Loss 0.882
Train Loss 0.878
Train Loss 0.896
Train Loss 0.878
Train Loss 0.878
Train Loss 0.858
Train Loss 0.864
Epoch  15 | Time   106 | Train Loss 0.8512 | Test Loss 0.001 | Test Error 21.00
Train Loss 0.078
Train Loss 0.836
Train Loss 0.837
Train Loss 0.862
Train Loss 0.851
Train Loss 0.879
Train Loss 0.865
Train Loss 0.848
Epoch  16 | Time   105 | Train Loss 0.8692 | Test Loss 0.001 | Test Error 21.23
Train Loss 0.075
Train Loss 0.826
Train Loss 0.820
Train Loss 0.851
Train Loss 0.837
Train Loss 0.844
Train Loss 0.815
Train Loss 0.836
Epoch  17 | Time   106 | Train Loss 0.8450 | Test Loss 0.001 | Test Error 21.58
Train Loss 0.071
Train Loss 0.760
Train Loss 0.823
Train Loss 0.836
Train Loss 0.799
Train Loss 0.836
Train Loss 0.821
Train Loss 0.798
Epoch  18 | Time   106 | Train Loss 0.8541 | Test Loss 0.001 | Test Error 20.23
Train Loss 0.074
Train Loss 0.816
Train Loss 0.773
Train Loss 0.799
Train Loss 0.859
Train Loss 0.809
Train Loss 0.814
Train Loss 0.825
Epoch  19 | Time   106 | Train Loss 0.7860 | Test Loss 0.001 | Test Error 19.24
Train Loss 0.088
Train Loss 0.785
Train Loss 0.779
Train Loss 0.840
Train Loss 0.797
Train Loss 0.803
Train Loss 0.802
Train Loss 0.816
Epoch  20 | Time   105 | Train Loss 0.7795 | Test Loss 0.001 | Test Error 18.42
Train Loss 0.073
Train Loss 0.764
Train Loss 0.766
Train Loss 0.761
Train Loss 0.803
Train Loss 0.772
Train Loss 0.790
Train Loss 0.761
Epoch  21 | Time   106 | Train Loss 0.7903 | Test Loss 0.001 | Test Error 19.28
Train Loss 0.076
Train Loss 0.770
Train Loss 0.754
Train Loss 0.778
Train Loss 0.781
Train Loss 0.743
Train Loss 0.755
Train Loss 0.776
Epoch  22 | Time   107 | Train Loss 0.7433 | Test Loss 0.001 | Test Error 19.05
Train Loss 0.074
Train Loss 0.740
Train Loss 0.738
Train Loss 0.769
Train Loss 0.794
Train Loss 0.786
Train Loss 0.727
Train Loss 0.786
Epoch  23 | Time   106 | Train Loss 0.7588 | Test Loss 0.001 | Test Error 18.43
Train Loss 0.067
Train Loss 0.708
Train Loss 0.792
Train Loss 0.730
Train Loss 0.735
Train Loss 0.733
Train Loss 0.734
Train Loss 0.745
Epoch  24 | Time   106 | Train Loss 0.7578 | Test Loss 0.001 | Test Error 18.60
Train Loss 0.079
Train Loss 0.714
Train Loss 0.731
Train Loss 0.748
Train Loss 0.725
Train Loss 0.729
Train Loss 0.775
Train Loss 0.737
Epoch  25 | Time   106 | Train Loss 0.7320 | Test Loss 0.001 | Test Error 19.06
Train Loss 0.065
Train Loss 0.733
Train Loss 0.704
Train Loss 0.727
Train Loss 0.710
Train Loss 0.739
Train Loss 0.747
Train Loss 0.706
Epoch  26 | Time   106 | Train Loss 0.7079 | Test Loss 0.001 | Test Error 18.42
Train Loss 0.068
Train Loss 0.671
Train Loss 0.709
Train Loss 0.732
Train Loss 0.719
Train Loss 0.729
Train Loss 0.716
Train Loss 0.750
Epoch  27 | Time   106 | Train Loss 0.7363 | Test Loss 0.001 | Test Error 17.05
Train Loss 0.056
Train Loss 0.659
Train Loss 0.684
Train Loss 0.684
Train Loss 0.720
Train Loss 0.688
Train Loss 0.690
Train Loss 0.721
Epoch  28 | Time   106 | Train Loss 0.7251 | Test Loss 0.001 | Test Error 18.11
Train Loss 0.068
Train Loss 0.680
Train Loss 0.681
Train Loss 0.690
Train Loss 0.689
Train Loss 0.735
Train Loss 0.688
Train Loss 0.680
Epoch  29 | Time   106 | Train Loss 0.7358 | Test Loss 0.001 | Test Error 16.88
Train Loss 0.064
Train Loss 0.681
Train Loss 0.688
Train Loss 0.671
Train Loss 0.702
Train Loss 0.697
Train Loss 0.679
Train Loss 0.699
Epoch  30 | Time   106 | Train Loss 0.6826 | Test Loss 0.000 | Test Error 16.32
Train Loss 0.063
Train Loss 0.655
Train Loss 0.689
Train Loss 0.645
Train Loss 0.689
Train Loss 0.665
Train Loss 0.693
Train Loss 0.682
Epoch  31 | Time   106 | Train Loss 0.6932 | Test Loss 0.001 | Test Error 17.43
Train Loss 0.062
Train Loss 0.657
Train Loss 0.651
Train Loss 0.662
Train Loss 0.650
Train Loss 0.660
Train Loss 0.696
Train Loss 0.651
Epoch  32 | Time   105 | Train Loss 0.6891 | Test Loss 0.001 | Test Error 16.71
Train Loss 0.067
Train Loss 0.645
Train Loss 0.697
Train Loss 0.659
Train Loss 0.660
Train Loss 0.631
Train Loss 0.643
Train Loss 0.674
Epoch  33 | Time   106 | Train Loss 0.6739 | Test Loss 0.000 | Test Error 16.34
Train Loss 0.062
Train Loss 0.669
Train Loss 0.639
Train Loss 0.646
Train Loss 0.671
Train Loss 0.629
Train Loss 0.640
Train Loss 0.653
Epoch  34 | Time   105 | Train Loss 0.6545 | Test Loss 0.001 | Test Error 17.24
Train Loss 0.070
Train Loss 0.627
Train Loss 0.627
Train Loss 0.623
Train Loss 0.670
Train Loss 0.674
Train Loss 0.644
Train Loss 0.628
Epoch  35 | Time   106 | Train Loss 0.6509 | Test Loss 0.001 | Test Error 17.27
Train Loss 0.061
Train Loss 0.624
Train Loss 0.635
Train Loss 0.618
Train Loss 0.639
Train Loss 0.644
Train Loss 0.672
Train Loss 0.639
Epoch  36 | Time   105 | Train Loss 0.6508 | Test Loss 0.001 | Test Error 17.73
Train Loss 0.059
Train Loss 0.575
Train Loss 0.633
Train Loss 0.659
Train Loss 0.637
Train Loss 0.642
Train Loss 0.642
Train Loss 0.643
Epoch  37 | Time   106 | Train Loss 0.6308 | Test Loss 0.001 | Test Error 17.52
Train Loss 0.061
Train Loss 0.670
Train Loss 0.586
Train Loss 0.610
Train Loss 0.622
Train Loss 0.610
Train Loss 0.621
Train Loss 0.631
Epoch  38 | Time   106 | Train Loss 0.6650 | Test Loss 0.000 | Test Error 15.57
Train Loss 0.062
Train Loss 0.616
Train Loss 0.614
Train Loss 0.612
Train Loss 0.607
Train Loss 0.619
Train Loss 0.658
Train Loss 0.635
Epoch  39 | Time   106 | Train Loss 0.6168 | Test Loss 0.000 | Test Error 15.42
Train Loss 0.065
Train Loss 0.569
Train Loss 0.611
Train Loss 0.632
Train Loss 0.621
Train Loss 0.623
Train Loss 0.606
Train Loss 0.619
Epoch  40 | Time   106 | Train Loss 0.5933 | Test Loss 0.000 | Test Error 15.45
Train Loss 0.064
Train Loss 0.591
Train Loss 0.601
Train Loss 0.621
Train Loss 0.603
Train Loss 0.584
Train Loss 0.620
Train Loss 0.617
Epoch  41 | Time   105 | Train Loss 0.6434 | Test Loss 0.000 | Test Error 15.98
Train Loss 0.054
Train Loss 0.562
Train Loss 0.584
Train Loss 0.607
Train Loss 0.577
Train Loss 0.571
Train Loss 0.591
Train Loss 0.618
Epoch  42 | Time   106 | Train Loss 0.5964 | Test Loss 0.000 | Test Error 15.12
Train Loss 0.057
Train Loss 0.589
Train Loss 0.620
Train Loss 0.574
Train Loss 0.577
Train Loss 0.602
Train Loss 0.579
Train Loss 0.591
Epoch  43 | Time   106 | Train Loss 0.5918 | Test Loss 0.000 | Test Error 15.27
Train Loss 0.062
Train Loss 0.571
Train Loss 0.620
Train Loss 0.603
Train Loss 0.584
Train Loss 0.605
Train Loss 0.609
Train Loss 0.579
Epoch  44 | Time   105 | Train Loss 0.5591 | Test Loss 0.000 | Test Error 14.88
Train Loss 0.053
Train Loss 0.581
Train Loss 0.584
Train Loss 0.594
Train Loss 0.561
Train Loss 0.572
Train Loss 0.588
Train Loss 0.549
Epoch  45 | Time   107 | Train Loss 0.5764 | Test Loss 0.000 | Test Error 14.39
Train Loss 0.046
Train Loss 0.578
Train Loss 0.569
Train Loss 0.578
Train Loss 0.533
Train Loss 0.565
Train Loss 0.571
Train Loss 0.579
Epoch  46 | Time   106 | Train Loss 0.5601 | Test Loss 0.000 | Test Error 14.71
Train Loss 0.059
Train Loss 0.545
Train Loss 0.575
Train Loss 0.547
Train Loss 0.538
Train Loss 0.596
Train Loss 0.575
Train Loss 0.551
Epoch  47 | Time   105 | Train Loss 0.5463 | Test Loss 0.000 | Test Error 14.62
Train Loss 0.044
Train Loss 0.555
Train Loss 0.520
Train Loss 0.553
Train Loss 0.577
Train Loss 0.558
Train Loss 0.556
Train Loss 0.562
Epoch  48 | Time   105 | Train Loss 0.6197 | Test Loss 0.000 | Test Error 14.80
Train Loss 0.040
Train Loss 0.525
Train Loss 0.564
Train Loss 0.565
Train Loss 0.542
Train Loss 0.559
Train Loss 0.520
Train Loss 0.548
Epoch  49 | Time   106 | Train Loss 0.5228 | Test Loss 0.000 | Test Error 14.38
Train Loss 0.042
Train Loss 0.539
Train Loss 0.536
Train Loss 0.540
Train Loss 0.563
Train Loss 0.586
Train Loss 0.516
Train Loss 0.578
Epoch  50 | Time   106 | Train Loss 0.5500 | Test Loss 0.000 | Test Error 14.49
Train Loss 0.048
Train Loss 0.504
Train Loss 0.517
Train Loss 0.548
Train Loss 0.505
Train Loss 0.534
Train Loss 0.531
Train Loss 0.557
Epoch  51 | Time   106 | Train Loss 0.5745 | Test Loss 0.000 | Test Error 14.42
Train Loss 0.053
Train Loss 0.546
Train Loss 0.524
Train Loss 0.536
Train Loss 0.522
Train Loss 0.536
Train Loss 0.525
Train Loss 0.504
Epoch  52 | Time   106 | Train Loss 0.5438 | Test Loss 0.000 | Test Error 14.22
Train Loss 0.042
Train Loss 0.501
Train Loss 0.531
Train Loss 0.514
Train Loss 0.526
Train Loss 0.524
Train Loss 0.521
Train Loss 0.532
Epoch  53 | Time   106 | Train Loss 0.5259 | Test Loss 0.000 | Test Error 14.30
Train Loss 0.059
Train Loss 0.514
Train Loss 0.530
Train Loss 0.554
Train Loss 0.518
Train Loss 0.507
Train Loss 0.523
Train Loss 0.528
Epoch  54 | Time   106 | Train Loss 0.5477 | Test Loss 0.000 | Test Error 13.99
Train Loss 0.054
Train Loss 0.533
Train Loss 0.527
Train Loss 0.508
Train Loss 0.518
Train Loss 0.525
Train Loss 0.541
Train Loss 0.481
Epoch  55 | Time   106 | Train Loss 0.5118 | Test Loss 0.000 | Test Error 13.60
Train Loss 0.059
Train Loss 0.474
Train Loss 0.514
Train Loss 0.487
Train Loss 0.524
Train Loss 0.519
Train Loss 0.489
Train Loss 0.536
Epoch  56 | Time   106 | Train Loss 0.5045 | Test Loss 0.000 | Test Error 13.56
Train Loss 0.052
Train Loss 0.499
Train Loss 0.484
Train Loss 0.509
Train Loss 0.506
Train Loss 0.506
Train Loss 0.518
Train Loss 0.491
Epoch  57 | Time   107 | Train Loss 0.4848 | Test Loss 0.000 | Test Error 13.53
Train Loss 0.052
Train Loss 0.493
Train Loss 0.497
Train Loss 0.463
Train Loss 0.490
Train Loss 0.535
Train Loss 0.528
Train Loss 0.462
Epoch  58 | Time   105 | Train Loss 0.4942 | Test Loss 0.000 | Test Error 13.48
Train Loss 0.045
Train Loss 0.456
Train Loss 0.493
Train Loss 0.486
Train Loss 0.509
Train Loss 0.480
Train Loss 0.453
Train Loss 0.486
Epoch  59 | Time   106 | Train Loss 0.4768 | Test Loss 0.000 | Test Error 13.22
Train Loss 0.045
Train Loss 0.464
Train Loss 0.524
Train Loss 0.486
Train Loss 0.503
Train Loss 0.481
Train Loss 0.481
Train Loss 0.500
Epoch  60 | Time   106 | Train Loss 0.4639 | Test Loss 0.000 | Test Error 13.28
Train Loss 0.055
Train Loss 0.501
Train Loss 0.498
Train Loss 0.502
Train Loss 0.463
Train Loss 0.504
Train Loss 0.457
Train Loss 0.460
Epoch  61 | Time   107 | Train Loss 0.4813 | Test Loss 0.000 | Test Error 13.29
Train Loss 0.047
Train Loss 0.486
Train Loss 0.453
Train Loss 0.475
Train Loss 0.464
Train Loss 0.446
Train Loss 0.471
Train Loss 0.488
Epoch  62 | Time   106 | Train Loss 0.4673 | Test Loss 0.000 | Test Error 13.24
Train Loss 0.053
Train Loss 0.469
Train Loss 0.452
Train Loss 0.488
Train Loss 0.471
Train Loss 0.453
Train Loss 0.497
Train Loss 0.453
Epoch  63 | Time   106 | Train Loss 0.4639 | Test Loss 0.000 | Test Error 13.34
Train Loss 0.046
Train Loss 0.493
Train Loss 0.476
Train Loss 0.468
Train Loss 0.463
Train Loss 0.483
Train Loss 0.498
Train Loss 0.445
Epoch  64 | Time   106 | Train Loss 0.4700 | Test Loss 0.000 | Test Error 12.76
Train Loss 0.041
Train Loss 0.475
Train Loss 0.440
Train Loss 0.484
Train Loss 0.501
Train Loss 0.454
Train Loss 0.473
Train Loss 0.472
Epoch  65 | Time   106 | Train Loss 0.4646 | Test Loss 0.000 | Test Error 13.06
Train Loss 0.050
Train Loss 0.443
Train Loss 0.442
Train Loss 0.458
Train Loss 0.421
Train Loss 0.440
Train Loss 0.483
Train Loss 0.485
Epoch  66 | Time   106 | Train Loss 0.4903 | Test Loss 0.000 | Test Error 12.98
Train Loss 0.047
Train Loss 0.473
Train Loss 0.471
Train Loss 0.430
Train Loss 0.447
Train Loss 0.463
Train Loss 0.437
Train Loss 0.435
Epoch  67 | Time   107 | Train Loss 0.4566 | Test Loss 0.000 | Test Error 13.08
Train Loss 0.038
Train Loss 0.442
Train Loss 0.447
Train Loss 0.442
Train Loss 0.426
Train Loss 0.436
Train Loss 0.441
Train Loss 0.434
Epoch  68 | Time   106 | Train Loss 0.4694 | Test Loss 0.000 | Test Error 12.73
Train Loss 0.035
Train Loss 0.422
Train Loss 0.440
Train Loss 0.411
Train Loss 0.429
Train Loss 0.461
Train Loss 0.446
Train Loss 0.449
Epoch  69 | Time   107 | Train Loss 0.4483 | Test Loss 0.000 | Test Error 12.79
Train Loss 0.051
Train Loss 0.411
Train Loss 0.439
Train Loss 0.489
Train Loss 0.458
Train Loss 0.443
Train Loss 0.428
Train Loss 0.424
Epoch  70 | Time   106 | Train Loss 0.4201 | Test Loss 0.000 | Test Error 12.72
Train Loss 0.044
Train Loss 0.443
Train Loss 0.420
Train Loss 0.434
Train Loss 0.419
Train Loss 0.443
Train Loss 0.435
Train Loss 0.425
Epoch  71 | Time   106 | Train Loss 0.4279 | Test Loss 0.000 | Test Error 12.60
Train Loss 0.038
Train Loss 0.428
Train Loss 0.424
Train Loss 0.414
Train Loss 0.423
Train Loss 0.436
Train Loss 0.421
Train Loss 0.458
Epoch  72 | Time   106 | Train Loss 0.4317 | Test Loss 0.000 | Test Error 12.84
Train Loss 0.031
Train Loss 0.443
Train Loss 0.431
Train Loss 0.447
Train Loss 0.420
Train Loss 0.405
Train Loss 0.413
Train Loss 0.436
Epoch  73 | Time   106 | Train Loss 0.4320 | Test Loss 0.000 | Test Error 12.71
Train Loss 0.041
Train Loss 0.447
Train Loss 0.417
Train Loss 0.442
Train Loss 0.444
Train Loss 0.420
Train Loss 0.442
Train Loss 0.397
Epoch  74 | Time   105 | Train Loss 0.4297 | Test Loss 0.000 | Test Error 12.71
Train Loss 0.037
Train Loss 0.403
Train Loss 0.431
Train Loss 0.412
Train Loss 0.428
Train Loss 0.407
Train Loss 0.392
Train Loss 0.421
Epoch  75 | Time   106 | Train Loss 0.4263 | Test Loss 0.000 | Test Error 12.46
Train Loss 0.053
Train Loss 0.418
Train Loss 0.438
Train Loss 0.447
Train Loss 0.394
Train Loss 0.415
Train Loss 0.411
Train Loss 0.386
Epoch  76 | Time   105 | Train Loss 0.4124 | Test Loss 0.000 | Test Error 12.27
Train Loss 0.043
Train Loss 0.366
Train Loss 0.440
Train Loss 0.436
Train Loss 0.391
Train Loss 0.405
Train Loss 0.426
Train Loss 0.406
Epoch  77 | Time   107 | Train Loss 0.4189 | Test Loss 0.000 | Test Error 12.48
Train Loss 0.050
Train Loss 0.415
Train Loss 0.425
Train Loss 0.420
Train Loss 0.399
Train Loss 0.405
Train Loss 0.412
Train Loss 0.420
Epoch  78 | Time   106 | Train Loss 0.4029 | Test Loss 0.000 | Test Error 12.29
Train Loss 0.032
Train Loss 0.423
Train Loss 0.401
Train Loss 0.417
Train Loss 0.420
Train Loss 0.404
Train Loss 0.414
Train Loss 0.415
Epoch  79 | Time   106 | Train Loss 0.3922 | Test Loss 0.000 | Test Error 12.36
Train Loss 0.048
Train Loss 0.396
Train Loss 0.411
Train Loss 0.416
Train Loss 0.401
Train Loss 0.379
Train Loss 0.373
Train Loss 0.414
Epoch  80 | Time   106 | Train Loss 0.4086 | Test Loss 0.000 | Test Error 12.30
Train Loss 0.043
Train Loss 0.388
Train Loss 0.359
Train Loss 0.407
Train Loss 0.389
Train Loss 0.397
Train Loss 0.390
Train Loss 0.414
Epoch  81 | Time   107 | Train Loss 0.3946 | Test Loss 0.000 | Test Error 12.10
Train Loss 0.059
Train Loss 0.388
Train Loss 0.401
Train Loss 0.372
Train Loss 0.390
Train Loss 0.399
Train Loss 0.409
Train Loss 0.416
Epoch  82 | Time   107 | Train Loss 0.3921 | Test Loss 0.000 | Test Error 12.48
Train Loss 0.042
Train Loss 0.386
Train Loss 0.421
Train Loss 0.398
Train Loss 0.389
Train Loss 0.389
Train Loss 0.392
Train Loss 0.380
Epoch  83 | Time   106 | Train Loss 0.3818 | Test Loss 0.000 | Test Error 12.42
Train Loss 0.026
Train Loss 0.407
Train Loss 0.378
Train Loss 0.389
Train Loss 0.380
Train Loss 0.389
Train Loss 0.395
Train Loss 0.365
Epoch  84 | Time   106 | Train Loss 0.3850 | Test Loss 0.000 | Test Error 12.30
Train Loss 0.039
Train Loss 0.399
Train Loss 0.404
Train Loss 0.402
Train Loss 0.410
Train Loss 0.368
Train Loss 0.411
Train Loss 0.387
Epoch  85 | Time   106 | Train Loss 0.3989 | Test Loss 0.000 | Test Error 12.43
Train Loss 0.032
Train Loss 0.375
Train Loss 0.362
Train Loss 0.433
Train Loss 0.391
Train Loss 0.398
Train Loss 0.383
Train Loss 0.388
Epoch  86 | Time   106 | Train Loss 0.4000 | Test Loss 0.000 | Test Error 12.22
Train Loss 0.028
Train Loss 0.355
Train Loss 0.368
Train Loss 0.385
Train Loss 0.403
Train Loss 0.407
Train Loss 0.381
Train Loss 0.405
Epoch  87 | Time   106 | Train Loss 0.3810 | Test Loss 0.000 | Test Error 12.21
Train Loss 0.032
Train Loss 0.404
Train Loss 0.406
Train Loss 0.379
Train Loss 0.419
Train Loss 0.354
Train Loss 0.414
Train Loss 0.398
Epoch  88 | Time   107 | Train Loss 0.3948 | Test Loss 0.000 | Test Error 12.08
Train Loss 0.050
Train Loss 0.376
Train Loss 0.361
Train Loss 0.363
Train Loss 0.372
Train Loss 0.360
Train Loss 0.363
Train Loss 0.391
Epoch  89 | Time   106 | Train Loss 0.4117 | Test Loss 0.000 | Test Error 12.21
Train Loss 0.030
Train Loss 0.381
Train Loss 0.379
Train Loss 0.386
Train Loss 0.396
Train Loss 0.364
Train Loss 0.367
Train Loss 0.381
Epoch  90 | Time   105 | Train Loss 0.3596 | Test Loss 0.000 | Test Error 12.16
Train Loss 0.031
Train Loss 0.375
Train Loss 0.373
Train Loss 0.380
Train Loss 0.400
Train Loss 0.382
Train Loss 0.390
Train Loss 0.369
Epoch  91 | Time   107 | Train Loss 0.3891 | Test Loss 0.000 | Test Error 12.01
Train Loss 0.026
Train Loss 0.394
Train Loss 0.364
Train Loss 0.361
Train Loss 0.382
Train Loss 0.355
Train Loss 0.390
Train Loss 0.383
Epoch  92 | Time   105 | Train Loss 0.3702 | Test Loss 0.000 | Test Error 12.07
Train Loss 0.045
Train Loss 0.380
Train Loss 0.376
Train Loss 0.351
Train Loss 0.377
Train Loss 0.367
Train Loss 0.389
Train Loss 0.378
Epoch  93 | Time   107 | Train Loss 0.3569 | Test Loss 0.000 | Test Error 12.13
Train Loss 0.030
Train Loss 0.371
Train Loss 0.384
Train Loss 0.353
Train Loss 0.392
Train Loss 0.362
Train Loss 0.403
Train Loss 0.385
Epoch  94 | Time   107 | Train Loss 0.3435 | Test Loss 0.000 | Test Error 12.28
Train Loss 0.041
Train Loss 0.401
Train Loss 0.388
Train Loss 0.370
Train Loss 0.388
Train Loss 0.388
Train Loss 0.366
Train Loss 0.353
Epoch  95 | Time   106 | Train Loss 0.3863 | Test Loss 0.000 | Test Error 12.25
Train Loss 0.036
Train Loss 0.362
Train Loss 0.362
Train Loss 0.378
Train Loss 0.370
Train Loss 0.380
Train Loss 0.363
Train Loss 0.354
Epoch  96 | Time   106 | Train Loss 0.3747 | Test Loss 0.000 | Test Error 12.08
Train Loss 0.027
Train Loss 0.371
Train Loss 0.363
Train Loss 0.379
Train Loss 0.391
Train Loss 0.360
Train Loss 0.408
Train Loss 0.423
Epoch  97 | Time   105 | Train Loss 0.3683 | Test Loss 0.000 | Test Error 12.18
Train Loss 0.035
Train Loss 0.392
Train Loss 0.374
Train Loss 0.358
Train Loss 0.375
Train Loss 0.388
Train Loss 0.368
Train Loss 0.395
Epoch  98 | Time   106 | Train Loss 0.3561 | Test Loss 0.000 | Test Error 12.14
Train Loss 0.039
Train Loss 0.356
Train Loss 0.396
Train Loss 0.361
Train Loss 0.377
Train Loss 0.348
Train Loss 0.409
Train Loss 0.358
Epoch  99 | Time   106 | Train Loss 0.3848 | Test Loss 0.000 | Test Error 12.08
Train Loss 0.032
Train Loss 0.373
Train Loss 0.359
Train Loss 0.415
Train Loss 0.376
Train Loss 0.358
Train Loss 0.388
Train Loss 0.369
Epoch 100 | Time   107 | Train Loss 0.3658 | Test Loss 0.000 | Test Error 12.23
gaussian_noise
	Test Loss 0.001 | Test Error 18.672
shot_noise
	Test Loss 0.000 | Test Error 16.440
impulse_noise
	Test Loss 0.001 | Test Error 23.658
defocus_blur
	Test Loss 0.000 | Test Error 13.852
glass_blur
	Test Loss 0.001 | Test Error 21.196
motion_blur
	Test Loss 0.000 | Test Error 16.476
zoom_blur
	Test Loss 0.000 | Test Error 15.272
snow
	Test Loss 0.001 | Test Error 18.586
frost
	Test Loss 0.001 | Test Error 18.202
fog
	Test Loss 0.001 | Test Error 20.044
brightness
	Test Loss 0.000 | Test Error 14.096
contrast
	Test Loss 0.001 | Test Error 25.234
elastic_transform
	Test Loss 0.000 | Test Error 16.634
pixelate
	Test Loss 0.000 | Test Error 13.944
/cm/local/apps/slurm/var/spool/job3238556/slurm_script: line 7: 14806 Killed                  python /work/ws-tmp/g054727-Training/task/augmix/cifar.py --model nptresnet18 --optimizer Adamw --scheduler cosine_annealing --learning-rate 0.01
slurmstepd: error: Detected 1 oom-kill event(s) in StepId=3238556.batch cgroup. Some of your processes may have been killed by the cgroup out-of-memory handler.
