Files already downloaded and verified
Files already downloaded and verified
Beginning training from epoch: 1
/home/g054727/.local/lib/python3.7/site-packages/torch/utils/data/dataloader.py:490: UserWarning: This DataLoader will create 4 worker processes in total. Our suggested max number of worker in current system is 2, which is smaller than what this DataLoader is going to create. Please be aware that excessive worker creation might get DataLoader running slow or even freeze, lower the worker number to avoid potential slowness/freeze if necessary.
  cpuset_checked))
Train Loss 0.236
Train Loss 2.385
Train Loss 2.157
Train Loss 2.097
Train Loss 2.060
Train Loss 1.990
Train Loss 1.947
Train Loss 1.931
Epoch   1 | Time   111 | Train Loss 1.8934 | Test Loss 0.002 | Test Error 63.82
Train Loss 0.196
Train Loss 1.850
Train Loss 1.870
Train Loss 1.827
Train Loss 1.795
Train Loss 1.778
Train Loss 1.732
Train Loss 1.732
Epoch   2 | Time   108 | Train Loss 1.7481 | Test Loss 0.002 | Test Error 57.62
Train Loss 0.172
Train Loss 1.722
Train Loss 1.717
Train Loss 1.698
Train Loss 1.707
Train Loss 1.696
Train Loss 1.674
Train Loss 1.635
Epoch   3 | Time   109 | Train Loss 1.6614 | Test Loss 0.002 | Test Error 54.97
Train Loss 0.167
Train Loss 1.617
Train Loss 1.639
Train Loss 1.615
Train Loss 1.629
Train Loss 1.623
Train Loss 1.589
Train Loss 1.637
Epoch   4 | Time   109 | Train Loss 1.5736 | Test Loss 0.001 | Test Error 47.75
Train Loss 0.156
Train Loss 1.536
Train Loss 1.543
Train Loss 1.542
Train Loss 1.536
Train Loss 1.548
Train Loss 1.534
Train Loss 1.525
Epoch   5 | Time   109 | Train Loss 1.5236 | Test Loss 0.001 | Test Error 45.41
Train Loss 0.159
Train Loss 1.541
Train Loss 1.449
Train Loss 1.521
Train Loss 1.448
Train Loss 1.492
Train Loss 1.478
Train Loss 1.434
Epoch   6 | Time   109 | Train Loss 1.4790 | Test Loss 0.001 | Test Error 42.95
Train Loss 0.136
Train Loss 1.475
Train Loss 1.430
Train Loss 1.399
Train Loss 1.413
Train Loss 1.470
Train Loss 1.408
Train Loss 1.418
Epoch   7 | Time   109 | Train Loss 1.4131 | Test Loss 0.001 | Test Error 42.18
Train Loss 0.143
Train Loss 1.391
Train Loss 1.427
Train Loss 1.370
Train Loss 1.373
Train Loss 1.389
Train Loss 1.402
Train Loss 1.396
Epoch   8 | Time   109 | Train Loss 1.3706 | Test Loss 0.001 | Test Error 39.55
Train Loss 0.140
Train Loss 1.305
Train Loss 1.362
Train Loss 1.381
Train Loss 1.365
Train Loss 1.297
Train Loss 1.361
Train Loss 1.325
Epoch   9 | Time   109 | Train Loss 1.3231 | Test Loss 0.001 | Test Error 36.92
Train Loss 0.128
Train Loss 1.318
Train Loss 1.311
Train Loss 1.356
Train Loss 1.288
Train Loss 1.318
Train Loss 1.271
Train Loss 1.259
Epoch  10 | Time   109 | Train Loss 1.3191 | Test Loss 0.001 | Test Error 37.46
Train Loss 0.151
Train Loss 1.244
Train Loss 1.283
Train Loss 1.262
Train Loss 1.267
Train Loss 1.207
Train Loss 1.242
Train Loss 1.250
Epoch  11 | Time   109 | Train Loss 1.2302 | Test Loss 0.001 | Test Error 34.10
Train Loss 0.133
Train Loss 1.245
Train Loss 1.220
Train Loss 1.221
Train Loss 1.229
Train Loss 1.211
Train Loss 1.165
Train Loss 1.183
Epoch  12 | Time   112 | Train Loss 1.1686 | Test Loss 0.001 | Test Error 33.44
Train Loss 0.114
Train Loss 1.150
Train Loss 1.122
Train Loss 1.180
Train Loss 1.182
Train Loss 1.174
Train Loss 1.123
Train Loss 1.145
Epoch  13 | Time   109 | Train Loss 1.1661 | Test Loss 0.001 | Test Error 30.43
Train Loss 0.108
Train Loss 1.133
Train Loss 1.132
Train Loss 1.144
Train Loss 1.127
Train Loss 1.089
Train Loss 1.163
Train Loss 1.140
Epoch  14 | Time   109 | Train Loss 1.1709 | Test Loss 0.001 | Test Error 29.62
Train Loss 0.124
Train Loss 1.094
Train Loss 1.117
Train Loss 1.058
Train Loss 1.116
Train Loss 1.074
Train Loss 1.112
Train Loss 1.114
Epoch  15 | Time   110 | Train Loss 1.0830 | Test Loss 0.001 | Test Error 29.00
Train Loss 0.107
Train Loss 1.067
Train Loss 1.087
Train Loss 1.079
Train Loss 1.078
Train Loss 1.023
Train Loss 1.074
Train Loss 1.108
Epoch  16 | Time   109 | Train Loss 1.0453 | Test Loss 0.001 | Test Error 29.03
Train Loss 0.098
Train Loss 1.052
Train Loss 1.039
Train Loss 1.033
Train Loss 1.061
Train Loss 1.037
Train Loss 1.037
Train Loss 1.033
Epoch  17 | Time   108 | Train Loss 1.0630 | Test Loss 0.001 | Test Error 26.72
Train Loss 0.099
Train Loss 1.029
Train Loss 1.038
Train Loss 1.010
Train Loss 1.016
Train Loss 1.025
Train Loss 1.004
Train Loss 1.012
Epoch  18 | Time   109 | Train Loss 1.0356 | Test Loss 0.001 | Test Error 27.21
Train Loss 0.110
Train Loss 0.973
Train Loss 1.010
Train Loss 0.966
Train Loss 1.024
Train Loss 0.990
Train Loss 1.027
Train Loss 1.001
Epoch  19 | Time   109 | Train Loss 0.9896 | Test Loss 0.001 | Test Error 25.35
Train Loss 0.110
Train Loss 0.987
Train Loss 0.969
Train Loss 0.979
Train Loss 0.995
Train Loss 0.967
Train Loss 0.989
Train Loss 0.947
Epoch  20 | Time   109 | Train Loss 0.9641 | Test Loss 0.001 | Test Error 24.69
Train Loss 0.101
Train Loss 0.922
Train Loss 0.950
Train Loss 0.969
Train Loss 0.964
Train Loss 0.936
Train Loss 0.928
Train Loss 0.926
Epoch  21 | Time   109 | Train Loss 0.9557 | Test Loss 0.001 | Test Error 24.66
Train Loss 0.094
Train Loss 0.941
Train Loss 0.897
Train Loss 0.982
Train Loss 0.947
Train Loss 0.941
Train Loss 0.947
Train Loss 0.935
Epoch  22 | Time   109 | Train Loss 0.9714 | Test Loss 0.001 | Test Error 25.03
Train Loss 0.081
Train Loss 0.905
Train Loss 0.956
Train Loss 0.881
Train Loss 0.899
Train Loss 0.930
Train Loss 0.898
Train Loss 0.908
Epoch  23 | Time   109 | Train Loss 0.9223 | Test Loss 0.001 | Test Error 23.19
Train Loss 0.088
Train Loss 0.905
Train Loss 0.887
Train Loss 0.875
Train Loss 0.899
Train Loss 0.887
Train Loss 0.899
Train Loss 0.895
Epoch  24 | Time   109 | Train Loss 0.9029 | Test Loss 0.001 | Test Error 22.48
Train Loss 0.096
Train Loss 0.870
Train Loss 0.891
Train Loss 0.878
Train Loss 0.911
Train Loss 0.860
Train Loss 0.924
Train Loss 0.874
Epoch  25 | Time   109 | Train Loss 0.8937 | Test Loss 0.001 | Test Error 23.29
Train Loss 0.078
Train Loss 0.821
Train Loss 0.902
Train Loss 0.884
Train Loss 0.850
Train Loss 0.879
Train Loss 0.873
Train Loss 0.877
Epoch  26 | Time   109 | Train Loss 0.9094 | Test Loss 0.001 | Test Error 22.31
Train Loss 0.085
Train Loss 0.792
Train Loss 0.837
Train Loss 0.867
Train Loss 0.885
Train Loss 0.833
Train Loss 0.874
Train Loss 0.849
Epoch  27 | Time   108 | Train Loss 0.8337 | Test Loss 0.001 | Test Error 22.39
Train Loss 0.082
Train Loss 0.837
Train Loss 0.821
Train Loss 0.862
Train Loss 0.820
Train Loss 0.862
Train Loss 0.855
Train Loss 0.801
Epoch  28 | Time   109 | Train Loss 0.8312 | Test Loss 0.001 | Test Error 21.60
Train Loss 0.071
Train Loss 0.814
Train Loss 0.792
Train Loss 0.812
Train Loss 0.850
Train Loss 0.839
Train Loss 0.840
Train Loss 0.839
Epoch  29 | Time   109 | Train Loss 0.8376 | Test Loss 0.001 | Test Error 20.70
Train Loss 0.080
Train Loss 0.787
Train Loss 0.804
Train Loss 0.792
Train Loss 0.830
Train Loss 0.809
Train Loss 0.797
Train Loss 0.834
Epoch  30 | Time   109 | Train Loss 0.8154 | Test Loss 0.001 | Test Error 21.06
Train Loss 0.079
Train Loss 0.800
Train Loss 0.807
Train Loss 0.803
Train Loss 0.788
Train Loss 0.821
Train Loss 0.790
Train Loss 0.809
Epoch  31 | Time   109 | Train Loss 0.8036 | Test Loss 0.001 | Test Error 20.09
Train Loss 0.083
Train Loss 0.782
Train Loss 0.788
Train Loss 0.787
Train Loss 0.837
Train Loss 0.795
Train Loss 0.808
Train Loss 0.772
Epoch  32 | Time   109 | Train Loss 0.7879 | Test Loss 0.001 | Test Error 19.94
Train Loss 0.067
Train Loss 0.781
Train Loss 0.771
Train Loss 0.776
Train Loss 0.788
Train Loss 0.784
Train Loss 0.786
Train Loss 0.780
Epoch  33 | Time   108 | Train Loss 0.7731 | Test Loss 0.001 | Test Error 20.35
Train Loss 0.093
Train Loss 0.742
Train Loss 0.772
Train Loss 0.764
Train Loss 0.765
Train Loss 0.762
Train Loss 0.781
Train Loss 0.782
Epoch  34 | Time   109 | Train Loss 0.7657 | Test Loss 0.001 | Test Error 19.35
Train Loss 0.062
Train Loss 0.756
Train Loss 0.754
Train Loss 0.738
Train Loss 0.733
Train Loss 0.733
Train Loss 0.732
Train Loss 0.778
Epoch  35 | Time   108 | Train Loss 0.7480 | Test Loss 0.001 | Test Error 19.04
Train Loss 0.085
Train Loss 0.718
Train Loss 0.713
Train Loss 0.761
Train Loss 0.728
Train Loss 0.753
Train Loss 0.768
Train Loss 0.734
Epoch  36 | Time   109 | Train Loss 0.7179 | Test Loss 0.001 | Test Error 18.83
Train Loss 0.060
Train Loss 0.731
Train Loss 0.757
Train Loss 0.744
Train Loss 0.704
Train Loss 0.727
Train Loss 0.717
Train Loss 0.759
Epoch  37 | Time   109 | Train Loss 0.7495 | Test Loss 0.001 | Test Error 18.70
Train Loss 0.081
Train Loss 0.736
Train Loss 0.745
Train Loss 0.749
Train Loss 0.698
Train Loss 0.720
Train Loss 0.713
Train Loss 0.725
Epoch  38 | Time   108 | Train Loss 0.7345 | Test Loss 0.001 | Test Error 18.98
Train Loss 0.066
Train Loss 0.706
Train Loss 0.707
Train Loss 0.729
Train Loss 0.715
Train Loss 0.723
Train Loss 0.759
Train Loss 0.709
Epoch  39 | Time   109 | Train Loss 0.7315 | Test Loss 0.001 | Test Error 18.23
Train Loss 0.071
Train Loss 0.697
Train Loss 0.686
Train Loss 0.722
Train Loss 0.712
Train Loss 0.705
Train Loss 0.720
Train Loss 0.698
Epoch  40 | Time   109 | Train Loss 0.6943 | Test Loss 0.001 | Test Error 17.97
Train Loss 0.063
Train Loss 0.667
Train Loss 0.719
Train Loss 0.698
Train Loss 0.689
Train Loss 0.695
Train Loss 0.709
Train Loss 0.678
Epoch  41 | Time   109 | Train Loss 0.7157 | Test Loss 0.001 | Test Error 17.94
Train Loss 0.067
Train Loss 0.683
Train Loss 0.667
Train Loss 0.680
Train Loss 0.679
Train Loss 0.684
Train Loss 0.675
Train Loss 0.703
Epoch  42 | Time   108 | Train Loss 0.6920 | Test Loss 0.001 | Test Error 18.68
Train Loss 0.065
Train Loss 0.694
Train Loss 0.641
Train Loss 0.633
Train Loss 0.672
Train Loss 0.690
Train Loss 0.655
Train Loss 0.681
Epoch  43 | Time   109 | Train Loss 0.6598 | Test Loss 0.001 | Test Error 17.79
Train Loss 0.062
Train Loss 0.666
Train Loss 0.665
Train Loss 0.663
Train Loss 0.683
Train Loss 0.652
Train Loss 0.681
Train Loss 0.670
Epoch  44 | Time   109 | Train Loss 0.6846 | Test Loss 0.001 | Test Error 17.46
Train Loss 0.063
Train Loss 0.669
Train Loss 0.660
Train Loss 0.669
Train Loss 0.659
Train Loss 0.673
Train Loss 0.676
Train Loss 0.666
Epoch  45 | Time   108 | Train Loss 0.6163 | Test Loss 0.001 | Test Error 18.17
Train Loss 0.070
Train Loss 0.623
Train Loss 0.632
Train Loss 0.680
Train Loss 0.614
Train Loss 0.644
Train Loss 0.623
Train Loss 0.653
Epoch  46 | Time   108 | Train Loss 0.6474 | Test Loss 0.001 | Test Error 17.68
Train Loss 0.078
Train Loss 0.645
Train Loss 0.633
Train Loss 0.622
Train Loss 0.639
Train Loss 0.638
Train Loss 0.636
Train Loss 0.622
Epoch  47 | Time   109 | Train Loss 0.6357 | Test Loss 0.001 | Test Error 17.81
Train Loss 0.065
Train Loss 0.620
Train Loss 0.625
Train Loss 0.654
Train Loss 0.633
Train Loss 0.609
Train Loss 0.610
Train Loss 0.622
Epoch  48 | Time   109 | Train Loss 0.6327 | Test Loss 0.001 | Test Error 17.06
Train Loss 0.060
Train Loss 0.619
Train Loss 0.612
Train Loss 0.622
Train Loss 0.635
Train Loss 0.582
Train Loss 0.622
Train Loss 0.609
Epoch  49 | Time   109 | Train Loss 0.6174 | Test Loss 0.000 | Test Error 16.95
Train Loss 0.070
Train Loss 0.614
Train Loss 0.659
Train Loss 0.599
Train Loss 0.601
Train Loss 0.602
Train Loss 0.638
Train Loss 0.616
Epoch  50 | Time   109 | Train Loss 0.6323 | Test Loss 0.000 | Test Error 16.62
Train Loss 0.067
Train Loss 0.607
Train Loss 0.593
Train Loss 0.628
Train Loss 0.583
Train Loss 0.591
Train Loss 0.603
Train Loss 0.601
Epoch  51 | Time   109 | Train Loss 0.6134 | Test Loss 0.000 | Test Error 16.54
Train Loss 0.073
Train Loss 0.605
Train Loss 0.587
Train Loss 0.576
Train Loss 0.596
Train Loss 0.598
Train Loss 0.609
Train Loss 0.582
Epoch  52 | Time   109 | Train Loss 0.6172 | Test Loss 0.000 | Test Error 16.23
Train Loss 0.055
Train Loss 0.566
Train Loss 0.579
Train Loss 0.586
Train Loss 0.584
Train Loss 0.594
Train Loss 0.584
Train Loss 0.603
Epoch  53 | Time   109 | Train Loss 0.5685 | Test Loss 0.000 | Test Error 16.35
Train Loss 0.059
Train Loss 0.569
Train Loss 0.613
Train Loss 0.560
Train Loss 0.583
Train Loss 0.559
Train Loss 0.592
Train Loss 0.600
Epoch  54 | Time   109 | Train Loss 0.5930 | Test Loss 0.000 | Test Error 15.93
Train Loss 0.056
Train Loss 0.577
Train Loss 0.554
Train Loss 0.579
Train Loss 0.589
Train Loss 0.566
Train Loss 0.619
Train Loss 0.567
Epoch  55 | Time   109 | Train Loss 0.6016 | Test Loss 0.000 | Test Error 16.00
Train Loss 0.058
Train Loss 0.521
Train Loss 0.564
Train Loss 0.575
Train Loss 0.566
Train Loss 0.599
Train Loss 0.615
Train Loss 0.568
Epoch  56 | Time   109 | Train Loss 0.5782 | Test Loss 0.000 | Test Error 16.13
Train Loss 0.061
Train Loss 0.563
Train Loss 0.557
Train Loss 0.542
Train Loss 0.550
Train Loss 0.548
Train Loss 0.542
Train Loss 0.556
Epoch  57 | Time   109 | Train Loss 0.5697 | Test Loss 0.000 | Test Error 16.22
Train Loss 0.061
Train Loss 0.525
Train Loss 0.579
Train Loss 0.535
Train Loss 0.574
Train Loss 0.560
Train Loss 0.541
Train Loss 0.560
Epoch  58 | Time   109 | Train Loss 0.5416 | Test Loss 0.000 | Test Error 15.98
Train Loss 0.051
Train Loss 0.531
Train Loss 0.563
Train Loss 0.530
Train Loss 0.541
Train Loss 0.537
Train Loss 0.516
Train Loss 0.532
Epoch  59 | Time   109 | Train Loss 0.5508 | Test Loss 0.000 | Test Error 15.67
Train Loss 0.036
Train Loss 0.519
Train Loss 0.525
Train Loss 0.549
Train Loss 0.536
Train Loss 0.535
Train Loss 0.524
Train Loss 0.518
Epoch  60 | Time   109 | Train Loss 0.5657 | Test Loss 0.000 | Test Error 15.97
Train Loss 0.059
Train Loss 0.517
Train Loss 0.521
Train Loss 0.510
Train Loss 0.523
Train Loss 0.529
Train Loss 0.521
Train Loss 0.500
Epoch  61 | Time   109 | Train Loss 0.5331 | Test Loss 0.000 | Test Error 15.66
Train Loss 0.053
Train Loss 0.514
Train Loss 0.509
Train Loss 0.540
Train Loss 0.539
Train Loss 0.514
Train Loss 0.519
Train Loss 0.532
Epoch  62 | Time   109 | Train Loss 0.5149 | Test Loss 0.000 | Test Error 15.93
Train Loss 0.057
Train Loss 0.509
Train Loss 0.527
Train Loss 0.522
Train Loss 0.498
Train Loss 0.495
Train Loss 0.541
Train Loss 0.524
Epoch  63 | Time   109 | Train Loss 0.5058 | Test Loss 0.000 | Test Error 15.59
Train Loss 0.057
Train Loss 0.494
Train Loss 0.537
Train Loss 0.503
Train Loss 0.516
Train Loss 0.501
Train Loss 0.524
Train Loss 0.503
Epoch  64 | Time   108 | Train Loss 0.5222 | Test Loss 0.000 | Test Error 15.62
Train Loss 0.043
Train Loss 0.504
Train Loss 0.478
Train Loss 0.508
Train Loss 0.528
Train Loss 0.497
Train Loss 0.508
Train Loss 0.486
Epoch  65 | Time   109 | Train Loss 0.5128 | Test Loss 0.000 | Test Error 15.36
Train Loss 0.052
Train Loss 0.514
Train Loss 0.501
Train Loss 0.503
Train Loss 0.494
Train Loss 0.519
Train Loss 0.486
Train Loss 0.490
Epoch  66 | Time   109 | Train Loss 0.4993 | Test Loss 0.000 | Test Error 15.66
Train Loss 0.043
Train Loss 0.495
Train Loss 0.484
Train Loss 0.511
Train Loss 0.469
Train Loss 0.447
Train Loss 0.507
Train Loss 0.499
Epoch  67 | Time   109 | Train Loss 0.4717 | Test Loss 0.000 | Test Error 15.35
Train Loss 0.044
Train Loss 0.492
Train Loss 0.502
Train Loss 0.512
Train Loss 0.482
Train Loss 0.480
Train Loss 0.488
Train Loss 0.482
Epoch  68 | Time   108 | Train Loss 0.5060 | Test Loss 0.000 | Test Error 15.36
Train Loss 0.047
Train Loss 0.447
Train Loss 0.473
Train Loss 0.470
Train Loss 0.490
Train Loss 0.461
Train Loss 0.442
Train Loss 0.457
Epoch  69 | Time   108 | Train Loss 0.4755 | Test Loss 0.000 | Test Error 15.37
Train Loss 0.044
Train Loss 0.467
Train Loss 0.493
Train Loss 0.469
Train Loss 0.477
Train Loss 0.481
Train Loss 0.463
Train Loss 0.467
Epoch  70 | Time   108 | Train Loss 0.5187 | Test Loss 0.000 | Test Error 15.12
Train Loss 0.053
Train Loss 0.448
Train Loss 0.476
Train Loss 0.450
Train Loss 0.459
Train Loss 0.471
Train Loss 0.456
Train Loss 0.468
Epoch  71 | Time   108 | Train Loss 0.4796 | Test Loss 0.000 | Test Error 15.21
Train Loss 0.042
Train Loss 0.464
Train Loss 0.435
Train Loss 0.485
Train Loss 0.447
Train Loss 0.461
Train Loss 0.487
Train Loss 0.457
Epoch  72 | Time   109 | Train Loss 0.4814 | Test Loss 0.000 | Test Error 14.76
Train Loss 0.045
Train Loss 0.466
Train Loss 0.454
Train Loss 0.458
Train Loss 0.432
Train Loss 0.459
Train Loss 0.447
Train Loss 0.461
Epoch  73 | Time   108 | Train Loss 0.4289 | Test Loss 0.000 | Test Error 14.84
Train Loss 0.036
Train Loss 0.452
Train Loss 0.449
Train Loss 0.457
Train Loss 0.415
Train Loss 0.469
Train Loss 0.455
Train Loss 0.460
Epoch  74 | Time   109 | Train Loss 0.4708 | Test Loss 0.000 | Test Error 14.43
Train Loss 0.040
Train Loss 0.404
Train Loss 0.437
Train Loss 0.435
Train Loss 0.431
Train Loss 0.414
Train Loss 0.471
Train Loss 0.444
Epoch  75 | Time   109 | Train Loss 0.4434 | Test Loss 0.000 | Test Error 14.57
Train Loss 0.050
Train Loss 0.410
Train Loss 0.414
Train Loss 0.452
Train Loss 0.446
Train Loss 0.437
Train Loss 0.459
Train Loss 0.450
Epoch  76 | Time   108 | Train Loss 0.4536 | Test Loss 0.000 | Test Error 14.96
Train Loss 0.046
Train Loss 0.419
Train Loss 0.465
Train Loss 0.444
Train Loss 0.430
Train Loss 0.415
Train Loss 0.423
Train Loss 0.431
Epoch  77 | Time   108 | Train Loss 0.4647 | Test Loss 0.000 | Test Error 14.94
Train Loss 0.025
Train Loss 0.428
Train Loss 0.414
Train Loss 0.433
Train Loss 0.449
Train Loss 0.415
Train Loss 0.407
Train Loss 0.433
Epoch  78 | Time   108 | Train Loss 0.4251 | Test Loss 0.000 | Test Error 14.72
Train Loss 0.050
Train Loss 0.431
Train Loss 0.394
Train Loss 0.398
Train Loss 0.408
Train Loss 0.413
Train Loss 0.389
Train Loss 0.392
Epoch  79 | Time   108 | Train Loss 0.3996 | Test Loss 0.000 | Test Error 14.81
Train Loss 0.050
Train Loss 0.409
Train Loss 0.391
Train Loss 0.401
Train Loss 0.412
Train Loss 0.381
Train Loss 0.421
Train Loss 0.417
Epoch  80 | Time   108 | Train Loss 0.4136 | Test Loss 0.000 | Test Error 14.60
Train Loss 0.036
Train Loss 0.402
Train Loss 0.398
Train Loss 0.404
Train Loss 0.390
Train Loss 0.405
Train Loss 0.392
Train Loss 0.422
Epoch  81 | Time   109 | Train Loss 0.4224 | Test Loss 0.000 | Test Error 14.58
Train Loss 0.037
Train Loss 0.420
Train Loss 0.394
Train Loss 0.410
Train Loss 0.395
Train Loss 0.391
Train Loss 0.410
Train Loss 0.404
Epoch  82 | Time   108 | Train Loss 0.3783 | Test Loss 0.000 | Test Error 14.66
Train Loss 0.045
Train Loss 0.393
Train Loss 0.434
Train Loss 0.404
Train Loss 0.412
Train Loss 0.376
Train Loss 0.424
Train Loss 0.366
Epoch  83 | Time   109 | Train Loss 0.4029 | Test Loss 0.000 | Test Error 14.67
Train Loss 0.044
Train Loss 0.403
Train Loss 0.381
Train Loss 0.394
Train Loss 0.395
Train Loss 0.391
Train Loss 0.384
Train Loss 0.382
Epoch  84 | Time   108 | Train Loss 0.3991 | Test Loss 0.000 | Test Error 14.62
Train Loss 0.048
Train Loss 0.419
Train Loss 0.370
Train Loss 0.405
Train Loss 0.395
Train Loss 0.371
Train Loss 0.387
Train Loss 0.366
Epoch  85 | Time   109 | Train Loss 0.3946 | Test Loss 0.000 | Test Error 14.40
Train Loss 0.034
Train Loss 0.404
Train Loss 0.426
Train Loss 0.380
Train Loss 0.406
Train Loss 0.379
Train Loss 0.371
Train Loss 0.413
Epoch  86 | Time   109 | Train Loss 0.4015 | Test Loss 0.000 | Test Error 14.36
Train Loss 0.032
Train Loss 0.379
Train Loss 0.379
Train Loss 0.387
Train Loss 0.378
Train Loss 0.364
Train Loss 0.361
Train Loss 0.388
Epoch  87 | Time   112 | Train Loss 0.3736 | Test Loss 0.000 | Test Error 14.26
Train Loss 0.038
Train Loss 0.384
Train Loss 0.366
Train Loss 0.427
Train Loss 0.398
Train Loss 0.386
Train Loss 0.393
Train Loss 0.400
Epoch  88 | Time   109 | Train Loss 0.4046 | Test Loss 0.000 | Test Error 14.49
Train Loss 0.035
Train Loss 0.371
Train Loss 0.398
Train Loss 0.372
Train Loss 0.389
Train Loss 0.386
Train Loss 0.377
Train Loss 0.376
Epoch  89 | Time   108 | Train Loss 0.3889 | Test Loss 0.000 | Test Error 14.49
Train Loss 0.045
Train Loss 0.369
Train Loss 0.389
Train Loss 0.374
Train Loss 0.354
Train Loss 0.383
Train Loss 0.390
Train Loss 0.372
Epoch  90 | Time   108 | Train Loss 0.3999 | Test Loss 0.000 | Test Error 14.44
Train Loss 0.033
Train Loss 0.378
Train Loss 0.375
Train Loss 0.365
Train Loss 0.364
Train Loss 0.361
Train Loss 0.387
Train Loss 0.375
Epoch  91 | Time   108 | Train Loss 0.3650 | Test Loss 0.000 | Test Error 14.34
Train Loss 0.032
Train Loss 0.354
Train Loss 0.382
Train Loss 0.374
Train Loss 0.401
Train Loss 0.393
Train Loss 0.376
Train Loss 0.409
Epoch  92 | Time   109 | Train Loss 0.3710 | Test Loss 0.000 | Test Error 14.28
Train Loss 0.032
Train Loss 0.368
Train Loss 0.371
Train Loss 0.392
Train Loss 0.384
Train Loss 0.392
Train Loss 0.401
Train Loss 0.370
Epoch  93 | Time   109 | Train Loss 0.3776 | Test Loss 0.000 | Test Error 14.39
Train Loss 0.035
Train Loss 0.346
Train Loss 0.386
Train Loss 0.417
Train Loss 0.407
Train Loss 0.374
Train Loss 0.395
Train Loss 0.370
Epoch  94 | Time   109 | Train Loss 0.3621 | Test Loss 0.000 | Test Error 14.44
Train Loss 0.043
Train Loss 0.390
Train Loss 0.400
Train Loss 0.369
Train Loss 0.340
Train Loss 0.356
Train Loss 0.392
Train Loss 0.389
Epoch  95 | Time   108 | Train Loss 0.3492 | Test Loss 0.000 | Test Error 14.39
Train Loss 0.033
Train Loss 0.365
Train Loss 0.380
Train Loss 0.377
Train Loss 0.364
Train Loss 0.349
Train Loss 0.380
Train Loss 0.394
Epoch  96 | Time   109 | Train Loss 0.3418 | Test Loss 0.000 | Test Error 14.33
Train Loss 0.054
Train Loss 0.364
Train Loss 0.355
Train Loss 0.379
Train Loss 0.355
Train Loss 0.374
Train Loss 0.381
Train Loss 0.324
Epoch  97 | Time   108 | Train Loss 0.3643 | Test Loss 0.000 | Test Error 14.31
Train Loss 0.035
Train Loss 0.368
Train Loss 0.354
Train Loss 0.401
Train Loss 0.394
Train Loss 0.358
Train Loss 0.380
Train Loss 0.382
Epoch  98 | Time   109 | Train Loss 0.3886 | Test Loss 0.000 | Test Error 14.31
Train Loss 0.031
Train Loss 0.383
Train Loss 0.375
Train Loss 0.372
Train Loss 0.367
Train Loss 0.400
Train Loss 0.392
Train Loss 0.380
Epoch  99 | Time   108 | Train Loss 0.3712 | Test Loss 0.000 | Test Error 14.31
Train Loss 0.030
Train Loss 0.379
Train Loss 0.368
Train Loss 0.373
Train Loss 0.358
Train Loss 0.381
Train Loss 0.404
Train Loss 0.397
Epoch 100 | Time   109 | Train Loss 0.3873 | Test Loss 0.000 | Test Error 14.32
gaussian_noise
	Test Loss 0.001 | Test Error 20.958
shot_noise
	Test Loss 0.001 | Test Error 18.842
impulse_noise
	Test Loss 0.001 | Test Error 25.410
defocus_blur
	Test Loss 0.001 | Test Error 16.094
glass_blur
	Test Loss 0.001 | Test Error 21.298
motion_blur
	Test Loss 0.001 | Test Error 19.146
zoom_blur
	Test Loss 0.001 | Test Error 17.542
snow
	Test Loss 0.001 | Test Error 20.968
frost
	Test Loss 0.001 | Test Error 21.068
fog
	Test Loss 0.001 | Test Error 23.884
brightness
	Test Loss 0.001 | Test Error 16.694
contrast
	Test Loss 0.001 | Test Error 29.736
elastic_transform
	Test Loss 0.001 | Test Error 18.536
pixelate
	Test Loss 0.001 | Test Error 15.876
/cm/local/apps/slurm/var/spool/job3238554/slurm_script: line 7: 13986 Killed                  python /work/ws-tmp/g054727-Training/task/augmix/cifar.py --model nptconvnexttiny --optimizer Adamw --scheduler cosine_annealing --learning-rate 0.01
slurmstepd: error: Detected 2 oom-kill event(s) in StepId=3238554.batch cgroup. Some of your processes may have been killed by the cgroup out-of-memory handler.
