Files already downloaded and verified
Files already downloaded and verified
Beginning training from epoch: 1
Train Loss 0.261
Train Loss 1.174
Train Loss 1.073
Train Loss 0.958
Train Loss 0.940
Train Loss 0.894
Train Loss 0.881
Train Loss 0.847
Epoch   1 | Time    64 | Train Loss 0.8197 | Test Loss 0.001 | Test Error 19.73
Train Loss 0.086
Train Loss 0.736
Train Loss 0.809
Train Loss 0.794
Train Loss 0.775
Train Loss 0.793
Train Loss 0.767
Train Loss 0.747
Epoch   2 | Time    63 | Train Loss 0.7466 | Test Loss 0.000 | Test Error 15.42
Train Loss 0.073
Train Loss 0.737
Train Loss 0.705
Train Loss 0.698
Train Loss 0.737
Train Loss 0.730
Train Loss 0.723
Train Loss 0.693
Epoch   3 | Time    63 | Train Loss 0.7412 | Test Loss 0.000 | Test Error 15.24
Train Loss 0.062
Train Loss 0.684
Train Loss 0.676
Train Loss 0.655
Train Loss 0.659
Train Loss 0.669
Train Loss 0.674
Train Loss 0.666
Epoch   4 | Time    63 | Train Loss 0.6907 | Test Loss 0.000 | Test Error 13.31
Train Loss 0.054
Train Loss 0.635
Train Loss 0.630
Train Loss 0.667
Train Loss 0.641
Train Loss 0.663
Train Loss 0.613
Train Loss 0.638
Epoch   5 | Time    61 | Train Loss 0.6356 | Test Loss 0.000 | Test Error 13.79
Train Loss 0.071
Train Loss 0.635
Train Loss 0.572
Train Loss 0.639
Train Loss 0.587
Train Loss 0.625
Train Loss 0.615
Train Loss 0.636
Epoch   6 | Time    62 | Train Loss 0.6350 | Test Loss 0.000 | Test Error 13.65
Train Loss 0.056
Train Loss 0.584
Train Loss 0.612
Train Loss 0.541
Train Loss 0.562
Train Loss 0.582
Train Loss 0.581
Train Loss 0.574
Epoch   7 | Time    63 | Train Loss 0.5691 | Test Loss 0.000 | Test Error 12.70
Train Loss 0.066
Train Loss 0.573
Train Loss 0.560
Train Loss 0.553
Train Loss 0.572
Train Loss 0.574
Train Loss 0.543
Train Loss 0.605
Epoch   8 | Time    61 | Train Loss 0.5612 | Test Loss 0.000 | Test Error 12.76
Train Loss 0.052
Train Loss 0.527
Train Loss 0.560
Train Loss 0.552
Train Loss 0.543
Train Loss 0.536
Train Loss 0.556
Train Loss 0.558
Epoch   9 | Time    63 | Train Loss 0.5810 | Test Loss 0.000 | Test Error 13.17
Train Loss 0.052
Train Loss 0.530
Train Loss 0.538
Train Loss 0.534
Train Loss 0.538
Train Loss 0.549
Train Loss 0.522
Train Loss 0.499
Epoch  10 | Time    62 | Train Loss 0.5789 | Test Loss 0.000 | Test Error 12.34
Train Loss 0.069
Train Loss 0.535
Train Loss 0.515
Train Loss 0.508
Train Loss 0.524
Train Loss 0.477
Train Loss 0.525
Train Loss 0.516
Epoch  11 | Time    64 | Train Loss 0.5346 | Test Loss 0.000 | Test Error 12.47
Train Loss 0.044
Train Loss 0.500
Train Loss 0.520
Train Loss 0.498
Train Loss 0.544
Train Loss 0.487
Train Loss 0.490
Train Loss 0.532
Epoch  12 | Time    63 | Train Loss 0.5066 | Test Loss 0.000 | Test Error 11.60
Train Loss 0.046
Train Loss 0.468
Train Loss 0.447
Train Loss 0.498
Train Loss 0.489
Train Loss 0.482
Train Loss 0.478
Train Loss 0.481
Epoch  13 | Time    62 | Train Loss 0.5080 | Test Loss 0.000 | Test Error 11.62
Train Loss 0.037
Train Loss 0.457
Train Loss 0.465
Train Loss 0.482
Train Loss 0.476
Train Loss 0.485
Train Loss 0.512
Train Loss 0.449
Epoch  14 | Time    63 | Train Loss 0.5195 | Test Loss 0.000 | Test Error 11.81
Train Loss 0.057
Train Loss 0.480
Train Loss 0.489
Train Loss 0.454
Train Loss 0.481
Train Loss 0.488
Train Loss 0.472
Train Loss 0.470
Epoch  15 | Time    61 | Train Loss 0.4812 | Test Loss 0.000 | Test Error 11.73
Train Loss 0.048
Train Loss 0.486
Train Loss 0.467
Train Loss 0.453
Train Loss 0.487
Train Loss 0.442
Train Loss 0.464
Train Loss 0.465
Epoch  16 | Time    63 | Train Loss 0.4254 | Test Loss 0.000 | Test Error 11.14
Train Loss 0.047
Train Loss 0.452
Train Loss 0.441
Train Loss 0.425
Train Loss 0.449
Train Loss 0.443
Train Loss 0.480
Train Loss 0.440
Epoch  17 | Time    61 | Train Loss 0.4527 | Test Loss 0.000 | Test Error 10.77
Train Loss 0.044
Train Loss 0.434
Train Loss 0.426
Train Loss 0.436
Train Loss 0.439
Train Loss 0.458
Train Loss 0.461
Train Loss 0.411
Epoch  18 | Time    63 | Train Loss 0.4518 | Test Loss 0.000 | Test Error 11.72
Train Loss 0.052
Train Loss 0.420
Train Loss 0.430
Train Loss 0.460
Train Loss 0.440
Train Loss 0.435
Train Loss 0.443
Train Loss 0.415
Epoch  19 | Time    63 | Train Loss 0.4730 | Test Loss 0.000 | Test Error 10.96
Train Loss 0.044
Train Loss 0.432
Train Loss 0.383
Train Loss 0.424
Train Loss 0.411
Train Loss 0.421
Train Loss 0.417
Train Loss 0.398
Epoch  20 | Time    63 | Train Loss 0.4215 | Test Loss 0.000 | Test Error 10.50
Train Loss 0.038
Train Loss 0.388
Train Loss 0.399
Train Loss 0.398
Train Loss 0.433
Train Loss 0.413
Train Loss 0.391
Train Loss 0.414
Epoch  21 | Time    61 | Train Loss 0.3973 | Test Loss 0.000 | Test Error 10.27
Train Loss 0.031
Train Loss 0.388
Train Loss 0.360
Train Loss 0.422
Train Loss 0.400
Train Loss 0.385
Train Loss 0.424
Train Loss 0.393
Epoch  22 | Time    64 | Train Loss 0.4263 | Test Loss 0.000 | Test Error 11.17
Train Loss 0.027
Train Loss 0.381
Train Loss 0.393
Train Loss 0.368
Train Loss 0.404
Train Loss 0.389
Train Loss 0.371
Train Loss 0.393
Epoch  23 | Time    61 | Train Loss 0.3939 | Test Loss 0.000 | Test Error 10.78
Train Loss 0.042
Train Loss 0.334
Train Loss 0.357
Train Loss 0.372
Train Loss 0.354
Train Loss 0.406
Train Loss 0.395
Train Loss 0.383
Epoch  24 | Time    62 | Train Loss 0.3797 | Test Loss 0.000 | Test Error 9.91
Train Loss 0.032
Train Loss 0.345
Train Loss 0.397
Train Loss 0.369
Train Loss 0.395
Train Loss 0.366
Train Loss 0.370
Train Loss 0.350
Epoch  25 | Time    63 | Train Loss 0.3733 | Test Loss 0.000 | Test Error 9.99
Train Loss 0.026
Train Loss 0.315
Train Loss 0.378
Train Loss 0.354
Train Loss 0.354
Train Loss 0.345
Train Loss 0.378
Train Loss 0.373
Epoch  26 | Time    60 | Train Loss 0.3825 | Test Loss 0.000 | Test Error 10.59
Train Loss 0.038
Train Loss 0.325
Train Loss 0.373
Train Loss 0.341
Train Loss 0.341
Train Loss 0.367
Train Loss 0.364
Train Loss 0.338
Epoch  27 | Time    62 | Train Loss 0.3487 | Test Loss 0.000 | Test Error 10.60
Train Loss 0.027
Train Loss 0.345
Train Loss 0.351
Train Loss 0.340
Train Loss 0.334
Train Loss 0.351
Train Loss 0.343
Train Loss 0.333
Epoch  28 | Time    64 | Train Loss 0.3459 | Test Loss 0.000 | Test Error 9.99
Train Loss 0.023
Train Loss 0.293
Train Loss 0.322
Train Loss 0.310
Train Loss 0.347
Train Loss 0.357
Train Loss 0.352
Train Loss 0.324
Epoch  29 | Time    61 | Train Loss 0.3568 | Test Loss 0.000 | Test Error 10.54
Train Loss 0.026
Train Loss 0.315
Train Loss 0.323
Train Loss 0.312
Train Loss 0.331
Train Loss 0.343
Train Loss 0.315
Train Loss 0.339
Epoch  30 | Time    63 | Train Loss 0.3725 | Test Loss 0.000 | Test Error 10.52
Train Loss 0.032
Train Loss 0.296
Train Loss 0.312
Train Loss 0.324
Train Loss 0.333
Train Loss 0.340
Train Loss 0.343
Train Loss 0.344
Epoch  31 | Time    62 | Train Loss 0.3309 | Test Loss 0.000 | Test Error 9.92
Train Loss 0.043
Train Loss 0.307
Train Loss 0.323
Train Loss 0.306
Train Loss 0.331
Train Loss 0.304
Train Loss 0.286
Train Loss 0.329
Epoch  32 | Time    63 | Train Loss 0.2925 | Test Loss 0.000 | Test Error 10.58
Train Loss 0.028
Train Loss 0.315
Train Loss 0.299
Train Loss 0.311
Train Loss 0.282
Train Loss 0.316
Train Loss 0.289
Train Loss 0.331
Epoch  33 | Time    62 | Train Loss 0.2943 | Test Loss 0.000 | Test Error 10.08
Train Loss 0.028
Train Loss 0.279
Train Loss 0.292
Train Loss 0.300
Train Loss 0.276
Train Loss 0.307
Train Loss 0.294
Train Loss 0.318
Epoch  34 | Time    62 | Train Loss 0.2858 | Test Loss 0.000 | Test Error 10.11
Train Loss 0.024
Train Loss 0.308
Train Loss 0.282
Train Loss 0.304
Train Loss 0.297
Train Loss 0.303
Train Loss 0.295
Train Loss 0.310
Epoch  35 | Time    63 | Train Loss 0.2982 | Test Loss 0.000 | Test Error 10.11
Train Loss 0.038
Train Loss 0.270
Train Loss 0.295
Train Loss 0.317
Train Loss 0.285
Train Loss 0.294
Train Loss 0.353
Train Loss 0.278
Epoch  36 | Time    60 | Train Loss 0.2695 | Test Loss 0.000 | Test Error 10.06
Train Loss 0.011
Train Loss 0.263
Train Loss 0.298
Train Loss 0.280
Train Loss 0.251
Train Loss 0.293
Train Loss 0.255
Train Loss 0.304
Epoch  37 | Time    64 | Train Loss 0.2880 | Test Loss 0.000 | Test Error 10.08
Train Loss 0.028
Train Loss 0.257
Train Loss 0.259
Train Loss 0.284
Train Loss 0.283
Train Loss 0.246
Train Loss 0.258
Train Loss 0.277
Epoch  38 | Time    60 | Train Loss 0.2769 | Test Loss 0.000 | Test Error 10.17
Train Loss 0.019
Train Loss 0.230
Train Loss 0.254
Train Loss 0.283
Train Loss 0.252
Train Loss 0.259
Train Loss 0.288
Train Loss 0.260
Epoch  39 | Time    62 | Train Loss 0.2806 | Test Loss 0.000 | Test Error 9.64
Train Loss 0.031
Train Loss 0.247
Train Loss 0.248
Train Loss 0.266
Train Loss 0.250
Train Loss 0.247
Train Loss 0.287
Train Loss 0.261
Epoch  40 | Time    63 | Train Loss 0.2364 | Test Loss 0.000 | Test Error 9.76
Train Loss 0.025
Train Loss 0.277
Train Loss 0.247
Train Loss 0.250
Train Loss 0.256
Train Loss 0.265
Train Loss 0.251
Train Loss 0.287
Epoch  41 | Time    61 | Train Loss 0.2895 | Test Loss 0.000 | Test Error 10.39
Train Loss 0.018
Train Loss 0.284
Train Loss 0.242
Train Loss 0.247
Train Loss 0.222
Train Loss 0.241
Train Loss 0.223
Train Loss 0.282
Epoch  42 | Time    62 | Train Loss 0.2236 | Test Loss 0.000 | Test Error 9.73
Train Loss 0.038
Train Loss 0.248
Train Loss 0.250
Train Loss 0.235
Train Loss 0.278
Train Loss 0.257
Train Loss 0.229
Train Loss 0.254
Epoch  43 | Time    62 | Train Loss 0.2386 | Test Loss 0.000 | Test Error 9.94
Train Loss 0.035
Train Loss 0.228
Train Loss 0.237
Train Loss 0.233
Train Loss 0.268
Train Loss 0.218
Train Loss 0.218
Train Loss 0.274
Epoch  44 | Time    60 | Train Loss 0.2420 | Test Loss 0.000 | Test Error 9.70
Train Loss 0.021
Train Loss 0.234
Train Loss 0.210
Train Loss 0.246
Train Loss 0.232
Train Loss 0.229
Train Loss 0.234
Train Loss 0.225
Epoch  45 | Time    62 | Train Loss 0.2040 | Test Loss 0.000 | Test Error 9.50
Train Loss 0.026
Train Loss 0.221
Train Loss 0.218
Train Loss 0.219
Train Loss 0.226
Train Loss 0.191
Train Loss 0.201
Train Loss 0.233
Epoch  46 | Time    60 | Train Loss 0.1883 | Test Loss 0.000 | Test Error 9.32
Train Loss 0.031
Train Loss 0.202
Train Loss 0.229
Train Loss 0.226
Train Loss 0.187
Train Loss 0.200
Train Loss 0.228
Train Loss 0.201
Epoch  47 | Time    61 | Train Loss 0.2035 | Test Loss 0.000 | Test Error 9.23
Train Loss 0.013
Train Loss 0.204
Train Loss 0.210
Train Loss 0.231
Train Loss 0.225
Train Loss 0.192
Train Loss 0.209
Train Loss 0.215
Epoch  48 | Time    61 | Train Loss 0.1995 | Test Loss 0.000 | Test Error 9.77
Train Loss 0.031
Train Loss 0.206
Train Loss 0.176
Train Loss 0.217
Train Loss 0.219
Train Loss 0.201
Train Loss 0.181
Train Loss 0.205
Epoch  49 | Time    65 | Train Loss 0.2080 | Test Loss 0.000 | Test Error 9.74
Train Loss 0.019
Train Loss 0.209
Train Loss 0.231
Train Loss 0.180
Train Loss 0.179
Train Loss 0.182
Train Loss 0.217
Train Loss 0.211
Epoch  50 | Time    61 | Train Loss 0.1956 | Test Loss 0.000 | Test Error 9.41
Train Loss 0.026
Train Loss 0.189
Train Loss 0.169
Train Loss 0.189
Train Loss 0.189
Train Loss 0.194
Train Loss 0.188
Train Loss 0.194
Epoch  51 | Time    63 | Train Loss 0.2041 | Test Loss 0.000 | Test Error 9.41
Train Loss 0.026
Train Loss 0.191
Train Loss 0.197
Train Loss 0.183
Train Loss 0.203
Train Loss 0.192
Train Loss 0.180
Train Loss 0.189
Epoch  52 | Time    61 | Train Loss 0.1851 | Test Loss 0.000 | Test Error 9.54
Train Loss 0.020
Train Loss 0.168
Train Loss 0.186
Train Loss 0.170
Train Loss 0.173
Train Loss 0.210
Train Loss 0.209
Train Loss 0.167
Epoch  53 | Time    61 | Train Loss 0.2102 | Test Loss 0.000 | Test Error 9.48
Train Loss 0.030
Train Loss 0.173
Train Loss 0.206
Train Loss 0.164
Train Loss 0.170
Train Loss 0.170
Train Loss 0.197
Train Loss 0.179
Epoch  54 | Time    61 | Train Loss 0.1668 | Test Loss 0.000 | Test Error 9.25
Train Loss 0.023
Train Loss 0.158
Train Loss 0.187
Train Loss 0.164
Train Loss 0.164
Train Loss 0.190
Train Loss 0.229
Train Loss 0.161
Epoch  55 | Time    61 | Train Loss 0.1737 | Test Loss 0.000 | Test Error 9.38
Train Loss 0.021
Train Loss 0.166
Train Loss 0.137
Train Loss 0.184
Train Loss 0.162
Train Loss 0.162
Train Loss 0.183
Train Loss 0.177
Epoch  56 | Time    61 | Train Loss 0.1611 | Test Loss 0.000 | Test Error 9.55
Train Loss 0.020
Train Loss 0.165
Train Loss 0.149
Train Loss 0.156
Train Loss 0.165
Train Loss 0.162
Train Loss 0.200
Train Loss 0.192
Epoch  57 | Time    62 | Train Loss 0.2071 | Test Loss 0.000 | Test Error 9.44
Train Loss 0.018
Train Loss 0.135
Train Loss 0.162
Train Loss 0.150
Train Loss 0.160
Train Loss 0.129
Train Loss 0.140
Train Loss 0.154
Epoch  58 | Time    62 | Train Loss 0.1494 | Test Loss 0.000 | Test Error 9.78
Train Loss 0.011
Train Loss 0.150
Train Loss 0.157
Train Loss 0.140
Train Loss 0.174
Train Loss 0.162
Train Loss 0.132
Train Loss 0.160
Epoch  59 | Time    62 | Train Loss 0.1410 | Test Loss 0.000 | Test Error 9.43
Train Loss 0.015
Train Loss 0.154
Train Loss 0.143
Train Loss 0.131
Train Loss 0.130
Train Loss 0.134
Train Loss 0.122
Train Loss 0.135
Epoch  60 | Time    63 | Train Loss 0.1667 | Test Loss 0.000 | Test Error 8.76
Train Loss 0.023
Train Loss 0.125
Train Loss 0.115
Train Loss 0.141
Train Loss 0.150
Train Loss 0.161
Train Loss 0.145
Train Loss 0.130
Epoch  61 | Time    62 | Train Loss 0.1338 | Test Loss 0.000 | Test Error 9.15
Train Loss 0.006
Train Loss 0.121
Train Loss 0.170
Train Loss 0.139
Train Loss 0.152
Train Loss 0.147
Train Loss 0.129
Train Loss 0.130
Epoch  62 | Time    66 | Train Loss 0.1293 | Test Loss 0.000 | Test Error 8.95
Train Loss 0.006
Train Loss 0.137
Train Loss 0.127
Train Loss 0.118
Train Loss 0.128
Train Loss 0.124
Train Loss 0.157
Train Loss 0.152
Epoch  63 | Time    64 | Train Loss 0.1224 | Test Loss 0.000 | Test Error 8.91
Train Loss 0.024
Train Loss 0.149
Train Loss 0.116
Train Loss 0.148
Train Loss 0.137
Train Loss 0.148
Train Loss 0.131
Train Loss 0.120
Epoch  64 | Time    63 | Train Loss 0.1291 | Test Loss 0.000 | Test Error 9.20
Train Loss 0.009
Train Loss 0.125
Train Loss 0.118
Train Loss 0.112
Train Loss 0.144
Train Loss 0.138
Train Loss 0.108
Train Loss 0.114
Epoch  65 | Time    60 | Train Loss 0.1432 | Test Loss 0.000 | Test Error 9.36
Train Loss 0.010
Train Loss 0.137
Train Loss 0.131
Train Loss 0.131
Train Loss 0.101
Train Loss 0.121
Train Loss 0.142
Train Loss 0.128
Epoch  66 | Time    64 | Train Loss 0.1305 | Test Loss 0.000 | Test Error 9.15
Train Loss 0.013
Train Loss 0.111
Train Loss 0.126
Train Loss 0.118
Train Loss 0.122
Train Loss 0.103
Train Loss 0.130
Train Loss 0.128
Epoch  67 | Time    62 | Train Loss 0.1191 | Test Loss 0.000 | Test Error 9.37
Train Loss 0.006
Train Loss 0.118
Train Loss 0.104
Train Loss 0.153
Train Loss 0.099
Train Loss 0.139
Train Loss 0.109
Train Loss 0.091
Epoch  68 | Time    60 | Train Loss 0.1008 | Test Loss 0.000 | Test Error 9.11
Train Loss 0.010
Train Loss 0.113
Train Loss 0.113
Train Loss 0.100
Train Loss 0.088
Train Loss 0.089
Train Loss 0.100
Train Loss 0.114
Epoch  69 | Time    61 | Train Loss 0.0953 | Test Loss 0.000 | Test Error 8.83
Train Loss 0.021
Train Loss 0.109
Train Loss 0.090
Train Loss 0.099
Train Loss 0.108
Train Loss 0.128
Train Loss 0.104
Train Loss 0.115
Epoch  70 | Time    62 | Train Loss 0.1002 | Test Loss 0.000 | Test Error 8.99
Train Loss 0.004
Train Loss 0.111
Train Loss 0.113
Train Loss 0.102
Train Loss 0.094
Train Loss 0.086
Train Loss 0.119
Train Loss 0.106
Epoch  71 | Time    64 | Train Loss 0.1040 | Test Loss 0.000 | Test Error 8.71
Train Loss 0.015
Train Loss 0.079
Train Loss 0.079
Train Loss 0.091
Train Loss 0.081
Train Loss 0.084
Train Loss 0.103
Train Loss 0.089
Epoch  72 | Time    62 | Train Loss 0.1140 | Test Loss 0.000 | Test Error 8.85
Train Loss 0.014
Train Loss 0.086
Train Loss 0.074
Train Loss 0.070
Train Loss 0.088
Train Loss 0.075
Train Loss 0.101
Train Loss 0.104
Epoch  73 | Time    63 | Train Loss 0.0830 | Test Loss 0.000 | Test Error 8.93
Train Loss 0.007
Train Loss 0.100
Train Loss 0.075
Train Loss 0.099
Train Loss 0.088
Train Loss 0.099
Train Loss 0.079
Train Loss 0.063
Epoch  74 | Time    61 | Train Loss 0.0962 | Test Loss 0.000 | Test Error 9.07
Train Loss 0.019
Train Loss 0.086
Train Loss 0.064
Train Loss 0.067
Train Loss 0.092
Train Loss 0.060
Train Loss 0.101
Train Loss 0.090
Epoch  75 | Time    60 | Train Loss 0.1093 | Test Loss 0.000 | Test Error 8.77
Train Loss 0.007
Train Loss 0.068
Train Loss 0.071
Train Loss 0.076
Train Loss 0.084
Train Loss 0.087
Train Loss 0.107
Train Loss 0.097
Epoch  76 | Time    61 | Train Loss 0.0900 | Test Loss 0.000 | Test Error 8.87
Train Loss 0.009
Train Loss 0.081
Train Loss 0.100
Train Loss 0.072
Train Loss 0.083
Train Loss 0.086
Train Loss 0.073
Train Loss 0.096
Epoch  77 | Time    63 | Train Loss 0.0738 | Test Loss 0.000 | Test Error 8.82
Train Loss 0.008
Train Loss 0.077
Train Loss 0.063
Train Loss 0.083
Train Loss 0.070
Train Loss 0.059
Train Loss 0.073
Train Loss 0.051
Epoch  78 | Time    63 | Train Loss 0.0721 | Test Loss 0.000 | Test Error 8.67
Train Loss 0.002
Train Loss 0.082
Train Loss 0.053
Train Loss 0.068
Train Loss 0.076
Train Loss 0.067
Train Loss 0.064
Train Loss 0.070
Epoch  79 | Time    64 | Train Loss 0.0657 | Test Loss 0.000 | Test Error 8.74
Train Loss 0.005
Train Loss 0.109
Train Loss 0.056
Train Loss 0.065
Train Loss 0.079
Train Loss 0.055
Train Loss 0.081
Train Loss 0.063
Epoch  80 | Time    60 | Train Loss 0.0692 | Test Loss 0.000 | Test Error 8.77
Train Loss 0.011
Train Loss 0.060
Train Loss 0.090
Train Loss 0.061
Train Loss 0.074
Train Loss 0.068
Train Loss 0.076
Train Loss 0.052
Epoch  81 | Time    62 | Train Loss 0.0638 | Test Loss 0.001 | Test Error 8.76
Train Loss 0.011
Train Loss 0.072
Train Loss 0.055
Train Loss 0.074
Train Loss 0.063
Train Loss 0.060
Train Loss 0.059
Train Loss 0.051
Epoch  82 | Time    60 | Train Loss 0.0614 | Test Loss 0.001 | Test Error 8.76
Train Loss 0.009
Train Loss 0.079
Train Loss 0.059
Train Loss 0.058
Train Loss 0.078
Train Loss 0.059
Train Loss 0.067
Train Loss 0.063
Epoch  83 | Time    61 | Train Loss 0.0615 | Test Loss 0.001 | Test Error 8.91
Train Loss 0.000
Train Loss 0.056
Train Loss 0.061
Train Loss 0.050
Train Loss 0.054
Train Loss 0.057
Train Loss 0.061
Train Loss 0.059
Epoch  84 | Time    62 | Train Loss 0.0545 | Test Loss 0.001 | Test Error 8.58
Train Loss 0.011
Train Loss 0.053
Train Loss 0.070
Train Loss 0.059
Train Loss 0.075
Train Loss 0.060
Train Loss 0.054
Train Loss 0.050
Epoch  85 | Time    61 | Train Loss 0.0575 | Test Loss 0.000 | Test Error 8.55
Train Loss 0.007
Train Loss 0.040
Train Loss 0.067
Train Loss 0.061
Train Loss 0.054
Train Loss 0.058
Train Loss 0.052
Train Loss 0.079
Epoch  86 | Time    60 | Train Loss 0.0709 | Test Loss 0.000 | Test Error 8.56
Train Loss 0.012
Train Loss 0.064
Train Loss 0.057
Train Loss 0.045
Train Loss 0.040
Train Loss 0.057
Train Loss 0.049
Train Loss 0.050
Epoch  87 | Time    60 | Train Loss 0.0637 | Test Loss 0.001 | Test Error 8.53
Train Loss 0.000
Train Loss 0.057
Train Loss 0.057
Train Loss 0.071
Train Loss 0.050
Train Loss 0.060
Train Loss 0.069
Train Loss 0.058
Epoch  88 | Time    62 | Train Loss 0.0661 | Test Loss 0.001 | Test Error 8.47
Train Loss 0.001
Train Loss 0.046
Train Loss 0.070
Train Loss 0.051
Train Loss 0.055
Train Loss 0.091
Train Loss 0.059
Train Loss 0.103
Epoch  89 | Time    64 | Train Loss 0.0697 | Test Loss 0.001 | Test Error 8.50
Train Loss 0.002
Train Loss 0.084
Train Loss 0.054
Train Loss 0.050
Train Loss 0.034
Train Loss 0.049
Train Loss 0.053
Train Loss 0.057
Epoch  90 | Time    62 | Train Loss 0.0519 | Test Loss 0.001 | Test Error 8.42
Train Loss 0.015
Train Loss 0.064
Train Loss 0.057
Train Loss 0.060
Train Loss 0.068
Train Loss 0.052
Train Loss 0.047
Train Loss 0.053
Epoch  91 | Time    62 | Train Loss 0.0533 | Test Loss 0.001 | Test Error 8.31
Train Loss 0.006
Train Loss 0.049
Train Loss 0.062
Train Loss 0.055
Train Loss 0.044
Train Loss 0.051
Train Loss 0.049
Train Loss 0.046
Epoch  92 | Time    64 | Train Loss 0.0422 | Test Loss 0.001 | Test Error 8.29
Train Loss 0.003
Train Loss 0.052
Train Loss 0.042
Train Loss 0.072
Train Loss 0.054
Train Loss 0.040
Train Loss 0.043
Train Loss 0.051
Epoch  93 | Time    62 | Train Loss 0.0336 | Test Loss 0.001 | Test Error 8.22
Train Loss 0.012
Train Loss 0.054
Train Loss 0.038
Train Loss 0.073
Train Loss 0.050
Train Loss 0.047
Train Loss 0.052
Train Loss 0.051
Epoch  94 | Time    61 | Train Loss 0.0453 | Test Loss 0.001 | Test Error 8.25
Train Loss 0.017
Train Loss 0.071
Train Loss 0.047
Train Loss 0.053
Train Loss 0.047
Train Loss 0.036
Train Loss 0.041
Train Loss 0.029
Epoch  95 | Time    62 | Train Loss 0.0535 | Test Loss 0.001 | Test Error 8.29
Train Loss 0.003
Train Loss 0.044
Train Loss 0.049
Train Loss 0.043
Train Loss 0.040
Train Loss 0.033
Train Loss 0.035
Train Loss 0.035
Epoch  96 | Time    61 | Train Loss 0.0398 | Test Loss 0.001 | Test Error 8.30
Train Loss 0.019
Train Loss 0.032
Train Loss 0.052
Train Loss 0.058
Train Loss 0.034
Train Loss 0.041
Train Loss 0.038
Train Loss 0.045
Epoch  97 | Time    62 | Train Loss 0.0469 | Test Loss 0.001 | Test Error 8.27
Train Loss 0.002
Train Loss 0.031
Train Loss 0.026
Train Loss 0.055
Train Loss 0.052
Train Loss 0.045
Train Loss 0.040
Train Loss 0.047
Epoch  98 | Time    61 | Train Loss 0.0387 | Test Loss 0.001 | Test Error 8.25
Train Loss 0.002
Train Loss 0.055
Train Loss 0.040
Train Loss 0.042
Train Loss 0.045
Train Loss 0.057
Train Loss 0.055
Train Loss 0.065
Epoch  99 | Time    64 | Train Loss 0.0394 | Test Loss 0.001 | Test Error 8.26
Train Loss 0.000
Train Loss 0.050
Train Loss 0.047
Train Loss 0.040
Train Loss 0.041
Train Loss 0.056
Train Loss 0.052
Train Loss 0.061
Epoch 100 | Time    63 | Train Loss 0.0455 | Test Loss 0.001 | Test Error 8.26
gaussian_noise
	Test Loss 0.001 | Test Error 19.542
shot_noise
	Test Loss 0.001 | Test Error 15.774
impulse_noise
	Test Loss 0.002 | Test Error 22.702
defocus_blur
	Test Loss 0.001 | Test Error 10.132
glass_blur
	Test Loss 0.001 | Test Error 22.314
motion_blur
	Test Loss 0.001 | Test Error 12.606
zoom_blur
	Test Loss 0.001 | Test Error 11.482
snow
	Test Loss 0.001 | Test Error 14.702
frost
	Test Loss 0.001 | Test Error 15.188
fog
	Test Loss 0.001 | Test Error 14.590
brightness
	Test Loss 0.001 | Test Error 10.038
contrast
	Test Loss 0.001 | Test Error 17.648
elastic_transform
	Test Loss 0.001 | Test Error 12.640
pixelate
	Test Loss 0.001 | Test Error 12.450
jpeg_compression
	Test Loss 0.001 | Test Error 12.938
Mean Corruption Error: 14.983

gaussian_noise Flipping Prob
0.026363333333333343

shot_noise Flipping Prob
0.033780000000000025

motion_blur Flipping Prob
0.02905999999999968

zoom_blur Flipping Prob
0.002270000000000006

spatter Flipping Prob
0.016893333333333118

brightness Flipping Prob
0.006666666666666794

translate Flipping Prob
0.03794666666666654

rotate Flipping Prob
0.018289999999999848

tilt Flipping Prob
0.007563333333333398

scale Flipping Prob
0.02943000000000017
[0.026363333333333343, 0.033780000000000025, 0.02905999999999968, 0.002270000000000006, 0.016893333333333118, 0.006666666666666794, 0.03794666666666654, 0.018289999999999848, 0.007563333333333398, 0.02943000000000017]

Mean Flipping Prob	0.02083
