Files already downloaded and verified
Files already downloaded and verified
Beginning training from epoch: 1
/home/g054727/.local/lib/python3.7/site-packages/torch/utils/data/dataloader.py:490: UserWarning: This DataLoader will create 4 worker processes in total. Our suggested max number of worker in current system is 2, which is smaller than what this DataLoader is going to create. Please be aware that excessive worker creation might get DataLoader running slow or even freeze, lower the worker number to avoid potential slowness/freeze if necessary.
  cpuset_checked))
Train Loss 0.236
Train Loss 19.230
Train Loss 2.768
Train Loss 2.244
Train Loss 2.230
Train Loss 2.205
Train Loss 2.206
Train Loss 2.198
Epoch   1 | Time   128 | Train Loss 2.1857 | Test Loss 0.002 | Test Error 79.87
Train Loss 0.217
Train Loss 2.158
Train Loss 2.176
Train Loss 2.169
Train Loss 2.147
Train Loss 2.137
Train Loss 2.122
Train Loss 2.099
Epoch   2 | Time   120 | Train Loss 2.1225 | Test Loss 0.002 | Test Error 78.31
Train Loss 0.213
Train Loss 2.083
Train Loss 2.107
Train Loss 2.108
Train Loss 2.123
Train Loss 2.107
Train Loss 2.103
Train Loss 2.065
Epoch   3 | Time   121 | Train Loss 2.0712 | Test Loss 0.002 | Test Error 73.36
Train Loss 0.214
Train Loss 2.059
Train Loss 2.071
Train Loss 2.064
Train Loss 2.032
Train Loss 2.056
Train Loss 2.052
Train Loss 2.031
Epoch   4 | Time   121 | Train Loss 2.0269 | Test Loss 0.002 | Test Error 72.84
Train Loss 0.205
Train Loss 2.011
Train Loss 2.018
Train Loss 2.024
Train Loss 2.024
Train Loss 1.999
Train Loss 1.990
Train Loss 1.986
Epoch   5 | Time   122 | Train Loss 1.9626 | Test Loss 0.002 | Test Error 71.60
Train Loss 0.196
Train Loss 1.968
Train Loss 1.940
Train Loss 1.963
Train Loss 1.936
Train Loss 1.947
Train Loss 1.924
Train Loss 1.894
Epoch   6 | Time   121 | Train Loss 1.9353 | Test Loss 0.002 | Test Error 67.46
Train Loss 0.185
Train Loss 1.914
Train Loss 1.897
Train Loss 1.886
Train Loss 1.890
Train Loss 1.908
Train Loss 1.859
Train Loss 1.862
Epoch   7 | Time   121 | Train Loss 1.8672 | Test Loss 0.002 | Test Error 62.75
Train Loss 0.187
Train Loss 1.841
Train Loss 1.873
Train Loss 1.838
Train Loss 1.855
Train Loss 1.845
Train Loss 1.854
Train Loss 1.833
Epoch   8 | Time   121 | Train Loss 1.8264 | Test Loss 0.002 | Test Error 58.05
Train Loss 0.189
Train Loss 1.772
Train Loss 1.825
Train Loss 1.797
Train Loss 1.801
Train Loss 1.768
Train Loss 1.827
Train Loss 1.784
Epoch   9 | Time   121 | Train Loss 1.7859 | Test Loss 0.002 | Test Error 57.51
Train Loss 0.177
Train Loss 1.773
Train Loss 1.777
Train Loss 1.780
Train Loss 1.765
Train Loss 1.773
Train Loss 1.753
Train Loss 1.748
Epoch  10 | Time   121 | Train Loss 1.7772 | Test Loss 0.002 | Test Error 55.19
Train Loss 0.186
Train Loss 1.761
Train Loss 1.777
Train Loss 1.751
Train Loss 1.767
Train Loss 1.748
Train Loss 1.739
Train Loss 1.746
Epoch  11 | Time   120 | Train Loss 1.7305 | Test Loss 0.002 | Test Error 54.84
Train Loss 0.172
Train Loss 1.763
Train Loss 1.756
Train Loss 1.726
Train Loss 1.746
Train Loss 1.736
Train Loss 1.703
Train Loss 1.725
Epoch  12 | Time   120 | Train Loss 1.7025 | Test Loss 0.002 | Test Error 54.39
Train Loss 0.170
Train Loss 1.681
Train Loss 1.667
Train Loss 1.736
Train Loss 1.723
Train Loss 1.718
Train Loss 1.699
Train Loss 1.691
Epoch  13 | Time   121 | Train Loss 1.7326 | Test Loss 0.001 | Test Error 52.64
Train Loss 0.168
Train Loss 1.663
Train Loss 1.714
Train Loss 1.702
Train Loss 1.706
Train Loss 1.712
Train Loss 1.709
Train Loss 1.704
Epoch  14 | Time   121 | Train Loss 1.7454 | Test Loss 0.002 | Test Error 52.48
Train Loss 0.176
Train Loss 1.718
Train Loss 1.714
Train Loss 1.666
Train Loss 1.701
Train Loss 1.679
Train Loss 1.702
Train Loss 1.682
Epoch  15 | Time   121 | Train Loss 1.6811 | Test Loss 0.001 | Test Error 50.99
Train Loss 0.160
Train Loss 1.689
Train Loss 1.669
Train Loss 1.674
Train Loss 1.683
Train Loss 1.653
Train Loss 1.650
Train Loss 1.675
Epoch  16 | Time   121 | Train Loss 1.6412 | Test Loss 0.001 | Test Error 50.35
Train Loss 0.162
Train Loss 1.662
Train Loss 1.636
Train Loss 1.655
Train Loss 1.681
Train Loss 1.668
Train Loss 1.657
Train Loss 1.657
Epoch  17 | Time   120 | Train Loss 1.6568 | Test Loss 0.001 | Test Error 51.98
Train Loss 0.165
Train Loss 1.634
Train Loss 1.655
Train Loss 1.624
Train Loss 1.625
Train Loss 1.652
Train Loss 1.630
Train Loss 1.635
Epoch  18 | Time   121 | Train Loss 1.6323 | Test Loss 0.001 | Test Error 49.13
Train Loss 0.160
Train Loss 1.630
Train Loss 1.641
Train Loss 1.634
Train Loss 1.647
Train Loss 1.634
Train Loss 1.678
Train Loss 1.633
Epoch  19 | Time   120 | Train Loss 1.6583 | Test Loss 0.001 | Test Error 50.98
Train Loss 0.169
Train Loss 1.646
Train Loss 1.636
Train Loss 1.635
Train Loss 1.637
Train Loss 1.637
Train Loss 1.602
Train Loss 1.619
Epoch  20 | Time   121 | Train Loss 1.6377 | Test Loss 0.001 | Test Error 48.85
Train Loss 0.163
Train Loss 1.588
Train Loss 1.604
Train Loss 1.633
Train Loss 1.613
Train Loss 1.613
Train Loss 1.600
Train Loss 1.614
Epoch  21 | Time   121 | Train Loss 1.5913 | Test Loss 0.001 | Test Error 47.98
Train Loss 0.153
Train Loss 1.562
Train Loss 1.587
Train Loss 1.610
Train Loss 1.640
Train Loss 1.620
Train Loss 1.586
Train Loss 1.591
Epoch  22 | Time   121 | Train Loss 1.6204 | Test Loss 0.001 | Test Error 47.53
Train Loss 0.152
Train Loss 1.582
Train Loss 1.626
Train Loss 1.569
Train Loss 1.585
Train Loss 1.584
Train Loss 1.595
Train Loss 1.605
Epoch  23 | Time   122 | Train Loss 1.5889 | Test Loss 0.001 | Test Error 47.44
Train Loss 0.164
Train Loss 1.566
Train Loss 1.591
Train Loss 1.538
Train Loss 1.567
Train Loss 1.582
Train Loss 1.576
Train Loss 1.555
Epoch  24 | Time   121 | Train Loss 1.5699 | Test Loss 0.001 | Test Error 47.21
Train Loss 0.155
Train Loss 1.588
Train Loss 1.587
Train Loss 1.574
Train Loss 1.585
Train Loss 1.561
Train Loss 1.594
Train Loss 1.570
Epoch  25 | Time   120 | Train Loss 1.6075 | Test Loss 0.001 | Test Error 47.31
Train Loss 0.159
Train Loss 1.542
Train Loss 1.600
Train Loss 1.581
Train Loss 1.574
Train Loss 1.573
Train Loss 1.563
Train Loss 1.587
Epoch  26 | Time   120 | Train Loss 1.5835 | Test Loss 0.001 | Test Error 46.76
Train Loss 0.154
Train Loss 1.539
Train Loss 1.550
Train Loss 1.563
Train Loss 1.604
Train Loss 1.537
Train Loss 1.590
Train Loss 1.546
Epoch  27 | Time   121 | Train Loss 1.5529 | Test Loss 0.001 | Test Error 46.87
Train Loss 0.144
Train Loss 1.563
Train Loss 1.542
Train Loss 1.568
Train Loss 1.585
Train Loss 1.564
Train Loss 1.536
Train Loss 1.546
Epoch  28 | Time   121 | Train Loss 1.5570 | Test Loss 0.001 | Test Error 46.18
Train Loss 0.145
Train Loss 1.573
Train Loss 1.542
Train Loss 1.548
Train Loss 1.569
Train Loss 1.573
Train Loss 1.563
Train Loss 1.555
Epoch  29 | Time   120 | Train Loss 1.5577 | Test Loss 0.001 | Test Error 46.81
Train Loss 0.157
Train Loss 1.555
Train Loss 1.554
Train Loss 1.551
Train Loss 1.564
Train Loss 1.520
Train Loss 1.537
Train Loss 1.563
Epoch  30 | Time   121 | Train Loss 1.5562 | Test Loss 0.001 | Test Error 47.33
Train Loss 0.161
Train Loss 1.510
Train Loss 1.553
Train Loss 1.543
Train Loss 1.556
Train Loss 1.580
Train Loss 1.558
Train Loss 1.546
Epoch  31 | Time   121 | Train Loss 1.5614 | Test Loss 0.001 | Test Error 47.38
Train Loss 0.156
Train Loss 1.555
Train Loss 1.568
Train Loss 1.522
Train Loss 1.556
Train Loss 1.547
Train Loss 1.552
Train Loss 1.533
Epoch  32 | Time   120 | Train Loss 1.5183 | Test Loss 0.001 | Test Error 46.12
Train Loss 0.140
Train Loss 1.514
Train Loss 1.557
Train Loss 1.522
Train Loss 1.559
Train Loss 1.581
Train Loss 1.531
Train Loss 1.542
Epoch  33 | Time   122 | Train Loss 1.5301 | Test Loss 0.001 | Test Error 45.96
Train Loss 0.168
Train Loss 1.490
Train Loss 1.530
Train Loss 1.519
Train Loss 1.548
Train Loss 1.543
Train Loss 1.554
Train Loss 1.547
Epoch  34 | Time   121 | Train Loss 1.5119 | Test Loss 0.001 | Test Error 45.00
Train Loss 0.160
Train Loss 1.541
Train Loss 1.531
Train Loss 1.546
Train Loss 1.527
Train Loss 1.534
Train Loss 1.498
Train Loss 1.550
Epoch  35 | Time   121 | Train Loss 1.5240 | Test Loss 0.001 | Test Error 44.95
Train Loss 0.158
Train Loss 1.493
Train Loss 1.520
Train Loss 1.544
Train Loss 1.515
Train Loss 1.554
Train Loss 1.545
Train Loss 1.532
Epoch  36 | Time   121 | Train Loss 1.5076 | Test Loss 0.001 | Test Error 44.87
Train Loss 0.152
Train Loss 1.501
Train Loss 1.544
Train Loss 1.543
Train Loss 1.504
Train Loss 1.505
Train Loss 1.493
Train Loss 1.543
Epoch  37 | Time   121 | Train Loss 1.5282 | Test Loss 0.001 | Test Error 47.17
Train Loss 0.163
Train Loss 1.531
Train Loss 1.564
Train Loss 1.535
Train Loss 1.494
Train Loss 1.515
Train Loss 1.512
Train Loss 1.513
Epoch  38 | Time   120 | Train Loss 1.5213 | Test Loss 0.001 | Test Error 44.95
Train Loss 0.151
Train Loss 1.535
Train Loss 1.521
Train Loss 1.515
Train Loss 1.519
Train Loss 1.527
Train Loss 1.538
Train Loss 1.515
Epoch  39 | Time   121 | Train Loss 1.5268 | Test Loss 0.001 | Test Error 43.27
Train Loss 0.144
Train Loss 1.488
Train Loss 1.513
Train Loss 1.526
Train Loss 1.520
Train Loss 1.528
Train Loss 1.517
Train Loss 1.487
Epoch  40 | Time   120 | Train Loss 1.5016 | Test Loss 0.001 | Test Error 44.42
Train Loss 0.152
Train Loss 1.482
Train Loss 1.484
Train Loss 1.534
Train Loss 1.496
Train Loss 1.499
Train Loss 1.516
Train Loss 1.495
Epoch  41 | Time   121 | Train Loss 1.5256 | Test Loss 0.001 | Test Error 43.03
Train Loss 0.153
Train Loss 1.481
Train Loss 1.489
Train Loss 1.500
Train Loss 1.515
Train Loss 1.509
Train Loss 1.542
Train Loss 1.512
Epoch  42 | Time   121 | Train Loss 1.5194 | Test Loss 0.001 | Test Error 44.86
Train Loss 0.146
Train Loss 1.514
Train Loss 1.481
Train Loss 1.497
Train Loss 1.477
Train Loss 1.508
Train Loss 1.481
Train Loss 1.508
Epoch  43 | Time   121 | Train Loss 1.4733 | Test Loss 0.001 | Test Error 43.84
Train Loss 0.147
Train Loss 1.514
Train Loss 1.512
Train Loss 1.501
Train Loss 1.509
Train Loss 1.483
Train Loss 1.491
Train Loss 1.510
Epoch  44 | Time   122 | Train Loss 1.4791 | Test Loss 0.001 | Test Error 43.61
Train Loss 0.153
Train Loss 1.489
Train Loss 1.521
Train Loss 1.510
Train Loss 1.502
Train Loss 1.483
Train Loss 1.489
Train Loss 1.513
Epoch  45 | Time   121 | Train Loss 1.4648 | Test Loss 0.001 | Test Error 44.84
Train Loss 0.161
Train Loss 1.488
Train Loss 1.490
Train Loss 1.505
Train Loss 1.468
Train Loss 1.477
Train Loss 1.483
Train Loss 1.454
Epoch  46 | Time   120 | Train Loss 1.4746 | Test Loss 0.001 | Test Error 43.66
Train Loss 0.157
Train Loss 1.458
Train Loss 1.494
Train Loss 1.479
Train Loss 1.507
Train Loss 1.485
Train Loss 1.473
Train Loss 1.468
Epoch  47 | Time   121 | Train Loss 1.4481 | Test Loss 0.001 | Test Error 43.46
Train Loss 0.143
Train Loss 1.478
Train Loss 1.457
Train Loss 1.508
Train Loss 1.455
Train Loss 1.475
Train Loss 1.455
Train Loss 1.471
Epoch  48 | Time   122 | Train Loss 1.4808 | Test Loss 0.001 | Test Error 41.80
Train Loss 0.148
Train Loss 1.466
Train Loss 1.464
Train Loss 1.457
Train Loss 1.474
Train Loss 1.479
Train Loss 1.480
Train Loss 1.457
Epoch  49 | Time   121 | Train Loss 1.4399 | Test Loss 0.001 | Test Error 44.57
Train Loss 0.150
Train Loss 1.466
Train Loss 1.489
Train Loss 1.460
Train Loss 1.505
Train Loss 1.462
Train Loss 1.484
Train Loss 1.445
Epoch  50 | Time   121 | Train Loss 1.4672 | Test Loss 0.001 | Test Error 41.71
Train Loss 0.147
Train Loss 1.464
Train Loss 1.487
Train Loss 1.470
Train Loss 1.430
Train Loss 1.474
Train Loss 1.453
Train Loss 1.458
Epoch  51 | Time   120 | Train Loss 1.4725 | Test Loss 0.001 | Test Error 42.97
Train Loss 0.153
Train Loss 1.457
Train Loss 1.459
Train Loss 1.441
Train Loss 1.491
Train Loss 1.451
Train Loss 1.445
Train Loss 1.435
Epoch  52 | Time   121 | Train Loss 1.4799 | Test Loss 0.001 | Test Error 41.34
Train Loss 0.134
Train Loss 1.445
Train Loss 1.447
Train Loss 1.469
Train Loss 1.440
Train Loss 1.482
Train Loss 1.451
Train Loss 1.464
Epoch  53 | Time   121 | Train Loss 1.4647 | Test Loss 0.001 | Test Error 43.19
Train Loss 0.150
Train Loss 1.432
Train Loss 1.462
Train Loss 1.448
Train Loss 1.441
Train Loss 1.459
Train Loss 1.441
Train Loss 1.467
Epoch  54 | Time   121 | Train Loss 1.4550 | Test Loss 0.001 | Test Error 41.06
Train Loss 0.143
Train Loss 1.422
Train Loss 1.439
Train Loss 1.427
Train Loss 1.445
Train Loss 1.461
Train Loss 1.479
Train Loss 1.444
Epoch  55 | Time   121 | Train Loss 1.4688 | Test Loss 0.001 | Test Error 41.95
Train Loss 0.140
Train Loss 1.408
Train Loss 1.448
Train Loss 1.413
Train Loss 1.432
Train Loss 1.487
Train Loss 1.460
Train Loss 1.436
Epoch  56 | Time   121 | Train Loss 1.4586 | Test Loss 0.001 | Test Error 42.44
Train Loss 0.141
Train Loss 1.451
Train Loss 1.473
Train Loss 1.444
Train Loss 1.432
Train Loss 1.457
Train Loss 1.418
Train Loss 1.423
Epoch  57 | Time   120 | Train Loss 1.4585 | Test Loss 0.001 | Test Error 41.51
Train Loss 0.160
Train Loss 1.417
Train Loss 1.483
Train Loss 1.415
Train Loss 1.453
Train Loss 1.447
Train Loss 1.424
Train Loss 1.426
Epoch  58 | Time   121 | Train Loss 1.4490 | Test Loss 0.001 | Test Error 40.82
Train Loss 0.149
Train Loss 1.426
Train Loss 1.412
Train Loss 1.434
Train Loss 1.419
Train Loss 1.443
Train Loss 1.415
Train Loss 1.425
Epoch  59 | Time   121 | Train Loss 1.4204 | Test Loss 0.001 | Test Error 41.24
Train Loss 0.134
Train Loss 1.398
Train Loss 1.405
Train Loss 1.431
Train Loss 1.398
Train Loss 1.438
Train Loss 1.448
Train Loss 1.440
Epoch  60 | Time   120 | Train Loss 1.4400 | Test Loss 0.001 | Test Error 41.12
Train Loss 0.152
Train Loss 1.437
Train Loss 1.418
Train Loss 1.426
Train Loss 1.425
Train Loss 1.402
Train Loss 1.399
Train Loss 1.434
Epoch  61 | Time   121 | Train Loss 1.4401 | Test Loss 0.001 | Test Error 41.38
Train Loss 0.146
Train Loss 1.419
Train Loss 1.416
Train Loss 1.436
Train Loss 1.451
Train Loss 1.442
Train Loss 1.411
Train Loss 1.426
Epoch  62 | Time   121 | Train Loss 1.4153 | Test Loss 0.001 | Test Error 40.80
Train Loss 0.135
Train Loss 1.388
Train Loss 1.419
Train Loss 1.454
Train Loss 1.404
Train Loss 1.402
Train Loss 1.417
Train Loss 1.406
Epoch  63 | Time   121 | Train Loss 1.4082 | Test Loss 0.001 | Test Error 40.37
Train Loss 0.149
Train Loss 1.435
Train Loss 1.419
Train Loss 1.421
Train Loss 1.410
Train Loss 1.412
Train Loss 1.419
Train Loss 1.411
Epoch  64 | Time   121 | Train Loss 1.4571 | Test Loss 0.001 | Test Error 43.87
Train Loss 0.152
Train Loss 1.418
Train Loss 1.400
Train Loss 1.415
Train Loss 1.436
Train Loss 1.403
Train Loss 1.418
Train Loss 1.386
Epoch  65 | Time   121 | Train Loss 1.4536 | Test Loss 0.001 | Test Error 41.34
Train Loss 0.156
Train Loss 1.459
Train Loss 1.416
Train Loss 1.392
Train Loss 1.392
Train Loss 1.392
Train Loss 1.423
Train Loss 1.360
Epoch  66 | Time   121 | Train Loss 1.4146 | Test Loss 0.001 | Test Error 39.21
Train Loss 0.140
Train Loss 1.380
Train Loss 1.404
Train Loss 1.424
Train Loss 1.434
Train Loss 1.361
Train Loss 1.410
Train Loss 1.399
Epoch  67 | Time   121 | Train Loss 1.4191 | Test Loss 0.001 | Test Error 39.84
Train Loss 0.138
Train Loss 1.369
Train Loss 1.443
Train Loss 1.414
Train Loss 1.399
Train Loss 1.418
Train Loss 1.414
Train Loss 1.398
Epoch  68 | Time   122 | Train Loss 1.4056 | Test Loss 0.001 | Test Error 39.07
Train Loss 0.141
Train Loss 1.354
Train Loss 1.379
Train Loss 1.364
Train Loss 1.382
Train Loss 1.407
Train Loss 1.412
Train Loss 1.377
Epoch  69 | Time   121 | Train Loss 1.3743 | Test Loss 0.001 | Test Error 39.91
Train Loss 0.146
Train Loss 1.386
Train Loss 1.376
Train Loss 1.386
Train Loss 1.398
Train Loss 1.397
Train Loss 1.393
Train Loss 1.391
Epoch  70 | Time   121 | Train Loss 1.4225 | Test Loss 0.001 | Test Error 39.50
Train Loss 0.139
Train Loss 1.377
Train Loss 1.401
Train Loss 1.378
Train Loss 1.381
Train Loss 1.359
Train Loss 1.391
Train Loss 1.369
Epoch  71 | Time   121 | Train Loss 1.3958 | Test Loss 0.001 | Test Error 38.41
Train Loss 0.134
Train Loss 1.395
Train Loss 1.401
Train Loss 1.412
Train Loss 1.385
Train Loss 1.375
Train Loss 1.420
Train Loss 1.367
Epoch  72 | Time   121 | Train Loss 1.3711 | Test Loss 0.001 | Test Error 38.85
Train Loss 0.134
Train Loss 1.372
Train Loss 1.377
Train Loss 1.370
Train Loss 1.340
Train Loss 1.403
Train Loss 1.375
Train Loss 1.402
Epoch  73 | Time   121 | Train Loss 1.3581 | Test Loss 0.001 | Test Error 39.24
Train Loss 0.137
Train Loss 1.396
Train Loss 1.378
Train Loss 1.356
Train Loss 1.351
Train Loss 1.377
Train Loss 1.398
Train Loss 1.410
Epoch  74 | Time   121 | Train Loss 1.3497 | Test Loss 0.001 | Test Error 38.44
Train Loss 0.133
Train Loss 1.389
Train Loss 1.384
Train Loss 1.389
Train Loss 1.398
Train Loss 1.329
Train Loss 1.404
Train Loss 1.368
Epoch  75 | Time   121 | Train Loss 1.3893 | Test Loss 0.001 | Test Error 38.52
Train Loss 0.128
Train Loss 1.350
Train Loss 1.379
Train Loss 1.389
Train Loss 1.378
Train Loss 1.361
Train Loss 1.381
Train Loss 1.368
Epoch  76 | Time   123 | Train Loss 1.3870 | Test Loss 0.001 | Test Error 38.26
Train Loss 0.141
Train Loss 1.384
Train Loss 1.392
Train Loss 1.377
Train Loss 1.387
Train Loss 1.365
Train Loss 1.348
Train Loss 1.366
Epoch  77 | Time   121 | Train Loss 1.3675 | Test Loss 0.001 | Test Error 38.44
Train Loss 0.136
Train Loss 1.347
Train Loss 1.343
Train Loss 1.354
Train Loss 1.375
Train Loss 1.352
Train Loss 1.325
Train Loss 1.367
Epoch  78 | Time   120 | Train Loss 1.3304 | Test Loss 0.001 | Test Error 38.11
Train Loss 0.148
Train Loss 1.392
Train Loss 1.358
Train Loss 1.386
Train Loss 1.347
Train Loss 1.356
Train Loss 1.340
Train Loss 1.330
Epoch  79 | Time   120 | Train Loss 1.3374 | Test Loss 0.001 | Test Error 38.02
Train Loss 0.135
Train Loss 1.348
Train Loss 1.354
Train Loss 1.340
Train Loss 1.363
Train Loss 1.340
Train Loss 1.349
Train Loss 1.328
Epoch  80 | Time   121 | Train Loss 1.3583 | Test Loss 0.001 | Test Error 37.13
Train Loss 0.128
Train Loss 1.312
Train Loss 1.349
Train Loss 1.346
Train Loss 1.341
Train Loss 1.331
Train Loss 1.330
Train Loss 1.329
Epoch  81 | Time   121 | Train Loss 1.3680 | Test Loss 0.001 | Test Error 36.98
Train Loss 0.128
Train Loss 1.332
Train Loss 1.341
Train Loss 1.322
Train Loss 1.354
Train Loss 1.338
Train Loss 1.336
Train Loss 1.324
Epoch  82 | Time   120 | Train Loss 1.3482 | Test Loss 0.001 | Test Error 37.07
Train Loss 0.133
Train Loss 1.323
Train Loss 1.343
Train Loss 1.359
Train Loss 1.358
Train Loss 1.341
Train Loss 1.325
Train Loss 1.318
Epoch  83 | Time   121 | Train Loss 1.3690 | Test Loss 0.001 | Test Error 37.49
Train Loss 0.132
Train Loss 1.334
Train Loss 1.333
Train Loss 1.335
Train Loss 1.327
Train Loss 1.318
Train Loss 1.313
Train Loss 1.317
Epoch  84 | Time   121 | Train Loss 1.3307 | Test Loss 0.001 | Test Error 36.82
Train Loss 0.126
Train Loss 1.341
Train Loss 1.340
Train Loss 1.332
Train Loss 1.330
Train Loss 1.357
Train Loss 1.314
Train Loss 1.307
Epoch  85 | Time   121 | Train Loss 1.3357 | Test Loss 0.001 | Test Error 37.21
Train Loss 0.122
Train Loss 1.336
Train Loss 1.350
Train Loss 1.329
Train Loss 1.327
Train Loss 1.331
Train Loss 1.292
Train Loss 1.318
Epoch  86 | Time   120 | Train Loss 1.3167 | Test Loss 0.001 | Test Error 36.26
Train Loss 0.131
Train Loss 1.328
Train Loss 1.312
Train Loss 1.332
Train Loss 1.317
Train Loss 1.330
Train Loss 1.292
Train Loss 1.317
Epoch  87 | Time   120 | Train Loss 1.3071 | Test Loss 0.001 | Test Error 35.92
Train Loss 0.142
Train Loss 1.304
Train Loss 1.310
Train Loss 1.333
Train Loss 1.305
Train Loss 1.298
Train Loss 1.300
Train Loss 1.313
Epoch  88 | Time   121 | Train Loss 1.3344 | Test Loss 0.001 | Test Error 36.17
Train Loss 0.126
Train Loss 1.303
Train Loss 1.323
Train Loss 1.305
Train Loss 1.329
Train Loss 1.297
Train Loss 1.324
Train Loss 1.309
Epoch  89 | Time   122 | Train Loss 1.3102 | Test Loss 0.001 | Test Error 36.56
Train Loss 0.149
Train Loss 1.282
Train Loss 1.312
Train Loss 1.301
Train Loss 1.284
Train Loss 1.305
Train Loss 1.322
Train Loss 1.314
Epoch  90 | Time   121 | Train Loss 1.3184 | Test Loss 0.001 | Test Error 36.02
Train Loss 0.136
Train Loss 1.262
Train Loss 1.308
Train Loss 1.313
Train Loss 1.296
Train Loss 1.290
Train Loss 1.273
Train Loss 1.303
Epoch  91 | Time   121 | Train Loss 1.2742 | Test Loss 0.001 | Test Error 35.73
Train Loss 0.126
Train Loss 1.280
Train Loss 1.289
Train Loss 1.292
Train Loss 1.321
Train Loss 1.304
Train Loss 1.302
Train Loss 1.305
Epoch  92 | Time   121 | Train Loss 1.2973 | Test Loss 0.001 | Test Error 35.78
Train Loss 0.124
Train Loss 1.268
Train Loss 1.288
Train Loss 1.316
Train Loss 1.282
Train Loss 1.294
Train Loss 1.299
Train Loss 1.326
Epoch  93 | Time   121 | Train Loss 1.2761 | Test Loss 0.001 | Test Error 35.26
Train Loss 0.129
Train Loss 1.270
Train Loss 1.291
Train Loss 1.322
Train Loss 1.304
Train Loss 1.266
Train Loss 1.316
Train Loss 1.291
Epoch  94 | Time   120 | Train Loss 1.2897 | Test Loss 0.001 | Test Error 35.00
Train Loss 0.131
Train Loss 1.289
Train Loss 1.331
Train Loss 1.287
Train Loss 1.264
Train Loss 1.286
Train Loss 1.306
Train Loss 1.314
Epoch  95 | Time   121 | Train Loss 1.2598 | Test Loss 0.001 | Test Error 35.01
Train Loss 0.119
Train Loss 1.293
Train Loss 1.285
Train Loss 1.302
Train Loss 1.269
Train Loss 1.260
Train Loss 1.271
Train Loss 1.309
Epoch  96 | Time   122 | Train Loss 1.2845 | Test Loss 0.001 | Test Error 34.88
Train Loss 0.133
Train Loss 1.320
Train Loss 1.251
Train Loss 1.285
Train Loss 1.272
Train Loss 1.290
Train Loss 1.282
Train Loss 1.242
Epoch  97 | Time   121 | Train Loss 1.2736 | Test Loss 0.001 | Test Error 34.98
Train Loss 0.126
Train Loss 1.261
Train Loss 1.270
Train Loss 1.313
Train Loss 1.326
Train Loss 1.255
Train Loss 1.285
Train Loss 1.284
Epoch  98 | Time   121 | Train Loss 1.2970 | Test Loss 0.001 | Test Error 34.98
Train Loss 0.124
Train Loss 1.293
Train Loss 1.310
Train Loss 1.272
Train Loss 1.268
Train Loss 1.287
Train Loss 1.282
Train Loss 1.309
Epoch  99 | Time   121 | Train Loss 1.2715 | Test Loss 0.001 | Test Error 35.04
Train Loss 0.122
Train Loss 1.299
Train Loss 1.304
Train Loss 1.283
Train Loss 1.293
Train Loss 1.282
Train Loss 1.280
Train Loss 1.296
Epoch 100 | Time   120 | Train Loss 1.2670 | Test Loss 0.001 | Test Error 34.95
gaussian_noise
	Test Loss 0.001 | Test Error 38.800
shot_noise
	Test Loss 0.001 | Test Error 37.618
impulse_noise
	Test Loss 0.001 | Test Error 41.540
defocus_blur
	Test Loss 0.001 | Test Error 36.274
glass_blur
	Test Loss 0.001 | Test Error 38.450
motion_blur
	Test Loss 0.001 | Test Error 37.418
zoom_blur
	Test Loss 0.001 | Test Error 37.496
snow
	Test Loss 0.001 | Test Error 40.138
frost
	Test Loss 0.001 | Test Error 43.260
fog
	Test Loss 0.001 | Test Error 46.002
brightness
	Test Loss 0.001 | Test Error 37.986
contrast
	Test Loss 0.002 | Test Error 52.652
elastic_transform
	Test Loss 0.001 | Test Error 38.392
pixelate
	Test Loss 0.001 | Test Error 35.604
jpeg_compression
	Test Loss 0.001 | Test Error 36.650
Mean Corruption Error: 39.885
