Files already downloaded and verified
Files already downloaded and verified
Beginning training from epoch: 1
/home/g054727/.local/lib/python3.7/site-packages/torch/utils/data/dataloader.py:490: UserWarning: This DataLoader will create 4 worker processes in total. Our suggested max number of worker in current system is 2, which is smaller than what this DataLoader is going to create. Please be aware that excessive worker creation might get DataLoader running slow or even freeze, lower the worker number to avoid potential slowness/freeze if necessary.
  cpuset_checked))
Train Loss 0.304
Train Loss 2.782
Train Loss 2.317
Train Loss 2.120
Train Loss 1.970
Train Loss 1.892
Train Loss 1.820
Train Loss 1.792
Epoch   1 | Time   118 | Train Loss 1.7638 | Test Loss 0.002 | Test Error 58.61
Train Loss 0.170
Train Loss 1.732
Train Loss 1.720
Train Loss 1.655
Train Loss 1.679
Train Loss 1.626
Train Loss 1.580
Train Loss 1.594
Epoch   2 | Time   110 | Train Loss 1.5717 | Test Loss 0.001 | Test Error 51.05
Train Loss 0.150
Train Loss 1.541
Train Loss 1.499
Train Loss 1.507
Train Loss 1.428
Train Loss 1.501
Train Loss 1.413
Train Loss 1.422
Epoch   3 | Time   110 | Train Loss 1.4105 | Test Loss 0.001 | Test Error 43.62
Train Loss 0.148
Train Loss 1.408
Train Loss 1.380
Train Loss 1.380
Train Loss 1.349
Train Loss 1.317
Train Loss 1.330
Train Loss 1.323
Epoch   4 | Time   110 | Train Loss 1.3299 | Test Loss 0.001 | Test Error 36.81
Train Loss 0.133
Train Loss 1.284
Train Loss 1.283
Train Loss 1.271
Train Loss 1.250
Train Loss 1.244
Train Loss 1.266
Train Loss 1.257
Epoch   5 | Time   110 | Train Loss 1.2308 | Test Loss 0.001 | Test Error 33.81
Train Loss 0.105
Train Loss 1.238
Train Loss 1.209
Train Loss 1.198
Train Loss 1.232
Train Loss 1.210
Train Loss 1.204
Train Loss 1.207
Epoch   6 | Time   110 | Train Loss 1.1945 | Test Loss 0.001 | Test Error 31.04
Train Loss 0.098
Train Loss 1.136
Train Loss 1.188
Train Loss 1.178
Train Loss 1.176
Train Loss 1.132
Train Loss 1.117
Train Loss 1.158
Epoch   7 | Time   110 | Train Loss 1.1592 | Test Loss 0.001 | Test Error 29.92
Train Loss 0.105
Train Loss 1.137
Train Loss 1.148
Train Loss 1.132
Train Loss 1.098
Train Loss 1.137
Train Loss 1.101
Train Loss 1.114
Epoch   8 | Time   109 | Train Loss 1.1580 | Test Loss 0.001 | Test Error 30.98
Train Loss 0.109
Train Loss 1.119
Train Loss 1.094
Train Loss 1.122
Train Loss 1.112
Train Loss 1.109
Train Loss 1.077
Train Loss 1.105
Epoch   9 | Time   110 | Train Loss 1.1079 | Test Loss 0.001 | Test Error 27.84
Train Loss 0.113
Train Loss 1.082
Train Loss 1.074
Train Loss 1.066
Train Loss 1.060
Train Loss 1.099
Train Loss 1.059
Train Loss 1.057
Epoch  10 | Time   110 | Train Loss 1.0918 | Test Loss 0.001 | Test Error 27.62
Train Loss 0.100
Train Loss 1.078
Train Loss 1.072
Train Loss 1.072
Train Loss 1.049
Train Loss 1.085
Train Loss 1.084
Train Loss 1.045
Epoch  11 | Time   109 | Train Loss 1.0549 | Test Loss 0.001 | Test Error 28.77
Train Loss 0.101
Train Loss 1.053
Train Loss 1.040
Train Loss 1.017
Train Loss 1.040
Train Loss 1.029
Train Loss 1.073
Train Loss 1.026
Epoch  12 | Time   110 | Train Loss 1.0544 | Test Loss 0.001 | Test Error 26.16
Train Loss 0.107
Train Loss 1.001
Train Loss 1.045
Train Loss 1.020
Train Loss 1.019
Train Loss 1.022
Train Loss 1.057
Train Loss 1.050
Epoch  13 | Time   110 | Train Loss 1.0539 | Test Loss 0.001 | Test Error 26.57
Train Loss 0.098
Train Loss 1.013
Train Loss 1.019
Train Loss 1.017
Train Loss 0.983
Train Loss 1.022
Train Loss 0.989
Train Loss 1.059
Epoch  14 | Time   110 | Train Loss 0.9902 | Test Loss 0.001 | Test Error 31.91
Train Loss 0.096
Train Loss 0.982
Train Loss 1.026
Train Loss 1.016
Train Loss 1.001
Train Loss 1.028
Train Loss 1.019
Train Loss 0.990
Epoch  15 | Time   109 | Train Loss 0.9889 | Test Loss 0.001 | Test Error 25.80
Train Loss 0.101
Train Loss 0.976
Train Loss 0.973
Train Loss 0.989
Train Loss 0.986
Train Loss 1.013
Train Loss 0.987
Train Loss 0.987
Epoch  16 | Time   109 | Train Loss 0.9959 | Test Loss 0.001 | Test Error 26.62
Train Loss 0.077
Train Loss 0.973
Train Loss 0.981
Train Loss 0.990
Train Loss 0.976
Train Loss 0.986
Train Loss 0.988
Train Loss 0.990
Epoch  17 | Time   110 | Train Loss 0.9794 | Test Loss 0.001 | Test Error 30.57
Train Loss 0.080
Train Loss 0.937
Train Loss 0.972
Train Loss 0.992
Train Loss 0.952
Train Loss 1.007
Train Loss 0.980
Train Loss 0.988
Epoch  18 | Time   110 | Train Loss 1.0223 | Test Loss 0.001 | Test Error 23.14
Train Loss 0.095
Train Loss 0.952
Train Loss 0.953
Train Loss 0.975
Train Loss 1.035
Train Loss 1.000
Train Loss 1.004
Train Loss 0.980
Epoch  19 | Time   109 | Train Loss 0.9537 | Test Loss 0.001 | Test Error 22.61
Train Loss 0.108
Train Loss 0.966
Train Loss 0.929
Train Loss 1.005
Train Loss 0.979
Train Loss 0.982
Train Loss 0.965
Train Loss 0.994
Epoch  20 | Time   109 | Train Loss 0.9664 | Test Loss 0.001 | Test Error 23.37
Train Loss 0.095
Train Loss 0.940
Train Loss 0.956
Train Loss 0.966
Train Loss 0.976
Train Loss 0.965
Train Loss 0.938
Train Loss 0.924
Epoch  21 | Time   109 | Train Loss 0.9819 | Test Loss 0.001 | Test Error 25.23
Train Loss 0.095
Train Loss 0.927
Train Loss 0.947
Train Loss 0.943
Train Loss 0.974
Train Loss 0.945
Train Loss 0.935
Train Loss 0.979
Epoch  22 | Time   109 | Train Loss 0.9465 | Test Loss 0.001 | Test Error 23.12
Train Loss 0.091
Train Loss 0.935
Train Loss 0.906
Train Loss 0.964
Train Loss 0.946
Train Loss 0.969
Train Loss 0.918
Train Loss 0.958
Epoch  23 | Time   110 | Train Loss 0.9511 | Test Loss 0.001 | Test Error 22.06
Train Loss 0.087
Train Loss 0.907
Train Loss 0.988
Train Loss 0.947
Train Loss 0.942
Train Loss 0.916
Train Loss 0.892
Train Loss 0.903
Epoch  24 | Time   110 | Train Loss 0.9480 | Test Loss 0.001 | Test Error 23.20
Train Loss 0.103
Train Loss 0.909
Train Loss 0.928
Train Loss 0.951
Train Loss 0.924
Train Loss 0.936
Train Loss 0.967
Train Loss 0.908
Epoch  25 | Time   110 | Train Loss 0.9574 | Test Loss 0.001 | Test Error 22.73
Train Loss 0.084
Train Loss 0.920
Train Loss 0.908
Train Loss 0.928
Train Loss 0.913
Train Loss 0.951
Train Loss 0.951
Train Loss 0.926
Epoch  26 | Time   109 | Train Loss 0.9265 | Test Loss 0.001 | Test Error 23.80
Train Loss 0.087
Train Loss 0.893
Train Loss 0.925
Train Loss 0.963
Train Loss 0.939
Train Loss 0.923
Train Loss 0.939
Train Loss 0.961
Epoch  27 | Time   110 | Train Loss 0.9412 | Test Loss 0.001 | Test Error 25.00
Train Loss 0.086
Train Loss 0.867
Train Loss 0.937
Train Loss 0.901
Train Loss 0.918
Train Loss 0.909
Train Loss 0.907
Train Loss 0.927
Epoch  28 | Time   110 | Train Loss 0.9244 | Test Loss 0.001 | Test Error 23.46
Train Loss 0.093
Train Loss 0.895
Train Loss 0.905
Train Loss 0.946
Train Loss 0.882
Train Loss 0.952
Train Loss 0.933
Train Loss 0.919
Epoch  29 | Time   109 | Train Loss 0.9329 | Test Loss 0.001 | Test Error 23.20
Train Loss 0.083
Train Loss 0.906
Train Loss 0.906
Train Loss 0.873
Train Loss 0.905
Train Loss 0.899
Train Loss 0.898
Train Loss 0.910
Epoch  30 | Time   110 | Train Loss 0.8952 | Test Loss 0.001 | Test Error 23.37
Train Loss 0.088
Train Loss 0.893
Train Loss 0.867
Train Loss 0.850
Train Loss 0.928
Train Loss 0.904
Train Loss 0.938
Train Loss 0.872
Epoch  31 | Time   110 | Train Loss 0.9060 | Test Loss 0.001 | Test Error 23.60
Train Loss 0.082
Train Loss 0.910
Train Loss 0.904
Train Loss 0.875
Train Loss 0.882
Train Loss 0.878
Train Loss 0.936
Train Loss 0.898
Epoch  32 | Time   110 | Train Loss 0.9083 | Test Loss 0.001 | Test Error 22.59
Train Loss 0.094
Train Loss 0.864
Train Loss 0.898
Train Loss 0.910
Train Loss 0.887
Train Loss 0.879
Train Loss 0.869
Train Loss 0.901
Epoch  33 | Time   110 | Train Loss 0.9116 | Test Loss 0.001 | Test Error 21.86
Train Loss 0.088
Train Loss 0.893
Train Loss 0.875
Train Loss 0.908
Train Loss 0.898
Train Loss 0.886
Train Loss 0.860
Train Loss 0.888
Epoch  34 | Time   110 | Train Loss 0.8839 | Test Loss 0.001 | Test Error 23.50
Train Loss 0.090
Train Loss 0.867
Train Loss 0.836
Train Loss 0.874
Train Loss 0.871
Train Loss 0.902
Train Loss 0.858
Train Loss 0.867
Epoch  35 | Time   109 | Train Loss 0.8928 | Test Loss 0.001 | Test Error 20.89
Train Loss 0.078
Train Loss 0.863
Train Loss 0.860
Train Loss 0.849
Train Loss 0.861
Train Loss 0.878
Train Loss 0.882
Train Loss 0.867
Epoch  36 | Time   110 | Train Loss 0.8810 | Test Loss 0.001 | Test Error 27.30
Train Loss 0.083
Train Loss 0.850
Train Loss 0.876
Train Loss 0.894
Train Loss 0.888
Train Loss 0.877
Train Loss 0.869
Train Loss 0.881
Epoch  37 | Time   110 | Train Loss 0.8612 | Test Loss 0.001 | Test Error 25.46
Train Loss 0.082
Train Loss 0.903
Train Loss 0.823
Train Loss 0.865
Train Loss 0.876
Train Loss 0.859
Train Loss 0.850
Train Loss 0.867
Epoch  38 | Time   110 | Train Loss 0.8959 | Test Loss 0.001 | Test Error 21.81
Train Loss 0.089
Train Loss 0.852
Train Loss 0.838
Train Loss 0.843
Train Loss 0.859
Train Loss 0.860
Train Loss 0.874
Train Loss 0.899
Epoch  39 | Time   109 | Train Loss 0.8560 | Test Loss 0.001 | Test Error 20.87
Train Loss 0.083
Train Loss 0.797
Train Loss 0.854
Train Loss 0.847
Train Loss 0.840
Train Loss 0.856
Train Loss 0.846
Train Loss 0.850
Epoch  40 | Time   110 | Train Loss 0.8532 | Test Loss 0.001 | Test Error 20.80
Train Loss 0.090
Train Loss 0.842
Train Loss 0.869
Train Loss 0.871
Train Loss 0.833
Train Loss 0.825
Train Loss 0.881
Train Loss 0.860
Epoch  41 | Time   109 | Train Loss 0.8741 | Test Loss 0.001 | Test Error 21.98
Train Loss 0.074
Train Loss 0.780
Train Loss 0.859
Train Loss 0.864
Train Loss 0.821
Train Loss 0.808
Train Loss 0.848
Train Loss 0.856
Epoch  42 | Time   109 | Train Loss 0.8409 | Test Loss 0.001 | Test Error 20.84
Train Loss 0.085
Train Loss 0.840
Train Loss 0.858
Train Loss 0.804
Train Loss 0.826
Train Loss 0.847
Train Loss 0.856
Train Loss 0.817
Epoch  43 | Time   109 | Train Loss 0.8720 | Test Loss 0.001 | Test Error 21.98
Train Loss 0.094
Train Loss 0.828
Train Loss 0.857
Train Loss 0.850
Train Loss 0.820
Train Loss 0.845
Train Loss 0.825
Train Loss 0.822
Epoch  44 | Time   109 | Train Loss 0.8059 | Test Loss 0.001 | Test Error 22.72
Train Loss 0.087
Train Loss 0.809
Train Loss 0.835
Train Loss 0.843
Train Loss 0.826
Train Loss 0.825
Train Loss 0.827
Train Loss 0.838
Epoch  45 | Time   110 | Train Loss 0.8251 | Test Loss 0.001 | Test Error 20.54
Train Loss 0.078
Train Loss 0.852
Train Loss 0.809
Train Loss 0.863
Train Loss 0.800
Train Loss 0.814
Train Loss 0.822
Train Loss 0.853
Epoch  46 | Time   110 | Train Loss 0.7947 | Test Loss 0.001 | Test Error 20.44
Train Loss 0.087
Train Loss 0.815
Train Loss 0.824
Train Loss 0.804
Train Loss 0.811
Train Loss 0.846
Train Loss 0.819
Train Loss 0.813
Epoch  47 | Time   110 | Train Loss 0.8215 | Test Loss 0.001 | Test Error 19.63
Train Loss 0.065
Train Loss 0.831
Train Loss 0.787
Train Loss 0.798
Train Loss 0.797
Train Loss 0.819
Train Loss 0.805
Train Loss 0.805
Epoch  48 | Time   109 | Train Loss 0.8719 | Test Loss 0.001 | Test Error 22.16
Train Loss 0.063
Train Loss 0.764
Train Loss 0.843
Train Loss 0.847
Train Loss 0.815
Train Loss 0.810
Train Loss 0.790
Train Loss 0.805
Epoch  49 | Time   110 | Train Loss 0.7928 | Test Loss 0.001 | Test Error 20.69
Train Loss 0.068
Train Loss 0.780
Train Loss 0.784
Train Loss 0.799
Train Loss 0.797
Train Loss 0.838
Train Loss 0.775
Train Loss 0.814
Epoch  50 | Time   110 | Train Loss 0.7836 | Test Loss 0.001 | Test Error 20.15
Train Loss 0.064
Train Loss 0.753
Train Loss 0.783
Train Loss 0.808
Train Loss 0.766
Train Loss 0.803
Train Loss 0.787
Train Loss 0.806
Epoch  51 | Time   110 | Train Loss 0.8064 | Test Loss 0.001 | Test Error 19.32
Train Loss 0.069
Train Loss 0.791
Train Loss 0.781
Train Loss 0.823
Train Loss 0.775
Train Loss 0.798
Train Loss 0.786
Train Loss 0.772
Epoch  52 | Time   109 | Train Loss 0.7766 | Test Loss 0.001 | Test Error 20.25
Train Loss 0.064
Train Loss 0.756
Train Loss 0.775
Train Loss 0.758
Train Loss 0.798
Train Loss 0.783
Train Loss 0.758
Train Loss 0.791
Epoch  53 | Time   110 | Train Loss 0.7640 | Test Loss 0.001 | Test Error 20.42
Train Loss 0.075
Train Loss 0.744
Train Loss 0.784
Train Loss 0.801
Train Loss 0.770
Train Loss 0.756
Train Loss 0.747
Train Loss 0.777
Epoch  54 | Time   110 | Train Loss 0.8149 | Test Loss 0.001 | Test Error 18.37
Train Loss 0.080
Train Loss 0.767
Train Loss 0.778
Train Loss 0.748
Train Loss 0.745
Train Loss 0.768
Train Loss 0.773
Train Loss 0.749
Epoch  55 | Time   110 | Train Loss 0.7774 | Test Loss 0.001 | Test Error 17.99
Train Loss 0.083
Train Loss 0.751
Train Loss 0.754
Train Loss 0.740
Train Loss 0.786
Train Loss 0.796
Train Loss 0.748
Train Loss 0.758
Epoch  56 | Time   109 | Train Loss 0.7688 | Test Loss 0.001 | Test Error 18.18
Train Loss 0.077
Train Loss 0.744
Train Loss 0.705
Train Loss 0.749
Train Loss 0.746
Train Loss 0.763
Train Loss 0.757
Train Loss 0.751
Epoch  57 | Time   110 | Train Loss 0.7616 | Test Loss 0.001 | Test Error 17.95
Train Loss 0.074
Train Loss 0.746
Train Loss 0.754
Train Loss 0.755
Train Loss 0.754
Train Loss 0.748
Train Loss 0.768
Train Loss 0.704
Epoch  58 | Time   110 | Train Loss 0.7548 | Test Loss 0.001 | Test Error 17.65
Train Loss 0.073
Train Loss 0.708
Train Loss 0.730
Train Loss 0.740
Train Loss 0.763
Train Loss 0.730
Train Loss 0.701
Train Loss 0.739
Epoch  59 | Time   110 | Train Loss 0.7248 | Test Loss 0.001 | Test Error 17.62
Train Loss 0.058
Train Loss 0.703
Train Loss 0.743
Train Loss 0.708
Train Loss 0.788
Train Loss 0.742
Train Loss 0.720
Train Loss 0.751
Epoch  60 | Time   110 | Train Loss 0.7186 | Test Loss 0.001 | Test Error 17.46
Train Loss 0.068
Train Loss 0.724
Train Loss 0.738
Train Loss 0.747
Train Loss 0.680
Train Loss 0.754
Train Loss 0.694
Train Loss 0.671
Epoch  61 | Time   110 | Train Loss 0.7411 | Test Loss 0.001 | Test Error 18.44
Train Loss 0.078
Train Loss 0.737
Train Loss 0.686
Train Loss 0.721
Train Loss 0.689
Train Loss 0.687
Train Loss 0.716
Train Loss 0.734
Epoch  62 | Time   110 | Train Loss 0.7067 | Test Loss 0.001 | Test Error 17.27
Train Loss 0.083
Train Loss 0.708
Train Loss 0.676
Train Loss 0.731
Train Loss 0.706
Train Loss 0.687
Train Loss 0.744
Train Loss 0.671
Epoch  63 | Time   110 | Train Loss 0.7095 | Test Loss 0.001 | Test Error 16.75
Train Loss 0.066
Train Loss 0.700
Train Loss 0.717
Train Loss 0.693
Train Loss 0.697
Train Loss 0.738
Train Loss 0.729
Train Loss 0.672
Epoch  64 | Time   110 | Train Loss 0.6883 | Test Loss 0.000 | Test Error 15.81
Train Loss 0.057
Train Loss 0.703
Train Loss 0.679
Train Loss 0.723
Train Loss 0.695
Train Loss 0.676
Train Loss 0.711
Train Loss 0.692
Epoch  65 | Time   110 | Train Loss 0.7118 | Test Loss 0.001 | Test Error 16.76
Train Loss 0.079
Train Loss 0.675
Train Loss 0.649
Train Loss 0.670
Train Loss 0.667
Train Loss 0.667
Train Loss 0.721
Train Loss 0.704
Epoch  66 | Time   110 | Train Loss 0.6966 | Test Loss 0.000 | Test Error 15.62
Train Loss 0.079
Train Loss 0.690
Train Loss 0.684
Train Loss 0.643
Train Loss 0.686
Train Loss 0.692
Train Loss 0.663
Train Loss 0.661
Epoch  67 | Time   110 | Train Loss 0.6849 | Test Loss 0.000 | Test Error 16.88
Train Loss 0.062
Train Loss 0.658
Train Loss 0.667
Train Loss 0.675
Train Loss 0.622
Train Loss 0.630
Train Loss 0.662
Train Loss 0.663
Epoch  68 | Time   110 | Train Loss 0.6808 | Test Loss 0.000 | Test Error 15.88
Train Loss 0.055
Train Loss 0.607
Train Loss 0.668
Train Loss 0.632
Train Loss 0.640
Train Loss 0.668
Train Loss 0.662
Train Loss 0.679
Epoch  69 | Time   110 | Train Loss 0.6606 | Test Loss 0.000 | Test Error 16.16
Train Loss 0.068
Train Loss 0.647
Train Loss 0.634
Train Loss 0.690
Train Loss 0.637
Train Loss 0.640
Train Loss 0.663
Train Loss 0.642
Epoch  70 | Time   110 | Train Loss 0.6271 | Test Loss 0.000 | Test Error 15.53
Train Loss 0.061
Train Loss 0.648
Train Loss 0.645
Train Loss 0.621
Train Loss 0.626
Train Loss 0.643
Train Loss 0.644
Train Loss 0.643
Epoch  71 | Time   109 | Train Loss 0.6483 | Test Loss 0.000 | Test Error 15.79
Train Loss 0.057
Train Loss 0.626
Train Loss 0.620
Train Loss 0.616
Train Loss 0.618
Train Loss 0.656
Train Loss 0.622
Train Loss 0.644
Epoch  72 | Time   110 | Train Loss 0.6183 | Test Loss 0.000 | Test Error 15.92
Train Loss 0.043
Train Loss 0.642
Train Loss 0.611
Train Loss 0.641
Train Loss 0.604
Train Loss 0.611
Train Loss 0.602
Train Loss 0.649
Epoch  73 | Time   109 | Train Loss 0.6369 | Test Loss 0.000 | Test Error 15.09
Train Loss 0.054
Train Loss 0.614
Train Loss 0.591
Train Loss 0.620
Train Loss 0.606
Train Loss 0.616
Train Loss 0.646
Train Loss 0.609
Epoch  74 | Time   110 | Train Loss 0.6348 | Test Loss 0.000 | Test Error 14.72
Train Loss 0.046
Train Loss 0.574
Train Loss 0.624
Train Loss 0.581
Train Loss 0.621
Train Loss 0.614
Train Loss 0.579
Train Loss 0.591
Epoch  75 | Time   110 | Train Loss 0.6161 | Test Loss 0.000 | Test Error 14.57
Train Loss 0.067
Train Loss 0.588
Train Loss 0.615
Train Loss 0.593
Train Loss 0.596
Train Loss 0.611
Train Loss 0.575
Train Loss 0.574
Epoch  76 | Time   109 | Train Loss 0.5941 | Test Loss 0.000 | Test Error 14.24
Train Loss 0.057
Train Loss 0.554
Train Loss 0.597
Train Loss 0.596
Train Loss 0.568
Train Loss 0.590
Train Loss 0.591
Train Loss 0.598
Epoch  77 | Time   110 | Train Loss 0.5886 | Test Loss 0.000 | Test Error 14.21
Train Loss 0.067
Train Loss 0.560
Train Loss 0.550
Train Loss 0.578
Train Loss 0.571
Train Loss 0.575
Train Loss 0.578
Train Loss 0.571
Epoch  78 | Time   110 | Train Loss 0.5584 | Test Loss 0.000 | Test Error 14.08
Train Loss 0.044
Train Loss 0.542
Train Loss 0.539
Train Loss 0.583
Train Loss 0.571
Train Loss 0.540
Train Loss 0.580
Train Loss 0.590
Epoch  79 | Time   110 | Train Loss 0.5533 | Test Loss 0.000 | Test Error 13.77
Train Loss 0.063
Train Loss 0.525
Train Loss 0.558
Train Loss 0.559
Train Loss 0.533
Train Loss 0.542
Train Loss 0.523
Train Loss 0.554
Epoch  80 | Time   110 | Train Loss 0.5731 | Test Loss 0.000 | Test Error 14.46
Train Loss 0.057
Train Loss 0.525
Train Loss 0.520
Train Loss 0.521
Train Loss 0.551
Train Loss 0.530
Train Loss 0.540
Train Loss 0.546
Epoch  81 | Time   110 | Train Loss 0.5159 | Test Loss 0.000 | Test Error 14.03
Train Loss 0.078
Train Loss 0.532
Train Loss 0.517
Train Loss 0.498
Train Loss 0.536
Train Loss 0.517
Train Loss 0.530
Train Loss 0.545
Epoch  82 | Time   110 | Train Loss 0.5354 | Test Loss 0.000 | Test Error 13.01
Train Loss 0.043
Train Loss 0.525
Train Loss 0.545
Train Loss 0.532
Train Loss 0.517
Train Loss 0.511
Train Loss 0.520
Train Loss 0.504
Epoch  83 | Time   109 | Train Loss 0.4863 | Test Loss 0.000 | Test Error 13.18
Train Loss 0.041
Train Loss 0.510
Train Loss 0.491
Train Loss 0.500
Train Loss 0.497
Train Loss 0.502
Train Loss 0.493
Train Loss 0.487
Epoch  84 | Time   110 | Train Loss 0.5037 | Test Loss 0.000 | Test Error 12.61
Train Loss 0.043
Train Loss 0.494
Train Loss 0.489
Train Loss 0.486
Train Loss 0.494
Train Loss 0.482
Train Loss 0.517
Train Loss 0.479
Epoch  85 | Time   110 | Train Loss 0.4862 | Test Loss 0.000 | Test Error 12.33
Train Loss 0.041
Train Loss 0.471
Train Loss 0.451
Train Loss 0.520
Train Loss 0.472
Train Loss 0.498
Train Loss 0.483
Train Loss 0.483
Epoch  86 | Time   110 | Train Loss 0.4936 | Test Loss 0.000 | Test Error 11.97
Train Loss 0.037
Train Loss 0.457
Train Loss 0.442
Train Loss 0.485
Train Loss 0.491
Train Loss 0.490
Train Loss 0.465
Train Loss 0.465
Epoch  87 | Time   111 | Train Loss 0.4646 | Test Loss 0.000 | Test Error 12.06
Train Loss 0.047
Train Loss 0.476
Train Loss 0.486
Train Loss 0.434
Train Loss 0.484
Train Loss 0.433
Train Loss 0.451
Train Loss 0.481
Epoch  88 | Time   110 | Train Loss 0.4605 | Test Loss 0.000 | Test Error 12.34
Train Loss 0.055
Train Loss 0.446
Train Loss 0.442
Train Loss 0.424
Train Loss 0.432
Train Loss 0.437
Train Loss 0.433
Train Loss 0.458
Epoch  89 | Time   110 | Train Loss 0.4425 | Test Loss 0.000 | Test Error 11.87
Train Loss 0.046
Train Loss 0.427
Train Loss 0.441
Train Loss 0.432
Train Loss 0.470
Train Loss 0.420
Train Loss 0.445
Train Loss 0.432
Epoch  90 | Time   110 | Train Loss 0.4344 | Test Loss 0.000 | Test Error 11.55
Train Loss 0.039
Train Loss 0.407
Train Loss 0.441
Train Loss 0.438
Train Loss 0.440
Train Loss 0.422
Train Loss 0.440
Train Loss 0.427
Epoch  91 | Time   111 | Train Loss 0.4549 | Test Loss 0.000 | Test Error 11.89
Train Loss 0.027
Train Loss 0.433
Train Loss 0.392
Train Loss 0.406
Train Loss 0.443
Train Loss 0.410
Train Loss 0.440
Train Loss 0.427
Epoch  92 | Time   109 | Train Loss 0.4091 | Test Loss 0.000 | Test Error 11.58
Train Loss 0.048
Train Loss 0.414
Train Loss 0.407
Train Loss 0.391
Train Loss 0.408
Train Loss 0.410
Train Loss 0.424
Train Loss 0.412
Epoch  93 | Time   110 | Train Loss 0.4033 | Test Loss 0.000 | Test Error 11.59
Train Loss 0.034
Train Loss 0.408
Train Loss 0.387
Train Loss 0.397
Train Loss 0.403
Train Loss 0.392
Train Loss 0.413
Train Loss 0.391
Epoch  94 | Time   109 | Train Loss 0.3879 | Test Loss 0.000 | Test Error 11.54
Train Loss 0.038
Train Loss 0.419
Train Loss 0.402
Train Loss 0.390
Train Loss 0.384
Train Loss 0.408
Train Loss 0.389
Train Loss 0.388
Epoch  95 | Time   110 | Train Loss 0.4090 | Test Loss 0.000 | Test Error 11.30
Train Loss 0.036
Train Loss 0.398
Train Loss 0.380
Train Loss 0.399
Train Loss 0.382
Train Loss 0.407
Train Loss 0.376
Train Loss 0.381
Epoch  96 | Time   110 | Train Loss 0.3877 | Test Loss 0.000 | Test Error 11.16
Train Loss 0.038
Train Loss 0.390
Train Loss 0.359
Train Loss 0.385
Train Loss 0.395
Train Loss 0.358
Train Loss 0.415
Train Loss 0.409
Epoch  97 | Time   110 | Train Loss 0.3723 | Test Loss 0.000 | Test Error 11.36
Train Loss 0.038
Train Loss 0.393
Train Loss 0.426
Train Loss 0.369
Train Loss 0.381
Train Loss 0.407
Train Loss 0.385
Train Loss 0.405
Epoch  98 | Time   110 | Train Loss 0.3688 | Test Loss 0.000 | Test Error 11.29
Train Loss 0.042
Train Loss 0.379
Train Loss 0.392
Train Loss 0.367
Train Loss 0.369
Train Loss 0.346
Train Loss 0.401
Train Loss 0.375
Epoch  99 | Time   110 | Train Loss 0.3856 | Test Loss 0.000 | Test Error 11.24
Train Loss 0.027
Train Loss 0.372
Train Loss 0.374
Train Loss 0.397
Train Loss 0.380
Train Loss 0.369
Train Loss 0.376
Train Loss 0.387
Epoch 100 | Time   109 | Train Loss 0.3620 | Test Loss 0.000 | Test Error 11.18
gaussian_noise
	Test Loss 0.001 | Test Error 17.738
shot_noise
	Test Loss 0.000 | Test Error 15.594
impulse_noise
	Test Loss 0.001 | Test Error 23.362
defocus_blur
	Test Loss 0.000 | Test Error 12.888
glass_blur
	Test Loss 0.001 | Test Error 21.200
motion_blur
	Test Loss 0.000 | Test Error 15.052
zoom_blur
	Test Loss 0.000 | Test Error 14.208
snow
	Test Loss 0.001 | Test Error 17.074
frost
	Test Loss 0.000 | Test Error 16.334
fog
	Test Loss 0.001 | Test Error 18.448
brightness
	Test Loss 0.000 | Test Error 12.768
contrast
	Test Loss 0.001 | Test Error 24.554
elastic_transform
	Test Loss 0.000 | Test Error 15.460
pixelate
	Test Loss 0.000 | Test Error 13.578
jpeg_compression
	Test Loss 0.000 | Test Error 14.204
Mean Corruption Error: 16.831
