Files already downloaded and verified
Files already downloaded and verified
Beginning training from epoch: 1
Train Loss 0.304
Train Loss 2.705
Train Loss 2.428
Train Loss 2.084
Train Loss 1.957
Train Loss 1.908
Train Loss 1.866
Train Loss 1.813
Epoch   1 | Time    57 | Train Loss 1.7512 | Test Loss 0.002 | Test Error 57.58
Train Loss 0.171
Train Loss 1.738
Train Loss 1.712
Train Loss 1.644
Train Loss 1.664
Train Loss 1.615
Train Loss 1.570
Train Loss 1.585
Epoch   2 | Time    54 | Train Loss 1.5630 | Test Loss 0.001 | Test Error 51.13
Train Loss 0.152
Train Loss 1.527
Train Loss 1.502
Train Loss 1.516
Train Loss 1.681
Train Loss 1.614
Train Loss 1.506
Train Loss 1.494
Epoch   3 | Time    53 | Train Loss 1.4687 | Test Loss 0.001 | Test Error 45.89
Train Loss 0.152
Train Loss 1.462
Train Loss 1.457
Train Loss 1.419
Train Loss 1.399
Train Loss 1.322
Train Loss 1.372
Train Loss 1.355
Epoch   4 | Time    53 | Train Loss 1.3621 | Test Loss 0.001 | Test Error 41.63
Train Loss 0.134
Train Loss 1.315
Train Loss 1.297
Train Loss 1.311
Train Loss 1.268
Train Loss 1.277
Train Loss 1.287
Train Loss 1.276
Epoch   5 | Time    53 | Train Loss 1.2675 | Test Loss 0.001 | Test Error 35.30
Train Loss 0.112
Train Loss 1.243
Train Loss 1.229
Train Loss 1.215
Train Loss 1.214
Train Loss 1.225
Train Loss 1.200
Train Loss 1.197
Epoch   6 | Time    51 | Train Loss 1.2062 | Test Loss 0.001 | Test Error 31.80
Train Loss 0.095
Train Loss 1.144
Train Loss 1.203
Train Loss 1.190
Train Loss 1.191
Train Loss 1.136
Train Loss 1.116
Train Loss 1.151
Epoch   7 | Time    53 | Train Loss 1.1501 | Test Loss 0.001 | Test Error 31.60
Train Loss 0.111
Train Loss 1.148
Train Loss 1.135
Train Loss 1.151
Train Loss 1.096
Train Loss 1.130
Train Loss 1.092
Train Loss 1.118
Epoch   8 | Time    53 | Train Loss 1.1652 | Test Loss 0.001 | Test Error 30.70
Train Loss 0.110
Train Loss 1.093
Train Loss 1.085
Train Loss 1.122
Train Loss 1.105
Train Loss 1.102
Train Loss 1.074
Train Loss 1.104
Epoch   9 | Time    54 | Train Loss 1.1000 | Test Loss 0.001 | Test Error 29.16
Train Loss 0.117
Train Loss 1.075
Train Loss 1.094
Train Loss 1.064
Train Loss 1.060
Train Loss 1.089
Train Loss 1.038
Train Loss 1.045
Epoch  10 | Time    53 | Train Loss 1.0791 | Test Loss 0.001 | Test Error 30.32
Train Loss 0.106
Train Loss 1.065
Train Loss 1.034
Train Loss 1.056
Train Loss 1.048
Train Loss 1.083
Train Loss 1.074
Train Loss 1.050
Epoch  11 | Time    53 | Train Loss 1.0683 | Test Loss 0.001 | Test Error 28.41
Train Loss 0.103
Train Loss 1.043
Train Loss 1.020
Train Loss 1.012
Train Loss 1.036
Train Loss 1.004
Train Loss 1.078
Train Loss 1.018
Epoch  12 | Time    54 | Train Loss 1.0373 | Test Loss 0.001 | Test Error 26.71
Train Loss 0.105
Train Loss 0.995
Train Loss 1.022
Train Loss 1.002
Train Loss 1.002
Train Loss 1.025
Train Loss 1.040
Train Loss 1.018
Epoch  13 | Time    53 | Train Loss 1.0251 | Test Loss 0.001 | Test Error 26.06
Train Loss 0.097
Train Loss 1.008
Train Loss 1.002
Train Loss 0.985
Train Loss 0.977
Train Loss 1.015
Train Loss 0.978
Train Loss 1.052
Epoch  14 | Time    54 | Train Loss 0.9943 | Test Loss 0.001 | Test Error 27.28
Train Loss 0.087
Train Loss 0.977
Train Loss 1.000
Train Loss 1.006
Train Loss 0.982
Train Loss 1.010
Train Loss 0.978
Train Loss 0.973
Epoch  15 | Time    53 | Train Loss 0.9796 | Test Loss 0.001 | Test Error 25.94
Train Loss 0.094
Train Loss 0.972
Train Loss 0.989
Train Loss 0.984
Train Loss 0.958
Train Loss 0.991
Train Loss 0.984
Train Loss 0.969
Epoch  16 | Time    51 | Train Loss 0.9707 | Test Loss 0.001 | Test Error 27.26
Train Loss 0.082
Train Loss 0.953
Train Loss 0.959
Train Loss 0.980
Train Loss 0.960
Train Loss 0.976
Train Loss 0.951
Train Loss 0.971
Epoch  17 | Time    52 | Train Loss 0.9880 | Test Loss 0.001 | Test Error 28.80
Train Loss 0.088
Train Loss 0.897
Train Loss 0.968
Train Loss 0.976
Train Loss 0.951
Train Loss 0.981
Train Loss 0.970
Train Loss 0.971
Epoch  18 | Time    51 | Train Loss 1.0046 | Test Loss 0.001 | Test Error 25.61
Train Loss 0.094
Train Loss 0.955
Train Loss 0.929
Train Loss 0.959
Train Loss 1.000
Train Loss 0.965
Train Loss 0.999
Train Loss 0.965
Epoch  19 | Time    53 | Train Loss 0.9228 | Test Loss 0.001 | Test Error 22.97
Train Loss 0.112
Train Loss 0.925
Train Loss 0.925
Train Loss 0.987
Train Loss 0.971
Train Loss 0.974
Train Loss 0.982
Train Loss 0.953
Epoch  20 | Time    52 | Train Loss 0.9715 | Test Loss 0.001 | Test Error 23.41
Train Loss 0.088
Train Loss 0.911
Train Loss 0.928
Train Loss 0.943
Train Loss 0.969
Train Loss 0.954
Train Loss 0.945
Train Loss 0.934
Epoch  21 | Time    54 | Train Loss 0.9583 | Test Loss 0.001 | Test Error 24.64
Train Loss 0.089
Train Loss 0.915
Train Loss 0.925
Train Loss 0.939
Train Loss 0.931
Train Loss 0.924
Train Loss 0.908
Train Loss 0.952
Epoch  22 | Time    52 | Train Loss 0.9178 | Test Loss 0.001 | Test Error 24.12
Train Loss 0.090
Train Loss 0.922
Train Loss 0.901
Train Loss 0.963
Train Loss 0.949
Train Loss 0.944
Train Loss 0.926
Train Loss 0.949
Epoch  23 | Time    54 | Train Loss 0.9447 | Test Loss 0.001 | Test Error 22.52
Train Loss 0.089
Train Loss 0.917
Train Loss 0.959
Train Loss 0.906
Train Loss 0.889
Train Loss 0.900
Train Loss 0.894
Train Loss 0.899
Epoch  24 | Time    53 | Train Loss 0.9387 | Test Loss 0.001 | Test Error 25.03
Train Loss 0.106
Train Loss 0.887
Train Loss 0.909
Train Loss 0.913
Train Loss 0.904
Train Loss 0.907
Train Loss 0.955
Train Loss 0.909
Epoch  25 | Time    52 | Train Loss 0.9522 | Test Loss 0.001 | Test Error 26.90
Train Loss 0.087
Train Loss 0.911
Train Loss 0.890
Train Loss 0.921
Train Loss 0.911
Train Loss 0.944
Train Loss 0.928
Train Loss 0.898
Epoch  26 | Time    55 | Train Loss 0.9089 | Test Loss 0.001 | Test Error 21.91
Train Loss 0.084
Train Loss 0.866
Train Loss 0.889
Train Loss 0.933
Train Loss 0.928
Train Loss 0.924
Train Loss 0.907
Train Loss 0.929
Epoch  27 | Time    54 | Train Loss 0.9235 | Test Loss 0.001 | Test Error 26.73
Train Loss 0.087
Train Loss 0.854
Train Loss 0.902
Train Loss 0.859
Train Loss 0.895
Train Loss 0.889
Train Loss 0.896
Train Loss 0.890
Epoch  28 | Time    54 | Train Loss 0.9381 | Test Loss 0.001 | Test Error 24.13
Train Loss 0.085
Train Loss 0.900
Train Loss 0.915
Train Loss 0.919
Train Loss 0.868
Train Loss 0.929
Train Loss 0.891
Train Loss 0.889
Epoch  29 | Time    53 | Train Loss 0.9174 | Test Loss 0.001 | Test Error 23.05
Train Loss 0.082
Train Loss 0.896
Train Loss 0.902
Train Loss 0.859
Train Loss 0.867
Train Loss 0.880
Train Loss 0.878
Train Loss 0.906
Epoch  30 | Time    52 | Train Loss 0.8831 | Test Loss 0.001 | Test Error 23.72
Train Loss 0.085
Train Loss 0.867
Train Loss 0.892
Train Loss 0.833
Train Loss 0.895
Train Loss 0.886
Train Loss 0.911
Train Loss 0.855
Epoch  31 | Time    52 | Train Loss 0.9162 | Test Loss 0.001 | Test Error 23.02
Train Loss 0.080
Train Loss 0.860
Train Loss 0.883
Train Loss 0.856
Train Loss 0.884
Train Loss 0.875
Train Loss 0.886
Train Loss 0.876
Epoch  32 | Time    53 | Train Loss 0.8959 | Test Loss 0.001 | Test Error 22.65
Train Loss 0.085
Train Loss 0.862
Train Loss 0.890
Train Loss 0.858
Train Loss 0.875
Train Loss 0.861
Train Loss 0.876
Train Loss 0.898
Epoch  33 | Time    52 | Train Loss 0.8790 | Test Loss 0.001 | Test Error 22.91
Train Loss 0.076
Train Loss 0.889
Train Loss 0.837
Train Loss 0.874
Train Loss 0.864
Train Loss 0.885
Train Loss 0.837
Train Loss 0.885
Epoch  34 | Time    51 | Train Loss 0.8528 | Test Loss 0.001 | Test Error 22.13
Train Loss 0.086
Train Loss 0.825
Train Loss 0.848
Train Loss 0.868
Train Loss 0.858
Train Loss 0.932
Train Loss 0.846
Train Loss 0.846
Epoch  35 | Time    52 | Train Loss 0.8605 | Test Loss 0.001 | Test Error 20.88
Train Loss 0.079
Train Loss 0.858
Train Loss 0.838
Train Loss 0.837
Train Loss 0.853
Train Loss 0.856
Train Loss 0.871
Train Loss 0.870
Epoch  36 | Time    52 | Train Loss 0.8904 | Test Loss 0.001 | Test Error 26.14
Train Loss 0.075
Train Loss 0.820
Train Loss 0.869
Train Loss 0.866
Train Loss 0.856
Train Loss 0.874
Train Loss 0.872
Train Loss 0.850
Epoch  37 | Time    51 | Train Loss 0.8594 | Test Loss 0.001 | Test Error 22.85
Train Loss 0.084
Train Loss 0.852
Train Loss 0.810
Train Loss 0.833
Train Loss 0.867
Train Loss 0.852
Train Loss 0.841
Train Loss 0.861
Epoch  38 | Time    53 | Train Loss 0.8945 | Test Loss 0.001 | Test Error 21.85
Train Loss 0.084
Train Loss 0.840
Train Loss 0.837
Train Loss 0.821
Train Loss 0.844
Train Loss 0.846
Train Loss 0.868
Train Loss 0.861
Epoch  39 | Time    53 | Train Loss 0.8527 | Test Loss 0.001 | Test Error 21.76
Train Loss 0.092
Train Loss 0.776
Train Loss 0.827
Train Loss 0.838
Train Loss 0.849
Train Loss 0.853
Train Loss 0.839
Train Loss 0.852
Epoch  40 | Time    52 | Train Loss 0.8244 | Test Loss 0.001 | Test Error 21.26
Train Loss 0.083
Train Loss 0.856
Train Loss 0.823
Train Loss 0.856
Train Loss 0.831
Train Loss 0.788
Train Loss 0.888
Train Loss 0.826
Epoch  41 | Time    98 | Train Loss 0.8563 | Test Loss 0.001 | Test Error 21.47
Train Loss 0.072
Train Loss 0.775
Train Loss 0.842
Train Loss 0.865
Train Loss 0.795
Train Loss 0.805
Train Loss 0.844
Train Loss 0.822
Epoch  42 | Time    52 | Train Loss 0.8070 | Test Loss 0.001 | Test Error 22.64
Train Loss 0.083
Train Loss 0.832
Train Loss 0.860
Train Loss 0.778
Train Loss 0.817
Train Loss 0.829
Train Loss 0.824
Train Loss 0.817
Epoch  43 | Time    52 | Train Loss 0.8326 | Test Loss 0.001 | Test Error 21.04
Train Loss 0.084
Train Loss 0.784
Train Loss 0.826
Train Loss 0.816
Train Loss 0.840
Train Loss 0.830
Train Loss 0.831
Train Loss 0.807
Epoch  44 | Time    52 | Train Loss 0.8169 | Test Loss 0.001 | Test Error 22.02
Train Loss 0.086
Train Loss 0.793
Train Loss 0.814
Train Loss 0.830
Train Loss 0.836
Train Loss 0.791
Train Loss 0.823
Train Loss 0.813
Epoch  45 | Time    50 | Train Loss 0.8309 | Test Loss 0.001 | Test Error 20.53
Train Loss 0.078
Train Loss 0.814
Train Loss 0.798
Train Loss 0.822
Train Loss 0.797
Train Loss 0.808
Train Loss 0.828
Train Loss 0.810
Epoch  46 | Time    52 | Train Loss 0.7914 | Test Loss 0.001 | Test Error 19.87
Train Loss 0.081
Train Loss 0.811
Train Loss 0.814
Train Loss 0.812
Train Loss 0.794
Train Loss 0.833
Train Loss 0.811
Train Loss 0.799
Epoch  47 | Time    52 | Train Loss 0.8099 | Test Loss 0.001 | Test Error 21.06
Train Loss 0.069
Train Loss 0.833
Train Loss 0.734
Train Loss 0.791
Train Loss 0.785
Train Loss 0.811
Train Loss 0.793
Train Loss 0.794
Epoch  48 | Time    52 | Train Loss 0.8362 | Test Loss 0.001 | Test Error 22.42
Train Loss 0.064
Train Loss 0.752
Train Loss 0.800
Train Loss 0.834
Train Loss 0.764
Train Loss 0.780
Train Loss 0.769
Train Loss 0.778
Epoch  49 | Time    52 | Train Loss 0.7817 | Test Loss 0.001 | Test Error 19.99
Train Loss 0.064
Train Loss 0.781
Train Loss 0.783
Train Loss 0.787
Train Loss 0.806
Train Loss 0.814
Train Loss 0.758
Train Loss 0.821
Epoch  50 | Time    53 | Train Loss 0.7791 | Test Loss 0.001 | Test Error 20.24
Train Loss 0.061
Train Loss 0.750
Train Loss 0.764
Train Loss 0.783
Train Loss 0.733
Train Loss 0.792
Train Loss 0.777
Train Loss 0.784
Epoch  51 | Time    52 | Train Loss 0.8044 | Test Loss 0.001 | Test Error 18.87
Train Loss 0.072
Train Loss 0.758
Train Loss 0.778
Train Loss 0.826
Train Loss 0.758
Train Loss 0.791
Train Loss 0.762
Train Loss 0.739
Epoch  52 | Time    54 | Train Loss 0.7701 | Test Loss 0.001 | Test Error 18.41
Train Loss 0.070
Train Loss 0.745
Train Loss 0.763
Train Loss 0.729
Train Loss 0.760
Train Loss 0.750
Train Loss 0.756
Train Loss 0.794
Epoch  53 | Time    52 | Train Loss 0.7620 | Test Loss 0.001 | Test Error 19.54
Train Loss 0.081
Train Loss 0.747
Train Loss 0.752
Train Loss 0.775
Train Loss 0.758
Train Loss 0.714
Train Loss 0.743
Train Loss 0.773
Epoch  54 | Time    54 | Train Loss 0.7756 | Test Loss 0.001 | Test Error 19.66
Train Loss 0.080
Train Loss 0.761
Train Loss 0.769
Train Loss 0.753
Train Loss 0.762
Train Loss 0.772
Train Loss 0.756
Train Loss 0.712
Epoch  55 | Time    51 | Train Loss 0.7593 | Test Loss 0.001 | Test Error 19.34
Train Loss 0.086
Train Loss 0.735
Train Loss 0.725
Train Loss 0.709
Train Loss 0.756
Train Loss 0.758
Train Loss 0.718
Train Loss 0.757
Epoch  56 | Time    52 | Train Loss 0.7587 | Test Loss 0.001 | Test Error 18.16
Train Loss 0.080
Train Loss 0.724
Train Loss 0.722
Train Loss 0.738
Train Loss 0.740
Train Loss 0.743
Train Loss 0.727
Train Loss 0.741
Epoch  57 | Time    51 | Train Loss 0.7242 | Test Loss 0.001 | Test Error 18.39
Train Loss 0.073
Train Loss 0.743
Train Loss 0.735
Train Loss 0.736
Train Loss 0.744
Train Loss 0.733
Train Loss 0.753
Train Loss 0.691
Epoch  58 | Time    53 | Train Loss 0.7397 | Test Loss 0.001 | Test Error 18.97
Train Loss 0.072
Train Loss 0.666
Train Loss 0.719
Train Loss 0.700
Train Loss 0.759
Train Loss 0.731
Train Loss 0.686
Train Loss 0.720
Epoch  59 | Time    54 | Train Loss 0.7161 | Test Loss 0.001 | Test Error 19.54
Train Loss 0.059
Train Loss 0.680
Train Loss 0.715
Train Loss 0.678
Train Loss 0.757
Train Loss 0.724
Train Loss 0.707
Train Loss 0.752
Epoch  60 | Time    54 | Train Loss 0.6956 | Test Loss 0.001 | Test Error 17.49
Train Loss 0.071
Train Loss 0.712
Train Loss 0.726
Train Loss 0.722
Train Loss 0.662
Train Loss 0.746
Train Loss 0.680
Train Loss 0.669
Epoch  61 | Time    52 | Train Loss 0.7231 | Test Loss 0.001 | Test Error 17.14
Train Loss 0.071
Train Loss 0.716
Train Loss 0.683
Train Loss 0.701
Train Loss 0.685
Train Loss 0.660
Train Loss 0.706
Train Loss 0.721
Epoch  62 | Time    53 | Train Loss 0.7138 | Test Loss 0.001 | Test Error 19.04
Train Loss 0.074
Train Loss 0.700
Train Loss 0.690
Train Loss 0.717
Train Loss 0.692
Train Loss 0.674
Train Loss 0.719
Train Loss 0.691
Epoch  63 | Time    52 | Train Loss 0.6701 | Test Loss 0.001 | Test Error 16.82
Train Loss 0.064
Train Loss 0.691
Train Loss 0.675
Train Loss 0.704
Train Loss 0.691
Train Loss 0.696
Train Loss 0.710
Train Loss 0.704
Epoch  64 | Time    51 | Train Loss 0.6726 | Test Loss 0.000 | Test Error 16.41
Train Loss 0.055
Train Loss 0.684
Train Loss 0.673
Train Loss 0.703
Train Loss 0.686
Train Loss 0.630
Train Loss 0.676
Train Loss 0.677
Epoch  65 | Time    52 | Train Loss 0.6958 | Test Loss 0.001 | Test Error 16.88
Train Loss 0.067
Train Loss 0.674
Train Loss 0.653
Train Loss 0.669
Train Loss 0.628
Train Loss 0.644
Train Loss 0.698
Train Loss 0.679
Epoch  66 | Time    52 | Train Loss 0.6926 | Test Loss 0.001 | Test Error 16.65
Train Loss 0.066
Train Loss 0.669
Train Loss 0.700
Train Loss 0.625
Train Loss 0.665
Train Loss 0.682
Train Loss 0.651
Train Loss 0.643
Epoch  67 | Time    53 | Train Loss 0.6696 | Test Loss 0.000 | Test Error 16.72
Train Loss 0.058
Train Loss 0.636
Train Loss 0.645
Train Loss 0.656
Train Loss 0.608
Train Loss 0.644
Train Loss 0.666
Train Loss 0.655
Epoch  68 | Time    52 | Train Loss 0.6952 | Test Loss 0.001 | Test Error 18.11
Train Loss 0.055
Train Loss 0.600
Train Loss 0.661
Train Loss 0.611
Train Loss 0.625
Train Loss 0.649
Train Loss 0.651
Train Loss 0.666
Epoch  69 | Time    52 | Train Loss 0.6796 | Test Loss 0.000 | Test Error 16.73
Train Loss 0.067
Train Loss 0.639
Train Loss 0.621
Train Loss 0.676
Train Loss 0.625
Train Loss 0.647
Train Loss 0.632
Train Loss 0.619
Epoch  70 | Time    51 | Train Loss 0.6260 | Test Loss 0.000 | Test Error 15.75
Train Loss 0.075
Train Loss 0.620
Train Loss 0.624
Train Loss 0.604
Train Loss 0.579
Train Loss 0.632
Train Loss 0.636
Train Loss 0.628
Epoch  71 | Time    52 | Train Loss 0.6194 | Test Loss 0.000 | Test Error 15.22
Train Loss 0.050
Train Loss 0.619
Train Loss 0.606
Train Loss 0.604
Train Loss 0.625
Train Loss 0.631
Train Loss 0.616
Train Loss 0.620
Epoch  72 | Time    54 | Train Loss 0.6185 | Test Loss 0.000 | Test Error 16.56
Train Loss 0.052
Train Loss 0.643
Train Loss 0.590
Train Loss 0.635
Train Loss 0.601
Train Loss 0.594
Train Loss 0.606
Train Loss 0.623
Epoch  73 | Time    53 | Train Loss 0.6184 | Test Loss 0.000 | Test Error 15.33
Train Loss 0.051
Train Loss 0.606
Train Loss 0.588
Train Loss 0.609
Train Loss 0.608
Train Loss 0.611
Train Loss 0.647
Train Loss 0.588
Epoch  74 | Time    52 | Train Loss 0.6236 | Test Loss 0.000 | Test Error 15.20
Train Loss 0.053
Train Loss 0.576
Train Loss 0.605
Train Loss 0.589
Train Loss 0.609
Train Loss 0.583
Train Loss 0.566
Train Loss 0.589
Epoch  75 | Time    52 | Train Loss 0.6001 | Test Loss 0.000 | Test Error 14.73
Train Loss 0.078
Train Loss 0.541
Train Loss 0.603
Train Loss 0.622
Train Loss 0.581
Train Loss 0.565
Train Loss 0.598
Train Loss 0.557
Epoch  76 | Time    53 | Train Loss 0.5765 | Test Loss 0.000 | Test Error 14.58
Train Loss 0.061
Train Loss 0.535
Train Loss 0.601
Train Loss 0.586
Train Loss 0.565
Train Loss 0.580
Train Loss 0.575
Train Loss 0.568
Epoch  77 | Time    52 | Train Loss 0.5862 | Test Loss 0.000 | Test Error 14.48
Train Loss 0.062
Train Loss 0.529
Train Loss 0.552
Train Loss 0.583
Train Loss 0.569
Train Loss 0.580
Train Loss 0.559
Train Loss 0.558
Epoch  78 | Time    53 | Train Loss 0.5585 | Test Loss 0.000 | Test Error 14.24
Train Loss 0.049
Train Loss 0.538
Train Loss 0.516
Train Loss 0.561
Train Loss 0.566
Train Loss 0.553
Train Loss 0.566
Train Loss 0.566
Epoch  79 | Time    53 | Train Loss 0.5372 | Test Loss 0.000 | Test Error 13.48
Train Loss 0.061
Train Loss 0.515
Train Loss 0.532
Train Loss 0.546
Train Loss 0.538
Train Loss 0.545
Train Loss 0.509
Train Loss 0.561
Epoch  80 | Time    50 | Train Loss 0.5380 | Test Loss 0.000 | Test Error 13.71
Train Loss 0.047
Train Loss 0.525
Train Loss 0.504
Train Loss 0.511
Train Loss 0.552
Train Loss 0.519
Train Loss 0.536
Train Loss 0.529
Epoch  81 | Time    52 | Train Loss 0.5250 | Test Loss 0.000 | Test Error 14.12
Train Loss 0.067
Train Loss 0.521
Train Loss 0.502
Train Loss 0.493
Train Loss 0.497
Train Loss 0.519
Train Loss 0.520
Train Loss 0.543
Epoch  82 | Time    51 | Train Loss 0.5132 | Test Loss 0.000 | Test Error 13.22
Train Loss 0.057
Train Loss 0.498
Train Loss 0.539
Train Loss 0.517
Train Loss 0.514
Train Loss 0.504
Train Loss 0.497
Train Loss 0.529
Epoch  83 | Time    53 | Train Loss 0.4955 | Test Loss 0.000 | Test Error 13.31
Train Loss 0.040
Train Loss 0.513
Train Loss 0.477
Train Loss 0.506
Train Loss 0.491
Train Loss 0.498
Train Loss 0.486
Train Loss 0.475
Epoch  84 | Time    54 | Train Loss 0.4977 | Test Loss 0.000 | Test Error 12.80
Train Loss 0.046
Train Loss 0.492
Train Loss 0.478
Train Loss 0.481
Train Loss 0.475
Train Loss 0.468
Train Loss 0.508
Train Loss 0.474
Epoch  85 | Time    51 | Train Loss 0.4875 | Test Loss 0.000 | Test Error 12.62
Train Loss 0.043
Train Loss 0.458
Train Loss 0.454
Train Loss 0.501
Train Loss 0.470
Train Loss 0.467
Train Loss 0.474
Train Loss 0.469
Epoch  86 | Time    51 | Train Loss 0.4713 | Test Loss 0.000 | Test Error 12.56
Train Loss 0.037
Train Loss 0.438
Train Loss 0.474
Train Loss 0.463
Train Loss 0.480
Train Loss 0.453
Train Loss 0.443
Train Loss 0.474
Epoch  87 | Time    53 | Train Loss 0.4481 | Test Loss 0.000 | Test Error 12.48
Train Loss 0.050
Train Loss 0.447
Train Loss 0.460
Train Loss 0.440
Train Loss 0.492
Train Loss 0.404
Train Loss 0.468
Train Loss 0.463
Epoch  88 | Time    52 | Train Loss 0.4571 | Test Loss 0.000 | Test Error 11.97
Train Loss 0.054
Train Loss 0.432
Train Loss 0.433
Train Loss 0.440
Train Loss 0.433
Train Loss 0.404
Train Loss 0.409
Train Loss 0.453
Epoch  89 | Time    52 | Train Loss 0.4336 | Test Loss 0.000 | Test Error 11.92
Train Loss 0.043
Train Loss 0.421
Train Loss 0.412
Train Loss 0.420
Train Loss 0.457
Train Loss 0.414
Train Loss 0.429
Train Loss 0.427
Epoch  90 | Time    53 | Train Loss 0.4080 | Test Loss 0.000 | Test Error 11.72
Train Loss 0.036
Train Loss 0.410
Train Loss 0.422
Train Loss 0.438
Train Loss 0.423
Train Loss 0.431
Train Loss 0.427
Train Loss 0.416
Epoch  91 | Time    52 | Train Loss 0.4230 | Test Loss 0.000 | Test Error 11.83
Train Loss 0.027
Train Loss 0.430
Train Loss 0.403
Train Loss 0.384
Train Loss 0.432
Train Loss 0.412
Train Loss 0.422
Train Loss 0.414
Epoch  92 | Time    51 | Train Loss 0.3893 | Test Loss 0.000 | Test Error 11.47
Train Loss 0.052
Train Loss 0.407
Train Loss 0.399
Train Loss 0.376
Train Loss 0.404
Train Loss 0.407
Train Loss 0.411
Train Loss 0.385
Epoch  93 | Time    53 | Train Loss 0.3831 | Test Loss 0.000 | Test Error 11.40
Train Loss 0.037
Train Loss 0.405
Train Loss 0.380
Train Loss 0.387
Train Loss 0.398
Train Loss 0.377
Train Loss 0.408
Train Loss 0.384
Epoch  94 | Time    51 | Train Loss 0.3822 | Test Loss 0.000 | Test Error 11.21
Train Loss 0.038
Train Loss 0.419
Train Loss 0.393
Train Loss 0.373
Train Loss 0.390
Train Loss 0.408
Train Loss 0.395
Train Loss 0.376
Epoch  95 | Time    54 | Train Loss 0.3920 | Test Loss 0.000 | Test Error 11.19
Train Loss 0.032
Train Loss 0.373
Train Loss 0.354
Train Loss 0.381
Train Loss 0.366
Train Loss 0.380
Train Loss 0.368
Train Loss 0.374
Epoch  96 | Time    51 | Train Loss 0.3857 | Test Loss 0.000 | Test Error 11.22
Train Loss 0.033
Train Loss 0.383
Train Loss 0.363
Train Loss 0.387
Train Loss 0.385
Train Loss 0.338
Train Loss 0.413
Train Loss 0.412
Epoch  97 | Time    53 | Train Loss 0.3652 | Test Loss 0.000 | Test Error 11.06
Train Loss 0.032
Train Loss 0.372
Train Loss 0.398
Train Loss 0.373
Train Loss 0.370
Train Loss 0.384
Train Loss 0.375
Train Loss 0.372
Epoch  98 | Time    52 | Train Loss 0.3613 | Test Loss 0.000 | Test Error 11.21
Train Loss 0.042
Train Loss 0.366
Train Loss 0.381
Train Loss 0.380
Train Loss 0.366
Train Loss 0.344
Train Loss 0.392
Train Loss 0.373
Epoch  99 | Time    53 | Train Loss 0.3887 | Test Loss 0.000 | Test Error 11.13
Train Loss 0.030
Train Loss 0.379
Train Loss 0.361
Train Loss 0.386
Train Loss 0.365
Train Loss 0.361
Train Loss 0.380
Train Loss 0.357
Epoch 100 | Time    52 | Train Loss 0.3497 | Test Loss 0.000 | Test Error 11.19
gaussian_noise
	Test Loss 0.001 | Test Error 17.776
shot_noise
	Test Loss 0.000 | Test Error 15.614
impulse_noise
	Test Loss 0.001 | Test Error 22.946
defocus_blur
	Test Loss 0.000 | Test Error 12.668
glass_blur
	Test Loss 0.001 | Test Error 21.088
motion_blur
	Test Loss 0.000 | Test Error 14.736
zoom_blur
	Test Loss 0.000 | Test Error 13.910
snow
	Test Loss 0.001 | Test Error 17.306
frost
	Test Loss 0.000 | Test Error 16.796
fog
	Test Loss 0.001 | Test Error 18.082
brightness
	Test Loss 0.000 | Test Error 12.690
contrast
	Test Loss 0.001 | Test Error 23.418
elastic_transform
	Test Loss 0.000 | Test Error 15.260
pixelate
	Test Loss 0.000 | Test Error 13.620
jpeg_compression
	Test Loss 0.000 | Test Error 14.312
Mean Corruption Error: 16.681

gaussian_noise Flipping Prob
0.023229999999999987

shot_noise Flipping Prob
0.028690000000000018

motion_blur Flipping Prob
0.03217999999999979

zoom_blur Flipping Prob
0.0027700000000000138

spatter Flipping Prob
0.02452333333333329

brightness Flipping Prob
0.007936666666666821

translate Flipping Prob
0.05262000000000015

rotate Flipping Prob
0.028856666666666704

tilt Flipping Prob
0.00915333333333335

scale Flipping Prob
0.03685666666666748
[0.023229999999999987, 0.028690000000000018, 0.03217999999999979, 0.0027700000000000138, 0.02452333333333329, 0.007936666666666821, 0.05262000000000015, 0.028856666666666704, 0.00915333333333335, 0.03685666666666748]

Mean Flipping Prob	0.02468
