Files already downloaded and verified
Files already downloaded and verified
Beginning training from epoch: 1
/home/g054727/.local/lib/python3.7/site-packages/torch/utils/data/dataloader.py:490: UserWarning: This DataLoader will create 4 worker processes in total. Our suggested max number of worker in current system is 2, which is smaller than what this DataLoader is going to create. Please be aware that excessive worker creation might get DataLoader running slow or even freeze, lower the worker number to avoid potential slowness/freeze if necessary.
  cpuset_checked))
Train Loss 0.304
Train Loss 2.652
Train Loss 2.343
Train Loss 2.081
Train Loss 1.967
Train Loss 1.969
Train Loss 1.928
Train Loss 1.835
Epoch   1 | Time   107 | Train Loss 1.7992 | Test Loss 0.002 | Test Error 60.45
Train Loss 0.179
Train Loss 1.753
Train Loss 1.731
Train Loss 1.667
Train Loss 1.686
Train Loss 1.641
Train Loss 1.595
Train Loss 1.601
Epoch   2 | Time   105 | Train Loss 1.5950 | Test Loss 0.001 | Test Error 49.80
Train Loss 0.151
Train Loss 1.556
Train Loss 1.546
Train Loss 1.544
Train Loss 1.493
Train Loss 1.522
Train Loss 1.453
Train Loss 1.484
Epoch   3 | Time   104 | Train Loss 1.4608 | Test Loss 0.001 | Test Error 46.24
Train Loss 0.157
Train Loss 1.455
Train Loss 1.436
Train Loss 1.425
Train Loss 1.379
Train Loss 1.322
Train Loss 1.367
Train Loss 1.361
Epoch   4 | Time   105 | Train Loss 1.3439 | Test Loss 0.001 | Test Error 40.49
Train Loss 0.130
Train Loss 1.340
Train Loss 1.320
Train Loss 1.313
Train Loss 1.269
Train Loss 1.278
Train Loss 1.274
Train Loss 1.268
Epoch   5 | Time   105 | Train Loss 1.2772 | Test Loss 0.001 | Test Error 35.15
Train Loss 0.114
Train Loss 1.259
Train Loss 1.219
Train Loss 1.225
Train Loss 1.225
Train Loss 1.215
Train Loss 1.222
Train Loss 1.203
Epoch   6 | Time   105 | Train Loss 1.1980 | Test Loss 0.001 | Test Error 32.18
Train Loss 0.096
Train Loss 1.151
Train Loss 1.209
Train Loss 1.189
Train Loss 1.179
Train Loss 1.145
Train Loss 1.139
Train Loss 1.157
Epoch   7 | Time   105 | Train Loss 1.1508 | Test Loss 0.001 | Test Error 29.88
Train Loss 0.106
Train Loss 1.138
Train Loss 1.170
Train Loss 1.143
Train Loss 1.096
Train Loss 1.128
Train Loss 1.082
Train Loss 1.115
Epoch   8 | Time   105 | Train Loss 1.1540 | Test Loss 0.001 | Test Error 32.18
Train Loss 0.110
Train Loss 1.101
Train Loss 1.105
Train Loss 1.098
Train Loss 1.127
Train Loss 1.098
Train Loss 1.044
Train Loss 1.098
Epoch   9 | Time   104 | Train Loss 1.1029 | Test Loss 0.001 | Test Error 30.62
Train Loss 0.118
Train Loss 1.074
Train Loss 1.090
Train Loss 1.038
Train Loss 1.085
Train Loss 1.097
Train Loss 1.039
Train Loss 1.042
Epoch  10 | Time   104 | Train Loss 1.0880 | Test Loss 0.001 | Test Error 28.16
Train Loss 0.107
Train Loss 1.055
Train Loss 1.040
Train Loss 1.055
Train Loss 1.038
Train Loss 1.069
Train Loss 1.083
Train Loss 1.032
Epoch  11 | Time   105 | Train Loss 1.0578 | Test Loss 0.001 | Test Error 30.39
Train Loss 0.096
Train Loss 1.035
Train Loss 1.026
Train Loss 1.007
Train Loss 1.019
Train Loss 1.008
Train Loss 1.068
Train Loss 1.003
Epoch  12 | Time   105 | Train Loss 1.0264 | Test Loss 0.001 | Test Error 26.33
Train Loss 0.102
Train Loss 1.000
Train Loss 1.034
Train Loss 0.987
Train Loss 1.018
Train Loss 1.008
Train Loss 1.057
Train Loss 1.029
Epoch  13 | Time   105 | Train Loss 1.0236 | Test Loss 0.001 | Test Error 26.19
Train Loss 0.097
Train Loss 1.008
Train Loss 1.014
Train Loss 1.005
Train Loss 0.979
Train Loss 1.005
Train Loss 0.980
Train Loss 1.036
Epoch  14 | Time   105 | Train Loss 1.0002 | Test Loss 0.001 | Test Error 26.49
Train Loss 0.091
Train Loss 1.000
Train Loss 1.001
Train Loss 1.018
Train Loss 0.999
Train Loss 0.999
Train Loss 0.973
Train Loss 0.989
Epoch  15 | Time   105 | Train Loss 0.9824 | Test Loss 0.001 | Test Error 26.75
Train Loss 0.098
Train Loss 0.991
Train Loss 1.001
Train Loss 0.970
Train Loss 0.961
Train Loss 1.002
Train Loss 0.979
Train Loss 0.960
Epoch  16 | Time   104 | Train Loss 0.9506 | Test Loss 0.001 | Test Error 27.84
Train Loss 0.083
Train Loss 0.954
Train Loss 0.951
Train Loss 0.977
Train Loss 0.973
Train Loss 0.955
Train Loss 0.973
Train Loss 0.971
Epoch  17 | Time   105 | Train Loss 0.9766 | Test Loss 0.001 | Test Error 27.26
Train Loss 0.090
Train Loss 0.909
Train Loss 0.989
Train Loss 0.961
Train Loss 0.940
Train Loss 0.983
Train Loss 0.974
Train Loss 0.950
Epoch  18 | Time   105 | Train Loss 1.0030 | Test Loss 0.001 | Test Error 24.41
Train Loss 0.086
Train Loss 0.939
Train Loss 0.944
Train Loss 0.938
Train Loss 1.023
Train Loss 0.950
Train Loss 0.975
Train Loss 0.993
Epoch  19 | Time   105 | Train Loss 0.9188 | Test Loss 0.001 | Test Error 23.11
Train Loss 0.110
Train Loss 0.930
Train Loss 0.940
Train Loss 0.991
Train Loss 0.955
Train Loss 0.976
Train Loss 0.959
Train Loss 0.976
Epoch  20 | Time   105 | Train Loss 0.9560 | Test Loss 0.001 | Test Error 23.07
Train Loss 0.097
Train Loss 0.917
Train Loss 0.943
Train Loss 0.938
Train Loss 0.948
Train Loss 0.949
Train Loss 0.950
Train Loss 0.940
Epoch  21 | Time   104 | Train Loss 0.9607 | Test Loss 0.001 | Test Error 26.97
Train Loss 0.096
Train Loss 0.899
Train Loss 0.930
Train Loss 0.944
Train Loss 0.963
Train Loss 0.936
Train Loss 0.906
Train Loss 0.959
Epoch  22 | Time   105 | Train Loss 0.9170 | Test Loss 0.001 | Test Error 25.73
Train Loss 0.097
Train Loss 0.918
Train Loss 0.890
Train Loss 0.949
Train Loss 0.938
Train Loss 0.955
Train Loss 0.915
Train Loss 0.959
Epoch  23 | Time   105 | Train Loss 0.9237 | Test Loss 0.001 | Test Error 23.27
Train Loss 0.090
Train Loss 0.884
Train Loss 0.970
Train Loss 0.906
Train Loss 0.905
Train Loss 0.920
Train Loss 0.923
Train Loss 0.908
Epoch  24 | Time   105 | Train Loss 0.9315 | Test Loss 0.001 | Test Error 24.58
Train Loss 0.099
Train Loss 0.909
Train Loss 0.910
Train Loss 0.912
Train Loss 0.925
Train Loss 0.938
Train Loss 0.965
Train Loss 0.910
Epoch  25 | Time   105 | Train Loss 0.9362 | Test Loss 0.001 | Test Error 24.55
Train Loss 0.080
Train Loss 0.907
Train Loss 0.885
Train Loss 0.909
Train Loss 0.910
Train Loss 0.922
Train Loss 0.932
Train Loss 0.891
Epoch  26 | Time   105 | Train Loss 0.9203 | Test Loss 0.001 | Test Error 24.86
Train Loss 0.095
Train Loss 0.879
Train Loss 0.905
Train Loss 0.927
Train Loss 0.956
Train Loss 0.912
Train Loss 0.934
Train Loss 0.950
Epoch  27 | Time   106 | Train Loss 0.9335 | Test Loss 0.001 | Test Error 26.09
Train Loss 0.086
Train Loss 0.851
Train Loss 0.907
Train Loss 0.877
Train Loss 0.914
Train Loss 0.871
Train Loss 0.910
Train Loss 0.918
Epoch  28 | Time   105 | Train Loss 0.9294 | Test Loss 0.001 | Test Error 23.72
Train Loss 0.091
Train Loss 0.892
Train Loss 0.894
Train Loss 0.920
Train Loss 0.882
Train Loss 0.940
Train Loss 0.908
Train Loss 0.895
Epoch  29 | Time   105 | Train Loss 0.9285 | Test Loss 0.001 | Test Error 23.65
Train Loss 0.078
Train Loss 0.927
Train Loss 0.897
Train Loss 0.862
Train Loss 0.878
Train Loss 0.882
Train Loss 0.865
Train Loss 0.871
Epoch  30 | Time   104 | Train Loss 0.8857 | Test Loss 0.001 | Test Error 24.06
Train Loss 0.086
Train Loss 0.852
Train Loss 0.880
Train Loss 0.834
Train Loss 0.900
Train Loss 0.883
Train Loss 0.905
Train Loss 0.879
Epoch  31 | Time   105 | Train Loss 0.9148 | Test Loss 0.001 | Test Error 24.52
Train Loss 0.079
Train Loss 0.885
Train Loss 0.872
Train Loss 0.880
Train Loss 0.885
Train Loss 0.879
Train Loss 0.919
Train Loss 0.896
Epoch  32 | Time   104 | Train Loss 0.8789 | Test Loss 0.001 | Test Error 21.37
Train Loss 0.089
Train Loss 0.854
Train Loss 0.883
Train Loss 0.868
Train Loss 0.871
Train Loss 0.856
Train Loss 0.871
Train Loss 0.886
Epoch  33 | Time   105 | Train Loss 0.8706 | Test Loss 0.001 | Test Error 23.54
Train Loss 0.083
Train Loss 0.902
Train Loss 0.843
Train Loss 0.867
Train Loss 0.852
Train Loss 0.870
Train Loss 0.849
Train Loss 0.863
Epoch  34 | Time   105 | Train Loss 0.8576 | Test Loss 0.001 | Test Error 22.57
Train Loss 0.086
Train Loss 0.843
Train Loss 0.850
Train Loss 0.882
Train Loss 0.847
Train Loss 0.903
Train Loss 0.866
Train Loss 0.851
Epoch  35 | Time   105 | Train Loss 0.8675 | Test Loss 0.001 | Test Error 22.22
Train Loss 0.073
Train Loss 0.839
Train Loss 0.847
Train Loss 0.821
Train Loss 0.843
Train Loss 0.888
Train Loss 0.882
Train Loss 0.871
Epoch  36 | Time   105 | Train Loss 0.8886 | Test Loss 0.001 | Test Error 24.97
Train Loss 0.076
Train Loss 0.817
Train Loss 0.859
Train Loss 0.872
Train Loss 0.877
Train Loss 0.871
Train Loss 0.852
Train Loss 0.841
Epoch  37 | Time   105 | Train Loss 0.8672 | Test Loss 0.001 | Test Error 22.97
Train Loss 0.080
Train Loss 0.892
Train Loss 0.815
Train Loss 0.875
Train Loss 0.860
Train Loss 0.854
Train Loss 0.837
Train Loss 0.864
Epoch  38 | Time   105 | Train Loss 0.8899 | Test Loss 0.001 | Test Error 22.59
Train Loss 0.087
Train Loss 0.855
Train Loss 0.820
Train Loss 0.828
Train Loss 0.842
Train Loss 0.841
Train Loss 0.874
Train Loss 0.867
Epoch  39 | Time   105 | Train Loss 0.8446 | Test Loss 0.001 | Test Error 21.21
Train Loss 0.090
Train Loss 0.792
Train Loss 0.837
Train Loss 0.842
Train Loss 0.861
Train Loss 0.870
Train Loss 0.822
Train Loss 0.851
Epoch  40 | Time   104 | Train Loss 0.8436 | Test Loss 0.001 | Test Error 20.95
Train Loss 0.093
Train Loss 0.820
Train Loss 0.834
Train Loss 0.855
Train Loss 0.813
Train Loss 0.826
Train Loss 0.908
Train Loss 0.843
Epoch  41 | Time   105 | Train Loss 0.8542 | Test Loss 0.001 | Test Error 21.06
Train Loss 0.067
Train Loss 0.796
Train Loss 0.837
Train Loss 0.859
Train Loss 0.813
Train Loss 0.797
Train Loss 0.848
Train Loss 0.848
Epoch  42 | Time   105 | Train Loss 0.8191 | Test Loss 0.001 | Test Error 23.06
Train Loss 0.076
Train Loss 0.826
Train Loss 0.854
Train Loss 0.790
Train Loss 0.840
Train Loss 0.822
Train Loss 0.814
Train Loss 0.811
Epoch  43 | Time   105 | Train Loss 0.8339 | Test Loss 0.001 | Test Error 19.67
Train Loss 0.088
Train Loss 0.824
Train Loss 0.821
Train Loss 0.823
Train Loss 0.821
Train Loss 0.868
Train Loss 0.825
Train Loss 0.824
Epoch  44 | Time   104 | Train Loss 0.8065 | Test Loss 0.001 | Test Error 21.80
Train Loss 0.092
Train Loss 0.810
Train Loss 0.807
Train Loss 0.828
Train Loss 0.845
Train Loss 0.813
Train Loss 0.807
Train Loss 0.825
Epoch  45 | Time   105 | Train Loss 0.7995 | Test Loss 0.001 | Test Error 22.14
Train Loss 0.077
Train Loss 0.842
Train Loss 0.817
Train Loss 0.831
Train Loss 0.788
Train Loss 0.810
Train Loss 0.809
Train Loss 0.805
Epoch  46 | Time   104 | Train Loss 0.7926 | Test Loss 0.001 | Test Error 20.95
Train Loss 0.090
Train Loss 0.815
Train Loss 0.832
Train Loss 0.797
Train Loss 0.818
Train Loss 0.826
Train Loss 0.794
Train Loss 0.808
Epoch  47 | Time   106 | Train Loss 0.8036 | Test Loss 0.001 | Test Error 20.60
Train Loss 0.066
Train Loss 0.814
Train Loss 0.774
Train Loss 0.779
Train Loss 0.796
Train Loss 0.791
Train Loss 0.792
Train Loss 0.798
Epoch  48 | Time   105 | Train Loss 0.8504 | Test Loss 0.001 | Test Error 20.63
Train Loss 0.064
Train Loss 0.772
Train Loss 0.815
Train Loss 0.832
Train Loss 0.768
Train Loss 0.781
Train Loss 0.778
Train Loss 0.785
Epoch  49 | Time   105 | Train Loss 0.7733 | Test Loss 0.001 | Test Error 20.49
Train Loss 0.073
Train Loss 0.776
Train Loss 0.776
Train Loss 0.783
Train Loss 0.816
Train Loss 0.819
Train Loss 0.760
Train Loss 0.814
Epoch  50 | Time   104 | Train Loss 0.7903 | Test Loss 0.001 | Test Error 20.14
Train Loss 0.066
Train Loss 0.775
Train Loss 0.760
Train Loss 0.773
Train Loss 0.728
Train Loss 0.814
Train Loss 0.772
Train Loss 0.788
Epoch  51 | Time   105 | Train Loss 0.8038 | Test Loss 0.001 | Test Error 19.81
Train Loss 0.073
Train Loss 0.775
Train Loss 0.783
Train Loss 0.800
Train Loss 0.745
Train Loss 0.783
Train Loss 0.788
Train Loss 0.731
Epoch  52 | Time   105 | Train Loss 0.7619 | Test Loss 0.001 | Test Error 19.09
Train Loss 0.071
Train Loss 0.754
Train Loss 0.774
Train Loss 0.745
Train Loss 0.798
Train Loss 0.786
Train Loss 0.754
Train Loss 0.818
Epoch  53 | Time   105 | Train Loss 0.7706 | Test Loss 0.001 | Test Error 20.25
Train Loss 0.065
Train Loss 0.750
Train Loss 0.756
Train Loss 0.769
Train Loss 0.778
Train Loss 0.722
Train Loss 0.753
Train Loss 0.782
Epoch  54 | Time   104 | Train Loss 0.7910 | Test Loss 0.001 | Test Error 18.59
Train Loss 0.082
Train Loss 0.778
Train Loss 0.751
Train Loss 0.751
Train Loss 0.753
Train Loss 0.799
Train Loss 0.766
Train Loss 0.710
Epoch  55 | Time   105 | Train Loss 0.7623 | Test Loss 0.001 | Test Error 18.60
Train Loss 0.080
Train Loss 0.708
Train Loss 0.733
Train Loss 0.713
Train Loss 0.760
Train Loss 0.764
Train Loss 0.737
Train Loss 0.755
Epoch  56 | Time   105 | Train Loss 0.7478 | Test Loss 0.001 | Test Error 18.26
Train Loss 0.076
Train Loss 0.738
Train Loss 0.700
Train Loss 0.741
Train Loss 0.734
Train Loss 0.744
Train Loss 0.734
Train Loss 0.767
Epoch  57 | Time   104 | Train Loss 0.7237 | Test Loss 0.001 | Test Error 18.60
Train Loss 0.078
Train Loss 0.702
Train Loss 0.747
Train Loss 0.717
Train Loss 0.747
Train Loss 0.767
Train Loss 0.745
Train Loss 0.701
Epoch  58 | Time   105 | Train Loss 0.7571 | Test Loss 0.001 | Test Error 19.01
Train Loss 0.077
Train Loss 0.691
Train Loss 0.711
Train Loss 0.705
Train Loss 0.767
Train Loss 0.730
Train Loss 0.698
Train Loss 0.714
Epoch  59 | Time   105 | Train Loss 0.6719 | Test Loss 0.001 | Test Error 18.25
Train Loss 0.057
Train Loss 0.703
Train Loss 0.721
Train Loss 0.710
Train Loss 0.753
Train Loss 0.711
Train Loss 0.710
Train Loss 0.741
Epoch  60 | Time   105 | Train Loss 0.7021 | Test Loss 0.001 | Test Error 19.09
Train Loss 0.081
Train Loss 0.749
Train Loss 0.725
Train Loss 0.737
Train Loss 0.672
Train Loss 0.739
Train Loss 0.688
Train Loss 0.670
Epoch  61 | Time   104 | Train Loss 0.7086 | Test Loss 0.001 | Test Error 17.90
Train Loss 0.077
Train Loss 0.731
Train Loss 0.689
Train Loss 0.702
Train Loss 0.679
Train Loss 0.660
Train Loss 0.714
Train Loss 0.713
Epoch  62 | Time   104 | Train Loss 0.6947 | Test Loss 0.001 | Test Error 17.28
Train Loss 0.081
Train Loss 0.707
Train Loss 0.675
Train Loss 0.737
Train Loss 0.697
Train Loss 0.678
Train Loss 0.731
Train Loss 0.677
Epoch  63 | Time   105 | Train Loss 0.6802 | Test Loss 0.001 | Test Error 17.26
Train Loss 0.065
Train Loss 0.693
Train Loss 0.701
Train Loss 0.668
Train Loss 0.691
Train Loss 0.719
Train Loss 0.721
Train Loss 0.651
Epoch  64 | Time   106 | Train Loss 0.6840 | Test Loss 0.001 | Test Error 17.63
Train Loss 0.061
Train Loss 0.679
Train Loss 0.658
Train Loss 0.717
Train Loss 0.678
Train Loss 0.668
Train Loss 0.697
Train Loss 0.694
Epoch  65 | Time   104 | Train Loss 0.7137 | Test Loss 0.001 | Test Error 17.81
Train Loss 0.069
Train Loss 0.687
Train Loss 0.651
Train Loss 0.668
Train Loss 0.657
Train Loss 0.664
Train Loss 0.707
Train Loss 0.686
Epoch  66 | Time   105 | Train Loss 0.6932 | Test Loss 0.000 | Test Error 15.94
Train Loss 0.072
Train Loss 0.670
Train Loss 0.691
Train Loss 0.633
Train Loss 0.675
Train Loss 0.676
Train Loss 0.650
Train Loss 0.662
Epoch  67 | Time   105 | Train Loss 0.6740 | Test Loss 0.000 | Test Error 16.00
Train Loss 0.059
Train Loss 0.651
Train Loss 0.650
Train Loss 0.667
Train Loss 0.628
Train Loss 0.633
Train Loss 0.680
Train Loss 0.644
Epoch  68 | Time   104 | Train Loss 0.6866 | Test Loss 0.001 | Test Error 17.65
Train Loss 0.056
Train Loss 0.609
Train Loss 0.648
Train Loss 0.603
Train Loss 0.631
Train Loss 0.655
Train Loss 0.651
Train Loss 0.661
Epoch  69 | Time   104 | Train Loss 0.6604 | Test Loss 0.000 | Test Error 15.65
Train Loss 0.062
Train Loss 0.630
Train Loss 0.614
Train Loss 0.669
Train Loss 0.655
Train Loss 0.635
Train Loss 0.648
Train Loss 0.643
Epoch  70 | Time   104 | Train Loss 0.6259 | Test Loss 0.000 | Test Error 15.75
Train Loss 0.067
Train Loss 0.623
Train Loss 0.602
Train Loss 0.610
Train Loss 0.600
Train Loss 0.632
Train Loss 0.638
Train Loss 0.653
Epoch  71 | Time   105 | Train Loss 0.6312 | Test Loss 0.000 | Test Error 15.17
Train Loss 0.053
Train Loss 0.607
Train Loss 0.617
Train Loss 0.616
Train Loss 0.629
Train Loss 0.620
Train Loss 0.613
Train Loss 0.630
Epoch  72 | Time   105 | Train Loss 0.6115 | Test Loss 0.000 | Test Error 16.20
Train Loss 0.046
Train Loss 0.619
Train Loss 0.588
Train Loss 0.645
Train Loss 0.586
Train Loss 0.610
Train Loss 0.595
Train Loss 0.637
Epoch  73 | Time   104 | Train Loss 0.6207 | Test Loss 0.000 | Test Error 15.20
Train Loss 0.054
Train Loss 0.626
Train Loss 0.578
Train Loss 0.623
Train Loss 0.625
Train Loss 0.613
Train Loss 0.645
Train Loss 0.572
Epoch  74 | Time   104 | Train Loss 0.6117 | Test Loss 0.000 | Test Error 15.39
Train Loss 0.051
Train Loss 0.571
Train Loss 0.602
Train Loss 0.577
Train Loss 0.614
Train Loss 0.583
Train Loss 0.552
Train Loss 0.590
Epoch  75 | Time   105 | Train Loss 0.6050 | Test Loss 0.000 | Test Error 15.11
Train Loss 0.065
Train Loss 0.548
Train Loss 0.591
Train Loss 0.631
Train Loss 0.565
Train Loss 0.577
Train Loss 0.593
Train Loss 0.553
Epoch  76 | Time   105 | Train Loss 0.5710 | Test Loss 0.000 | Test Error 14.42
Train Loss 0.050
Train Loss 0.522
Train Loss 0.584
Train Loss 0.573
Train Loss 0.558
Train Loss 0.587
Train Loss 0.589
Train Loss 0.595
Epoch  77 | Time   105 | Train Loss 0.5850 | Test Loss 0.000 | Test Error 14.18
Train Loss 0.062
Train Loss 0.552
Train Loss 0.534
Train Loss 0.586
Train Loss 0.554
Train Loss 0.580
Train Loss 0.567
Train Loss 0.544
Epoch  78 | Time   105 | Train Loss 0.5670 | Test Loss 0.000 | Test Error 13.55
Train Loss 0.040
Train Loss 0.541
Train Loss 0.523
Train Loss 0.556
Train Loss 0.557
Train Loss 0.550
Train Loss 0.567
Train Loss 0.576
Epoch  79 | Time   104 | Train Loss 0.5322 | Test Loss 0.000 | Test Error 13.86
Train Loss 0.060
Train Loss 0.529
Train Loss 0.550
Train Loss 0.550
Train Loss 0.522
Train Loss 0.533
Train Loss 0.518
Train Loss 0.562
Epoch  80 | Time   105 | Train Loss 0.5516 | Test Loss 0.000 | Test Error 14.42
Train Loss 0.052
Train Loss 0.523
Train Loss 0.497
Train Loss 0.533
Train Loss 0.530
Train Loss 0.526
Train Loss 0.514
Train Loss 0.517
Epoch  81 | Time   104 | Train Loss 0.5093 | Test Loss 0.000 | Test Error 14.02
Train Loss 0.072
Train Loss 0.523
Train Loss 0.518
Train Loss 0.497
Train Loss 0.534
Train Loss 0.510
Train Loss 0.527
Train Loss 0.542
Epoch  82 | Time   105 | Train Loss 0.5199 | Test Loss 0.000 | Test Error 13.44
Train Loss 0.055
Train Loss 0.509
Train Loss 0.519
Train Loss 0.523
Train Loss 0.508
Train Loss 0.503
Train Loss 0.504
Train Loss 0.527
Epoch  83 | Time   105 | Train Loss 0.4895 | Test Loss 0.000 | Test Error 13.56
Train Loss 0.047
Train Loss 0.500
Train Loss 0.470
Train Loss 0.489
Train Loss 0.498
Train Loss 0.497
Train Loss 0.474
Train Loss 0.469
Epoch  84 | Time   104 | Train Loss 0.4856 | Test Loss 0.000 | Test Error 13.20
Train Loss 0.042
Train Loss 0.499
Train Loss 0.483
Train Loss 0.484
Train Loss 0.479
Train Loss 0.470
Train Loss 0.499
Train Loss 0.478
Epoch  85 | Time   105 | Train Loss 0.4987 | Test Loss 0.000 | Test Error 13.06
Train Loss 0.047
Train Loss 0.471
Train Loss 0.464
Train Loss 0.505
Train Loss 0.454
Train Loss 0.483
Train Loss 0.470
Train Loss 0.474
Epoch  86 | Time   105 | Train Loss 0.4872 | Test Loss 0.000 | Test Error 12.73
Train Loss 0.035
Train Loss 0.457
Train Loss 0.472
Train Loss 0.462
Train Loss 0.474
Train Loss 0.482
Train Loss 0.454
Train Loss 0.469
Epoch  87 | Time   104 | Train Loss 0.4756 | Test Loss 0.000 | Test Error 12.47
Train Loss 0.044
Train Loss 0.470
Train Loss 0.469
Train Loss 0.456
Train Loss 0.479
Train Loss 0.417
Train Loss 0.459
Train Loss 0.472
Epoch  88 | Time   105 | Train Loss 0.4454 | Test Loss 0.000 | Test Error 12.33
Train Loss 0.048
Train Loss 0.449
Train Loss 0.430
Train Loss 0.427
Train Loss 0.450
Train Loss 0.415
Train Loss 0.432
Train Loss 0.454
Epoch  89 | Time   105 | Train Loss 0.4588 | Test Loss 0.000 | Test Error 11.87
Train Loss 0.036
Train Loss 0.437
Train Loss 0.421
Train Loss 0.449
Train Loss 0.451
Train Loss 0.413
Train Loss 0.429
Train Loss 0.426
Epoch  90 | Time   105 | Train Loss 0.4218 | Test Loss 0.000 | Test Error 12.07
Train Loss 0.035
Train Loss 0.402
Train Loss 0.422
Train Loss 0.420
Train Loss 0.443
Train Loss 0.429
Train Loss 0.417
Train Loss 0.415
Epoch  91 | Time   104 | Train Loss 0.4223 | Test Loss 0.000 | Test Error 11.71
Train Loss 0.031
Train Loss 0.429
Train Loss 0.404
Train Loss 0.392
Train Loss 0.431
Train Loss 0.406
Train Loss 0.427
Train Loss 0.418
Epoch  92 | Time   104 | Train Loss 0.3986 | Test Loss 0.000 | Test Error 11.67
Train Loss 0.053
Train Loss 0.400
Train Loss 0.404
Train Loss 0.384
Train Loss 0.409
Train Loss 0.403
Train Loss 0.420
Train Loss 0.413
Epoch  93 | Time   104 | Train Loss 0.3809 | Test Loss 0.000 | Test Error 11.77
Train Loss 0.036
Train Loss 0.404
Train Loss 0.383
Train Loss 0.375
Train Loss 0.412
Train Loss 0.382
Train Loss 0.401
Train Loss 0.402
Epoch  94 | Time   105 | Train Loss 0.3796 | Test Loss 0.000 | Test Error 11.47
Train Loss 0.035
Train Loss 0.424
Train Loss 0.395
Train Loss 0.380
Train Loss 0.375
Train Loss 0.381
Train Loss 0.398
Train Loss 0.381
Epoch  95 | Time   104 | Train Loss 0.3856 | Test Loss 0.000 | Test Error 11.59
Train Loss 0.039
Train Loss 0.378
Train Loss 0.375
Train Loss 0.398
Train Loss 0.388
Train Loss 0.391
Train Loss 0.368
Train Loss 0.358
Epoch  96 | Time   104 | Train Loss 0.3812 | Test Loss 0.000 | Test Error 11.35
Train Loss 0.034
Train Loss 0.392
Train Loss 0.371
Train Loss 0.391
Train Loss 0.396
Train Loss 0.364
Train Loss 0.401
Train Loss 0.419
Epoch  97 | Time   105 | Train Loss 0.3615 | Test Loss 0.000 | Test Error 11.35
Train Loss 0.033
Train Loss 0.391
Train Loss 0.391
Train Loss 0.365
Train Loss 0.370
Train Loss 0.389
Train Loss 0.377
Train Loss 0.381
Epoch  98 | Time   104 | Train Loss 0.3653 | Test Loss 0.000 | Test Error 11.32
Train Loss 0.047
Train Loss 0.365
Train Loss 0.388
Train Loss 0.390
Train Loss 0.382
Train Loss 0.349
Train Loss 0.394
Train Loss 0.363
Epoch  99 | Time   104 | Train Loss 0.3736 | Test Loss 0.000 | Test Error 11.40
Train Loss 0.039
Train Loss 0.369
Train Loss 0.390
Train Loss 0.398
Train Loss 0.384
Train Loss 0.372
Train Loss 0.379
Train Loss 0.385
Epoch 100 | Time   105 | Train Loss 0.3491 | Test Loss 0.000 | Test Error 11.24
gaussian_noise
	Test Loss 0.001 | Test Error 17.834
shot_noise
	Test Loss 0.000 | Test Error 15.472
impulse_noise
	Test Loss 0.001 | Test Error 22.938
defocus_blur
	Test Loss 0.000 | Test Error 13.016
glass_blur
	Test Loss 0.001 | Test Error 21.188
motion_blur
	Test Loss 0.000 | Test Error 15.214
zoom_blur
	Test Loss 0.000 | Test Error 14.108
snow
	Test Loss 0.001 | Test Error 17.094
frost
	Test Loss 0.001 | Test Error 16.950
fog
	Test Loss 0.001 | Test Error 18.248
brightness
	Test Loss 0.000 | Test Error 13.204
contrast
	Test Loss 0.001 | Test Error 22.996
elastic_transform
	Test Loss 0.000 | Test Error 15.464
pixelate
	Test Loss 0.000 | Test Error 13.866
slurmstepd: error: Detected 9 oom-kill event(s) in StepId=3204076.batch cgroup. Some of your processes may have been killed by the cgroup out-of-memory handler.
