Files already downloaded and verified
Files already downloaded and verified
Beginning training from epoch: 1
/home/g054727/.local/lib/python3.7/site-packages/torch/utils/data/dataloader.py:490: UserWarning: This DataLoader will create 4 worker processes in total. Our suggested max number of worker in current system is 2, which is smaller than what this DataLoader is going to create. Please be aware that excessive worker creation might get DataLoader running slow or even freeze, lower the worker number to avoid potential slowness/freeze if necessary.
  cpuset_checked))
Train Loss 0.236
Train Loss 7.017
Train Loss 2.347
Train Loss 2.247
Train Loss 2.228
Train Loss 2.200
Train Loss 2.210
Train Loss 2.191
Epoch   1 | Time   110 | Train Loss 2.1823 | Test Loss 0.002 | Test Error 78.86
Train Loss 0.216
Train Loss 2.155
Train Loss 2.176
Train Loss 2.172
Train Loss 2.145
Train Loss 2.137
Train Loss 2.125
Train Loss 2.112
Epoch   2 | Time   109 | Train Loss 2.1280 | Test Loss 0.002 | Test Error 76.38
Train Loss 0.213
Train Loss 2.085
Train Loss 2.108
Train Loss 2.106
Train Loss 2.118
Train Loss 2.103
Train Loss 2.103
Train Loss 2.065
Epoch   3 | Time   109 | Train Loss 2.0643 | Test Loss 0.002 | Test Error 75.13
Train Loss 0.215
Train Loss 2.051
Train Loss 2.052
Train Loss 2.046
Train Loss 2.018
Train Loss 2.036
Train Loss 2.025
Train Loss 2.011
Epoch   4 | Time   108 | Train Loss 2.0036 | Test Loss 0.002 | Test Error 72.02
Train Loss 0.205
Train Loss 1.985
Train Loss 1.993
Train Loss 1.992
Train Loss 1.991
Train Loss 1.970
Train Loss 1.955
Train Loss 1.946
Epoch   5 | Time   108 | Train Loss 1.9444 | Test Loss 0.002 | Test Error 70.20
Train Loss 0.196
Train Loss 1.926
Train Loss 1.905
Train Loss 1.939
Train Loss 1.922
Train Loss 1.922
Train Loss 1.915
Train Loss 1.890
Epoch   6 | Time   108 | Train Loss 1.9103 | Test Loss 0.002 | Test Error 62.63
Train Loss 0.180
Train Loss 1.915
Train Loss 1.867
Train Loss 1.873
Train Loss 1.888
Train Loss 1.873
Train Loss 1.861
Train Loss 1.854
Epoch   7 | Time   108 | Train Loss 1.8753 | Test Loss 0.002 | Test Error 62.38
Train Loss 0.186
Train Loss 1.835
Train Loss 1.865
Train Loss 1.834
Train Loss 1.837
Train Loss 1.825
Train Loss 1.835
Train Loss 1.826
Epoch   8 | Time   108 | Train Loss 1.7956 | Test Loss 0.002 | Test Error 61.76
Train Loss 0.200
Train Loss 1.758
Train Loss 1.803
Train Loss 1.786
Train Loss 1.793
Train Loss 1.744
Train Loss 1.802
Train Loss 1.776
Epoch   9 | Time   109 | Train Loss 1.7645 | Test Loss 0.002 | Test Error 56.74
Train Loss 0.180
Train Loss 1.765
Train Loss 1.759
Train Loss 1.770
Train Loss 1.736
Train Loss 1.760
Train Loss 1.760
Train Loss 1.725
Epoch  10 | Time   108 | Train Loss 1.7751 | Test Loss 0.002 | Test Error 55.22
Train Loss 0.182
Train Loss 1.737
Train Loss 1.762
Train Loss 1.740
Train Loss 1.739
Train Loss 1.737
Train Loss 1.739
Train Loss 1.744
Epoch  11 | Time   108 | Train Loss 1.7217 | Test Loss 0.002 | Test Error 54.61
Train Loss 0.174
Train Loss 1.739
Train Loss 1.745
Train Loss 1.710
Train Loss 1.741
Train Loss 1.729
Train Loss 1.675
Train Loss 1.723
Epoch  12 | Time   108 | Train Loss 1.7055 | Test Loss 0.001 | Test Error 53.20
Train Loss 0.168
Train Loss 1.688
Train Loss 1.673
Train Loss 1.762
Train Loss 1.743
Train Loss 1.703
Train Loss 1.710
Train Loss 1.704
Epoch  13 | Time   108 | Train Loss 1.7278 | Test Loss 0.001 | Test Error 52.96
Train Loss 0.167
Train Loss 1.656
Train Loss 1.721
Train Loss 1.695
Train Loss 1.716
Train Loss 1.701
Train Loss 1.724
Train Loss 1.722
Epoch  14 | Time   108 | Train Loss 1.7439 | Test Loss 0.002 | Test Error 53.73
Train Loss 0.176
Train Loss 1.708
Train Loss 1.715
Train Loss 1.654
Train Loss 1.714
Train Loss 1.664
Train Loss 1.694
Train Loss 1.691
Epoch  15 | Time   108 | Train Loss 1.6873 | Test Loss 0.001 | Test Error 52.61
Train Loss 0.165
Train Loss 1.687
Train Loss 1.675
Train Loss 1.683
Train Loss 1.686
Train Loss 1.646
Train Loss 1.675
Train Loss 1.686
Epoch  16 | Time   107 | Train Loss 1.6487 | Test Loss 0.001 | Test Error 51.80
Train Loss 0.164
Train Loss 1.680
Train Loss 1.653
Train Loss 1.679
Train Loss 1.687
Train Loss 1.687
Train Loss 1.681
Train Loss 1.666
Epoch  17 | Time   108 | Train Loss 1.6658 | Test Loss 0.001 | Test Error 53.04
Train Loss 0.167
Train Loss 1.665
Train Loss 1.671
Train Loss 1.640
Train Loss 1.643
Train Loss 1.678
Train Loss 1.668
Train Loss 1.672
Epoch  18 | Time   108 | Train Loss 1.6693 | Test Loss 0.001 | Test Error 51.77
Train Loss 0.171
Train Loss 1.666
Train Loss 1.660
Train Loss 1.674
Train Loss 1.680
Train Loss 1.658
Train Loss 1.694
Train Loss 1.659
Epoch  19 | Time   108 | Train Loss 1.6763 | Test Loss 0.001 | Test Error 52.71
Train Loss 0.167
Train Loss 1.664
Train Loss 1.657
Train Loss 1.676
Train Loss 1.662
Train Loss 1.658
Train Loss 1.611
Train Loss 1.657
Epoch  20 | Time   108 | Train Loss 1.6646 | Test Loss 0.001 | Test Error 50.57
Train Loss 0.169
Train Loss 1.635
Train Loss 1.646
Train Loss 1.666
Train Loss 1.661
Train Loss 1.649
Train Loss 1.633
Train Loss 1.637
Epoch  21 | Time   108 | Train Loss 1.6434 | Test Loss 0.001 | Test Error 49.48
Train Loss 0.160
Train Loss 1.612
Train Loss 1.630
Train Loss 1.637
Train Loss 1.673
Train Loss 1.649
Train Loss 1.637
Train Loss 1.642
Epoch  22 | Time   108 | Train Loss 1.6506 | Test Loss 0.001 | Test Error 48.70
Train Loss 0.154
Train Loss 1.614
Train Loss 1.651
Train Loss 1.602
Train Loss 1.636
Train Loss 1.630
Train Loss 1.636
Train Loss 1.645
Epoch  23 | Time   108 | Train Loss 1.6495 | Test Loss 0.001 | Test Error 48.91
Train Loss 0.166
Train Loss 1.604
Train Loss 1.621
Train Loss 1.573
Train Loss 1.596
Train Loss 1.624
Train Loss 1.600
Train Loss 1.601
Epoch  24 | Time   108 | Train Loss 1.6011 | Test Loss 0.001 | Test Error 47.97
Train Loss 0.161
Train Loss 1.617
Train Loss 1.613
Train Loss 1.605
Train Loss 1.627
Train Loss 1.590
Train Loss 1.612
Train Loss 1.617
Epoch  25 | Time   108 | Train Loss 1.6323 | Test Loss 0.001 | Test Error 48.75
Train Loss 0.152
Train Loss 1.573
Train Loss 1.643
Train Loss 1.615
Train Loss 1.610
Train Loss 1.600
Train Loss 1.603
Train Loss 1.616
Epoch  26 | Time   108 | Train Loss 1.6159 | Test Loss 0.001 | Test Error 49.19
Train Loss 0.162
Train Loss 1.580
Train Loss 1.602
Train Loss 1.611
Train Loss 1.642
Train Loss 1.571
Train Loss 1.638
Train Loss 1.579
Epoch  27 | Time   108 | Train Loss 1.5791 | Test Loss 0.001 | Test Error 49.46
Train Loss 0.151
Train Loss 1.616
Train Loss 1.596
Train Loss 1.610
Train Loss 1.617
Train Loss 1.595
Train Loss 1.595
Train Loss 1.571
Epoch  28 | Time   109 | Train Loss 1.6069 | Test Loss 0.001 | Test Error 50.86
Train Loss 0.154
Train Loss 1.617
Train Loss 1.587
Train Loss 1.601
Train Loss 1.611
Train Loss 1.609
Train Loss 1.611
Train Loss 1.605
Epoch  29 | Time   107 | Train Loss 1.5999 | Test Loss 0.001 | Test Error 48.83
Train Loss 0.156
Train Loss 1.589
Train Loss 1.594
Train Loss 1.585
Train Loss 1.614
Train Loss 1.573
Train Loss 1.589
Train Loss 1.591
Epoch  30 | Time   108 | Train Loss 1.5902 | Test Loss 0.001 | Test Error 49.13
Train Loss 0.165
Train Loss 1.557
Train Loss 1.607
Train Loss 1.581
Train Loss 1.585
Train Loss 1.619
Train Loss 1.613
Train Loss 1.586
Epoch  31 | Time   108 | Train Loss 1.6209 | Test Loss 0.001 | Test Error 48.51
Train Loss 0.166
Train Loss 1.576
Train Loss 1.605
Train Loss 1.586
Train Loss 1.600
Train Loss 1.595
Train Loss 1.604
Train Loss 1.579
Epoch  32 | Time   108 | Train Loss 1.5715 | Test Loss 0.001 | Test Error 46.19
Train Loss 0.140
Train Loss 1.580
Train Loss 1.605
Train Loss 1.576
Train Loss 1.614
Train Loss 1.599
Train Loss 1.591
Train Loss 1.581
Epoch  33 | Time   108 | Train Loss 1.5790 | Test Loss 0.001 | Test Error 46.92
Train Loss 0.166
Train Loss 1.547
Train Loss 1.597
Train Loss 1.562
Train Loss 1.600
Train Loss 1.594
Train Loss 1.595
Train Loss 1.608
Epoch  34 | Time   108 | Train Loss 1.5784 | Test Loss 0.001 | Test Error 46.46
Train Loss 0.159
Train Loss 1.574
Train Loss 1.579
Train Loss 1.586
Train Loss 1.582
Train Loss 1.567
Train Loss 1.566
Train Loss 1.585
Epoch  35 | Time   108 | Train Loss 1.5723 | Test Loss 0.001 | Test Error 46.73
Train Loss 0.162
Train Loss 1.538
Train Loss 1.569
Train Loss 1.595
Train Loss 1.559
Train Loss 1.598
Train Loss 1.579
Train Loss 1.572
Epoch  36 | Time   107 | Train Loss 1.5655 | Test Loss 0.001 | Test Error 46.39
Train Loss 0.155
Train Loss 1.544
Train Loss 1.581
Train Loss 1.587
Train Loss 1.539
Train Loss 1.551
Train Loss 1.561
Train Loss 1.593
Epoch  37 | Time   108 | Train Loss 1.5814 | Test Loss 0.001 | Test Error 46.98
Train Loss 0.168
Train Loss 1.586
Train Loss 1.604
Train Loss 1.553
Train Loss 1.527
Train Loss 1.580
Train Loss 1.563
Train Loss 1.562
Epoch  38 | Time   108 | Train Loss 1.5746 | Test Loss 0.001 | Test Error 46.74
Train Loss 0.150
Train Loss 1.582
Train Loss 1.583
Train Loss 1.560
Train Loss 1.566
Train Loss 1.590
Train Loss 1.569
Train Loss 1.562
Epoch  39 | Time   109 | Train Loss 1.5649 | Test Loss 0.001 | Test Error 46.34
Train Loss 0.156
Train Loss 1.525
Train Loss 1.578
Train Loss 1.572
Train Loss 1.560
Train Loss 1.572
Train Loss 1.564
Train Loss 1.542
Epoch  40 | Time   108 | Train Loss 1.5404 | Test Loss 0.001 | Test Error 45.88
Train Loss 0.152
Train Loss 1.538
Train Loss 1.532
Train Loss 1.564
Train Loss 1.543
Train Loss 1.551
Train Loss 1.536
Train Loss 1.528
Epoch  41 | Time   108 | Train Loss 1.5557 | Test Loss 0.001 | Test Error 44.67
Train Loss 0.154
Train Loss 1.538
Train Loss 1.535
Train Loss 1.538
Train Loss 1.551
Train Loss 1.564
Train Loss 1.553
Train Loss 1.554
Epoch  42 | Time   108 | Train Loss 1.5550 | Test Loss 0.001 | Test Error 46.50
Train Loss 0.158
Train Loss 1.563
Train Loss 1.515
Train Loss 1.532
Train Loss 1.523
Train Loss 1.535
Train Loss 1.524
Train Loss 1.543
Epoch  43 | Time   108 | Train Loss 1.5154 | Test Loss 0.001 | Test Error 44.85
Train Loss 0.142
Train Loss 1.559
Train Loss 1.533
Train Loss 1.550
Train Loss 1.553
Train Loss 1.530
Train Loss 1.545
Train Loss 1.552
Epoch  44 | Time   109 | Train Loss 1.5267 | Test Loss 0.001 | Test Error 45.24
Train Loss 0.161
Train Loss 1.534
Train Loss 1.554
Train Loss 1.559
Train Loss 1.553
Train Loss 1.517
Train Loss 1.541
Train Loss 1.547
Epoch  45 | Time   108 | Train Loss 1.4988 | Test Loss 0.001 | Test Error 47.35
Train Loss 0.170
Train Loss 1.523
Train Loss 1.524
Train Loss 1.547
Train Loss 1.514
Train Loss 1.537
Train Loss 1.540
Train Loss 1.500
Epoch  46 | Time   107 | Train Loss 1.5057 | Test Loss 0.001 | Test Error 46.21
Train Loss 0.162
Train Loss 1.504
Train Loss 1.556
Train Loss 1.542
Train Loss 1.542
Train Loss 1.525
Train Loss 1.517
Train Loss 1.510
Epoch  47 | Time   108 | Train Loss 1.4822 | Test Loss 0.001 | Test Error 47.12
Train Loss 0.155
Train Loss 1.514
Train Loss 1.512
Train Loss 1.553
Train Loss 1.513
Train Loss 1.505
Train Loss 1.495
Train Loss 1.529
Epoch  48 | Time   108 | Train Loss 1.5342 | Test Loss 0.001 | Test Error 43.76
Train Loss 0.158
Train Loss 1.512
Train Loss 1.517
Train Loss 1.519
Train Loss 1.510
Train Loss 1.524
Train Loss 1.524
Train Loss 1.516
Epoch  49 | Time   107 | Train Loss 1.5062 | Test Loss 0.001 | Test Error 45.57
Train Loss 0.150
Train Loss 1.503
Train Loss 1.541
Train Loss 1.512
Train Loss 1.540
Train Loss 1.494
Train Loss 1.521
Train Loss 1.495
Epoch  50 | Time   108 | Train Loss 1.5282 | Test Loss 0.001 | Test Error 44.49
Train Loss 0.156
Train Loss 1.514
Train Loss 1.522
Train Loss 1.518
Train Loss 1.494
Train Loss 1.507
Train Loss 1.507
Train Loss 1.506
Epoch  51 | Time   107 | Train Loss 1.5264 | Test Loss 0.001 | Test Error 44.34
Train Loss 0.155
Train Loss 1.509
Train Loss 1.508
Train Loss 1.495
Train Loss 1.543
Train Loss 1.490
Train Loss 1.492
Train Loss 1.489
Epoch  52 | Time   107 | Train Loss 1.5269 | Test Loss 0.001 | Test Error 45.57
Train Loss 0.150
Train Loss 1.489
Train Loss 1.482
Train Loss 1.520
Train Loss 1.500
Train Loss 1.529
Train Loss 1.511
Train Loss 1.532
Epoch  53 | Time   108 | Train Loss 1.5328 | Test Loss 0.001 | Test Error 44.13
Train Loss 0.150
Train Loss 1.504
Train Loss 1.509
Train Loss 1.496
Train Loss 1.489
Train Loss 1.503
Train Loss 1.498
Train Loss 1.518
Epoch  54 | Time   108 | Train Loss 1.4949 | Test Loss 0.001 | Test Error 43.67
Train Loss 0.143
Train Loss 1.493
Train Loss 1.485
Train Loss 1.489
Train Loss 1.491
Train Loss 1.518
Train Loss 1.532
Train Loss 1.503
Epoch  55 | Time   108 | Train Loss 1.5406 | Test Loss 0.001 | Test Error 43.36
Train Loss 0.148
Train Loss 1.464
Train Loss 1.510
Train Loss 1.458
Train Loss 1.492
Train Loss 1.529
Train Loss 1.515
Train Loss 1.483
Epoch  56 | Time   108 | Train Loss 1.4981 | Test Loss 0.001 | Test Error 44.95
Train Loss 0.145
Train Loss 1.506
Train Loss 1.526
Train Loss 1.485
Train Loss 1.483
Train Loss 1.510
Train Loss 1.479
Train Loss 1.463
Epoch  57 | Time   108 | Train Loss 1.4798 | Test Loss 0.001 | Test Error 43.63
Train Loss 0.162
Train Loss 1.465
Train Loss 1.531
Train Loss 1.478
Train Loss 1.500
Train Loss 1.482
Train Loss 1.486
Train Loss 1.477
Epoch  58 | Time   108 | Train Loss 1.5036 | Test Loss 0.001 | Test Error 44.38
Train Loss 0.158
Train Loss 1.466
Train Loss 1.444
Train Loss 1.478
Train Loss 1.462
Train Loss 1.489
Train Loss 1.467
Train Loss 1.482
Epoch  59 | Time   108 | Train Loss 1.4691 | Test Loss 0.001 | Test Error 42.78
Train Loss 0.138
Train Loss 1.432
Train Loss 1.459
Train Loss 1.463
Train Loss 1.447
Train Loss 1.481
Train Loss 1.499
Train Loss 1.482
Epoch  60 | Time   108 | Train Loss 1.5040 | Test Loss 0.001 | Test Error 43.69
Train Loss 0.161
Train Loss 1.471
Train Loss 1.460
Train Loss 1.486
Train Loss 1.466
Train Loss 1.450
Train Loss 1.457
Train Loss 1.480
Epoch  61 | Time   108 | Train Loss 1.4846 | Test Loss 0.001 | Test Error 43.00
Train Loss 0.146
Train Loss 1.446
Train Loss 1.478
Train Loss 1.487
Train Loss 1.497
Train Loss 1.488
Train Loss 1.468
Train Loss 1.492
Epoch  62 | Time   108 | Train Loss 1.4845 | Test Loss 0.001 | Test Error 43.06
Train Loss 0.140
Train Loss 1.441
Train Loss 1.476
Train Loss 1.478
Train Loss 1.444
Train Loss 1.453
Train Loss 1.453
Train Loss 1.441
Epoch  63 | Time   108 | Train Loss 1.4554 | Test Loss 0.001 | Test Error 42.05
Train Loss 0.148
Train Loss 1.477
Train Loss 1.466
Train Loss 1.470
Train Loss 1.468
Train Loss 1.459
Train Loss 1.454
Train Loss 1.460
Epoch  64 | Time   108 | Train Loss 1.5190 | Test Loss 0.001 | Test Error 43.53
Train Loss 0.151
Train Loss 1.460
Train Loss 1.460
Train Loss 1.461
Train Loss 1.476
Train Loss 1.453
Train Loss 1.453
Train Loss 1.435
Epoch  65 | Time   108 | Train Loss 1.5108 | Test Loss 0.001 | Test Error 41.91
Train Loss 0.159
Train Loss 1.487
Train Loss 1.461
Train Loss 1.439
Train Loss 1.439
Train Loss 1.447
Train Loss 1.475
Train Loss 1.414
Epoch  66 | Time   108 | Train Loss 1.4451 | Test Loss 0.001 | Test Error 41.62
Train Loss 0.151
Train Loss 1.450
Train Loss 1.468
Train Loss 1.443
Train Loss 1.480
Train Loss 1.432
Train Loss 1.465
Train Loss 1.452
Epoch  67 | Time   108 | Train Loss 1.4436 | Test Loss 0.001 | Test Error 42.48
Train Loss 0.143
Train Loss 1.422
Train Loss 1.478
Train Loss 1.453
Train Loss 1.462
Train Loss 1.459
Train Loss 1.470
Train Loss 1.449
Epoch  68 | Time   109 | Train Loss 1.4436 | Test Loss 0.001 | Test Error 41.42
Train Loss 0.153
Train Loss 1.410
Train Loss 1.425
Train Loss 1.414
Train Loss 1.416
Train Loss 1.447
Train Loss 1.451
Train Loss 1.425
Epoch  69 | Time   108 | Train Loss 1.4176 | Test Loss 0.001 | Test Error 40.66
Train Loss 0.139
Train Loss 1.449
Train Loss 1.437
Train Loss 1.448
Train Loss 1.449
Train Loss 1.464
Train Loss 1.462
Train Loss 1.434
Epoch  70 | Time   108 | Train Loss 1.4738 | Test Loss 0.001 | Test Error 43.43
Train Loss 0.147
Train Loss 1.428
Train Loss 1.447
Train Loss 1.421
Train Loss 1.413
Train Loss 1.409
Train Loss 1.455
Train Loss 1.421
Epoch  71 | Time   108 | Train Loss 1.4175 | Test Loss 0.001 | Test Error 40.39
Train Loss 0.135
Train Loss 1.432
Train Loss 1.432
Train Loss 1.461
Train Loss 1.435
Train Loss 1.429
Train Loss 1.475
Train Loss 1.399
Epoch  72 | Time   108 | Train Loss 1.4362 | Test Loss 0.001 | Test Error 42.59
Train Loss 0.136
Train Loss 1.419
Train Loss 1.422
Train Loss 1.409
Train Loss 1.393
Train Loss 1.436
Train Loss 1.430
Train Loss 1.450
Epoch  73 | Time   108 | Train Loss 1.4138 | Test Loss 0.001 | Test Error 40.99
Train Loss 0.142
Train Loss 1.443
Train Loss 1.429
Train Loss 1.412
Train Loss 1.404
Train Loss 1.424
Train Loss 1.450
Train Loss 1.452
Epoch  74 | Time   108 | Train Loss 1.4049 | Test Loss 0.001 | Test Error 39.99
Train Loss 0.136
Train Loss 1.433
Train Loss 1.439
Train Loss 1.449
Train Loss 1.447
Train Loss 1.371
Train Loss 1.467
Train Loss 1.413
Epoch  75 | Time   107 | Train Loss 1.4265 | Test Loss 0.001 | Test Error 40.89
Train Loss 0.131
Train Loss 1.415
Train Loss 1.444
Train Loss 1.444
Train Loss 1.406
Train Loss 1.419
Train Loss 1.438
Train Loss 1.419
Epoch  76 | Time   108 | Train Loss 1.4127 | Test Loss 0.001 | Test Error 40.50
Train Loss 0.146
Train Loss 1.436
Train Loss 1.432
Train Loss 1.419
Train Loss 1.430
Train Loss 1.403
Train Loss 1.380
Train Loss 1.410
Epoch  77 | Time   108 | Train Loss 1.4146 | Test Loss 0.001 | Test Error 41.08
Train Loss 0.139
Train Loss 1.390
Train Loss 1.394
Train Loss 1.411
Train Loss 1.413
Train Loss 1.382
Train Loss 1.355
Train Loss 1.400
Epoch  78 | Time   108 | Train Loss 1.3924 | Test Loss 0.001 | Test Error 40.37
Train Loss 0.141
Train Loss 1.447
Train Loss 1.403
Train Loss 1.430
Train Loss 1.388
Train Loss 1.407
Train Loss 1.389
Train Loss 1.390
Epoch  79 | Time   107 | Train Loss 1.3853 | Test Loss 0.001 | Test Error 39.31
Train Loss 0.136
Train Loss 1.403
Train Loss 1.400
Train Loss 1.404
Train Loss 1.413
Train Loss 1.398
Train Loss 1.390
Train Loss 1.379
Epoch  80 | Time   108 | Train Loss 1.4011 | Test Loss 0.001 | Test Error 39.44
Train Loss 0.138
Train Loss 1.374
Train Loss 1.390
Train Loss 1.394
Train Loss 1.387
Train Loss 1.376
Train Loss 1.380
Train Loss 1.388
Epoch  81 | Time   109 | Train Loss 1.4183 | Test Loss 0.001 | Test Error 39.46
Train Loss 0.138
Train Loss 1.384
Train Loss 1.392
Train Loss 1.382
Train Loss 1.385
Train Loss 1.374
Train Loss 1.385
Train Loss 1.380
Epoch  82 | Time   108 | Train Loss 1.3900 | Test Loss 0.001 | Test Error 39.10
Train Loss 0.145
Train Loss 1.368
Train Loss 1.391
Train Loss 1.394
Train Loss 1.407
Train Loss 1.388
Train Loss 1.383
Train Loss 1.379
Epoch  83 | Time   107 | Train Loss 1.3948 | Test Loss 0.001 | Test Error 39.13
Train Loss 0.137
Train Loss 1.375
Train Loss 1.400
Train Loss 1.381
Train Loss 1.368
Train Loss 1.347
Train Loss 1.370
Train Loss 1.375
Epoch  84 | Time   108 | Train Loss 1.3535 | Test Loss 0.001 | Test Error 38.60
Train Loss 0.132
Train Loss 1.397
Train Loss 1.379
Train Loss 1.380
Train Loss 1.384
Train Loss 1.407
Train Loss 1.360
Train Loss 1.358
Epoch  85 | Time   108 | Train Loss 1.3810 | Test Loss 0.001 | Test Error 38.08
Train Loss 0.122
Train Loss 1.372
Train Loss 1.372
Train Loss 1.401
Train Loss 1.386
Train Loss 1.393
Train Loss 1.362
Train Loss 1.364
Epoch  86 | Time   108 | Train Loss 1.3593 | Test Loss 0.001 | Test Error 38.06
Train Loss 0.135
Train Loss 1.378
Train Loss 1.368
Train Loss 1.383
Train Loss 1.351
Train Loss 1.378
Train Loss 1.342
Train Loss 1.380
Epoch  87 | Time   108 | Train Loss 1.3405 | Test Loss 0.001 | Test Error 37.90
Train Loss 0.144
Train Loss 1.348
Train Loss 1.364
Train Loss 1.402
Train Loss 1.360
Train Loss 1.369
Train Loss 1.361
Train Loss 1.389
Epoch  88 | Time   108 | Train Loss 1.3789 | Test Loss 0.001 | Test Error 38.09
Train Loss 0.133
Train Loss 1.345
Train Loss 1.369
Train Loss 1.353
Train Loss 1.392
Train Loss 1.352
Train Loss 1.370
Train Loss 1.367
Epoch  89 | Time   108 | Train Loss 1.3516 | Test Loss 0.001 | Test Error 38.31
Train Loss 0.157
Train Loss 1.342
Train Loss 1.365
Train Loss 1.348
Train Loss 1.346
Train Loss 1.349
Train Loss 1.362
Train Loss 1.351
Epoch  90 | Time   109 | Train Loss 1.3713 | Test Loss 0.001 | Test Error 38.25
Train Loss 0.141
Train Loss 1.314
Train Loss 1.369
Train Loss 1.364
Train Loss 1.355
Train Loss 1.360
Train Loss 1.332
Train Loss 1.351
Epoch  91 | Time   108 | Train Loss 1.3358 | Test Loss 0.001 | Test Error 37.67
Train Loss 0.127
Train Loss 1.342
Train Loss 1.340
Train Loss 1.324
Train Loss 1.374
Train Loss 1.361
Train Loss 1.344
Train Loss 1.365
Epoch  92 | Time   109 | Train Loss 1.3511 | Test Loss 0.001 | Test Error 37.66
Train Loss 0.135
Train Loss 1.313
Train Loss 1.333
Train Loss 1.381
Train Loss 1.326
Train Loss 1.382
Train Loss 1.353
Train Loss 1.360
Epoch  93 | Time   108 | Train Loss 1.3410 | Test Loss 0.001 | Test Error 37.30
Train Loss 0.127
Train Loss 1.315
Train Loss 1.339
Train Loss 1.366
Train Loss 1.346
Train Loss 1.334
Train Loss 1.365
Train Loss 1.327
Epoch  94 | Time   108 | Train Loss 1.3507 | Test Loss 0.001 | Test Error 37.25
Train Loss 0.132
Train Loss 1.340
Train Loss 1.376
Train Loss 1.333
Train Loss 1.315
Train Loss 1.333
Train Loss 1.371
Train Loss 1.361
Epoch  95 | Time   108 | Train Loss 1.3144 | Test Loss 0.001 | Test Error 37.46
Train Loss 0.124
Train Loss 1.346
Train Loss 1.357
Train Loss 1.375
Train Loss 1.327
Train Loss 1.315
Train Loss 1.312
Train Loss 1.353
Epoch  96 | Time   108 | Train Loss 1.3387 | Test Loss 0.001 | Test Error 37.14
Train Loss 0.137
Train Loss 1.370
Train Loss 1.313
Train Loss 1.333
Train Loss 1.338
Train Loss 1.346
Train Loss 1.341
Train Loss 1.295
Epoch  97 | Time   107 | Train Loss 1.3308 | Test Loss 0.001 | Test Error 37.08
Train Loss 0.136
Train Loss 1.311
Train Loss 1.331
Train Loss 1.365
Train Loss 1.362
Train Loss 1.312
Train Loss 1.343
Train Loss 1.328
Epoch  98 | Time   107 | Train Loss 1.3564 | Test Loss 0.001 | Test Error 37.04
Train Loss 0.127
Train Loss 1.352
Train Loss 1.374
Train Loss 1.323
Train Loss 1.322
Train Loss 1.329
Train Loss 1.337
Train Loss 1.367
Epoch  99 | Time   108 | Train Loss 1.3374 | Test Loss 0.001 | Test Error 36.96
Train Loss 0.120
Train Loss 1.370
Train Loss 1.336
Train Loss 1.316
Train Loss 1.331
Train Loss 1.332
Train Loss 1.321
Train Loss 1.351
Epoch 100 | Time   108 | Train Loss 1.3216 | Test Loss 0.001 | Test Error 36.98
gaussian_noise
	Test Loss 0.001 | Test Error 39.080
shot_noise
	Test Loss 0.001 | Test Error 38.524
impulse_noise
	Test Loss 0.001 | Test Error 41.512
defocus_blur
	Test Loss 0.001 | Test Error 38.512
glass_blur
	Test Loss 0.001 | Test Error 39.784
motion_blur
	Test Loss 0.001 | Test Error 40.474
zoom_blur
	Test Loss 0.001 | Test Error 39.324
snow
	Test Loss 0.001 | Test Error 41.616
frost
	Test Loss 0.001 | Test Error 44.426
fog
	Test Loss 0.001 | Test Error 47.740
brightness
	Test Loss 0.001 | Test Error 39.592
contrast
	Test Loss 0.002 | Test Error 55.170
elastic_transform
	Test Loss 0.001 | Test Error 40.508
pixelate
	Test Loss 0.001 | Test Error 37.730
/cm/local/apps/slurm/var/spool/job3208801/slurm_script: line 7: 23208 Killed                  python /work/ws-tmp/g054727-Training/task/augmix/cifar.py --model nptconvnexttiny --optimizer SGD --scheduler lambda_lr
slurmstepd: error: Detected 1 oom-kill event(s) in StepId=3208801.batch cgroup. Some of your processes may have been killed by the cgroup out-of-memory handler.
