Files already downloaded and verified
Files already downloaded and verified
Beginning training from epoch: 1
Train Loss 0.261
Train Loss 2.323
Train Loss 2.317
Train Loss 2.311
Train Loss 2.314
Train Loss 2.312
Train Loss 2.309
Train Loss 2.312
Epoch   1 | Time    62 | Train Loss 2.3078 | Test Loss 0.002 | Test Error 90.00
Train Loss 0.233
Train Loss 2.296
Train Loss 2.312
Train Loss 2.307
Train Loss 2.306
Train Loss 2.309
Train Loss 2.309
Train Loss 2.311
Epoch   2 | Time    61 | Train Loss 2.3082 | Test Loss 0.002 | Test Error 90.00
Train Loss 0.232
Train Loss 2.298
Train Loss 2.313
Train Loss 2.308
Train Loss 2.308
Train Loss 2.307
Train Loss 2.306
Train Loss 2.177
Epoch   3 | Time    61 | Train Loss 2.1334 | Test Loss 0.002 | Test Error 75.89
Train Loss 0.216
Train Loss 2.070
Train Loss 2.054
Train Loss 1.999
Train Loss 1.989
Train Loss 1.987
Train Loss 1.980
Train Loss 1.932
Epoch   4 | Time    61 | Train Loss 1.9280 | Test Loss 0.002 | Test Error 63.93
Train Loss 0.194
Train Loss 1.897
Train Loss 1.890
Train Loss 1.869
Train Loss 1.869
Train Loss 1.845
Train Loss 1.811
Train Loss 1.815
Epoch   5 | Time    60 | Train Loss 1.8114 | Test Loss 0.002 | Test Error 58.29
Train Loss 0.189
Train Loss 1.788
Train Loss 1.729
Train Loss 1.791
Train Loss 1.758
Train Loss 1.784
Train Loss 1.753
Train Loss 1.712
Epoch   6 | Time    62 | Train Loss 1.7508 | Test Loss 0.002 | Test Error 56.33
Train Loss 0.163
Train Loss 1.727
Train Loss 1.701
Train Loss 1.690
Train Loss 1.718
Train Loss 1.733
Train Loss 1.685
Train Loss 1.679
Epoch   7 | Time    61 | Train Loss 1.6954 | Test Loss 0.001 | Test Error 51.97
Train Loss 0.168
Train Loss 1.677
Train Loss 1.723
Train Loss 1.704
Train Loss 1.677
Train Loss 1.668
Train Loss 1.686
Train Loss 1.676
Epoch   8 | Time    61 | Train Loss 1.6626 | Test Loss 0.001 | Test Error 53.14
Train Loss 0.177
Train Loss 1.612
Train Loss 1.654
Train Loss 1.676
Train Loss 1.660
Train Loss 1.632
Train Loss 1.673
Train Loss 1.654
Epoch   9 | Time    61 | Train Loss 1.6401 | Test Loss 0.001 | Test Error 51.52
Train Loss 0.165
Train Loss 1.630
Train Loss 1.658
Train Loss 1.654
Train Loss 1.630
Train Loss 1.645
Train Loss 1.643
Train Loss 1.615
Epoch  10 | Time    61 | Train Loss 1.6546 | Test Loss 0.001 | Test Error 49.11
Train Loss 0.176
Train Loss 1.636
Train Loss 1.650
Train Loss 1.615
Train Loss 1.641
Train Loss 1.625
Train Loss 1.616
Train Loss 1.617
Epoch  11 | Time    62 | Train Loss 1.5907 | Test Loss 0.001 | Test Error 50.75
Train Loss 0.162
Train Loss 1.633
Train Loss 1.652
Train Loss 1.602
Train Loss 1.643
Train Loss 1.624
Train Loss 1.568
Train Loss 1.604
Epoch  12 | Time    62 | Train Loss 1.5843 | Test Loss 0.001 | Test Error 48.24
Train Loss 0.156
Train Loss 1.573
Train Loss 1.546
Train Loss 1.616
Train Loss 1.621
Train Loss 1.597
Train Loss 1.583
Train Loss 1.586
Epoch  13 | Time    62 | Train Loss 1.6068 | Test Loss 0.001 | Test Error 49.19
Train Loss 0.155
Train Loss 1.565
Train Loss 1.604
Train Loss 1.572
Train Loss 1.598
Train Loss 1.595
Train Loss 1.622
Train Loss 1.599
Epoch  14 | Time    62 | Train Loss 1.6332 | Test Loss 0.001 | Test Error 48.98
Train Loss 0.164
Train Loss 1.591
Train Loss 1.595
Train Loss 1.547
Train Loss 1.596
Train Loss 1.555
Train Loss 1.593
Train Loss 1.594
Epoch  15 | Time    62 | Train Loss 1.5848 | Test Loss 0.001 | Test Error 47.76
Train Loss 0.149
Train Loss 1.592
Train Loss 1.570
Train Loss 1.575
Train Loss 1.576
Train Loss 1.550
Train Loss 1.558
Train Loss 1.582
Epoch  16 | Time    61 | Train Loss 1.5392 | Test Loss 0.001 | Test Error 46.82
Train Loss 0.148
Train Loss 1.573
Train Loss 1.556
Train Loss 1.566
Train Loss 1.579
Train Loss 1.577
Train Loss 1.561
Train Loss 1.589
Epoch  17 | Time    61 | Train Loss 1.5625 | Test Loss 0.001 | Test Error 48.87
Train Loss 0.154
Train Loss 1.562
Train Loss 1.578
Train Loss 1.539
Train Loss 1.546
Train Loss 1.561
Train Loss 1.566
Train Loss 1.554
Epoch  18 | Time    61 | Train Loss 1.5531 | Test Loss 0.001 | Test Error 46.39
Train Loss 0.159
Train Loss 1.565
Train Loss 1.568
Train Loss 1.579
Train Loss 1.580
Train Loss 1.544
Train Loss 1.602
Train Loss 1.569
Epoch  19 | Time    60 | Train Loss 1.5729 | Test Loss 0.001 | Test Error 48.13
Train Loss 0.159
Train Loss 1.557
Train Loss 1.548
Train Loss 1.559
Train Loss 1.553
Train Loss 1.553
Train Loss 1.543
Train Loss 1.549
Epoch  20 | Time    62 | Train Loss 1.5679 | Test Loss 0.001 | Test Error 47.35
Train Loss 0.151
Train Loss 1.543
Train Loss 1.546
Train Loss 1.561
Train Loss 1.558
Train Loss 1.541
Train Loss 1.544
Train Loss 1.523
Epoch  21 | Time    62 | Train Loss 1.5259 | Test Loss 0.001 | Test Error 46.00
Train Loss 0.153
Train Loss 1.522
Train Loss 1.517
Train Loss 1.555
Train Loss 1.559
Train Loss 1.558
Train Loss 1.549
Train Loss 1.533
Epoch  22 | Time    63 | Train Loss 1.5564 | Test Loss 0.001 | Test Error 44.85
Train Loss 0.141
Train Loss 1.510
Train Loss 1.567
Train Loss 1.528
Train Loss 1.533
Train Loss 1.522
Train Loss 1.526
Train Loss 1.540
Epoch  23 | Time    62 | Train Loss 1.5371 | Test Loss 0.001 | Test Error 45.34
Train Loss 0.160
Train Loss 1.504
Train Loss 1.522
Train Loss 1.492
Train Loss 1.516
Train Loss 1.526
Train Loss 1.521
Train Loss 1.508
Epoch  24 | Time    59 | Train Loss 1.5199 | Test Loss 0.001 | Test Error 44.16
Train Loss 0.147
Train Loss 1.506
Train Loss 1.530
Train Loss 1.530
Train Loss 1.537
Train Loss 1.515
Train Loss 1.534
Train Loss 1.514
Epoch  25 | Time    62 | Train Loss 1.5359 | Test Loss 0.001 | Test Error 44.03
Train Loss 0.147
Train Loss 1.492
Train Loss 1.554
Train Loss 1.523
Train Loss 1.508
Train Loss 1.525
Train Loss 1.522
Train Loss 1.544
Epoch  26 | Time    60 | Train Loss 1.5281 | Test Loss 0.001 | Test Error 45.21
Train Loss 0.155
Train Loss 1.480
Train Loss 1.488
Train Loss 1.526
Train Loss 1.558
Train Loss 1.491
Train Loss 1.552
Train Loss 1.488
Epoch  27 | Time    62 | Train Loss 1.5046 | Test Loss 0.001 | Test Error 45.57
Train Loss 0.142
Train Loss 1.513
Train Loss 1.502
Train Loss 1.511
Train Loss 1.502
Train Loss 1.516
Train Loss 1.482
Train Loss 1.487
Epoch  28 | Time    63 | Train Loss 1.5137 | Test Loss 0.001 | Test Error 44.41
Train Loss 0.141
Train Loss 1.519
Train Loss 1.483
Train Loss 1.502
Train Loss 1.515
Train Loss 1.532
Train Loss 1.518
Train Loss 1.500
Epoch  29 | Time    62 | Train Loss 1.5211 | Test Loss 0.001 | Test Error 44.90
Train Loss 0.154
Train Loss 1.494
Train Loss 1.508
Train Loss 1.490
Train Loss 1.520
Train Loss 1.479
Train Loss 1.495
Train Loss 1.510
Epoch  30 | Time    60 | Train Loss 1.4949 | Test Loss 0.001 | Test Error 43.86
Train Loss 0.151
Train Loss 1.476
Train Loss 1.502
Train Loss 1.503
Train Loss 1.473
Train Loss 1.533
Train Loss 1.513
Train Loss 1.500
Epoch  31 | Time   155 | Train Loss 1.5079 | Test Loss 0.001 | Test Error 44.76
Train Loss 0.155
Train Loss 1.488
Train Loss 1.527
Train Loss 1.477
Train Loss 1.507
Train Loss 1.508
Train Loss 1.507
Train Loss 1.506
Epoch  32 | Time    62 | Train Loss 1.4623 | Test Loss 0.001 | Test Error 44.52
Train Loss 0.134
Train Loss 1.467
Train Loss 1.506
Train Loss 1.473
Train Loss 1.502
Train Loss 1.504
Train Loss 1.488
Train Loss 1.485
Epoch  33 | Time    59 | Train Loss 1.4731 | Test Loss 0.001 | Test Error 43.06
Train Loss 0.156
Train Loss 1.438
Train Loss 1.491
Train Loss 1.462
Train Loss 1.502
Train Loss 1.483
Train Loss 1.490
Train Loss 1.498
Epoch  34 | Time    61 | Train Loss 1.4721 | Test Loss 0.001 | Test Error 43.55
Train Loss 0.152
Train Loss 1.495
Train Loss 1.469
Train Loss 1.480
Train Loss 1.483
Train Loss 1.480
Train Loss 1.455
Train Loss 1.505
Epoch  35 | Time    61 | Train Loss 1.4809 | Test Loss 0.001 | Test Error 43.01
Train Loss 0.156
Train Loss 1.430
Train Loss 1.481
Train Loss 1.490
Train Loss 1.456
Train Loss 1.513
Train Loss 1.480
Train Loss 1.462
Epoch  36 | Time    59 | Train Loss 1.4570 | Test Loss 0.001 | Test Error 43.17
Train Loss 0.138
Train Loss 1.447
Train Loss 1.486
Train Loss 1.493
Train Loss 1.429
Train Loss 1.475
Train Loss 1.450
Train Loss 1.493
Epoch  37 | Time    61 | Train Loss 1.4782 | Test Loss 0.001 | Test Error 44.41
Train Loss 0.161
Train Loss 1.484
Train Loss 1.493
Train Loss 1.468
Train Loss 1.437
Train Loss 1.468
Train Loss 1.447
Train Loss 1.469
Epoch  38 | Time    62 | Train Loss 1.4564 | Test Loss 0.001 | Test Error 42.89
Train Loss 0.145
Train Loss 1.479
Train Loss 1.465
Train Loss 1.462
Train Loss 1.459
Train Loss 1.478
Train Loss 1.463
Train Loss 1.465
Epoch  39 | Time    63 | Train Loss 1.4583 | Test Loss 0.001 | Test Error 41.85
Train Loss 0.138
Train Loss 1.420
Train Loss 1.450
Train Loss 1.468
Train Loss 1.463
Train Loss 1.473
Train Loss 1.461
Train Loss 1.439
Epoch  40 | Time    61 | Train Loss 1.4311 | Test Loss 0.001 | Test Error 42.04
Train Loss 0.142
Train Loss 1.419
Train Loss 1.436
Train Loss 1.468
Train Loss 1.462
Train Loss 1.449
Train Loss 1.459
Train Loss 1.466
Epoch  41 | Time    61 | Train Loss 1.4636 | Test Loss 0.001 | Test Error 40.84
Train Loss 0.143
Train Loss 1.442
Train Loss 1.410
Train Loss 1.436
Train Loss 1.446
Train Loss 1.461
Train Loss 1.448
Train Loss 1.460
Epoch  42 | Time    62 | Train Loss 1.4484 | Test Loss 0.001 | Test Error 42.15
Train Loss 0.143
Train Loss 1.468
Train Loss 1.407
Train Loss 1.434
Train Loss 1.434
Train Loss 1.446
Train Loss 1.429
Train Loss 1.465
Epoch  43 | Time    62 | Train Loss 1.4173 | Test Loss 0.001 | Test Error 42.54
Train Loss 0.136
Train Loss 1.453
Train Loss 1.440
Train Loss 1.441
Train Loss 1.443
Train Loss 1.432
Train Loss 1.441
Train Loss 1.460
Epoch  44 | Time    63 | Train Loss 1.4417 | Test Loss 0.001 | Test Error 42.20
Train Loss 0.141
Train Loss 1.444
Train Loss 1.453
Train Loss 1.449
Train Loss 1.436
Train Loss 1.431
Train Loss 1.438
Train Loss 1.428
Epoch  45 | Time    60 | Train Loss 1.3963 | Test Loss 0.001 | Test Error 42.77
Train Loss 0.154
Train Loss 1.419
Train Loss 1.419
Train Loss 1.456
Train Loss 1.406
Train Loss 1.428
Train Loss 1.420
Train Loss 1.396
Epoch  46 | Time    61 | Train Loss 1.4092 | Test Loss 0.001 | Test Error 41.60
Train Loss 0.154
Train Loss 1.411
Train Loss 1.448
Train Loss 1.432
Train Loss 1.434
Train Loss 1.421
Train Loss 1.415
Train Loss 1.406
Epoch  47 | Time    61 | Train Loss 1.3820 | Test Loss 0.001 | Test Error 41.97
Train Loss 0.141
Train Loss 1.406
Train Loss 1.396
Train Loss 1.450
Train Loss 1.404
Train Loss 1.408
Train Loss 1.389
Train Loss 1.422
Epoch  48 | Time    61 | Train Loss 1.4219 | Test Loss 0.001 | Test Error 40.74
Train Loss 0.142
Train Loss 1.388
Train Loss 1.398
Train Loss 1.412
Train Loss 1.392
Train Loss 1.409
Train Loss 1.435
Train Loss 1.385
Epoch  49 | Time    60 | Train Loss 1.4094 | Test Loss 0.001 | Test Error 41.23
Train Loss 0.138
Train Loss 1.397
Train Loss 1.434
Train Loss 1.411
Train Loss 1.434
Train Loss 1.389
Train Loss 1.407
Train Loss 1.379
Epoch  50 | Time    63 | Train Loss 1.4183 | Test Loss 0.001 | Test Error 40.75
Train Loss 0.141
Train Loss 1.396
Train Loss 1.412
Train Loss 1.405
Train Loss 1.383
Train Loss 1.401
Train Loss 1.376
Train Loss 1.404
Epoch  51 | Time    62 | Train Loss 1.4208 | Test Loss 0.001 | Test Error 39.53
Train Loss 0.145
Train Loss 1.402
Train Loss 1.401
Train Loss 1.382
Train Loss 1.426
Train Loss 1.376
Train Loss 1.385
Train Loss 1.378
Epoch  52 | Time    62 | Train Loss 1.4150 | Test Loss 0.001 | Test Error 39.41
Train Loss 0.121
Train Loss 1.377
Train Loss 1.387
Train Loss 1.409
Train Loss 1.361
Train Loss 1.416
Train Loss 1.374
Train Loss 1.422
Epoch  53 | Time    63 | Train Loss 1.3948 | Test Loss 0.001 | Test Error 38.97
Train Loss 0.139
Train Loss 1.350
Train Loss 1.403
Train Loss 1.381
Train Loss 1.374
Train Loss 1.374
Train Loss 1.372
Train Loss 1.386
Epoch  54 | Time    61 | Train Loss 1.3942 | Test Loss 0.001 | Test Error 37.85
Train Loss 0.138
Train Loss 1.376
Train Loss 1.370
Train Loss 1.373
Train Loss 1.367
Train Loss 1.391
Train Loss 1.403
Train Loss 1.363
Epoch  55 | Time    60 | Train Loss 1.4170 | Test Loss 0.001 | Test Error 38.99
Train Loss 0.133
Train Loss 1.352
Train Loss 1.387
Train Loss 1.336
Train Loss 1.361
Train Loss 1.415
Train Loss 1.392
Train Loss 1.367
Epoch  56 | Time    61 | Train Loss 1.3881 | Test Loss 0.001 | Test Error 40.24
Train Loss 0.137
Train Loss 1.387
Train Loss 1.395
Train Loss 1.366
Train Loss 1.354
Train Loss 1.367
Train Loss 1.351
Train Loss 1.342
Epoch  57 | Time    63 | Train Loss 1.3792 | Test Loss 0.001 | Test Error 38.41
Train Loss 0.154
Train Loss 1.338
Train Loss 1.408
Train Loss 1.349
Train Loss 1.381
Train Loss 1.381
Train Loss 1.348
Train Loss 1.330
Epoch  58 | Time    60 | Train Loss 1.3630 | Test Loss 0.001 | Test Error 38.70
Train Loss 0.142
Train Loss 1.345
Train Loss 1.332
Train Loss 1.364
Train Loss 1.346
Train Loss 1.358
Train Loss 1.332
Train Loss 1.339
Epoch  59 | Time    62 | Train Loss 1.3549 | Test Loss 0.001 | Test Error 38.56
Train Loss 0.124
Train Loss 1.321
Train Loss 1.338
Train Loss 1.336
Train Loss 1.333
Train Loss 1.355
Train Loss 1.355
Train Loss 1.339
Epoch  60 | Time    61 | Train Loss 1.3627 | Test Loss 0.001 | Test Error 37.83
Train Loss 0.147
Train Loss 1.334
Train Loss 1.332
Train Loss 1.340
Train Loss 1.325
Train Loss 1.348
Train Loss 1.315
Train Loss 1.339
Epoch  61 | Time    60 | Train Loss 1.3543 | Test Loss 0.001 | Test Error 38.50
Train Loss 0.136
Train Loss 1.341
Train Loss 1.327
Train Loss 1.343
Train Loss 1.357
Train Loss 1.332
Train Loss 1.336
Train Loss 1.345
Epoch  62 | Time    62 | Train Loss 1.3446 | Test Loss 0.001 | Test Error 38.19
Train Loss 0.121
Train Loss 1.314
Train Loss 1.343
Train Loss 1.360
Train Loss 1.313
Train Loss 1.324
Train Loss 1.317
Train Loss 1.325
Epoch  63 | Time    61 | Train Loss 1.3124 | Test Loss 0.001 | Test Error 37.14
Train Loss 0.133
Train Loss 1.317
Train Loss 1.343
Train Loss 1.331
Train Loss 1.322
Train Loss 1.335
Train Loss 1.315
Train Loss 1.334
Epoch  64 | Time    61 | Train Loss 1.3617 | Test Loss 0.001 | Test Error 37.95
Train Loss 0.136
Train Loss 1.318
Train Loss 1.320
Train Loss 1.318
Train Loss 1.345
Train Loss 1.304
Train Loss 1.340
Train Loss 1.268
Epoch  65 | Time    61 | Train Loss 1.3723 | Test Loss 0.001 | Test Error 37.65
Train Loss 0.146
Train Loss 1.365
Train Loss 1.313
Train Loss 1.302
Train Loss 1.308
Train Loss 1.301
Train Loss 1.326
Train Loss 1.277
Epoch  66 | Time    61 | Train Loss 1.3274 | Test Loss 0.001 | Test Error 36.78
Train Loss 0.130
Train Loss 1.302
Train Loss 1.295
Train Loss 1.310
Train Loss 1.327
Train Loss 1.291
Train Loss 1.333
Train Loss 1.303
Epoch  67 | Time    60 | Train Loss 1.2847 | Test Loss 0.001 | Test Error 36.50
Train Loss 0.127
Train Loss 1.283
Train Loss 1.351
Train Loss 1.324
Train Loss 1.292
Train Loss 1.313
Train Loss 1.322
Train Loss 1.302
Epoch  68 | Time    61 | Train Loss 1.2986 | Test Loss 0.001 | Test Error 35.59
Train Loss 0.141
Train Loss 1.268
Train Loss 1.274
Train Loss 1.277
Train Loss 1.305
Train Loss 1.318
Train Loss 1.306
Train Loss 1.277
Epoch  69 | Time    60 | Train Loss 1.2893 | Test Loss 0.001 | Test Error 36.13
Train Loss 0.135
Train Loss 1.292
Train Loss 1.302
Train Loss 1.290
Train Loss 1.315
Train Loss 1.294
Train Loss 1.300
Train Loss 1.294
Epoch  70 | Time    60 | Train Loss 1.3362 | Test Loss 0.001 | Test Error 36.65
Train Loss 0.127
Train Loss 1.275
Train Loss 1.302
Train Loss 1.249
Train Loss 1.269
Train Loss 1.277
Train Loss 1.309
Train Loss 1.273
Epoch  71 | Time    60 | Train Loss 1.2779 | Test Loss 0.001 | Test Error 35.90
Train Loss 0.126
Train Loss 1.289
Train Loss 1.283
Train Loss 1.312
Train Loss 1.276
Train Loss 1.274
Train Loss 1.310
Train Loss 1.252
Epoch  72 | Time    63 | Train Loss 1.2779 | Test Loss 0.001 | Test Error 35.84
Train Loss 0.119
Train Loss 1.286
Train Loss 1.267
Train Loss 1.271
Train Loss 1.228
Train Loss 1.288
Train Loss 1.286
Train Loss 1.312
Epoch  73 | Time    61 | Train Loss 1.2536 | Test Loss 0.001 | Test Error 35.43
Train Loss 0.122
Train Loss 1.288
Train Loss 1.276
Train Loss 1.274
Train Loss 1.246
Train Loss 1.279
Train Loss 1.300
Train Loss 1.305
Epoch  74 | Time    62 | Train Loss 1.2586 | Test Loss 0.001 | Test Error 34.91
Train Loss 0.124
Train Loss 1.266
Train Loss 1.280
Train Loss 1.295
Train Loss 1.291
Train Loss 1.235
Train Loss 1.296
Train Loss 1.265
Epoch  75 | Time    62 | Train Loss 1.2792 | Test Loss 0.001 | Test Error 35.93
Train Loss 0.127
Train Loss 1.250
Train Loss 1.279
Train Loss 1.277
Train Loss 1.267
Train Loss 1.275
Train Loss 1.265
Train Loss 1.255
Epoch  76 | Time    60 | Train Loss 1.2712 | Test Loss 0.001 | Test Error 33.87
Train Loss 0.134
Train Loss 1.266
Train Loss 1.285
Train Loss 1.250
Train Loss 1.268
Train Loss 1.237
Train Loss 1.246
Train Loss 1.272
Epoch  77 | Time    63 | Train Loss 1.2811 | Test Loss 0.001 | Test Error 34.59
Train Loss 0.120
Train Loss 1.231
Train Loss 1.219
Train Loss 1.238
Train Loss 1.262
Train Loss 1.239
Train Loss 1.218
Train Loss 1.249
Epoch  78 | Time    61 | Train Loss 1.2479 | Test Loss 0.001 | Test Error 34.00
Train Loss 0.122
Train Loss 1.284
Train Loss 1.248
Train Loss 1.267
Train Loss 1.236
Train Loss 1.247
Train Loss 1.232
Train Loss 1.235
Epoch  79 | Time    60 | Train Loss 1.2028 | Test Loss 0.001 | Test Error 33.97
Train Loss 0.120
Train Loss 1.237
Train Loss 1.230
Train Loss 1.239
Train Loss 1.245
Train Loss 1.211
Train Loss 1.242
Train Loss 1.208
Epoch  80 | Time    63 | Train Loss 1.2308 | Test Loss 0.001 | Test Error 33.49
Train Loss 0.117
Train Loss 1.203
Train Loss 1.228
Train Loss 1.243
Train Loss 1.229
Train Loss 1.221
Train Loss 1.194
Train Loss 1.227
Epoch  81 | Time    60 | Train Loss 1.2665 | Test Loss 0.001 | Test Error 33.75
Train Loss 0.115
Train Loss 1.211
Train Loss 1.243
Train Loss 1.222
Train Loss 1.225
Train Loss 1.212
Train Loss 1.229
Train Loss 1.220
Epoch  82 | Time    62 | Train Loss 1.2433 | Test Loss 0.001 | Test Error 33.22
Train Loss 0.120
Train Loss 1.213
Train Loss 1.228
Train Loss 1.237
Train Loss 1.238
Train Loss 1.223
Train Loss 1.223
Train Loss 1.201
Epoch  83 | Time    62 | Train Loss 1.2436 | Test Loss 0.001 | Test Error 33.01
Train Loss 0.128
Train Loss 1.219
Train Loss 1.252
Train Loss 1.216
Train Loss 1.200
Train Loss 1.207
Train Loss 1.202
Train Loss 1.194
Epoch  84 | Time    59 | Train Loss 1.2137 | Test Loss 0.001 | Test Error 32.66
Train Loss 0.129
Train Loss 1.226
Train Loss 1.194
Train Loss 1.206
Train Loss 1.207
Train Loss 1.239
Train Loss 1.205
Train Loss 1.176
Epoch  85 | Time    61 | Train Loss 1.2323 | Test Loss 0.001 | Test Error 32.79
Train Loss 0.107
Train Loss 1.213
Train Loss 1.228
Train Loss 1.222
Train Loss 1.224
Train Loss 1.214
Train Loss 1.194
Train Loss 1.197
Epoch  86 | Time    61 | Train Loss 1.1853 | Test Loss 0.001 | Test Error 32.45
Train Loss 0.112
Train Loss 1.202
Train Loss 1.190
Train Loss 1.212
Train Loss 1.196
Train Loss 1.210
Train Loss 1.178
Train Loss 1.227
Epoch  87 | Time    61 | Train Loss 1.1884 | Test Loss 0.001 | Test Error 32.16
Train Loss 0.134
Train Loss 1.185
Train Loss 1.200
Train Loss 1.213
Train Loss 1.196
Train Loss 1.200
Train Loss 1.203
Train Loss 1.207
Epoch  88 | Time    60 | Train Loss 1.2164 | Test Loss 0.001 | Test Error 32.83
Train Loss 0.115
Train Loss 1.166
Train Loss 1.207
Train Loss 1.189
Train Loss 1.197
Train Loss 1.193
Train Loss 1.182
Train Loss 1.188
Epoch  89 | Time    62 | Train Loss 1.1961 | Test Loss 0.001 | Test Error 32.37
Train Loss 0.150
Train Loss 1.160
Train Loss 1.194
Train Loss 1.177
Train Loss 1.190
Train Loss 1.179
Train Loss 1.204
Train Loss 1.171
Epoch  90 | Time    61 | Train Loss 1.1974 | Test Loss 0.001 | Test Error 32.32
Train Loss 0.123
Train Loss 1.122
Train Loss 1.185
Train Loss 1.190
Train Loss 1.177
Train Loss 1.180
Train Loss 1.158
Train Loss 1.178
Epoch  91 | Time    63 | Train Loss 1.1403 | Test Loss 0.001 | Test Error 31.86
Train Loss 0.111
Train Loss 1.158
Train Loss 1.155
Train Loss 1.160
Train Loss 1.204
Train Loss 1.194
Train Loss 1.186
Train Loss 1.192
Epoch  92 | Time    62 | Train Loss 1.1692 | Test Loss 0.001 | Test Error 31.91
Train Loss 0.118
Train Loss 1.142
Train Loss 1.159
Train Loss 1.185
Train Loss 1.148
Train Loss 1.179
Train Loss 1.181
Train Loss 1.187
Epoch  93 | Time    60 | Train Loss 1.1497 | Test Loss 0.001 | Test Error 31.93
Train Loss 0.110
Train Loss 1.149
Train Loss 1.165
Train Loss 1.192
Train Loss 1.179
Train Loss 1.185
Train Loss 1.210
Train Loss 1.151
Epoch  94 | Time    60 | Train Loss 1.1794 | Test Loss 0.001 | Test Error 31.33
Train Loss 0.114
Train Loss 1.166
Train Loss 1.191
Train Loss 1.147
Train Loss 1.147
Train Loss 1.140
Train Loss 1.187
Train Loss 1.195
Epoch  95 | Time    62 | Train Loss 1.1250 | Test Loss 0.001 | Test Error 31.40
Train Loss 0.105
Train Loss 1.156
Train Loss 1.159
Train Loss 1.173
Train Loss 1.131
Train Loss 1.119
Train Loss 1.153
Train Loss 1.163
Epoch  96 | Time    60 | Train Loss 1.1552 | Test Loss 0.001 | Test Error 31.00
Train Loss 0.134
Train Loss 1.182
Train Loss 1.125
Train Loss 1.153
Train Loss 1.143
Train Loss 1.177
Train Loss 1.158
Train Loss 1.110
Epoch  97 | Time    60 | Train Loss 1.1485 | Test Loss 0.001 | Test Error 31.27
Train Loss 0.113
Train Loss 1.129
Train Loss 1.122
Train Loss 1.191
Train Loss 1.211
Train Loss 1.135
Train Loss 1.159
Train Loss 1.158
Epoch  98 | Time    63 | Train Loss 1.1537 | Test Loss 0.001 | Test Error 31.32
Train Loss 0.107
Train Loss 1.165
Train Loss 1.182
Train Loss 1.145
Train Loss 1.164
Train Loss 1.171
Train Loss 1.160
Train Loss 1.175
Epoch  99 | Time    60 | Train Loss 1.1448 | Test Loss 0.001 | Test Error 31.14
Train Loss 0.113
Train Loss 1.179
Train Loss 1.151
Train Loss 1.150
Train Loss 1.149
Train Loss 1.158
Train Loss 1.160
Train Loss 1.166
Epoch 100 | Time    62 | Train Loss 1.1541 | Test Loss 0.001 | Test Error 31.26
gaussian_noise
	Test Loss 0.001 | Test Error 35.168
shot_noise
	Test Loss 0.001 | Test Error 33.950
impulse_noise
	Test Loss 0.001 | Test Error 38.230
defocus_blur
	Test Loss 0.001 | Test Error 32.118
glass_blur
	Test Loss 0.001 | Test Error 34.944
motion_blur
	Test Loss 0.001 | Test Error 34.756
zoom_blur
	Test Loss 0.001 | Test Error 33.048
snow
	Test Loss 0.001 | Test Error 36.926
frost
	Test Loss 0.001 | Test Error 38.998
fog
	Test Loss 0.001 | Test Error 42.522
brightness
	Test Loss 0.001 | Test Error 33.982
contrast
	Test Loss 0.001 | Test Error 48.980
elastic_transform
	Test Loss 0.001 | Test Error 34.448
pixelate
	Test Loss 0.001 | Test Error 31.692
jpeg_compression
	Test Loss 0.001 | Test Error 32.592
Mean Corruption Error: 36.157

gaussian_noise Flipping Prob
0.03211000000000007

shot_noise Flipping Prob
0.038473333333333484

motion_blur Flipping Prob
0.04025500000000075

zoom_blur Flipping Prob
0.00407666666666673

spatter Flipping Prob
0.03175333333333335

brightness Flipping Prob
0.016506666666666076

translate Flipping Prob
0.15351333333333456

rotate Flipping Prob
0.049740000000001464

tilt Flipping Prob
0.015013333333332981

scale Flipping Prob
0.062373333333336306
[0.03211000000000007, 0.038473333333333484, 0.04025500000000075, 0.00407666666666673, 0.03175333333333335, 0.016506666666666076, 0.15351333333333456, 0.049740000000001464, 0.015013333333332981, 0.062373333333336306]

Mean Flipping Prob	0.04438
