Files already downloaded and verified
Files already downloaded and verified
Beginning training from epoch: 1
/home/g054727/.local/lib/python3.7/site-packages/torch/utils/data/dataloader.py:490: UserWarning: This DataLoader will create 4 worker processes in total. Our suggested max number of worker in current system is 2, which is smaller than what this DataLoader is going to create. Please be aware that excessive worker creation might get DataLoader running slow or even freeze, lower the worker number to avoid potential slowness/freeze if necessary.
  cpuset_checked))
Train Loss 0.261
Train Loss 2.323
Train Loss 2.317
Train Loss 2.311
Train Loss 2.313
Train Loss 2.309
Train Loss 2.311
Train Loss 2.313
Epoch   1 | Time   109 | Train Loss 2.3070 | Test Loss 0.002 | Test Error 90.00
Train Loss 0.232
Train Loss 2.299
Train Loss 2.312
Train Loss 2.308
Train Loss 2.307
Train Loss 2.311
Train Loss 2.309
Train Loss 2.307
Epoch   2 | Time   108 | Train Loss 2.3066 | Test Loss 0.002 | Test Error 90.00
Train Loss 0.233
Train Loss 2.297
Train Loss 2.307
Train Loss 2.308
Train Loss 2.309
Train Loss 2.307
Train Loss 2.307
Train Loss 2.210
Epoch   3 | Time   108 | Train Loss 2.1406 | Test Loss 0.002 | Test Error 77.51
Train Loss 0.220
Train Loss 2.081
Train Loss 2.069
Train Loss 2.011
Train Loss 1.997
Train Loss 1.993
Train Loss 1.991
Train Loss 1.938
Epoch   4 | Time   108 | Train Loss 1.9307 | Test Loss 0.002 | Test Error 64.16
Train Loss 0.195
Train Loss 1.897
Train Loss 1.888
Train Loss 1.863
Train Loss 1.858
Train Loss 1.830
Train Loss 1.816
Train Loss 1.809
Epoch   5 | Time   108 | Train Loss 1.8186 | Test Loss 0.002 | Test Error 59.69
Train Loss 0.192
Train Loss 1.786
Train Loss 1.724
Train Loss 1.784
Train Loss 1.755
Train Loss 1.791
Train Loss 1.756
Train Loss 1.717
Epoch   6 | Time   107 | Train Loss 1.7735 | Test Loss 0.002 | Test Error 56.91
Train Loss 0.167
Train Loss 1.752
Train Loss 1.708
Train Loss 1.691
Train Loss 1.714
Train Loss 1.730
Train Loss 1.688
Train Loss 1.692
Epoch   7 | Time   107 | Train Loss 1.6967 | Test Loss 0.001 | Test Error 53.31
Train Loss 0.166
Train Loss 1.674
Train Loss 1.718
Train Loss 1.670
Train Loss 1.664
Train Loss 1.689
Train Loss 1.688
Train Loss 1.689
Epoch   8 | Time   108 | Train Loss 1.6747 | Test Loss 0.001 | Test Error 50.81
Train Loss 0.171
Train Loss 1.613
Train Loss 1.651
Train Loss 1.661
Train Loss 1.664
Train Loss 1.636
Train Loss 1.671
Train Loss 1.637
Epoch   9 | Time   108 | Train Loss 1.6171 | Test Loss 0.001 | Test Error 50.51
Train Loss 0.168
Train Loss 1.625
Train Loss 1.644
Train Loss 1.643
Train Loss 1.624
Train Loss 1.633
Train Loss 1.635
Train Loss 1.593
Epoch  10 | Time   108 | Train Loss 1.6594 | Test Loss 0.001 | Test Error 47.85
Train Loss 0.174
Train Loss 1.605
Train Loss 1.637
Train Loss 1.628
Train Loss 1.628
Train Loss 1.617
Train Loss 1.599
Train Loss 1.618
Epoch  11 | Time   108 | Train Loss 1.5931 | Test Loss 0.001 | Test Error 50.94
Train Loss 0.168
Train Loss 1.625
Train Loss 1.628
Train Loss 1.589
Train Loss 1.640
Train Loss 1.608
Train Loss 1.558
Train Loss 1.590
Epoch  12 | Time   108 | Train Loss 1.6010 | Test Loss 0.001 | Test Error 47.97
Train Loss 0.156
Train Loss 1.559
Train Loss 1.557
Train Loss 1.614
Train Loss 1.609
Train Loss 1.602
Train Loss 1.587
Train Loss 1.595
Epoch  13 | Time   108 | Train Loss 1.6225 | Test Loss 0.001 | Test Error 47.57
Train Loss 0.153
Train Loss 1.546
Train Loss 1.588
Train Loss 1.587
Train Loss 1.580
Train Loss 1.588
Train Loss 1.617
Train Loss 1.601
Epoch  14 | Time   107 | Train Loss 1.6229 | Test Loss 0.001 | Test Error 47.68
Train Loss 0.160
Train Loss 1.598
Train Loss 1.584
Train Loss 1.536
Train Loss 1.575
Train Loss 1.549
Train Loss 1.579
Train Loss 1.595
Epoch  15 | Time   108 | Train Loss 1.5736 | Test Loss 0.001 | Test Error 46.17
Train Loss 0.150
Train Loss 1.585
Train Loss 1.553
Train Loss 1.561
Train Loss 1.574
Train Loss 1.538
Train Loss 1.560
Train Loss 1.580
Epoch  16 | Time   108 | Train Loss 1.5350 | Test Loss 0.001 | Test Error 46.82
Train Loss 0.145
Train Loss 1.569
Train Loss 1.538
Train Loss 1.551
Train Loss 1.566
Train Loss 1.571
Train Loss 1.558
Train Loss 1.556
Epoch  17 | Time   107 | Train Loss 1.5607 | Test Loss 0.001 | Test Error 50.06
Train Loss 0.157
Train Loss 1.540
Train Loss 1.567
Train Loss 1.532
Train Loss 1.532
Train Loss 1.558
Train Loss 1.538
Train Loss 1.550
Epoch  18 | Time   108 | Train Loss 1.5470 | Test Loss 0.001 | Test Error 46.25
Train Loss 0.157
Train Loss 1.542
Train Loss 1.556
Train Loss 1.540
Train Loss 1.567
Train Loss 1.525
Train Loss 1.594
Train Loss 1.543
Epoch  19 | Time   107 | Train Loss 1.5513 | Test Loss 0.001 | Test Error 46.50
Train Loss 0.158
Train Loss 1.555
Train Loss 1.533
Train Loss 1.546
Train Loss 1.546
Train Loss 1.538
Train Loss 1.524
Train Loss 1.542
Epoch  20 | Time   108 | Train Loss 1.5600 | Test Loss 0.001 | Test Error 47.06
Train Loss 0.159
Train Loss 1.518
Train Loss 1.538
Train Loss 1.560
Train Loss 1.545
Train Loss 1.538
Train Loss 1.529
Train Loss 1.507
Epoch  21 | Time   108 | Train Loss 1.5063 | Test Loss 0.001 | Test Error 47.44
Train Loss 0.151
Train Loss 1.509
Train Loss 1.518
Train Loss 1.530
Train Loss 1.561
Train Loss 1.546
Train Loss 1.542
Train Loss 1.525
Epoch  22 | Time   109 | Train Loss 1.5539 | Test Loss 0.001 | Test Error 44.92
Train Loss 0.141
Train Loss 1.507
Train Loss 1.555
Train Loss 1.513
Train Loss 1.528
Train Loss 1.518
Train Loss 1.517
Train Loss 1.532
Epoch  23 | Time   108 | Train Loss 1.5425 | Test Loss 0.001 | Test Error 43.85
Train Loss 0.153
Train Loss 1.497
Train Loss 1.510
Train Loss 1.478
Train Loss 1.517
Train Loss 1.515
Train Loss 1.514
Train Loss 1.509
Epoch  24 | Time   107 | Train Loss 1.5003 | Test Loss 0.001 | Test Error 44.10
Train Loss 0.151
Train Loss 1.515
Train Loss 1.522
Train Loss 1.516
Train Loss 1.531
Train Loss 1.497
Train Loss 1.519
Train Loss 1.504
Epoch  25 | Time   108 | Train Loss 1.5353 | Test Loss 0.001 | Test Error 45.28
Train Loss 0.150
Train Loss 1.481
Train Loss 1.540
Train Loss 1.516
Train Loss 1.509
Train Loss 1.515
Train Loss 1.515
Train Loss 1.528
Epoch  26 | Time   108 | Train Loss 1.5164 | Test Loss 0.001 | Test Error 43.65
Train Loss 0.149
Train Loss 1.469
Train Loss 1.495
Train Loss 1.505
Train Loss 1.540
Train Loss 1.481
Train Loss 1.539
Train Loss 1.477
Epoch  27 | Time   107 | Train Loss 1.5088 | Test Loss 0.001 | Test Error 44.61
Train Loss 0.136
Train Loss 1.512
Train Loss 1.500
Train Loss 1.516
Train Loss 1.500
Train Loss 1.503
Train Loss 1.471
Train Loss 1.477
Epoch  28 | Time   107 | Train Loss 1.4875 | Test Loss 0.001 | Test Error 43.66
Train Loss 0.136
Train Loss 1.515
Train Loss 1.466
Train Loss 1.503
Train Loss 1.511
Train Loss 1.519
Train Loss 1.499
Train Loss 1.498
Epoch  29 | Time   107 | Train Loss 1.5004 | Test Loss 0.001 | Test Error 44.04
Train Loss 0.155
Train Loss 1.495
Train Loss 1.492
Train Loss 1.483
Train Loss 1.511
Train Loss 1.471
Train Loss 1.490
Train Loss 1.486
Epoch  30 | Time   108 | Train Loss 1.4863 | Test Loss 0.001 | Test Error 43.09
Train Loss 0.152
Train Loss 1.450
Train Loss 1.500
Train Loss 1.490
Train Loss 1.483
Train Loss 1.519
Train Loss 1.510
Train Loss 1.477
Epoch  31 | Time   107 | Train Loss 1.4931 | Test Loss 0.001 | Test Error 44.56
Train Loss 0.159
Train Loss 1.471
Train Loss 1.500
Train Loss 1.462
Train Loss 1.504
Train Loss 1.485
Train Loss 1.491
Train Loss 1.495
Epoch  32 | Time   107 | Train Loss 1.4465 | Test Loss 0.001 | Test Error 43.50
Train Loss 0.130
Train Loss 1.467
Train Loss 1.502
Train Loss 1.475
Train Loss 1.491
Train Loss 1.499
Train Loss 1.463
Train Loss 1.488
Epoch  33 | Time   107 | Train Loss 1.4711 | Test Loss 0.001 | Test Error 43.38
Train Loss 0.155
Train Loss 1.429
Train Loss 1.487
Train Loss 1.467
Train Loss 1.494
Train Loss 1.476
Train Loss 1.472
Train Loss 1.471
Epoch  34 | Time   108 | Train Loss 1.4427 | Test Loss 0.001 | Test Error 42.43
Train Loss 0.148
Train Loss 1.470
Train Loss 1.464
Train Loss 1.475
Train Loss 1.466
Train Loss 1.464
Train Loss 1.452
Train Loss 1.495
Epoch  35 | Time   107 | Train Loss 1.4686 | Test Loss 0.001 | Test Error 43.09
Train Loss 0.150
Train Loss 1.412
Train Loss 1.463
Train Loss 1.480
Train Loss 1.446
Train Loss 1.499
Train Loss 1.493
Train Loss 1.460
Epoch  36 | Time   108 | Train Loss 1.4504 | Test Loss 0.001 | Test Error 41.83
Train Loss 0.141
Train Loss 1.442
Train Loss 1.486
Train Loss 1.492
Train Loss 1.425
Train Loss 1.460
Train Loss 1.437
Train Loss 1.490
Epoch  37 | Time   107 | Train Loss 1.4664 | Test Loss 0.001 | Test Error 41.36
Train Loss 0.149
Train Loss 1.472
Train Loss 1.507
Train Loss 1.471
Train Loss 1.435
Train Loss 1.463
Train Loss 1.451
Train Loss 1.437
Epoch  38 | Time   108 | Train Loss 1.4492 | Test Loss 0.001 | Test Error 42.28
Train Loss 0.141
Train Loss 1.456
Train Loss 1.457
Train Loss 1.450
Train Loss 1.461
Train Loss 1.475
Train Loss 1.468
Train Loss 1.453
Epoch  39 | Time   108 | Train Loss 1.4659 | Test Loss 0.001 | Test Error 40.29
Train Loss 0.141
Train Loss 1.428
Train Loss 1.449
Train Loss 1.464
Train Loss 1.462
Train Loss 1.448
Train Loss 1.448
Train Loss 1.433
Epoch  40 | Time   108 | Train Loss 1.4233 | Test Loss 0.001 | Test Error 40.06
Train Loss 0.142
Train Loss 1.420
Train Loss 1.413
Train Loss 1.452
Train Loss 1.448
Train Loss 1.451
Train Loss 1.454
Train Loss 1.436
Epoch  41 | Time   108 | Train Loss 1.4472 | Test Loss 0.001 | Test Error 39.31
Train Loss 0.141
Train Loss 1.419
Train Loss 1.411
Train Loss 1.443
Train Loss 1.430
Train Loss 1.452
Train Loss 1.463
Train Loss 1.433
Epoch  42 | Time   108 | Train Loss 1.4464 | Test Loss 0.001 | Test Error 40.23
Train Loss 0.151
Train Loss 1.457
Train Loss 1.392
Train Loss 1.429
Train Loss 1.415
Train Loss 1.442
Train Loss 1.426
Train Loss 1.436
Epoch  43 | Time   108 | Train Loss 1.4192 | Test Loss 0.001 | Test Error 40.18
Train Loss 0.134
Train Loss 1.432
Train Loss 1.424
Train Loss 1.437
Train Loss 1.414
Train Loss 1.436
Train Loss 1.421
Train Loss 1.440
Epoch  44 | Time   108 | Train Loss 1.4178 | Test Loss 0.001 | Test Error 40.97
Train Loss 0.143
Train Loss 1.424
Train Loss 1.446
Train Loss 1.453
Train Loss 1.441
Train Loss 1.427
Train Loss 1.412
Train Loss 1.436
Epoch  45 | Time   107 | Train Loss 1.3843 | Test Loss 0.001 | Test Error 40.89
Train Loss 0.161
Train Loss 1.400
Train Loss 1.428
Train Loss 1.439
Train Loss 1.393
Train Loss 1.396
Train Loss 1.415
Train Loss 1.391
Epoch  46 | Time   107 | Train Loss 1.4015 | Test Loss 0.001 | Test Error 39.88
Train Loss 0.152
Train Loss 1.388
Train Loss 1.425
Train Loss 1.427
Train Loss 1.410
Train Loss 1.396
Train Loss 1.407
Train Loss 1.392
Epoch  47 | Time   107 | Train Loss 1.3615 | Test Loss 0.001 | Test Error 40.29
Train Loss 0.150
Train Loss 1.409
Train Loss 1.399
Train Loss 1.438
Train Loss 1.384
Train Loss 1.413
Train Loss 1.393
Train Loss 1.400
Epoch  48 | Time   108 | Train Loss 1.3944 | Test Loss 0.001 | Test Error 38.18
Train Loss 0.143
Train Loss 1.379
Train Loss 1.398
Train Loss 1.410
Train Loss 1.390
Train Loss 1.398
Train Loss 1.417
Train Loss 1.385
Epoch  49 | Time   108 | Train Loss 1.3754 | Test Loss 0.001 | Test Error 39.67
Train Loss 0.144
Train Loss 1.396
Train Loss 1.427
Train Loss 1.389
Train Loss 1.412
Train Loss 1.383
Train Loss 1.400
Train Loss 1.372
Epoch  50 | Time   107 | Train Loss 1.3873 | Test Loss 0.001 | Test Error 37.65
Train Loss 0.138
Train Loss 1.387
Train Loss 1.399
Train Loss 1.404
Train Loss 1.371
Train Loss 1.404
Train Loss 1.379
Train Loss 1.391
Epoch  51 | Time   109 | Train Loss 1.3989 | Test Loss 0.001 | Test Error 39.36
Train Loss 0.145
Train Loss 1.387
Train Loss 1.385
Train Loss 1.375
Train Loss 1.405
Train Loss 1.390
Train Loss 1.376
Train Loss 1.364
Epoch  52 | Time   108 | Train Loss 1.4146 | Test Loss 0.001 | Test Error 38.08
Train Loss 0.129
Train Loss 1.351
Train Loss 1.364
Train Loss 1.410
Train Loss 1.362
Train Loss 1.408
Train Loss 1.386
Train Loss 1.419
Epoch  53 | Time   108 | Train Loss 1.3941 | Test Loss 0.001 | Test Error 38.78
Train Loss 0.136
Train Loss 1.363
Train Loss 1.385
Train Loss 1.370
Train Loss 1.372
Train Loss 1.384
Train Loss 1.372
Train Loss 1.385
Epoch  54 | Time   108 | Train Loss 1.3718 | Test Loss 0.001 | Test Error 36.76
Train Loss 0.139
Train Loss 1.365
Train Loss 1.357
Train Loss 1.373
Train Loss 1.367
Train Loss 1.402
Train Loss 1.395
Train Loss 1.367
Epoch  55 | Time   107 | Train Loss 1.4136 | Test Loss 0.001 | Test Error 37.24
Train Loss 0.130
Train Loss 1.328
Train Loss 1.367
Train Loss 1.330
Train Loss 1.348
Train Loss 1.413
Train Loss 1.381
Train Loss 1.362
Epoch  56 | Time   108 | Train Loss 1.3889 | Test Loss 0.001 | Test Error 40.00
Train Loss 0.138
Train Loss 1.373
Train Loss 1.390
Train Loss 1.345
Train Loss 1.343
Train Loss 1.382
Train Loss 1.352
Train Loss 1.348
Epoch  57 | Time   108 | Train Loss 1.3644 | Test Loss 0.001 | Test Error 37.71
Train Loss 0.149
Train Loss 1.308
Train Loss 1.385
Train Loss 1.354
Train Loss 1.381
Train Loss 1.361
Train Loss 1.342
Train Loss 1.335
Epoch  58 | Time   108 | Train Loss 1.3728 | Test Loss 0.001 | Test Error 37.76
Train Loss 0.139
Train Loss 1.349
Train Loss 1.326
Train Loss 1.373
Train Loss 1.342
Train Loss 1.340
Train Loss 1.338
Train Loss 1.354
Epoch  59 | Time   107 | Train Loss 1.3653 | Test Loss 0.001 | Test Error 37.73
Train Loss 0.116
Train Loss 1.315
Train Loss 1.342
Train Loss 1.342
Train Loss 1.338
Train Loss 1.359
Train Loss 1.360
Train Loss 1.349
Epoch  60 | Time   108 | Train Loss 1.3672 | Test Loss 0.001 | Test Error 39.12
Train Loss 0.151
Train Loss 1.341
Train Loss 1.336
Train Loss 1.338
Train Loss 1.344
Train Loss 1.329
Train Loss 1.318
Train Loss 1.331
Epoch  61 | Time   107 | Train Loss 1.3736 | Test Loss 0.001 | Test Error 37.26
Train Loss 0.141
Train Loss 1.344
Train Loss 1.326
Train Loss 1.348
Train Loss 1.352
Train Loss 1.346
Train Loss 1.319
Train Loss 1.350
Epoch  62 | Time   107 | Train Loss 1.3198 | Test Loss 0.001 | Test Error 36.95
Train Loss 0.127
Train Loss 1.315
Train Loss 1.346
Train Loss 1.360
Train Loss 1.316
Train Loss 1.329
Train Loss 1.331
Train Loss 1.320
Epoch  63 | Time   108 | Train Loss 1.3273 | Test Loss 0.001 | Test Error 37.85
Train Loss 0.142
Train Loss 1.324
Train Loss 1.339
Train Loss 1.327
Train Loss 1.333
Train Loss 1.335
Train Loss 1.326
Train Loss 1.336
Epoch  64 | Time   107 | Train Loss 1.3754 | Test Loss 0.001 | Test Error 39.36
Train Loss 0.141
Train Loss 1.325
Train Loss 1.320
Train Loss 1.333
Train Loss 1.348
Train Loss 1.314
Train Loss 1.339
Train Loss 1.283
Epoch  65 | Time   107 | Train Loss 1.3713 | Test Loss 0.001 | Test Error 37.28
Train Loss 0.151
Train Loss 1.370
Train Loss 1.321
Train Loss 1.315
Train Loss 1.318
Train Loss 1.306
Train Loss 1.343
Train Loss 1.276
Epoch  66 | Time   107 | Train Loss 1.3135 | Test Loss 0.001 | Test Error 36.17
Train Loss 0.136
Train Loss 1.294
Train Loss 1.320
Train Loss 1.317
Train Loss 1.324
Train Loss 1.293
Train Loss 1.344
Train Loss 1.310
Epoch  67 | Time   108 | Train Loss 1.3168 | Test Loss 0.001 | Test Error 37.05
Train Loss 0.125
Train Loss 1.294
Train Loss 1.342
Train Loss 1.316
Train Loss 1.299
Train Loss 1.325
Train Loss 1.318
Train Loss 1.303
Epoch  68 | Time   108 | Train Loss 1.3059 | Test Loss 0.001 | Test Error 35.12
Train Loss 0.140
Train Loss 1.266
Train Loss 1.295
Train Loss 1.283
Train Loss 1.300
Train Loss 1.325
Train Loss 1.309
Train Loss 1.284
Epoch  69 | Time   107 | Train Loss 1.2911 | Test Loss 0.001 | Test Error 36.23
Train Loss 0.131
Train Loss 1.305
Train Loss 1.300
Train Loss 1.297
Train Loss 1.315
Train Loss 1.314
Train Loss 1.315
Train Loss 1.296
Epoch  70 | Time   108 | Train Loss 1.3330 | Test Loss 0.001 | Test Error 35.70
Train Loss 0.136
Train Loss 1.292
Train Loss 1.312
Train Loss 1.248
Train Loss 1.283
Train Loss 1.279
Train Loss 1.303
Train Loss 1.277
Epoch  71 | Time   107 | Train Loss 1.2859 | Test Loss 0.001 | Test Error 34.92
Train Loss 0.130
Train Loss 1.293
Train Loss 1.295
Train Loss 1.333
Train Loss 1.272
Train Loss 1.290
Train Loss 1.317
Train Loss 1.265
Epoch  72 | Time   107 | Train Loss 1.2889 | Test Loss 0.001 | Test Error 35.94
Train Loss 0.117
Train Loss 1.279
Train Loss 1.260
Train Loss 1.282
Train Loss 1.254
Train Loss 1.300
Train Loss 1.274
Train Loss 1.308
Epoch  73 | Time   109 | Train Loss 1.2675 | Test Loss 0.001 | Test Error 33.92
Train Loss 0.125
Train Loss 1.287
Train Loss 1.272
Train Loss 1.274
Train Loss 1.242
Train Loss 1.278
Train Loss 1.296
Train Loss 1.305
Epoch  74 | Time   108 | Train Loss 1.2689 | Test Loss 0.001 | Test Error 34.42
Train Loss 0.127
Train Loss 1.267
Train Loss 1.290
Train Loss 1.293
Train Loss 1.298
Train Loss 1.238
Train Loss 1.295
Train Loss 1.280
Epoch  75 | Time   108 | Train Loss 1.2925 | Test Loss 0.001 | Test Error 34.48
Train Loss 0.122
Train Loss 1.254
Train Loss 1.276
Train Loss 1.281
Train Loss 1.261
Train Loss 1.276
Train Loss 1.255
Train Loss 1.263
Epoch  76 | Time   108 | Train Loss 1.2807 | Test Loss 0.001 | Test Error 34.26
Train Loss 0.137
Train Loss 1.269
Train Loss 1.296
Train Loss 1.284
Train Loss 1.277
Train Loss 1.271
Train Loss 1.239
Train Loss 1.270
Epoch  77 | Time   107 | Train Loss 1.2708 | Test Loss 0.001 | Test Error 34.13
Train Loss 0.119
Train Loss 1.248
Train Loss 1.242
Train Loss 1.246
Train Loss 1.273
Train Loss 1.247
Train Loss 1.216
Train Loss 1.249
Epoch  78 | Time   107 | Train Loss 1.2581 | Test Loss 0.001 | Test Error 34.07
Train Loss 0.124
Train Loss 1.289
Train Loss 1.236
Train Loss 1.273
Train Loss 1.245
Train Loss 1.253
Train Loss 1.233
Train Loss 1.239
Epoch  79 | Time   107 | Train Loss 1.2240 | Test Loss 0.001 | Test Error 34.05
Train Loss 0.119
Train Loss 1.245
Train Loss 1.242
Train Loss 1.254
Train Loss 1.278
Train Loss 1.243
Train Loss 1.244
Train Loss 1.216
Epoch  80 | Time   108 | Train Loss 1.2421 | Test Loss 0.001 | Test Error 33.22
Train Loss 0.120
Train Loss 1.210
Train Loss 1.239
Train Loss 1.241
Train Loss 1.224
Train Loss 1.229
Train Loss 1.214
Train Loss 1.233
Epoch  81 | Time   108 | Train Loss 1.2680 | Test Loss 0.001 | Test Error 33.07
Train Loss 0.117
Train Loss 1.212
Train Loss 1.228
Train Loss 1.232
Train Loss 1.224
Train Loss 1.221
Train Loss 1.231
Train Loss 1.237
Epoch  82 | Time   107 | Train Loss 1.2497 | Test Loss 0.001 | Test Error 33.38
Train Loss 0.127
Train Loss 1.228
Train Loss 1.234
Train Loss 1.246
Train Loss 1.240
Train Loss 1.236
Train Loss 1.219
Train Loss 1.209
Epoch  83 | Time   108 | Train Loss 1.2532 | Test Loss 0.001 | Test Error 33.18
Train Loss 0.123
Train Loss 1.225
Train Loss 1.249
Train Loss 1.216
Train Loss 1.202
Train Loss 1.208
Train Loss 1.215
Train Loss 1.207
Epoch  84 | Time   107 | Train Loss 1.2366 | Test Loss 0.001 | Test Error 32.60
Train Loss 0.121
Train Loss 1.240
Train Loss 1.209
Train Loss 1.222
Train Loss 1.227
Train Loss 1.244
Train Loss 1.203
Train Loss 1.197
Epoch  85 | Time   107 | Train Loss 1.2302 | Test Loss 0.001 | Test Error 33.04
Train Loss 0.100
Train Loss 1.223
Train Loss 1.254
Train Loss 1.225
Train Loss 1.239
Train Loss 1.226
Train Loss 1.210
Train Loss 1.206
Epoch  86 | Time   108 | Train Loss 1.2004 | Test Loss 0.001 | Test Error 32.42
Train Loss 0.119
Train Loss 1.204
Train Loss 1.198
Train Loss 1.232
Train Loss 1.217
Train Loss 1.226
Train Loss 1.188
Train Loss 1.225
Epoch  87 | Time   108 | Train Loss 1.1849 | Test Loss 0.001 | Test Error 32.07
Train Loss 0.133
Train Loss 1.178
Train Loss 1.210
Train Loss 1.247
Train Loss 1.217
Train Loss 1.196
Train Loss 1.200
Train Loss 1.199
Epoch  88 | Time   107 | Train Loss 1.2310 | Test Loss 0.001 | Test Error 32.64
Train Loss 0.116
Train Loss 1.173
Train Loss 1.206
Train Loss 1.181
Train Loss 1.220
Train Loss 1.205
Train Loss 1.209
Train Loss 1.196
Epoch  89 | Time   108 | Train Loss 1.2099 | Test Loss 0.001 | Test Error 32.35
Train Loss 0.151
Train Loss 1.169
Train Loss 1.206
Train Loss 1.169
Train Loss 1.179
Train Loss 1.175
Train Loss 1.219
Train Loss 1.188
Epoch  90 | Time   107 | Train Loss 1.2053 | Test Loss 0.001 | Test Error 32.01
Train Loss 0.118
Train Loss 1.149
Train Loss 1.194
Train Loss 1.212
Train Loss 1.182
Train Loss 1.187
Train Loss 1.158
Train Loss 1.181
Epoch  91 | Time   108 | Train Loss 1.1702 | Test Loss 0.001 | Test Error 31.55
Train Loss 0.113
Train Loss 1.171
Train Loss 1.167
Train Loss 1.169
Train Loss 1.216
Train Loss 1.196
Train Loss 1.187
Train Loss 1.205
Epoch  92 | Time   107 | Train Loss 1.1695 | Test Loss 0.001 | Test Error 31.95
Train Loss 0.117
Train Loss 1.167
Train Loss 1.172
Train Loss 1.212
Train Loss 1.169
Train Loss 1.193
Train Loss 1.177
Train Loss 1.213
Epoch  93 | Time   107 | Train Loss 1.1675 | Test Loss 0.001 | Test Error 31.54
Train Loss 0.117
Train Loss 1.154
Train Loss 1.166
Train Loss 1.205
Train Loss 1.181
Train Loss 1.169
Train Loss 1.213
Train Loss 1.166
Epoch  94 | Time   108 | Train Loss 1.1833 | Test Loss 0.001 | Test Error 31.45
Train Loss 0.116
Train Loss 1.180
Train Loss 1.201
Train Loss 1.163
Train Loss 1.136
Train Loss 1.155
Train Loss 1.193
Train Loss 1.204
Epoch  95 | Time   108 | Train Loss 1.1320 | Test Loss 0.001 | Test Error 31.22
Train Loss 0.104
Train Loss 1.171
Train Loss 1.178
Train Loss 1.176
Train Loss 1.146
Train Loss 1.140
Train Loss 1.155
Train Loss 1.196
Epoch  96 | Time   108 | Train Loss 1.1633 | Test Loss 0.001 | Test Error 31.17
Train Loss 0.128
Train Loss 1.204
Train Loss 1.140
Train Loss 1.169
Train Loss 1.163
Train Loss 1.188
Train Loss 1.158
Train Loss 1.139
Epoch  97 | Time   107 | Train Loss 1.1537 | Test Loss 0.001 | Test Error 31.17
Train Loss 0.111
Train Loss 1.141
Train Loss 1.149
Train Loss 1.192
Train Loss 1.198
Train Loss 1.146
Train Loss 1.171
Train Loss 1.166
Epoch  98 | Time   107 | Train Loss 1.1675 | Test Loss 0.001 | Test Error 31.22
Train Loss 0.110
Train Loss 1.161
Train Loss 1.195
Train Loss 1.151
Train Loss 1.158
Train Loss 1.187
Train Loss 1.160
Train Loss 1.172
Epoch  99 | Time   108 | Train Loss 1.1609 | Test Loss 0.001 | Test Error 31.12
Train Loss 0.111
Train Loss 1.216
Train Loss 1.171
Train Loss 1.146
Train Loss 1.156
Train Loss 1.157
Train Loss 1.163
Train Loss 1.185
Epoch 100 | Time   107 | Train Loss 1.1675 | Test Loss 0.001 | Test Error 31.14
gaussian_noise
	Test Loss 0.001 | Test Error 34.934
shot_noise
	Test Loss 0.001 | Test Error 33.674
impulse_noise
	Test Loss 0.001 | Test Error 37.886
defocus_blur
	Test Loss 0.001 | Test Error 32.282
glass_blur
	Test Loss 0.001 | Test Error 34.630
motion_blur
	Test Loss 0.001 | Test Error 34.804
zoom_blur
	Test Loss 0.001 | Test Error 33.450
snow
	Test Loss 0.001 | Test Error 36.124
frost
	Test Loss 0.001 | Test Error 39.812
fog
	Test Loss 0.001 | Test Error 42.146
brightness
	Test Loss 0.001 | Test Error 33.964
contrast
	Test Loss 0.001 | Test Error 49.182
elastic_transform
	Test Loss 0.001 | Test Error 34.234
pixelate
	Test Loss 0.001 | Test Error 31.820
/cm/local/apps/slurm/var/spool/job3205612/slurm_script: line 7:  8396 Killed                  python /work/ws-tmp/g054727-Training/task/augmix/cifar.py --model ptconvnexttiny --optimizer SGD --scheduler lambda_lr
slurmstepd: error: Detected 1 oom-kill event(s) in StepId=3205612.batch cgroup. Some of your processes may have been killed by the cgroup out-of-memory handler.
