Files already downloaded and verified
Files already downloaded and verified
Beginning training from epoch: 1
Train Loss 0.314
Train Loss 2.996
Train Loss 2.701
Train Loss 2.567
Train Loss 2.341
Train Loss 2.488
Train Loss 2.255
Train Loss 2.223
Epoch   1 | Time    60 | Train Loss 2.1526 | Test Loss 0.002 | Test Error 73.41
Train Loss 0.205
Train Loss 2.042
Train Loss 2.020
Train Loss 1.925
Train Loss 1.925
Train Loss 1.881
Train Loss 1.826
Train Loss 1.829
Epoch   2 | Time    54 | Train Loss 1.8037 | Test Loss 0.002 | Test Error 60.91
Train Loss 0.183
Train Loss 1.781
Train Loss 1.755
Train Loss 1.763
Train Loss 1.700
Train Loss 1.714
Train Loss 1.649
Train Loss 1.667
Epoch   3 | Time    59 | Train Loss 1.6360 | Test Loss 0.002 | Test Error 52.68
Train Loss 0.166
Train Loss 1.625
Train Loss 1.641
Train Loss 1.610
Train Loss 1.578
Train Loss 1.517
Train Loss 1.541
Train Loss 1.537
Epoch   4 | Time    61 | Train Loss 1.5460 | Test Loss 0.001 | Test Error 49.17
Train Loss 0.157
Train Loss 1.510
Train Loss 1.498
Train Loss 1.505
Train Loss 1.472
Train Loss 1.469
Train Loss 1.479
Train Loss 1.468
Epoch   5 | Time    60 | Train Loss 1.4352 | Test Loss 0.001 | Test Error 41.70
Train Loss 0.125
Train Loss 1.439
Train Loss 1.383
Train Loss 1.398
Train Loss 1.411
Train Loss 1.408
Train Loss 1.393
Train Loss 1.390
Epoch   6 | Time    60 | Train Loss 1.3981 | Test Loss 0.001 | Test Error 39.83
Train Loss 0.119
Train Loss 1.352
Train Loss 1.373
Train Loss 1.347
Train Loss 1.370
Train Loss 1.332
Train Loss 1.320
Train Loss 1.336
Epoch   7 | Time    61 | Train Loss 1.3521 | Test Loss 0.001 | Test Error 35.64
Train Loss 0.130
Train Loss 1.310
Train Loss 1.317
Train Loss 1.309
Train Loss 1.268
Train Loss 1.313
Train Loss 1.259
Train Loss 1.280
Epoch   8 | Time    60 | Train Loss 1.3330 | Test Loss 0.001 | Test Error 34.96
Train Loss 0.128
Train Loss 1.274
Train Loss 1.286
Train Loss 1.284
Train Loss 1.274
Train Loss 1.268
Train Loss 1.235
Train Loss 1.255
Epoch   9 | Time    60 | Train Loss 1.2626 | Test Loss 0.001 | Test Error 33.95
Train Loss 0.129
Train Loss 1.243
Train Loss 1.271
Train Loss 1.240
Train Loss 1.202
Train Loss 1.222
Train Loss 1.205
Train Loss 1.205
Epoch  10 | Time    60 | Train Loss 1.2308 | Test Loss 0.001 | Test Error 33.22
Train Loss 0.126
Train Loss 1.213
Train Loss 1.203
Train Loss 1.173
Train Loss 1.225
Train Loss 1.215
Train Loss 1.224
Train Loss 1.183
Epoch  11 | Time    61 | Train Loss 1.2026 | Test Loss 0.001 | Test Error 31.09
Train Loss 0.115
Train Loss 1.183
Train Loss 1.176
Train Loss 1.154
Train Loss 1.186
Train Loss 1.153
Train Loss 1.208
Train Loss 1.154
Epoch  12 | Time    57 | Train Loss 1.1918 | Test Loss 0.001 | Test Error 31.84
Train Loss 0.121
Train Loss 1.126
Train Loss 1.153
Train Loss 1.131
Train Loss 1.160
Train Loss 1.145
Train Loss 1.189
Train Loss 1.151
Epoch  13 | Time    58 | Train Loss 1.1739 | Test Loss 0.001 | Test Error 30.59
Train Loss 0.106
Train Loss 1.121
Train Loss 1.128
Train Loss 1.120
Train Loss 1.098
Train Loss 1.136
Train Loss 1.098
Train Loss 1.156
Epoch  14 | Time    56 | Train Loss 1.0968 | Test Loss 0.001 | Test Error 30.64
Train Loss 0.102
Train Loss 1.099
Train Loss 1.135
Train Loss 1.119
Train Loss 1.099
Train Loss 1.140
Train Loss 1.105
Train Loss 1.106
Epoch  15 | Time    57 | Train Loss 1.0904 | Test Loss 0.001 | Test Error 30.17
Train Loss 0.110
Train Loss 1.073
Train Loss 1.110
Train Loss 1.072
Train Loss 1.079
Train Loss 1.101
Train Loss 1.081
Train Loss 1.077
Epoch  16 | Time    59 | Train Loss 1.0885 | Test Loss 0.001 | Test Error 30.18
Train Loss 0.097
Train Loss 1.068
Train Loss 1.053
Train Loss 1.096
Train Loss 1.070
Train Loss 1.069
Train Loss 1.052
Train Loss 1.078
Epoch  17 | Time    58 | Train Loss 1.0592 | Test Loss 0.001 | Test Error 34.15
Train Loss 0.095
Train Loss 1.003
Train Loss 1.070
Train Loss 1.058
Train Loss 1.045
Train Loss 1.087
Train Loss 1.066
Train Loss 1.053
Epoch  18 | Time    57 | Train Loss 1.1020 | Test Loss 0.001 | Test Error 27.66
Train Loss 0.099
Train Loss 1.046
Train Loss 1.032
Train Loss 1.030
Train Loss 1.097
Train Loss 1.065
Train Loss 1.080
Train Loss 1.065
Epoch  19 | Time    57 | Train Loss 1.0404 | Test Loss 0.001 | Test Error 27.56
Train Loss 0.121
Train Loss 1.043
Train Loss 1.031
Train Loss 1.077
Train Loss 1.069
Train Loss 1.060
Train Loss 1.048
Train Loss 1.063
Epoch  20 | Time    57 | Train Loss 1.0368 | Test Loss 0.001 | Test Error 28.37
Train Loss 0.097
Train Loss 1.013
Train Loss 1.017
Train Loss 1.028
Train Loss 1.047
Train Loss 1.056
Train Loss 1.015
Train Loss 1.026
Epoch  21 | Time    57 | Train Loss 1.0402 | Test Loss 0.001 | Test Error 26.50
Train Loss 0.102
Train Loss 1.012
Train Loss 1.033
Train Loss 1.017
Train Loss 1.040
Train Loss 1.012
Train Loss 1.009
Train Loss 1.043
Epoch  22 | Time    57 | Train Loss 1.0145 | Test Loss 0.001 | Test Error 28.19
Train Loss 0.097
Train Loss 0.992
Train Loss 0.997
Train Loss 1.042
Train Loss 1.013
Train Loss 1.046
Train Loss 1.010
Train Loss 1.041
Epoch  23 | Time    56 | Train Loss 0.9909 | Test Loss 0.001 | Test Error 25.34
Train Loss 0.091
Train Loss 0.986
Train Loss 1.054
Train Loss 0.996
Train Loss 1.022
Train Loss 1.006
Train Loss 0.988
Train Loss 0.995
Epoch  24 | Time    57 | Train Loss 1.0273 | Test Loss 0.001 | Test Error 26.88
Train Loss 0.114
Train Loss 0.970
Train Loss 0.979
Train Loss 0.978
Train Loss 0.992
Train Loss 0.977
Train Loss 1.036
Train Loss 1.010
Epoch  25 | Time    58 | Train Loss 0.9861 | Test Loss 0.001 | Test Error 25.04
Train Loss 0.092
Train Loss 0.988
Train Loss 0.984
Train Loss 0.998
Train Loss 0.991
Train Loss 0.998
Train Loss 1.000
Train Loss 0.977
Epoch  26 | Time    58 | Train Loss 0.9917 | Test Loss 0.001 | Test Error 24.74
Train Loss 0.092
Train Loss 0.945
Train Loss 0.971
Train Loss 1.008
Train Loss 1.006
Train Loss 0.982
Train Loss 0.996
Train Loss 1.007
Epoch  27 | Time    57 | Train Loss 1.0253 | Test Loss 0.001 | Test Error 24.57
Train Loss 0.088
Train Loss 0.941
Train Loss 0.962
Train Loss 0.945
Train Loss 0.981
Train Loss 0.949
Train Loss 0.969
Train Loss 0.968
Epoch  28 | Time    57 | Train Loss 1.0146 | Test Loss 0.001 | Test Error 25.38
Train Loss 0.105
Train Loss 0.974
Train Loss 0.958
Train Loss 1.003
Train Loss 0.943
Train Loss 1.012
Train Loss 0.990
Train Loss 0.962
Epoch  29 | Time    56 | Train Loss 0.9980 | Test Loss 0.001 | Test Error 24.17
Train Loss 0.087
Train Loss 0.962
Train Loss 0.969
Train Loss 0.947
Train Loss 0.952
Train Loss 0.956
Train Loss 0.946
Train Loss 0.954
Epoch  30 | Time    57 | Train Loss 0.9545 | Test Loss 0.001 | Test Error 24.68
Train Loss 0.093
Train Loss 0.951
Train Loss 0.962
Train Loss 0.914
Train Loss 0.972
Train Loss 0.950
Train Loss 0.959
Train Loss 0.926
Epoch  31 | Time    58 | Train Loss 0.9759 | Test Loss 0.001 | Test Error 25.76
Train Loss 0.083
Train Loss 0.956
Train Loss 0.960
Train Loss 0.935
Train Loss 0.934
Train Loss 0.942
Train Loss 0.990
Train Loss 0.947
Epoch  32 | Time    57 | Train Loss 0.9608 | Test Loss 0.001 | Test Error 25.18
Train Loss 0.096
Train Loss 0.923
Train Loss 0.961
Train Loss 0.924
Train Loss 0.931
Train Loss 0.926
Train Loss 0.933
Train Loss 0.962
Epoch  33 | Time    59 | Train Loss 0.9560 | Test Loss 0.001 | Test Error 25.58
Train Loss 0.088
Train Loss 0.945
Train Loss 0.924
Train Loss 0.971
Train Loss 0.950
Train Loss 0.935
Train Loss 0.907
Train Loss 0.933
Epoch  34 | Time    56 | Train Loss 0.9281 | Test Loss 0.001 | Test Error 23.61
Train Loss 0.088
Train Loss 0.906
Train Loss 0.902
Train Loss 0.910
Train Loss 0.935
Train Loss 0.947
Train Loss 0.929
Train Loss 0.910
Epoch  35 | Time    57 | Train Loss 0.9379 | Test Loss 0.001 | Test Error 22.99
Train Loss 0.086
Train Loss 0.920
Train Loss 0.912
Train Loss 0.898
Train Loss 0.924
Train Loss 0.931
Train Loss 0.937
Train Loss 0.915
Epoch  36 | Time    58 | Train Loss 0.9286 | Test Loss 0.001 | Test Error 27.33
Train Loss 0.081
Train Loss 0.883
Train Loss 0.934
Train Loss 0.924
Train Loss 0.928
Train Loss 0.941
Train Loss 0.926
Train Loss 0.905
Epoch  37 | Time    59 | Train Loss 0.9181 | Test Loss 0.001 | Test Error 24.43
Train Loss 0.092
Train Loss 0.930
Train Loss 0.905
Train Loss 0.895
Train Loss 0.920
Train Loss 0.919
Train Loss 0.912
Train Loss 0.921
Epoch  38 | Time    57 | Train Loss 0.9555 | Test Loss 0.001 | Test Error 24.52
Train Loss 0.094
Train Loss 0.914
Train Loss 0.904
Train Loss 0.901
Train Loss 0.901
Train Loss 0.900
Train Loss 0.948
Train Loss 0.916
Epoch  39 | Time   104 | Train Loss 0.9195 | Test Loss 0.001 | Test Error 23.06
Train Loss 0.092
Train Loss 0.858
Train Loss 0.896
Train Loss 0.931
Train Loss 0.898
Train Loss 0.921
Train Loss 0.905
Train Loss 0.916
Epoch  40 | Time    58 | Train Loss 0.8964 | Test Loss 0.001 | Test Error 23.33
Train Loss 0.088
Train Loss 0.875
Train Loss 0.912
Train Loss 0.918
Train Loss 0.880
Train Loss 0.890
Train Loss 0.926
Train Loss 0.904
Epoch  41 | Time    57 | Train Loss 0.9550 | Test Loss 0.001 | Test Error 22.17
Train Loss 0.077
Train Loss 0.831
Train Loss 0.901
Train Loss 0.924
Train Loss 0.880
Train Loss 0.850
Train Loss 0.878
Train Loss 0.905
Epoch  42 | Time    57 | Train Loss 0.8742 | Test Loss 0.001 | Test Error 23.76
Train Loss 0.083
Train Loss 0.884
Train Loss 0.937
Train Loss 0.852
Train Loss 0.883
Train Loss 0.913
Train Loss 0.872
Train Loss 0.848
Epoch  43 | Time    57 | Train Loss 0.9314 | Test Loss 0.001 | Test Error 23.71
Train Loss 0.101
Train Loss 0.853
Train Loss 0.884
Train Loss 0.899
Train Loss 0.877
Train Loss 0.914
Train Loss 0.889
Train Loss 0.875
Epoch  44 | Time    58 | Train Loss 0.8393 | Test Loss 0.001 | Test Error 23.08
Train Loss 0.097
Train Loss 0.873
Train Loss 0.890
Train Loss 0.891
Train Loss 0.881
Train Loss 0.871
Train Loss 0.858
Train Loss 0.872
Epoch  45 | Time    57 | Train Loss 0.8590 | Test Loss 0.001 | Test Error 23.31
Train Loss 0.089
Train Loss 0.885
Train Loss 0.875
Train Loss 0.872
Train Loss 0.838
Train Loss 0.876
Train Loss 0.865
Train Loss 0.868
Epoch  46 | Time    58 | Train Loss 0.8435 | Test Loss 0.001 | Test Error 23.46
Train Loss 0.091
Train Loss 0.856
Train Loss 0.884
Train Loss 0.862
Train Loss 0.843
Train Loss 0.902
Train Loss 0.878
Train Loss 0.856
Epoch  47 | Time    57 | Train Loss 0.8754 | Test Loss 0.001 | Test Error 23.40
Train Loss 0.074
Train Loss 0.877
Train Loss 0.821
Train Loss 0.853
Train Loss 0.843
Train Loss 0.869
Train Loss 0.860
Train Loss 0.866
Epoch  48 | Time    57 | Train Loss 0.9168 | Test Loss 0.001 | Test Error 22.20
Train Loss 0.075
Train Loss 0.831
Train Loss 0.888
Train Loss 0.873
Train Loss 0.832
Train Loss 0.843
Train Loss 0.829
Train Loss 0.826
Epoch  49 | Time    58 | Train Loss 0.8253 | Test Loss 0.001 | Test Error 21.37
Train Loss 0.069
Train Loss 0.826
Train Loss 0.851
Train Loss 0.868
Train Loss 0.905
Train Loss 0.881
Train Loss 0.823
Train Loss 0.857
Epoch  50 | Time    57 | Train Loss 0.8291 | Test Loss 0.001 | Test Error 20.97
Train Loss 0.077
Train Loss 0.820
Train Loss 0.825
Train Loss 0.848
Train Loss 0.797
Train Loss 0.851
Train Loss 0.814
Train Loss 0.849
Epoch  51 | Time    57 | Train Loss 0.8651 | Test Loss 0.001 | Test Error 21.77
Train Loss 0.076
Train Loss 0.817
Train Loss 0.808
Train Loss 0.876
Train Loss 0.830
Train Loss 0.853
Train Loss 0.836
Train Loss 0.779
Epoch  52 | Time    57 | Train Loss 0.8187 | Test Loss 0.001 | Test Error 21.42
Train Loss 0.079
Train Loss 0.799
Train Loss 0.826
Train Loss 0.819
Train Loss 0.839
Train Loss 0.834
Train Loss 0.807
Train Loss 0.861
Epoch  53 | Time    57 | Train Loss 0.8310 | Test Loss 0.001 | Test Error 21.31
Train Loss 0.075
Train Loss 0.802
Train Loss 0.802
Train Loss 0.823
Train Loss 0.826
Train Loss 0.795
Train Loss 0.800
Train Loss 0.832
Epoch  54 | Time    56 | Train Loss 0.8328 | Test Loss 0.001 | Test Error 21.08
Train Loss 0.087
Train Loss 0.820
Train Loss 0.830
Train Loss 0.803
Train Loss 0.792
Train Loss 0.837
Train Loss 0.828
Train Loss 0.787
Epoch  55 | Time    57 | Train Loss 0.8165 | Test Loss 0.001 | Test Error 21.33
Train Loss 0.082
Train Loss 0.802
Train Loss 0.782
Train Loss 0.770
Train Loss 0.810
Train Loss 0.835
Train Loss 0.777
Train Loss 0.799
Epoch  56 | Time    56 | Train Loss 0.7981 | Test Loss 0.001 | Test Error 20.32
Train Loss 0.084
Train Loss 0.807
Train Loss 0.770
Train Loss 0.796
Train Loss 0.794
Train Loss 0.806
Train Loss 0.786
Train Loss 0.801
Epoch  57 | Time    56 | Train Loss 0.7915 | Test Loss 0.001 | Test Error 20.47
Train Loss 0.081
Train Loss 0.781
Train Loss 0.790
Train Loss 0.777
Train Loss 0.790
Train Loss 0.804
Train Loss 0.811
Train Loss 0.749
Epoch  58 | Time    59 | Train Loss 0.8019 | Test Loss 0.001 | Test Error 21.54
Train Loss 0.077
Train Loss 0.728
Train Loss 0.772
Train Loss 0.790
Train Loss 0.814
Train Loss 0.778
Train Loss 0.749
Train Loss 0.794
Epoch  59 | Time    58 | Train Loss 0.7522 | Test Loss 0.001 | Test Error 20.13
Train Loss 0.064
Train Loss 0.746
Train Loss 0.785
Train Loss 0.763
Train Loss 0.806
Train Loss 0.755
Train Loss 0.773
Train Loss 0.802
Epoch  60 | Time    58 | Train Loss 0.7462 | Test Loss 0.001 | Test Error 19.92
Train Loss 0.077
Train Loss 0.776
Train Loss 0.763
Train Loss 0.785
Train Loss 0.721
Train Loss 0.804
Train Loss 0.746
Train Loss 0.733
Epoch  61 | Time    57 | Train Loss 0.7509 | Test Loss 0.001 | Test Error 18.82
Train Loss 0.088
Train Loss 0.770
Train Loss 0.749
Train Loss 0.758
Train Loss 0.759
Train Loss 0.716
Train Loss 0.777
Train Loss 0.778
Epoch  62 | Time    57 | Train Loss 0.7441 | Test Loss 0.001 | Test Error 18.16
Train Loss 0.091
Train Loss 0.752
Train Loss 0.740
Train Loss 0.771
Train Loss 0.755
Train Loss 0.746
Train Loss 0.788
Train Loss 0.729
Epoch  63 | Time    57 | Train Loss 0.7263 | Test Loss 0.001 | Test Error 18.02
Train Loss 0.070
Train Loss 0.753
Train Loss 0.757
Train Loss 0.735
Train Loss 0.745
Train Loss 0.778
Train Loss 0.780
Train Loss 0.746
Epoch  64 | Time    57 | Train Loss 0.7372 | Test Loss 0.001 | Test Error 17.38
Train Loss 0.057
Train Loss 0.731
Train Loss 0.717
Train Loss 0.755
Train Loss 0.754
Train Loss 0.715
Train Loss 0.772
Train Loss 0.735
Epoch  65 | Time    56 | Train Loss 0.7601 | Test Loss 0.001 | Test Error 18.39
Train Loss 0.073
Train Loss 0.716
Train Loss 0.719
Train Loss 0.733
Train Loss 0.709
Train Loss 0.704
Train Loss 0.779
Train Loss 0.739
Epoch  66 | Time    57 | Train Loss 0.7514 | Test Loss 0.001 | Test Error 17.29
Train Loss 0.075
Train Loss 0.718
Train Loss 0.729
Train Loss 0.671
Train Loss 0.721
Train Loss 0.735
Train Loss 0.713
Train Loss 0.716
Epoch  67 | Time    59 | Train Loss 0.7273 | Test Loss 0.001 | Test Error 17.17
Train Loss 0.066
Train Loss 0.690
Train Loss 0.693
Train Loss 0.698
Train Loss 0.686
Train Loss 0.688
Train Loss 0.720
Train Loss 0.705
Epoch  68 | Time    57 | Train Loss 0.7401 | Test Loss 0.001 | Test Error 17.73
Train Loss 0.056
Train Loss 0.646
Train Loss 0.720
Train Loss 0.667
Train Loss 0.685
Train Loss 0.720
Train Loss 0.725
Train Loss 0.736
Epoch  69 | Time    57 | Train Loss 0.7297 | Test Loss 0.001 | Test Error 16.95
Train Loss 0.067
Train Loss 0.689
Train Loss 0.665
Train Loss 0.718
Train Loss 0.710
Train Loss 0.699
Train Loss 0.693
Train Loss 0.681
Epoch  70 | Time    56 | Train Loss 0.6976 | Test Loss 0.001 | Test Error 16.59
Train Loss 0.068
Train Loss 0.682
Train Loss 0.686
Train Loss 0.677
Train Loss 0.646
Train Loss 0.697
Train Loss 0.685
Train Loss 0.709
Epoch  71 | Time    56 | Train Loss 0.6851 | Test Loss 0.001 | Test Error 17.20
Train Loss 0.060
Train Loss 0.686
Train Loss 0.665
Train Loss 0.660
Train Loss 0.667
Train Loss 0.679
Train Loss 0.674
Train Loss 0.687
Epoch  72 | Time    57 | Train Loss 0.6561 | Test Loss 0.000 | Test Error 16.71
Train Loss 0.060
Train Loss 0.686
Train Loss 0.678
Train Loss 0.703
Train Loss 0.653
Train Loss 0.662
Train Loss 0.647
Train Loss 0.676
Epoch  73 | Time    56 | Train Loss 0.6932 | Test Loss 0.000 | Test Error 15.91
Train Loss 0.061
Train Loss 0.683
Train Loss 0.657
Train Loss 0.681
Train Loss 0.668
Train Loss 0.675
Train Loss 0.700
Train Loss 0.646
Epoch  74 | Time    58 | Train Loss 0.6692 | Test Loss 0.000 | Test Error 16.78
Train Loss 0.059
Train Loss 0.628
Train Loss 0.665
Train Loss 0.638
Train Loss 0.685
Train Loss 0.631
Train Loss 0.592
Train Loss 0.652
Epoch  75 | Time    58 | Train Loss 0.6512 | Test Loss 0.000 | Test Error 16.28
Train Loss 0.076
Train Loss 0.623
Train Loss 0.652
Train Loss 0.661
Train Loss 0.638
Train Loss 0.645
Train Loss 0.631
Train Loss 0.603
Epoch  76 | Time    57 | Train Loss 0.6486 | Test Loss 0.000 | Test Error 15.68
Train Loss 0.062
Train Loss 0.581
Train Loss 0.648
Train Loss 0.664
Train Loss 0.619
Train Loss 0.623
Train Loss 0.637
Train Loss 0.624
Epoch  77 | Time    57 | Train Loss 0.6423 | Test Loss 0.000 | Test Error 15.65
Train Loss 0.080
Train Loss 0.620
Train Loss 0.622
Train Loss 0.652
Train Loss 0.618
Train Loss 0.636
Train Loss 0.617
Train Loss 0.612
Epoch  78 | Time    56 | Train Loss 0.6304 | Test Loss 0.000 | Test Error 15.19
Train Loss 0.053
Train Loss 0.608
Train Loss 0.588
Train Loss 0.593
Train Loss 0.622
Train Loss 0.618
Train Loss 0.619
Train Loss 0.635
Epoch  79 | Time    57 | Train Loss 0.6129 | Test Loss 0.000 | Test Error 14.88
Train Loss 0.061
Train Loss 0.584
Train Loss 0.598
Train Loss 0.612
Train Loss 0.591
Train Loss 0.595
Train Loss 0.584
Train Loss 0.625
Epoch  80 | Time    56 | Train Loss 0.6245 | Test Loss 0.000 | Test Error 15.52
Train Loss 0.060
Train Loss 0.579
Train Loss 0.550
Train Loss 0.592
Train Loss 0.601
Train Loss 0.596
Train Loss 0.596
Train Loss 0.585
Epoch  81 | Time    57 | Train Loss 0.5793 | Test Loss 0.000 | Test Error 15.61
Train Loss 0.080
Train Loss 0.569
Train Loss 0.581
Train Loss 0.570
Train Loss 0.602
Train Loss 0.586
Train Loss 0.594
Train Loss 0.599
Epoch  82 | Time    57 | Train Loss 0.5741 | Test Loss 0.000 | Test Error 14.57
Train Loss 0.056
Train Loss 0.561
Train Loss 0.575
Train Loss 0.578
Train Loss 0.600
Train Loss 0.567
Train Loss 0.578
Train Loss 0.589
Epoch  83 | Time    57 | Train Loss 0.5562 | Test Loss 0.000 | Test Error 14.87
Train Loss 0.049
Train Loss 0.576
Train Loss 0.548
Train Loss 0.547
Train Loss 0.561
Train Loss 0.568
Train Loss 0.559
Train Loss 0.535
Epoch  84 | Time    57 | Train Loss 0.5516 | Test Loss 0.000 | Test Error 13.75
Train Loss 0.053
Train Loss 0.558
Train Loss 0.557
Train Loss 0.546
Train Loss 0.554
Train Loss 0.529
Train Loss 0.578
Train Loss 0.564
Epoch  85 | Time    55 | Train Loss 0.5778 | Test Loss 0.000 | Test Error 14.58
Train Loss 0.054
Train Loss 0.538
Train Loss 0.527
Train Loss 0.568
Train Loss 0.520
Train Loss 0.564
Train Loss 0.525
Train Loss 0.526
Epoch  86 | Time    57 | Train Loss 0.5508 | Test Loss 0.000 | Test Error 13.85
Train Loss 0.047
Train Loss 0.508
Train Loss 0.525
Train Loss 0.543
Train Loss 0.553
Train Loss 0.536
Train Loss 0.505
Train Loss 0.544
Epoch  87 | Time    58 | Train Loss 0.5183 | Test Loss 0.000 | Test Error 13.74
Train Loss 0.055
Train Loss 0.527
Train Loss 0.549
Train Loss 0.515
Train Loss 0.540
Train Loss 0.488
Train Loss 0.527
Train Loss 0.532
Epoch  88 | Time    57 | Train Loss 0.5106 | Test Loss 0.000 | Test Error 13.54
Train Loss 0.066
Train Loss 0.506
Train Loss 0.507
Train Loss 0.518
Train Loss 0.503
Train Loss 0.501
Train Loss 0.494
Train Loss 0.538
Epoch  89 | Time    56 | Train Loss 0.5151 | Test Loss 0.000 | Test Error 13.27
Train Loss 0.050
Train Loss 0.507
Train Loss 0.494
Train Loss 0.516
Train Loss 0.517
Train Loss 0.483
Train Loss 0.497
Train Loss 0.499
Epoch  90 | Time    57 | Train Loss 0.4978 | Test Loss 0.000 | Test Error 12.73
Train Loss 0.042
Train Loss 0.484
Train Loss 0.504
Train Loss 0.499
Train Loss 0.506
Train Loss 0.497
Train Loss 0.496
Train Loss 0.493
Epoch  91 | Time    57 | Train Loss 0.5031 | Test Loss 0.000 | Test Error 12.96
Train Loss 0.038
Train Loss 0.509
Train Loss 0.474
Train Loss 0.469
Train Loss 0.505
Train Loss 0.481
Train Loss 0.486
Train Loss 0.483
Epoch  92 | Time    57 | Train Loss 0.4615 | Test Loss 0.000 | Test Error 12.87
Train Loss 0.062
Train Loss 0.481
Train Loss 0.469
Train Loss 0.452
Train Loss 0.476
Train Loss 0.465
Train Loss 0.495
Train Loss 0.479
Epoch  93 | Time    57 | Train Loss 0.4591 | Test Loss 0.000 | Test Error 12.84
Train Loss 0.043
Train Loss 0.471
Train Loss 0.455
Train Loss 0.437
Train Loss 0.469
Train Loss 0.445
Train Loss 0.485
Train Loss 0.463
Epoch  94 | Time    54 | Train Loss 0.4664 | Test Loss 0.000 | Test Error 12.73
Train Loss 0.041
Train Loss 0.470
Train Loss 0.464
Train Loss 0.460
Train Loss 0.462
Train Loss 0.477
Train Loss 0.461
Train Loss 0.440
Epoch  95 | Time    54 | Train Loss 0.4665 | Test Loss 0.000 | Test Error 12.58
Train Loss 0.043
Train Loss 0.455
Train Loss 0.448
Train Loss 0.468
Train Loss 0.454
Train Loss 0.477
Train Loss 0.437
Train Loss 0.441
Epoch  96 | Time    56 | Train Loss 0.4640 | Test Loss 0.000 | Test Error 12.60
Train Loss 0.041
Train Loss 0.470
Train Loss 0.449
Train Loss 0.440
Train Loss 0.463
Train Loss 0.435
Train Loss 0.483
Train Loss 0.497
Epoch  97 | Time    53 | Train Loss 0.4555 | Test Loss 0.000 | Test Error 12.55
Train Loss 0.042
Train Loss 0.449
Train Loss 0.472
Train Loss 0.447
Train Loss 0.460
Train Loss 0.472
Train Loss 0.472
Train Loss 0.469
Epoch  98 | Time    54 | Train Loss 0.4384 | Test Loss 0.000 | Test Error 12.58
Train Loss 0.052
Train Loss 0.438
Train Loss 0.472
Train Loss 0.448
Train Loss 0.449
Train Loss 0.421
Train Loss 0.471
Train Loss 0.437
Epoch  99 | Time    53 | Train Loss 0.4591 | Test Loss 0.000 | Test Error 12.51
Train Loss 0.044
Train Loss 0.452
Train Loss 0.453
Train Loss 0.474
Train Loss 0.460
Train Loss 0.444
Train Loss 0.454
Train Loss 0.475
Epoch 100 | Time    54 | Train Loss 0.4218 | Test Loss 0.000 | Test Error 12.46
gaussian_noise
	Test Loss 0.001 | Test Error 18.832
shot_noise
	Test Loss 0.000 | Test Error 16.550
impulse_noise
	Test Loss 0.001 | Test Error 23.920
defocus_blur
	Test Loss 0.000 | Test Error 14.048
glass_blur
	Test Loss 0.001 | Test Error 21.486
motion_blur
	Test Loss 0.000 | Test Error 16.270
zoom_blur
	Test Loss 0.000 | Test Error 15.396
snow
	Test Loss 0.001 | Test Error 18.252
frost
	Test Loss 0.001 | Test Error 18.188
fog
	Test Loss 0.001 | Test Error 19.540
brightness
	Test Loss 0.000 | Test Error 14.518
contrast
	Test Loss 0.001 | Test Error 25.384
elastic_transform
	Test Loss 0.000 | Test Error 16.458
pixelate
	Test Loss 0.000 | Test Error 14.470
jpeg_compression
	Test Loss 0.000 | Test Error 15.464
Mean Corruption Error: 17.918

gaussian_noise Flipping Prob
0.02608666666666669

shot_noise Flipping Prob
0.03235000000000002

motion_blur Flipping Prob
0.033834999999999976

zoom_blur Flipping Prob
0.0029333333333333524

spatter Flipping Prob
0.025809999999999993

brightness Flipping Prob
0.008933333333333382

translate Flipping Prob
0.06006666666666687

rotate Flipping Prob
0.03143000000000018

tilt Flipping Prob
0.010193333333333263

scale Flipping Prob
0.03928666666666778
[0.02608666666666669, 0.03235000000000002, 0.033834999999999976, 0.0029333333333333524, 0.025809999999999993, 0.008933333333333382, 0.06006666666666687, 0.03143000000000018, 0.010193333333333263, 0.03928666666666778]

Mean Flipping Prob	0.02709
